#
# There is insufficient memory for the Java Runtime Environment to continue.
# Native memory allocation (mmap) failed to map 124256256 bytes for committing reserved memory.
# Possible reasons:
#   The system is out of physical RAM or swap space
#   In 32 bit mode, the process size limit was hit
# Possible solutions:
#   Reduce memory load on the system
#   Increase physical memory or swap space
#   Check if swap backing store is full
#   Use 64 bit Java on a 64 bit OS
#   Decrease Java heap size (-Xmx/-Xms)
#   Decrease number of Java threads
#   Decrease Java thread stack sizes (-Xss)
#   Set larger code cache with -XX:ReservedCodeCacheSize=
# This output file may be truncated or incomplete.
#
#  Out of Memory Error (os_linux.cpp:2671), pid=12831, tid=140519944857344
#
# JRE version: OpenJDK Runtime Environment (8.0_20-b23) (build 1.8.0_20-b23)
# Java VM: OpenJDK 64-Bit Server VM (25.20-b22 mixed mode linux-amd64 compressed oops)
# Failed to write core dump. Core dumps have been disabled. To enable core dumping, try "ulimit -c unlimited" before starting Java again
#

---------------  T H R E A D  ---------------

Current thread (0x00007fcd6c071000):  VMThread [stack: 0x00007fcd5955a000,0x00007fcd5965b000] [id=12843]

Stack: [0x00007fcd5955a000,0x00007fcd5965b000],  sp=0x00007fcd596594f0,  free space=1021k
Native frames: (J=compiled Java code, j=interpreted, Vv=VM code, C=native code)
V  [libjvm.so+0xa48877]
V  [libjvm.so+0x4d45bc]
V  [libjvm.so+0x8a36d0]
V  [libjvm.so+0x89e6fe]
V  [libjvm.so+0x91410b]
V  [libjvm.so+0x915a63]
V  [libjvm.so+0x91218e]
V  [libjvm.so+0x91247c]
V  [libjvm.so+0x8c7523]
V  [libjvm.so+0xa4a092]
V  [libjvm.so+0xa4ef67]
V  [libjvm.so+0xa4d19c]
V  [libjvm.so+0xa4d9b7]
V  [libjvm.so+0xa4def1]
V  [libjvm.so+0x8a0922]

VM_Operation (0x00007fcd2170bf60): ParallelGCFailedAllocation, mode: safepoint, requested by thread 0x00007fcd6c2e2000


---------------  P R O C E S S  ---------------

Java Threads: ( => current thread )
  0x00007fcd100f2000 JavaThread "TimerQueue" daemon [_thread_blocked, id=12866, stack(0x00007fcd20a98000,0x00007fcd20b99000)]
  0x00007fcd6c008800 JavaThread "DestroyJavaVM" [_thread_blocked, id=12833, stack(0x00007fcd734f4000,0x00007fcd735f5000)]
  0x00007fcd6c2e2000 JavaThread "AWT-EventQueue-0" [_thread_blocked, id=12858, stack(0x00007fcd2160f000,0x00007fcd21710000)]
  0x00007fcd6c2e0800 JavaThread "AWT-Shutdown" [_thread_blocked, id=12857, stack(0x00007fcd21710000,0x00007fcd21811000)]
  0x00007fcd6c28b800 JavaThread "AWT-XAWT" daemon [_thread_blocked, id=12854, stack(0x00007fcd21912000,0x00007fcd21a13000)]
  0x00007fcd6c1fe000 JavaThread "Java2D Disposer" daemon [_thread_blocked, id=12853, stack(0x00007fcd58023000,0x00007fcd58124000)]
  0x00007fcd6c0c5800 JavaThread "Service Thread" daemon [_thread_blocked, id=12851, stack(0x00007fcd58cca000,0x00007fcd58dcb000)]
  0x00007fcd6c0b0000 JavaThread "C1 CompilerThread2" daemon [_thread_blocked, id=12850, stack(0x00007fcd58dcb000,0x00007fcd58ecc000)]
  0x00007fcd6c0ae000 JavaThread "C2 CompilerThread1" daemon [_thread_blocked, id=12849, stack(0x00007fcd58ecc000,0x00007fcd58fcd000)]
  0x00007fcd6c0ab800 JavaThread "C2 CompilerThread0" daemon [_thread_blocked, id=12848, stack(0x00007fcd58fcd000,0x00007fcd590ce000)]
  0x00007fcd6c0a9000 JavaThread "Signal Dispatcher" daemon [_thread_blocked, id=12847, stack(0x00007fcd590ce000,0x00007fcd591cf000)]
  0x00007fcd6c07a000 JavaThread "Finalizer" daemon [_thread_blocked, id=12845, stack(0x00007fcd59358000,0x00007fcd59459000)]
  0x00007fcd6c078000 JavaThread "Reference Handler" daemon [_thread_blocked, id=12844, stack(0x00007fcd59459000,0x00007fcd5955a000)]

Other Threads:
=>0x00007fcd6c071000 VMThread [stack: 0x00007fcd5955a000,0x00007fcd5965b000] [id=12843]
  0x00007fcd6c0c8000 WatcherThread [stack: 0x00007fcd58bc9000,0x00007fcd58cca000] [id=12852]

VM state:at safepoint (normal execution)

VM Mutex/Monitor currently owned by a thread:  ([mutex/lock_event])
[0x00007fcd6c005eb0] Threads_lock - owner thread: 0x00007fcd6c071000
[0x00007fcd6c0063b0] Heap_lock - owner thread: 0x00007fcd6c2e2000

Heap:
 PSYoungGen      total 205824K, used 32K [0x00000000ebd80000, 0x00000000f8980000, 0x0000000100000000)
  eden space 202752K, 0% used [0x00000000ebd80000,0x00000000ebd80000,0x00000000f8380000)
  from space 3072K, 1% used [0x00000000f8380000,0x00000000f8388000,0x00000000f8680000)
  to   space 3072K, 0% used [0x00000000f8680000,0x00000000f8680000,0x00000000f8980000)
 ParOldGen       total 42496K, used 1997K [0x00000000c3800000, 0x00000000c6180000, 0x00000000ebd80000)
  object space 42496K, 4% used [0x00000000c3800000,0x00000000c39f3578,0x00000000c6180000)
 Metaspace       used 14209K, capacity 14332K, committed 14720K, reserved 1062912K
  class space    used 1745K, capacity 1796K, committed 1920K, reserved 1048576K

Card table byte_map: [0x00007fcd705c0000,0x00007fcd707a5000] byte_map_base: 0x00007fcd6ffa4000

Marking Bits: (ParMarkBitMap*) 0x00007fcd727ef780
 Begin Bits: [0x00007fcd5b1c0000, 0x00007fcd5c0e0000)
 End Bits:   [0x00007fcd5c0e0000, 0x00007fcd5d000000)

Polling page: 0x00007fcd73621000

CodeCache: size=245760Kb used=5499Kb max_used=5534Kb free=240261Kb
 bounds [0x00007fcd5d000000, 0x00007fcd5d580000, 0x00007fcd6c000000]
 total_blobs=2136 nmethods=1575 adapters=474
 compilation: enabled

Compilation events (10 events):
Event: 18.123 Thread 0x00007fcd6c0ab800 nmethod 1569 0x00007fcd5d53ec90 code [0x00007fcd5d53ee00, 0x00007fcd5d53f468]
Event: 18.123 Thread 0x00007fcd6c0ab800 1573       4       entites.Plateau::annuleCoup (158 bytes)
Event: 18.225 Thread 0x00007fcd6c0ab800 nmethod 1573 0x00007fcd5d554a90 code [0x00007fcd5d554e40, 0x00007fcd5d5571e0]
Event: 18.225 Thread 0x00007fcd6c0ab800 1572       4       java.util.ArrayList::toArray (12 bytes)
Event: 18.228 Thread 0x00007fcd6c0ab800 nmethod 1572 0x00007fcd5d542b50 code [0x00007fcd5d542ca0, 0x00007fcd5d542e58]
Event: 18.414 Thread 0x00007fcd6c0ae000 nmethod 1570 0x00007fcd5d562390 code [0x00007fcd5d562b20, 0x00007fcd5d5695f0]
Event: 19.286 Thread 0x00007fcd6c0ab800 1574       4       sun.awt.X11.XWindow::getModifiers (252 bytes)
Event: 19.290 Thread 0x00007fcd6c0ab800 nmethod 1574 0x00007fcd5d53a110 code [0x00007fcd5d53a260, 0x00007fcd5d53a4a8]
Event: 19.390 Thread 0x00007fcd6c0ae000 1575       4       sun.awt.X11.XEvent::get_type (18 bytes)
Event: 19.393 Thread 0x00007fcd6c0ae000 nmethod 1575 0x00007fcd5d5441d0 code [0x00007fcd5d544360, 0x00007fcd5d544558]

GC Heap History (10 events):
Event: 18.183 GC heap after
Heap after GC invocations=6 (full 0):
 PSYoungGen      total 66048K, used 1938K [0x00000000ebd80000, 0x00000000f0080000, 0x0000000100000000)
  eden space 63488K, 0% used [0x00000000ebd80000,0x00000000ebd80000,0x00000000efb80000)
  from space 2560K, 75% used [0x00000000efe00000,0x00000000effe4840,0x00000000f0080000)
  to   space 2560K, 0% used [0x00000000efb80000,0x00000000efb80000,0x00000000efe00000)
 ParOldGen       total 42496K, used 40K [0x00000000c3800000, 0x00000000c6180000, 0x00000000ebd80000)
  object space 42496K, 0% used [0x00000000c3800000,0x00000000c380a000,0x00000000c6180000)
 Metaspace       used 14209K, capacity 14332K, committed 14720K, reserved 1062912K
  class space    used 1745K, capacity 1796K, committed 1920K, reserved 1048576K
}
Event: 18.342 GC heap before
{Heap before GC invocations=7 (full 0):
 PSYoungGen      total 66048K, used 65426K [0x00000000ebd80000, 0x00000000f0080000, 0x0000000100000000)
  eden space 63488K, 100% used [0x00000000ebd80000,0x00000000efb80000,0x00000000efb80000)
  from space 2560K, 75% used [0x00000000efe00000,0x00000000effe4840,0x00000000f0080000)
  to   space 2560K, 0% used [0x00000000efb80000,0x00000000efb80000,0x00000000efe00000)
 ParOldGen       total 42496K, used 40K [0x00000000c3800000, 0x00000000c6180000, 0x00000000ebd80000)
  object space 42496K, 0% used [0x00000000c3800000,0x00000000c380a000,0x00000000c6180000)
 Metaspace       used 14209K, capacity 14332K, committed 14720K, reserved 1062912K
  class space    used 1745K, capacity 1796K, committed 1920K, reserved 1048576K
Event: 18.349 GC heap after
Heap after GC invocations=7 (full 0):
 PSYoungGen      total 66048K, used 64K [0x00000000ebd80000, 0x00000000f3e80000, 0x0000000100000000)
  eden space 63488K, 0% used [0x00000000ebd80000,0x00000000ebd80000,0x00000000efb80000)
  from space 2560K, 2% used [0x00000000efb80000,0x00000000efb90000,0x00000000efe00000)
  to   space 2560K, 0% used [0x00000000f3c00000,0x00000000f3c00000,0x00000000f3e80000)
 ParOldGen       total 42496K, used 1973K [0x00000000c3800000, 0x00000000c6180000, 0x00000000ebd80000)
  object space 42496K, 4% used [0x00000000c3800000,0x00000000c39ed578,0x00000000c6180000)
 Metaspace       used 14209K, capacity 14332K, committed 14720K, reserved 1062912K
  class space    used 1745K, capacity 1796K, committed 1920K, reserved 1048576K
}
Event: 18.519 GC heap before
{Heap before GC invocations=8 (full 0):
 PSYoungGen      total 66048K, used 63552K [0x00000000ebd80000, 0x00000000f3e80000, 0x0000000100000000)
  eden space 63488K, 100% used [0x00000000ebd80000,0x00000000efb80000,0x00000000efb80000)
  from space 2560K, 2% used [0x00000000efb80000,0x00000000efb90000,0x00000000efe00000)
  to   space 2560K, 0% used [0x00000000f3c00000,0x00000000f3c00000,0x00000000f3e80000)
 ParOldGen       total 42496K, used 1973K [0x00000000c3800000, 0x00000000c6180000, 0x00000000ebd80000)
  object space 42496K, 4% used [0x00000000c3800000,0x00000000c39ed578,0x00000000c6180000)
 Metaspace       used 14209K, capacity 14332K, committed 14720K, reserved 1062912K
  class space    used 1745K, capacity 1796K, committed 1920K, reserved 1048576K
Event: 18.521 GC heap after
Heap after GC invocations=8 (full 0):
 PSYoungGen      total 129024K, used 64K [0x00000000ebd80000, 0x00000000f3f80000, 0x0000000100000000)
  eden space 126464K, 0% used [0x00000000ebd80000,0x00000000ebd80000,0x00000000f3900000)
  from space 2560K, 2% used [0x00000000f3c00000,0x00000000f3c10000,0x00000000f3e80000)
  to   space 3072K, 0% used [0x00000000f3900000,0x00000000f3900000,0x00000000f3c00000)
 ParOldGen       total 42496K, used 1981K [0x00000000c3800000, 0x00000000c6180000, 0x00000000ebd80000)
  object space 42496K, 4% used [0x00000000c3800000,0x00000000c39ef578,0x00000000c6180000)
 Metaspace       used 14209K, capacity 14332K, committed 14720K, reserved 1062912K
  class space    used 1745K, capacity 1796K, committed 1920K, reserved 1048576K
}
Event: 18.884 GC heap before
{Heap before GC invocations=9 (full 0):
 PSYoungGen      total 129024K, used 126528K [0x00000000ebd80000, 0x00000000f3f80000, 0x0000000100000000)
  eden space 126464K, 100% used [0x00000000ebd80000,0x00000000f3900000,0x00000000f3900000)
  from space 2560K, 2% used [0x00000000f3c00000,0x00000000f3c10000,0x00000000f3e80000)
  to   space 3072K, 0% used [0x00000000f3900000,0x00000000f3900000,0x00000000f3c00000)
 ParOldGen       total 42496K, used 1981K [0x00000000c3800000, 0x00000000c6180000, 0x00000000ebd80000)
  object space 42496K, 4% used [0x00000000c3800000,0x00000000c39ef578,0x00000000c6180000)
 Metaspace       used 14209K, capacity 14332K, committed 14720K, reserved 1062912K
  class space    used 1745K, capacity 1796K, committed 1920K, reserved 1048576K
Event: 18.895 GC heap after
Heap after GC invocations=9 (full 0):
 PSYoungGen      total 129536K, used 32K [0x00000000ebd80000, 0x00000000f8980000, 0x0000000100000000)
  eden space 126464K, 0% used [0x00000000ebd80000,0x00000000ebd80000,0x00000000f3900000)
  from space 3072K, 1% used [0x00000000f3900000,0x00000000f3908000,0x00000000f3c00000)
  to   space 3072K, 0% used [0x00000000f8680000,0x00000000f8680000,0x00000000f8980000)
 ParOldGen       total 42496K, used 1989K [0x00000000c3800000, 0x00000000c6180000, 0x00000000ebd80000)
  object space 42496K, 4% used [0x00000000c3800000,0x00000000c39f1578,0x00000000c6180000)
 Metaspace       used 14209K, capacity 14332K, committed 14720K, reserved 1062912K
  class space    used 1745K, capacity 1796K, committed 1920K, reserved 1048576K
}
Event: 19.108 GC heap before
{Heap before GC invocations=10 (full 0):
 PSYoungGen      total 129536K, used 126496K [0x00000000ebd80000, 0x00000000f8980000, 0x0000000100000000)
  eden space 126464K, 100% used [0x00000000ebd80000,0x00000000f3900000,0x00000000f3900000)
  from space 3072K, 1% used [0x00000000f3900000,0x00000000f3908000,0x00000000f3c00000)
  to   space 3072K, 0% used [0x00000000f8680000,0x00000000f8680000,0x00000000f8980000)
 ParOldGen       total 42496K, used 1989K [0x00000000c3800000, 0x00000000c6180000, 0x00000000ebd80000)
  object space 42496K, 4% used [0x00000000c3800000,0x00000000c39f1578,0x00000000c6180000)
 Metaspace       used 14209K, capacity 14332K, committed 14720K, reserved 1062912K
  class space    used 1745K, capacity 1796K, committed 1920K, reserved 1048576K
Event: 19.124 GC heap after
Heap after GC invocations=10 (full 0):
 PSYoungGen      total 205824K, used 128K [0x00000000ebd80000, 0x00000000f8980000, 0x0000000100000000)
  eden space 202752K, 0% used [0x00000000ebd80000,0x00000000ebd80000,0x00000000f8380000)
  from space 3072K, 4% used [0x00000000f8680000,0x00000000f86a0000,0x00000000f8980000)
  to   space 3072K, 0% used [0x00000000f8380000,0x00000000f8380000,0x00000000f8680000)
 ParOldGen       total 42496K, used 1989K [0x00000000c3800000, 0x00000000c6180000, 0x00000000ebd80000)
  object space 42496K, 4% used [0x00000000c3800000,0x00000000c39f1578,0x00000000c6180000)
 Metaspace       used 14209K, capacity 14332K, committed 14720K, reserved 1062912K
  class space    used 1745K, capacity 1796K, committed 1920K, reserved 1048576K
}
Event: 19.572 GC heap before
{Heap before GC invocations=11 (full 0):
 PSYoungGen      total 205824K, used 202880K [0x00000000ebd80000, 0x00000000f8980000, 0x0000000100000000)
  eden space 202752K, 100% used [0x00000000ebd80000,0x00000000f8380000,0x00000000f8380000)
  from space 3072K, 4% used [0x00000000f8680000,0x00000000f86a0000,0x00000000f8980000)
  to   space 3072K, 0% used [0x00000000f8380000,0x00000000f8380000,0x00000000f8680000)
 ParOldGen       total 42496K, used 1989K [0x00000000c3800000, 0x00000000c6180000, 0x00000000ebd80000)
  object space 42496K, 4% used [0x00000000c3800000,0x00000000c39f1578,0x00000000c6180000)
 Metaspace       used 14209K, capacity 14332K, committed 14720K, reserved 1062912K
  class space    used 1745K, capacity 1796K, committed 1920K, reserved 1048576K

Deoptimization events (6 events):
Event: 2.619 Thread 0x00007fcd6c2e2000 Uncommon trap: reason=class_check action=maybe_recompile pc=0x00007fcd5d1b2370 method=java.lang.String.equals(Ljava/lang/Object;)Z @ 8
Event: 2.619 Thread 0x00007fcd6c2e2000 Uncommon trap: reason=class_check action=maybe_recompile pc=0x00007fcd5d1b2370 method=java.lang.String.equals(Ljava/lang/Object;)Z @ 8
Event: 2.619 Thread 0x00007fcd6c2e2000 Uncommon trap: reason=class_check action=maybe_recompile pc=0x00007fcd5d1b2370 method=java.lang.String.equals(Ljava/lang/Object;)Z @ 8
Event: 2.620 Thread 0x00007fcd6c2e2000 Uncommon trap: reason=null_check action=make_not_entrant pc=0x00007fcd5d2268b8 method=java.awt.Component.isLightweight()Z @ 4
Event: 3.176 Thread 0x00007fcd6c2e2000 Uncommon trap: reason=class_check action=maybe_recompile pc=0x00007fcd5d1b2370 method=java.lang.String.equals(Ljava/lang/Object;)Z @ 8
Event: 4.025 Thread 0x00007fcd6c2e2000 Uncommon trap: reason=unreached action=reinterpret pc=0x00007fcd5d2522d8 method=sun.java2d.loops.ProcessPath$ActiveEdgeList.sort()V @ 135

Internal exceptions (10 events):
Event: 0.493 Thread 0x00007fcd6c008800 Exception <a 'java/security/PrivilegedActionException'> (0x00000000ec27e238) thrown at [/build/java8-openjdk/src/jdk8u-jdk8u20-b23/hotspot/src/share/vm/prims/jvm.cpp, line 1275]
Event: 0.494 Thread 0x00007fcd6c008800 Exception <a 'java/security/PrivilegedActionException'> (0x00000000ec280370) thrown at [/build/java8-openjdk/src/jdk8u-jdk8u20-b23/hotspot/src/share/vm/prims/jvm.cpp, line 1275]
Event: 0.495 Thread 0x00007fcd6c008800 Exception <a 'java/security/PrivilegedActionException'> (0x00000000ec2838f8) thrown at [/build/java8-openjdk/src/jdk8u-jdk8u20-b23/hotspot/src/share/vm/prims/jvm.cpp, line 1275]
Event: 0.496 Thread 0x00007fcd6c008800 Exception <a 'java/security/PrivilegedActionException'> (0x00000000ec285958) thrown at [/build/java8-openjdk/src/jdk8u-jdk8u20-b23/hotspot/src/share/vm/prims/jvm.cpp, line 1275]
Event: 0.600 Thread 0x00007fcd6c008800 Exception <a 'java/security/PrivilegedActionException'> (0x00000000ec33fd20) thrown at [/build/java8-openjdk/src/jdk8u-jdk8u20-b23/hotspot/src/share/vm/prims/jvm.cpp, line 1275]
Event: 0.845 Thread 0x00007fcd6c2e2000 Exception <a 'java/lang/UnsupportedOperationException': > (0x00000000ec55fc28) thrown at [/build/java8-openjdk/src/jdk8u-jdk8u20-b23/hotspot/src/share/vm/prims/jni.cpp, line 742]
Event: 2.620 Thread 0x00007fcd6c2e2000 Implicit null exception at 0x00007fcd5d226850 to 0x00007fcd5d2268ab
Event: 3.295 Thread 0x00007fcd6c2e2000 Exception <a 'java/lang/UnsupportedOperationException': > (0x00000000ec6bca20) thrown at [/build/java8-openjdk/src/jdk8u-jdk8u20-b23/hotspot/src/share/vm/prims/jni.cpp, line 742]
Event: 11.477 Thread 0x00007fcd6c2e2000 Exception <a 'java/security/PrivilegedActionException'> (0x00000000ec8f4680) thrown at [/build/java8-openjdk/src/jdk8u-jdk8u20-b23/hotspot/src/share/vm/prims/jvm.cpp, line 1275]
Event: 11.484 Thread 0x00007fcd6c2e2000 Exception <a 'java/security/PrivilegedActionException'> (0x00000000ec9049d0) thrown at [/build/java8-openjdk/src/jdk8u-jdk8u20-b23/hotspot/src/share/vm/prims/jvm.cpp, line 1275]

Events (10 events):
Event: 18.183 Executing VM operation: ParallelGCFailedAllocation done
Event: 18.342 Executing VM operation: ParallelGCFailedAllocation
Event: 18.349 Executing VM operation: ParallelGCFailedAllocation done
Event: 18.519 Executing VM operation: ParallelGCFailedAllocation
Event: 18.521 Executing VM operation: ParallelGCFailedAllocation done
Event: 18.884 Executing VM operation: ParallelGCFailedAllocation
Event: 18.895 Executing VM operation: ParallelGCFailedAllocation done
Event: 19.108 Executing VM operation: ParallelGCFailedAllocation
Event: 19.124 Executing VM operation: ParallelGCFailedAllocation done
Event: 19.572 Executing VM operation: ParallelGCFailedAllocation


Dynamic libraries:
00400000-00401000 r-xp 00000000 08:05 1083248                            /usr/lib/jvm/java-8-openjdk/jre/bin/java
00600000-00601000 rw-p 00000000 08:05 1083248                            /usr/lib/jvm/java-8-openjdk/jre/bin/java
008a5000-008c6000 rw-p 00000000 00:00 0                                  [heap]
c3800000-c6180000 rw-p 00000000 00:00 0 
c6180000-ebd80000 ---p 00000000 00:00 0 
ebd80000-f8980000 rw-p 00000000 00:00 0 
100000000-1001e0000 rw-p 00000000 00:00 0 
1001e0000-140000000 ---p 00000000 00:00 0 
7fcd04000000-7fcd04021000 rw-p 00000000 00:00 0 
7fcd04021000-7fcd08000000 ---p 00000000 00:00 0 
7fcd08000000-7fcd08021000 rw-p 00000000 00:00 0 
7fcd08021000-7fcd0c000000 ---p 00000000 00:00 0 
7fcd0c000000-7fcd0c021000 rw-p 00000000 00:00 0 
7fcd0c021000-7fcd10000000 ---p 00000000 00:00 0 
7fcd10000000-7fcd101c9000 rw-p 00000000 00:00 0 
7fcd101c9000-7fcd14000000 ---p 00000000 00:00 0 
7fcd14000000-7fcd14021000 rw-p 00000000 00:00 0 
7fcd14021000-7fcd18000000 ---p 00000000 00:00 0 
7fcd18000000-7fcd18021000 rw-p 00000000 00:00 0 
7fcd18021000-7fcd1c000000 ---p 00000000 00:00 0 
7fcd1c000000-7fcd1c021000 rw-p 00000000 00:00 0 
7fcd1c021000-7fcd20000000 ---p 00000000 00:00 0 
7fcd20597000-7fcd20617000 rw-p 00000000 00:00 0 
7fcd20617000-7fcd2079a000 ---p 00000000 00:00 0 
7fcd2079a000-7fcd20a98000 rw-p 00000000 00:00 0 
7fcd20a98000-7fcd20a9b000 ---p 00000000 00:00 0 
7fcd20a9b000-7fcd20b99000 rw-p 00000000 00:00 0                          [stack:12866]
7fcd20b99000-7fcd20baa000 r-xp 00000000 08:05 1191781                    /usr/lib/jvm/java-8-openjdk/jre/lib/amd64/libnio.so
7fcd20baa000-7fcd20da9000 ---p 00011000 08:05 1191781                    /usr/lib/jvm/java-8-openjdk/jre/lib/amd64/libnio.so
7fcd20da9000-7fcd20daa000 rw-p 00010000 08:05 1191781                    /usr/lib/jvm/java-8-openjdk/jre/lib/amd64/libnio.so
7fcd20daa000-7fcd20dbe000 r-xp 00000000 08:05 1047698                    /usr/lib/libresolv-2.20.so
7fcd20dbe000-7fcd20fbd000 ---p 00014000 08:05 1047698                    /usr/lib/libresolv-2.20.so
7fcd20fbd000-7fcd20fbe000 r--p 00013000 08:05 1047698                    /usr/lib/libresolv-2.20.so
7fcd20fbe000-7fcd20fbf000 rw-p 00014000 08:05 1047698                    /usr/lib/libresolv-2.20.so
7fcd20fbf000-7fcd20fc1000 rw-p 00000000 00:00 0 
7fcd20fc1000-7fcd20fc6000 r-xp 00000000 08:05 1047700                    /usr/lib/libnss_dns-2.20.so
7fcd20fc6000-7fcd211c5000 ---p 00005000 08:05 1047700                    /usr/lib/libnss_dns-2.20.so
7fcd211c5000-7fcd211c6000 r--p 00004000 08:05 1047700                    /usr/lib/libnss_dns-2.20.so
7fcd211c6000-7fcd211c7000 rw-p 00005000 08:05 1047700                    /usr/lib/libnss_dns-2.20.so
7fcd211c7000-7fcd211f8000 rw-p 00000000 00:00 0 
7fcd211f8000-7fcd2120e000 r-xp 00000000 08:05 1191770                    /usr/lib/jvm/java-8-openjdk/jre/lib/amd64/libnet.so
7fcd2120e000-7fcd2140e000 ---p 00016000 08:05 1191770                    /usr/lib/jvm/java-8-openjdk/jre/lib/amd64/libnet.so
7fcd2140e000-7fcd2140f000 rw-p 00016000 08:05 1191770                    /usr/lib/jvm/java-8-openjdk/jre/lib/amd64/libnet.so
7fcd2140f000-7fcd2160f000 rw-p 00000000 00:00 0 
7fcd2160f000-7fcd21612000 ---p 00000000 00:00 0 
7fcd21612000-7fcd21710000 rw-p 00000000 00:00 0                          [stack:12858]
7fcd21710000-7fcd21713000 ---p 00000000 00:00 0 
7fcd21713000-7fcd21811000 rw-p 00000000 00:00 0                          [stack:12857]
7fcd21811000-7fcd21814000 ---p 00000000 00:00 0 
7fcd21814000-7fcd21912000 rw-p 00000000 00:00 0 
7fcd21912000-7fcd21915000 ---p 00000000 00:00 0 
7fcd21915000-7fcd21a13000 rw-p 00000000 00:00 0                          [stack:12854]
7fcd21a13000-7fcd21a18000 r-xp 00000000 08:05 1067698                    /usr/lib/libXfixes.so.3.1.0
7fcd21a18000-7fcd21c17000 ---p 00005000 08:05 1067698                    /usr/lib/libXfixes.so.3.1.0
7fcd21c17000-7fcd21c18000 r--p 00004000 08:05 1067698                    /usr/lib/libXfixes.so.3.1.0
7fcd21c18000-7fcd21c19000 rw-p 00005000 08:05 1067698                    /usr/lib/libXfixes.so.3.1.0
7fcd21c19000-7fcd21c23000 r-xp 00000000 08:05 1069227                    /usr/lib/libXcursor.so.1.0.2
7fcd21c23000-7fcd21e22000 ---p 0000a000 08:05 1069227                    /usr/lib/libXcursor.so.1.0.2
7fcd21e22000-7fcd21e23000 r--p 00009000 08:05 1069227                    /usr/lib/libXcursor.so.1.0.2
7fcd21e23000-7fcd21e24000 rw-p 0000a000 08:05 1069227                    /usr/lib/libXcursor.so.1.0.2
7fcd21e4d000-7fcd21eb6000 r-xp 00000000 08:05 1055425                    /usr/lib/libpcre.so.1.2.3
7fcd21eb6000-7fcd220b5000 ---p 00069000 08:05 1055425                    /usr/lib/libpcre.so.1.2.3
7fcd220b5000-7fcd220b6000 r--p 00068000 08:05 1055425                    /usr/lib/libpcre.so.1.2.3
7fcd220b6000-7fcd220b7000 rw-p 00069000 08:05 1055425                    /usr/lib/libpcre.so.1.2.3
7fcd220b7000-7fcd220d3000 r-xp 00000000 08:05 1068225                    /usr/lib/libgraphite2.so.3.0.1
7fcd220d3000-7fcd222d2000 ---p 0001c000 08:05 1068225                    /usr/lib/libgraphite2.so.3.0.1
7fcd222d2000-7fcd222d4000 r--p 0001b000 08:05 1068225                    /usr/lib/libgraphite2.so.3.0.1
7fcd222d4000-7fcd222d5000 rw-p 0001d000 08:05 1068225                    /usr/lib/libgraphite2.so.3.0.1
7fcd222d5000-7fcd223dd000 r-xp 00000000 08:05 1055632                    /usr/lib/libglib-2.0.so.0.4000.0
7fcd223dd000-7fcd225dc000 ---p 00108000 08:05 1055632                    /usr/lib/libglib-2.0.so.0.4000.0
7fcd225dc000-7fcd225dd000 r--p 00107000 08:05 1055632                    /usr/lib/libglib-2.0.so.0.4000.0
7fcd225dd000-7fcd225de000 rw-p 00108000 08:05 1055632                    /usr/lib/libglib-2.0.so.0.4000.0
7fcd225de000-7fcd225df000 rw-p 00000000 00:00 0 
7fcd225df000-7fcd22635000 r-xp 00000000 08:05 1068237                    /usr/lib/libharfbuzz.so.0.935.0
7fcd22635000-7fcd22834000 ---p 00056000 08:05 1068237                    /usr/lib/libharfbuzz.so.0.935.0
7fcd22834000-7fcd22836000 r--p 00055000 08:05 1068237                    /usr/lib/libharfbuzz.so.0.935.0
7fcd22836000-7fcd22837000 rw-p 00057000 08:05 1068237                    /usr/lib/libharfbuzz.so.0.935.0
7fcd22837000-7fcd2286c000 r-xp 00000000 08:05 1068202                    /usr/lib/libpng16.so.16.13.0
7fcd2286c000-7fcd22a6b000 ---p 00035000 08:05 1068202                    /usr/lib/libpng16.so.16.13.0
7fcd22a6b000-7fcd22a6c000 r--p 00034000 08:05 1068202                    /usr/lib/libpng16.so.16.13.0
7fcd22a6c000-7fcd22a6d000 rw-p 00035000 08:05 1068202                    /usr/lib/libpng16.so.16.13.0
7fcd22a6d000-7fcd22a7c000 r-xp 00000000 08:05 1050741                    /usr/lib/libbz2.so.1.0.6
7fcd22a7c000-7fcd22c7b000 ---p 0000f000 08:05 1050741                    /usr/lib/libbz2.so.1.0.6
7fcd22c7b000-7fcd22c7d000 rw-p 0000e000 08:05 1050741                    /usr/lib/libbz2.so.1.0.6
7fcd22c7d000-7fcd22c93000 r-xp 00000000 08:05 1051000                    /usr/lib/libgcc_s.so.1
7fcd22c93000-7fcd22e92000 ---p 00016000 08:05 1051000                    /usr/lib/libgcc_s.so.1
7fcd22e92000-7fcd22e93000 rw-p 00015000 08:05 1051000                    /usr/lib/libgcc_s.so.1
7fcd22e93000-7fcd22f36000 r-xp 00000000 08:05 1068243                    /usr/lib/libfreetype.so.6.11.2
7fcd22f36000-7fcd23135000 ---p 000a3000 08:05 1068243                    /usr/lib/libfreetype.so.6.11.2
7fcd23135000-7fcd2313b000 r--p 000a2000 08:05 1068243                    /usr/lib/libfreetype.so.6.11.2
7fcd2313b000-7fcd2313c000 rw-p 000a8000 08:05 1068243                    /usr/lib/libfreetype.so.6.11.2
7fcd2313c000-7fcd2319c000 r-xp 00000000 08:05 1191785                    /usr/lib/jvm/java-8-openjdk/jre/lib/amd64/libfontmanager.so
7fcd2319c000-7fcd2339c000 ---p 00060000 08:05 1191785                    /usr/lib/jvm/java-8-openjdk/jre/lib/amd64/libfontmanager.so
7fcd2339c000-7fcd233a0000 rw-p 00060000 08:05 1191785                    /usr/lib/jvm/java-8-openjdk/jre/lib/amd64/libfontmanager.so
7fcd233a0000-7fcd233b3000 rw-p 00000000 00:00 0 
7fcd233b3000-7fcd233b8000 r-xp 00000000 08:05 1063993                    /usr/lib/libXdmcp.so.6.0.0
7fcd233b8000-7fcd235b7000 ---p 00005000 08:05 1063993                    /usr/lib/libXdmcp.so.6.0.0
7fcd235b7000-7fcd235b8000 r--p 00004000 08:05 1063993                    /usr/lib/libXdmcp.so.6.0.0
7fcd235b8000-7fcd235b9000 rw-p 00005000 08:05 1063993                    /usr/lib/libXdmcp.so.6.0.0
7fcd235b9000-7fcd235bb000 r-xp 00000000 08:05 1064000                    /usr/lib/libXau.so.6.0.0
7fcd235bb000-7fcd237bb000 ---p 00002000 08:05 1064000                    /usr/lib/libXau.so.6.0.0
7fcd237bb000-7fcd237bc000 r--p 00002000 08:05 1064000                    /usr/lib/libXau.so.6.0.0
7fcd237bc000-7fcd237bd000 rw-p 00003000 08:05 1064000                    /usr/lib/libXau.so.6.0.0
7fcd237bd000-7fcd237de000 r-xp 00000000 08:05 1066330                    /usr/lib/libxcb.so.1.1.0
7fcd237de000-7fcd239dd000 ---p 00021000 08:05 1066330                    /usr/lib/libxcb.so.1.1.0
7fcd239dd000-7fcd239de000 r--p 00020000 08:05 1066330                    /usr/lib/libxcb.so.1.1.0
7fcd239de000-7fcd239df000 rw-p 00021000 08:05 1066330                    /usr/lib/libxcb.so.1.1.0
7fcd239df000-7fcd239ee000 r-xp 00000000 08:05 1067674                    /usr/lib/libXi.so.6.1.0
7fcd239ee000-7fcd23bee000 ---p 0000f000 08:05 1067674                    /usr/lib/libXi.so.6.1.0
7fcd23bee000-7fcd23bef000 r--p 0000f000 08:05 1067674                    /usr/lib/libXi.so.6.1.0
7fcd23bef000-7fcd23bf0000 rw-p 00010000 08:05 1067674                    /usr/lib/libXi.so.6.1.0
7fcd23bf0000-7fcd23bf5000 r-xp 00000000 08:05 1067721                    /usr/lib/libXtst.so.6.1.0
7fcd23bf5000-7fcd23df4000 ---p 00005000 08:05 1067721                    /usr/lib/libXtst.so.6.1.0
7fcd23df4000-7fcd23df5000 r--p 00004000 08:05 1067721                    /usr/lib/libXtst.so.6.1.0
7fcd23df5000-7fcd23df6000 rw-p 00005000 08:05 1067721                    /usr/lib/libXtst.so.6.1.0
7fcd23df6000-7fcd23dff000 r-xp 00000000 08:05 1068223                    /usr/lib/libXrender.so.1.3.0
7fcd23dff000-7fcd23ffe000 ---p 00009000 08:05 1068223                    /usr/lib/libXrender.so.1.3.0
7fcd23ffe000-7fcd23fff000 r--p 00008000 08:05 1068223                    /usr/lib/libXrender.so.1.3.0
7fcd23fff000-7fcd24000000 rw-p 00009000 08:05 1068223                    /usr/lib/libXrender.so.1.3.0
7fcd24000000-7fcd24021000 rw-p 00000000 00:00 0 
7fcd24021000-7fcd28000000 ---p 00000000 00:00 0 
7fcd28000000-7fcd28021000 rw-p 00000000 00:00 0 
7fcd28021000-7fcd2c000000 ---p 00000000 00:00 0 
7fcd2c000000-7fcd2cdfa000 rw-p 00000000 00:00 0 
7fcd2cdfa000-7fcd30000000 ---p 00000000 00:00 0 
7fcd30000000-7fcd305f6000 rw-p 00000000 00:00 0 
7fcd305f6000-7fcd34000000 ---p 00000000 00:00 0 
7fcd34000000-7fcd34021000 rw-p 00000000 00:00 0 
7fcd34021000-7fcd38000000 ---p 00000000 00:00 0 
7fcd38000000-7fcd38cd3000 rw-p 00000000 00:00 0 
7fcd38cd3000-7fcd3c000000 ---p 00000000 00:00 0 
7fcd3c000000-7fcd3c021000 rw-p 00000000 00:00 0 
7fcd3c021000-7fcd40000000 ---p 00000000 00:00 0 
7fcd40000000-7fcd40021000 rw-p 00000000 00:00 0 
7fcd40021000-7fcd44000000 ---p 00000000 00:00 0 
7fcd44000000-7fcd44021000 rw-p 00000000 00:00 0 
7fcd44021000-7fcd48000000 ---p 00000000 00:00 0 
7fcd48000000-7fcd48021000 rw-p 00000000 00:00 0 
7fcd48021000-7fcd4c000000 ---p 00000000 00:00 0 
7fcd4c000000-7fcd4c021000 rw-p 00000000 00:00 0 
7fcd4c021000-7fcd50000000 ---p 00000000 00:00 0 
7fcd50000000-7fcd50021000 rw-p 00000000 00:00 0 
7fcd50021000-7fcd54000000 ---p 00000000 00:00 0 
7fcd54000000-7fcd54021000 rw-p 00000000 00:00 0 
7fcd54021000-7fcd58000000 ---p 00000000 00:00 0 
7fcd58023000-7fcd58026000 ---p 00000000 00:00 0 
7fcd58026000-7fcd58124000 rw-p 00000000 00:00 0                          [stack:12853]
7fcd58124000-7fcd5825f000 r-xp 00000000 08:05 1067436                    /usr/lib/libX11.so.6.3.0
7fcd5825f000-7fcd5845e000 ---p 0013b000 08:05 1067436                    /usr/lib/libX11.so.6.3.0
7fcd5845e000-7fcd58460000 r--p 0013a000 08:05 1067436                    /usr/lib/libX11.so.6.3.0
7fcd58460000-7fcd58465000 rw-p 0013c000 08:05 1067436                    /usr/lib/libX11.so.6.3.0
7fcd58465000-7fcd58466000 rw-p 00000000 00:00 0 
7fcd58466000-7fcd58477000 r-xp 00000000 08:05 1067578                    /usr/lib/libXext.so.6.4.0
7fcd58477000-7fcd58676000 ---p 00011000 08:05 1067578                    /usr/lib/libXext.so.6.4.0
7fcd58676000-7fcd58677000 r--p 00010000 08:05 1067578                    /usr/lib/libXext.so.6.4.0
7fcd58677000-7fcd58678000 rw-p 00011000 08:05 1067578                    /usr/lib/libXext.so.6.4.0
7fcd5868e000-7fcd586a1000 r--s 00345000 08:05 1083229                    /usr/lib/jvm/java-8-openjdk/jre/lib/resources.jar
7fcd586a1000-7fcd586f5000 r-xp 00000000 08:05 1191784                    /usr/lib/jvm/java-8-openjdk/jre/lib/amd64/libawt_xawt.so
7fcd586f5000-7fcd588f4000 ---p 00054000 08:05 1191784                    /usr/lib/jvm/java-8-openjdk/jre/lib/amd64/libawt_xawt.so
7fcd588f4000-7fcd588f7000 rw-p 00053000 08:05 1191784                    /usr/lib/jvm/java-8-openjdk/jre/lib/amd64/libawt_xawt.so
7fcd588f7000-7fcd588f9000 rw-p 00000000 00:00 0 
7fcd588f9000-7fcd58999000 r-xp 00000000 08:05 1191780                    /usr/lib/jvm/java-8-openjdk/jre/lib/amd64/libawt.so
7fcd58999000-7fcd58b99000 ---p 000a0000 08:05 1191780                    /usr/lib/jvm/java-8-openjdk/jre/lib/amd64/libawt.so
7fcd58b99000-7fcd58ba5000 rw-p 000a0000 08:05 1191780                    /usr/lib/jvm/java-8-openjdk/jre/lib/amd64/libawt.so
7fcd58ba5000-7fcd58bc9000 rw-p 00000000 00:00 0 
7fcd58bc9000-7fcd58bca000 ---p 00000000 00:00 0 
7fcd58bca000-7fcd58cca000 rw-p 00000000 00:00 0                          [stack:12852]
7fcd58cca000-7fcd58ccd000 ---p 00000000 00:00 0 
7fcd58ccd000-7fcd58dcb000 rw-p 00000000 00:00 0                          [stack:12851]
7fcd58dcb000-7fcd58dce000 ---p 00000000 00:00 0 
7fcd58dce000-7fcd58ecc000 rw-p 00000000 00:00 0                          [stack:12850]
7fcd58ecc000-7fcd58ecf000 ---p 00000000 00:00 0 
7fcd58ecf000-7fcd58fcd000 rw-p 00000000 00:00 0                          [stack:12849]
7fcd58fcd000-7fcd58fd0000 ---p 00000000 00:00 0 
7fcd58fd0000-7fcd590ce000 rw-p 00000000 00:00 0                          [stack:12848]
7fcd590ce000-7fcd590d1000 ---p 00000000 00:00 0 
7fcd590d1000-7fcd591cf000 rw-p 00000000 00:00 0                          [stack:12847]
7fcd591cf000-7fcd59358000 r--p 00000000 08:05 1062782                    /usr/lib/locale/locale-archive
7fcd59358000-7fcd5935b000 ---p 00000000 00:00 0 
7fcd5935b000-7fcd59459000 rw-p 00000000 00:00 0                          [stack:12845]
7fcd59459000-7fcd5945c000 ---p 00000000 00:00 0 
7fcd5945c000-7fcd5955a000 rw-p 00000000 00:00 0                          [stack:12844]
7fcd5955a000-7fcd5955b000 ---p 00000000 00:00 0 
7fcd5955b000-7fcd5a60f000 rw-p 00000000 00:00 0                          [stack:12843]
7fcd5a60f000-7fcd5a7dc000 r--s 03bb2000 08:05 1083227                    /usr/lib/jvm/java-8-openjdk/jre/lib/rt.jar
7fcd5a7dc000-7fcd5d000000 rw-p 00000000 00:00 0 
7fcd5d000000-7fcd5d580000 rwxp 00000000 00:00 0 
7fcd5d580000-7fcd6c000000 ---p 00000000 00:00 0 
7fcd6c000000-7fcd6c35b000 rw-p 00000000 00:00 0 
7fcd6c35b000-7fcd70000000 ---p 00000000 00:00 0 
7fcd70003000-7fcd70079000 rw-p 00000000 00:00 0 
7fcd70079000-7fcd7007a000 ---p 00000000 00:00 0 
7fcd7007a000-7fcd7017a000 rw-p 00000000 00:00 0                          [stack:12839]
7fcd7017a000-7fcd7017b000 ---p 00000000 00:00 0 
7fcd7017b000-7fcd7027b000 rw-p 00000000 00:00 0                          [stack:12838]
7fcd7027b000-7fcd7027c000 ---p 00000000 00:00 0 
7fcd7027c000-7fcd7037c000 rw-p 00000000 00:00 0                          [stack:12837]
7fcd7037c000-7fcd7037d000 ---p 00000000 00:00 0 
7fcd7037d000-7fcd70492000 rw-p 00000000 00:00 0                          [stack:12835]
7fcd70492000-7fcd705c0000 ---p 00000000 00:00 0 
7fcd705c0000-7fcd705d5000 rw-p 00000000 00:00 0 
7fcd705d5000-7fcd70702000 ---p 00000000 00:00 0 
7fcd70702000-7fcd70769000 rw-p 00000000 00:00 0 
7fcd70769000-7fcd707a4000 ---p 00000000 00:00 0 
7fcd707a4000-7fcd707bb000 rw-p 00000000 00:00 0 
7fcd707bb000-7fcd70b65000 ---p 00000000 00:00 0 
7fcd70b65000-7fcd70b6d000 r-xp 00000000 08:05 1191769                    /usr/lib/jvm/java-8-openjdk/jre/lib/amd64/libzip.so
7fcd70b6d000-7fcd70d6c000 ---p 00008000 08:05 1191769                    /usr/lib/jvm/java-8-openjdk/jre/lib/amd64/libzip.so
7fcd70d6c000-7fcd70d6d000 rw-p 00007000 08:05 1191769                    /usr/lib/jvm/java-8-openjdk/jre/lib/amd64/libzip.so
7fcd70d6d000-7fcd70d78000 r-xp 00000000 08:05 1047699                    /usr/lib/libnss_files-2.20.so
7fcd70d78000-7fcd70f78000 ---p 0000b000 08:05 1047699                    /usr/lib/libnss_files-2.20.so
7fcd70f78000-7fcd70f79000 r--p 0000b000 08:05 1047699                    /usr/lib/libnss_files-2.20.so
7fcd70f79000-7fcd70f7a000 rw-p 0000c000 08:05 1047699                    /usr/lib/libnss_files-2.20.so
7fcd70f7a000-7fcd70fa7000 r-xp 00000000 08:05 1191768                    /usr/lib/jvm/java-8-openjdk/jre/lib/amd64/libjava.so
7fcd70fa7000-7fcd711a7000 ---p 0002d000 08:05 1191768                    /usr/lib/jvm/java-8-openjdk/jre/lib/amd64/libjava.so
7fcd711a7000-7fcd711a9000 rw-p 0002d000 08:05 1191768                    /usr/lib/jvm/java-8-openjdk/jre/lib/amd64/libjava.so
7fcd711a9000-7fcd711b6000 r-xp 00000000 08:05 1191758                    /usr/lib/jvm/java-8-openjdk/jre/lib/amd64/libverify.so
7fcd711b6000-7fcd713b5000 ---p 0000d000 08:05 1191758                    /usr/lib/jvm/java-8-openjdk/jre/lib/amd64/libverify.so
7fcd713b5000-7fcd713b7000 rw-p 0000c000 08:05 1191758                    /usr/lib/jvm/java-8-openjdk/jre/lib/amd64/libverify.so
7fcd713b7000-7fcd713be000 r-xp 00000000 08:05 1047736                    /usr/lib/librt-2.20.so
7fcd713be000-7fcd715bd000 ---p 00007000 08:05 1047736                    /usr/lib/librt-2.20.so
7fcd715bd000-7fcd715be000 r--p 00006000 08:05 1047736                    /usr/lib/librt-2.20.so
7fcd715be000-7fcd715bf000 rw-p 00007000 08:05 1047736                    /usr/lib/librt-2.20.so
7fcd715bf000-7fcd716c2000 r-xp 00000000 08:05 1047724                    /usr/lib/libm-2.20.so
7fcd716c2000-7fcd718c2000 ---p 00103000 08:05 1047724                    /usr/lib/libm-2.20.so
7fcd718c2000-7fcd718c3000 r--p 00103000 08:05 1047724                    /usr/lib/libm-2.20.so
7fcd718c3000-7fcd718c4000 rw-p 00104000 08:05 1047724                    /usr/lib/libm-2.20.so
7fcd718c4000-7fcd72511000 r-xp 00000000 08:05 1191790                    /usr/lib/jvm/java-8-openjdk/jre/lib/amd64/server/libjvm.so
7fcd72511000-7fcd72711000 ---p 00c4d000 08:05 1191790                    /usr/lib/jvm/java-8-openjdk/jre/lib/amd64/server/libjvm.so
7fcd72711000-7fcd727dd000 rw-p 00c4d000 08:05 1191790                    /usr/lib/jvm/java-8-openjdk/jre/lib/amd64/server/libjvm.so
7fcd727dd000-7fcd7281c000 rw-p 00000000 00:00 0 
7fcd7281c000-7fcd729b5000 r-xp 00000000 08:05 1047725                    /usr/lib/libc-2.20.so
7fcd729b5000-7fcd72bb5000 ---p 00199000 08:05 1047725                    /usr/lib/libc-2.20.so
7fcd72bb5000-7fcd72bb9000 r--p 00199000 08:05 1047725                    /usr/lib/libc-2.20.so
7fcd72bb9000-7fcd72bbb000 rw-p 0019d000 08:05 1047725                    /usr/lib/libc-2.20.so
7fcd72bbb000-7fcd72bbf000 rw-p 00000000 00:00 0 
7fcd72bbf000-7fcd72bc2000 r-xp 00000000 08:05 1047697                    /usr/lib/libdl-2.20.so
7fcd72bc2000-7fcd72dc1000 ---p 00003000 08:05 1047697                    /usr/lib/libdl-2.20.so
7fcd72dc1000-7fcd72dc2000 r--p 00002000 08:05 1047697                    /usr/lib/libdl-2.20.so
7fcd72dc2000-7fcd72dc3000 rw-p 00003000 08:05 1047697                    /usr/lib/libdl-2.20.so
7fcd72dc3000-7fcd72dd0000 r-xp 00000000 08:05 1191787                    /usr/lib/jvm/java-8-openjdk/jre/lib/amd64/jli/libjli.so
7fcd72dd0000-7fcd72fcf000 ---p 0000d000 08:05 1191787                    /usr/lib/jvm/java-8-openjdk/jre/lib/amd64/jli/libjli.so
7fcd72fcf000-7fcd72fd0000 rw-p 0000c000 08:05 1191787                    /usr/lib/jvm/java-8-openjdk/jre/lib/amd64/jli/libjli.so
7fcd72fd0000-7fcd72fe5000 r-xp 00000000 08:05 1050749                    /usr/lib/libz.so.1.2.8
7fcd72fe5000-7fcd731e4000 ---p 00015000 08:05 1050749                    /usr/lib/libz.so.1.2.8
7fcd731e4000-7fcd731e5000 r--p 00014000 08:05 1050749                    /usr/lib/libz.so.1.2.8
7fcd731e5000-7fcd731e6000 rw-p 00015000 08:05 1050749                    /usr/lib/libz.so.1.2.8
7fcd731e6000-7fcd731fd000 r-xp 00000000 08:05 1047704                    /usr/lib/libpthread-2.20.so
7fcd731fd000-7fcd733fc000 ---p 00017000 08:05 1047704                    /usr/lib/libpthread-2.20.so
7fcd733fc000-7fcd733fd000 r--p 00016000 08:05 1047704                    /usr/lib/libpthread-2.20.so
7fcd733fd000-7fcd733fe000 rw-p 00017000 08:05 1047704                    /usr/lib/libpthread-2.20.so
7fcd733fe000-7fcd73402000 rw-p 00000000 00:00 0 
7fcd73402000-7fcd73424000 r-xp 00000000 08:05 1047701                    /usr/lib/ld-2.20.so
7fcd73424000-7fcd734f4000 rw-p 00000000 00:00 0 
7fcd734f4000-7fcd734f7000 ---p 00000000 00:00 0 
7fcd734f7000-7fcd735f9000 rw-p 00000000 00:00 0                          [stack:12833]
7fcd73604000-7fcd73618000 rw-p 00000000 00:00 0 
7fcd73618000-7fcd73620000 rw-s 00000000 00:1e 133962                     /tmp/hsperfdata_gciotto/12831
7fcd73620000-7fcd73621000 rw-p 00000000 00:00 0 
7fcd73621000-7fcd73622000 ---p 00000000 00:00 0 
7fcd73622000-7fcd73623000 rw-p 00000000 00:00 0 
7fcd73623000-7fcd73624000 r--p 00021000 08:05 1047701                    /usr/lib/ld-2.20.so
7fcd73624000-7fcd73625000 rw-p 00022000 08:05 1047701                    /usr/lib/ld-2.20.so
7fcd73625000-7fcd73626000 rw-p 00000000 00:00 0 
7fffd417b000-7fffd419c000 rw-p 00000000 00:00 0                          [stack]
7fffd41fc000-7fffd41fe000 r-xp 00000000 00:00 0                          [vdso]
7fffd41fe000-7fffd4200000 r--p 00000000 00:00 0                          [vvar]
ffffffffff600000-ffffffffff601000 r-xp 00000000 00:00 0                  [vsyscall]

VM Arguments:
jvm_args: -Dfile.encoding=UTF-8 
java_command: Solitaire
java_class_path (initial): /home/gciotto/workspace/model/bin
Launcher Type: SUN_STANDARD

Environment Variables:
JAVA_HOME=/usr/lib/jvm/default
PATH=/usr/local/sbin:/usr/local/bin:/usr/bin:/usr/bin/site_perl:/usr/bin/vendor_perl:/usr/bin/core_perl
USERNAME=gciotto
SHELL=/bin/bash
DISPLAY=:0

Signal Handlers:
SIGSEGV: [libjvm.so+0xa49330], sa_mask[0]=11111111011111111101111111111110, sa_flags=SA_RESTART|SA_SIGINFO
SIGBUS: [libjvm.so+0xa49330], sa_mask[0]=11111111011111111101111111111110, sa_flags=SA_RESTART|SA_SIGINFO
SIGFPE: [libjvm.so+0x89f390], sa_mask[0]=11111111011111111101111111111110, sa_flags=SA_RESTART|SA_SIGINFO
SIGPIPE: [libjvm.so+0x89f390], sa_mask[0]=11111111011111111101111111111110, sa_flags=SA_RESTART|SA_SIGINFO
SIGXFSZ: [libjvm.so+0x89f390], sa_mask[0]=11111111011111111101111111111110, sa_flags=SA_RESTART|SA_SIGINFO
SIGILL: [libjvm.so+0x89f390], sa_mask[0]=11111111011111111101111111111110, sa_flags=SA_RESTART|SA_SIGINFO
SIGUSR1: SIG_DFL, sa_mask[0]=00000000000000000000000000000000, sa_flags=none
SIGUSR2: [libjvm.so+0x89f240], sa_mask[0]=00100000010000000000000000000000, sa_flags=SA_RESTART|SA_SIGINFO
SIGHUP: [libjvm.so+0x89f450], sa_mask[0]=11111111011111111101111111111110, sa_flags=SA_RESTART|SA_SIGINFO
SIGINT: [libjvm.so+0x89f450], sa_mask[0]=11111111011111111101111111111110, sa_flags=SA_RESTART|SA_SIGINFO
SIGTERM: [libjvm.so+0x89f450], sa_mask[0]=11111111011111111101111111111110, sa_flags=SA_RESTART|SA_SIGINFO
SIGQUIT: [libjvm.so+0x89f450], sa_mask[0]=11111111011111111101111111111110, sa_flags=SA_RESTART|SA_SIGINFO


---------------  S Y S T E M  ---------------

OS:NAME="Arch Linux"
ID=arch
PRETTY_NAME="Arch Linux"
ANSI_COLOR="0;36"
HOME_URL="https://www.archlinux.org/"
SUPPORT_URL="https://bbs.archlinux.org/"
BUG_REPORT_URL="https://bugs.archlinux.org/"


uname:Linux 3.16.3-1-ARCH #1 SMP PREEMPT Wed Sep 17 21:54:13 CEST 2014 x86_64
libc:glibc 2.20 NPTL 2.20 
rlimit: STACK 8192k, CORE 0k, NPROC 15440, NOFILE 4096, AS infinity
load average:1.33 1.18 0.99

/proc/meminfo:
MemTotal:        3958200 kB
MemFree:          127288 kB
MemAvailable:     102228 kB
Buffers:             964 kB
Cached:           820836 kB
SwapCached:            0 kB
Active:          2923740 kB
Inactive:         742760 kB
Active(anon):    2879428 kB
Inactive(anon):   699000 kB
Active(file):      44312 kB
Inactive(file):    43760 kB
Unevictable:          48 kB
Mlocked:              48 kB
SwapTotal:             0 kB
SwapFree:              0 kB
Dirty:                 0 kB
Writeback:             0 kB
AnonPages:       2844572 kB
Mapped:           263300 kB
Shmem:            734164 kB
Slab:              57192 kB
SReclaimable:      30752 kB
SUnreclaim:        26440 kB
KernelStack:        7440 kB
PageTables:        33536 kB
NFS_Unstable:          0 kB
Bounce:                0 kB
WritebackTmp:          0 kB
CommitLimit:     1979100 kB
Committed_AS:    6682072 kB
VmallocTotal:   34359738367 kB
VmallocUsed:      362252 kB
VmallocChunk:   34359350736 kB
HardwareCorrupted:     0 kB
AnonHugePages:    827392 kB
HugePages_Total:       0
HugePages_Free:        0
HugePages_Rsvd:        0
HugePages_Surp:        0
Hugepagesize:       2048 kB
DirectMap4k:       55892 kB
DirectMap2M:     4044800 kB


CPU:total 4 (2 cores per cpu, 2 threads per core) family 6 model 42 stepping 7, cmov, cx8, fxsr, mmx, sse, sse2, sse3, ssse3, sse4.1, sse4.2, popcnt, avx, clmul, ht, tsc, tscinvbit

/proc/cpuinfo:
processor	: 0
vendor_id	: GenuineIntel
cpu family	: 6
model		: 42
model name	: Intel(R) Core(TM) i3-2330M CPU @ 2.20GHz
stepping	: 7
microcode	: 0x12
cpu MHz		: 1559.851
cache size	: 3072 KB
physical id	: 0
siblings	: 4
core id		: 0
cpu cores	: 2
apicid		: 0
initial apicid	: 0
fpu		: yes
fpu_exception	: yes
cpuid level	: 13
wp		: yes
flags		: fpu vme de pse tsc msr pae mce cx8 apic sep mtrr pge mca cmov pat pse36 clflush dts acpi mmx fxsr sse sse2 ss ht tm pbe syscall nx rdtscp lm constant_tsc arch_perfmon pebs bts rep_good nopl xtopology nonstop_tsc aperfmperf eagerfpu pni pclmulqdq dtes64 monitor ds_cpl vmx est tm2 ssse3 cx16 xtpr pdcm pcid sse4_1 sse4_2 x2apic popcnt tsc_deadline_timer xsave avx lahf_lm arat epb xsaveopt pln pts dtherm tpr_shadow vnmi flexpriority ept vpid
bogomips	: 4391.96
clflush size	: 64
cache_alignment	: 64
address sizes	: 36 bits physical, 48 bits virtual
power management:

processor	: 1
vendor_id	: GenuineIntel
cpu family	: 6
model		: 42
model name	: Intel(R) Core(TM) i3-2330M CPU @ 2.20GHz
stepping	: 7
microcode	: 0x12
cpu MHz		: 878.539
cache size	: 3072 KB
physical id	: 0
siblings	: 4
core id		: 1
cpu cores	: 2
apicid		: 2
initial apicid	: 2
fpu		: yes
fpu_exception	: yes
cpuid level	: 13
wp		: yes
flags		: fpu vme de pse tsc msr pae mce cx8 apic sep mtrr pge mca cmov pat pse36 clflush dts acpi mmx fxsr sse sse2 ss ht tm pbe syscall nx rdtscp lm constant_tsc arch_perfmon pebs bts rep_good nopl xtopology nonstop_tsc aperfmperf eagerfpu pni pclmulqdq dtes64 monitor ds_cpl vmx est tm2 ssse3 cx16 xtpr pdcm pcid sse4_1 sse4_2 x2apic popcnt tsc_deadline_timer xsave avx lahf_lm arat epb xsaveopt pln pts dtherm tpr_shadow vnmi flexpriority ept vpid
bogomips	: 4391.96
clflush size	: 64
cache_alignment	: 64
address sizes	: 36 bits physical, 48 bits virtual
power management:

processor	: 2
vendor_id	: GenuineIntel
cpu family	: 6
model		: 42
model name	: Intel(R) Core(TM) i3-2330M CPU @ 2.20GHz
stepping	: 7
microcode	: 0x12
cpu MHz		: 1981.804
cache size	: 3072 KB
physical id	: 0
siblings	: 4
core id		: 0
cpu cores	: 2
apicid		: 1
initial apicid	: 1
fpu		: yes
fpu_exception	: yes
cpuid level	: 13
wp		: yes
flags		: fpu vme de pse tsc msr pae mce cx8 apic sep mtrr pge mca cmov pat pse36 clflush dts acpi mmx fxsr sse sse2 ss ht tm pbe syscall nx rdtscp lm constant_tsc arch_perfmon pebs bts rep_good nopl xtopology nonstop_tsc aperfmperf eagerfpu pni pclmulqdq dtes64 monitor ds_cpl vmx est tm2 ssse3 cx16 xtpr pdcm pcid sse4_1 sse4_2 x2apic popcnt tsc_deadline_timer xsave avx lahf_lm arat epb xsaveopt pln pts dtherm tpr_shadow vnmi flexpriority ept vpid
bogomips	: 4391.96
clflush size	: 64
cache_alignment	: 64
address sizes	: 36 bits physical, 48 bits virtual
power management:

processor	: 3
vendor_id	: GenuineIntel
cpu family	: 6
model		: 42
model name	: Intel(R) Core(TM) i3-2330M CPU @ 2.20GHz
stepping	: 7
microcode	: 0x12
cpu MHz		: 2200.000
cache size	: 3072 KB
physical id	: 0
siblings	: 4
core id		: 1
cpu cores	: 2
apicid		: 3
initial apicid	: 3
fpu		: yes
fpu_exception	: yes
cpuid level	: 13
wp		: yes
flags		: fpu vme de pse tsc msr pae mce cx8 apic sep mtrr pge mca cmov pat pse36 clflush dts acpi mmx fxsr sse sse2 ss ht tm pbe syscall nx rdtscp lm constant_tsc arch_perfmon pebs bts rep_good nopl xtopology nonstop_tsc aperfmperf eagerfpu pni pclmulqdq dtes64 monitor ds_cpl vmx est tm2 ssse3 cx16 xtpr pdcm pcid sse4_1 sse4_2 x2apic popcnt tsc_deadline_timer xsave avx lahf_lm arat epb xsaveopt pln pts dtherm tpr_shadow vnmi flexpriority ept vpid
bogomips	: 4391.96
clflush size	: 64
cache_alignment	: 64
address sizes	: 36 bits physical, 48 bits virtual
power management:



Memory: 4k page, physical 3958200k(127288k free), swap 0k(0k free)

vm_info: OpenJDK 64-Bit Server VM (25.20-b22) for linux-amd64 JRE (1.8.0_20-b23), built on Sep 17 2014 13:04:28 by "nobody" with gcc 4.9.1 20140903 (prerelease)

time: Wed Oct  1 19:35:34 2014
elapsed time: 19 seconds (0d 0h 0m 19s)

