This is pdfTeX, Version 3.14159265-2.6-1.40.16 (TeX Live 2015/Arch Linux) (preloaded format=pdflatex 2015.11.16)  17 NOV 2015 20:35
entering extended mode
 restricted \write18 enabled.
 Source specials enabled.
 %&-line parsing enabled.
**efc2.tex
(./efc2.tex
LaTeX2e <2015/10/01> patch level 2
Babel <3.9m> and hyphenation patterns for 79 languages loaded.
(/usr/share/texmf-dist/tex/latex/base/article.cls
Document Class: article 2014/09/29 v1.4h Standard LaTeX document class
(/usr/share/texmf-dist/tex/latex/base/size12.clo
File: size12.clo 2014/09/29 v1.4h Standard LaTeX file (size option)
)
\c@part=\count79
\c@section=\count80
\c@subsection=\count81
\c@subsubsection=\count82
\c@paragraph=\count83
\c@subparagraph=\count84
\c@figure=\count85
\c@table=\count86
\abovecaptionskip=\skip41
\belowcaptionskip=\skip42
\bibindent=\dimen102
)
(/usr/share/texmf-dist/tex/latex/base/inputenc.sty
Package: inputenc 2015/03/17 v1.2c Input encoding file
\inpenc@prehook=\toks14
\inpenc@posthook=\toks15

(/usr/share/texmf-dist/tex/latex/base/utf8.def
File: utf8.def 2015/09/07 v1.1p UTF-8 support for inputenc
Now handling font encoding OML ...
... no UTF-8 mapping file for font encoding OML
Now handling font encoding T1 ...
... processing UTF-8 mapping file for font encoding T1

(/usr/share/texmf-dist/tex/latex/base/t1enc.dfu
File: t1enc.dfu 2015/09/07 v1.1p UTF-8 support for inputenc
   defining Unicode char U+00A0 (decimal 160)
   defining Unicode char U+00A1 (decimal 161)
   defining Unicode char U+00A3 (decimal 163)
   defining Unicode char U+00AB (decimal 171)
   defining Unicode char U+00AD (decimal 173)
   defining Unicode char U+00BB (decimal 187)
   defining Unicode char U+00BF (decimal 191)
   defining Unicode char U+00C0 (decimal 192)
   defining Unicode char U+00C1 (decimal 193)
   defining Unicode char U+00C2 (decimal 194)
   defining Unicode char U+00C3 (decimal 195)
   defining Unicode char U+00C4 (decimal 196)
   defining Unicode char U+00C5 (decimal 197)
   defining Unicode char U+00C6 (decimal 198)
   defining Unicode char U+00C7 (decimal 199)
   defining Unicode char U+00C8 (decimal 200)
   defining Unicode char U+00C9 (decimal 201)
   defining Unicode char U+00CA (decimal 202)
   defining Unicode char U+00CB (decimal 203)
   defining Unicode char U+00CC (decimal 204)
   defining Unicode char U+00CD (decimal 205)
   defining Unicode char U+00CE (decimal 206)
   defining Unicode char U+00CF (decimal 207)
   defining Unicode char U+00D0 (decimal 208)
   defining Unicode char U+00D1 (decimal 209)
   defining Unicode char U+00D2 (decimal 210)
   defining Unicode char U+00D3 (decimal 211)
   defining Unicode char U+00D4 (decimal 212)
   defining Unicode char U+00D5 (decimal 213)
   defining Unicode char U+00D6 (decimal 214)
   defining Unicode char U+00D8 (decimal 216)
   defining Unicode char U+00D9 (decimal 217)
   defining Unicode char U+00DA (decimal 218)
   defining Unicode char U+00DB (decimal 219)
   defining Unicode char U+00DC (decimal 220)
   defining Unicode char U+00DD (decimal 221)
   defining Unicode char U+00DE (decimal 222)
   defining Unicode char U+00DF (decimal 223)
   defining Unicode char U+00E0 (decimal 224)
   defining Unicode char U+00E1 (decimal 225)
   defining Unicode char U+00E2 (decimal 226)
   defining Unicode char U+00E3 (decimal 227)
   defining Unicode char U+00E4 (decimal 228)
   defining Unicode char U+00E5 (decimal 229)
   defining Unicode char U+00E6 (decimal 230)
   defining Unicode char U+00E7 (decimal 231)
   defining Unicode char U+00E8 (decimal 232)
   defining Unicode char U+00E9 (decimal 233)
   defining Unicode char U+00EA (decimal 234)
   defining Unicode char U+00EB (decimal 235)
   defining Unicode char U+00EC (decimal 236)
   defining Unicode char U+00ED (decimal 237)
   defining Unicode char U+00EE (decimal 238)
   defining Unicode char U+00EF (decimal 239)
   defining Unicode char U+00F0 (decimal 240)
   defining Unicode char U+00F1 (decimal 241)
   defining Unicode char U+00F2 (decimal 242)
   defining Unicode char U+00F3 (decimal 243)
   defining Unicode char U+00F4 (decimal 244)
   defining Unicode char U+00F5 (decimal 245)
   defining Unicode char U+00F6 (decimal 246)
   defining Unicode char U+00F8 (decimal 248)
   defining Unicode char U+00F9 (decimal 249)
   defining Unicode char U+00FA (decimal 250)
   defining Unicode char U+00FB (decimal 251)
   defining Unicode char U+00FC (decimal 252)
   defining Unicode char U+00FD (decimal 253)
   defining Unicode char U+00FE (decimal 254)
   defining Unicode char U+00FF (decimal 255)
   defining Unicode char U+0102 (decimal 258)
   defining Unicode char U+0103 (decimal 259)
   defining Unicode char U+0104 (decimal 260)
   defining Unicode char U+0105 (decimal 261)
   defining Unicode char U+0106 (decimal 262)
   defining Unicode char U+0107 (decimal 263)
   defining Unicode char U+010C (decimal 268)
   defining Unicode char U+010D (decimal 269)
   defining Unicode char U+010E (decimal 270)
   defining Unicode char U+010F (decimal 271)
   defining Unicode char U+0110 (decimal 272)
   defining Unicode char U+0111 (decimal 273)
   defining Unicode char U+0118 (decimal 280)
   defining Unicode char U+0119 (decimal 281)
   defining Unicode char U+011A (decimal 282)
   defining Unicode char U+011B (decimal 283)
   defining Unicode char U+011E (decimal 286)
   defining Unicode char U+011F (decimal 287)
   defining Unicode char U+0130 (decimal 304)
   defining Unicode char U+0131 (decimal 305)
   defining Unicode char U+0132 (decimal 306)
   defining Unicode char U+0133 (decimal 307)
   defining Unicode char U+0139 (decimal 313)
   defining Unicode char U+013A (decimal 314)
   defining Unicode char U+013D (decimal 317)
   defining Unicode char U+013E (decimal 318)
   defining Unicode char U+0141 (decimal 321)
   defining Unicode char U+0142 (decimal 322)
   defining Unicode char U+0143 (decimal 323)
   defining Unicode char U+0144 (decimal 324)
   defining Unicode char U+0147 (decimal 327)
   defining Unicode char U+0148 (decimal 328)
   defining Unicode char U+014A (decimal 330)
   defining Unicode char U+014B (decimal 331)
   defining Unicode char U+0150 (decimal 336)
   defining Unicode char U+0151 (decimal 337)
   defining Unicode char U+0152 (decimal 338)
   defining Unicode char U+0153 (decimal 339)
   defining Unicode char U+0154 (decimal 340)
   defining Unicode char U+0155 (decimal 341)
   defining Unicode char U+0158 (decimal 344)
   defining Unicode char U+0159 (decimal 345)
   defining Unicode char U+015A (decimal 346)
   defining Unicode char U+015B (decimal 347)
   defining Unicode char U+015E (decimal 350)
   defining Unicode char U+015F (decimal 351)
   defining Unicode char U+0160 (decimal 352)
   defining Unicode char U+0161 (decimal 353)
   defining Unicode char U+0162 (decimal 354)
   defining Unicode char U+0163 (decimal 355)
   defining Unicode char U+0164 (decimal 356)
   defining Unicode char U+0165 (decimal 357)
   defining Unicode char U+016E (decimal 366)
   defining Unicode char U+016F (decimal 367)
   defining Unicode char U+0170 (decimal 368)
   defining Unicode char U+0171 (decimal 369)
   defining Unicode char U+0174 (decimal 372)
   defining Unicode char U+0175 (decimal 373)
   defining Unicode char U+0176 (decimal 374)
   defining Unicode char U+0177 (decimal 375)
   defining Unicode char U+0178 (decimal 376)
   defining Unicode char U+0179 (decimal 377)
   defining Unicode char U+017A (decimal 378)
   defining Unicode char U+017B (decimal 379)
   defining Unicode char U+017C (decimal 380)
   defining Unicode char U+017D (decimal 381)
   defining Unicode char U+017E (decimal 382)
   defining Unicode char U+0218 (decimal 536)
   defining Unicode char U+0219 (decimal 537)
   defining Unicode char U+021A (decimal 538)
   defining Unicode char U+021B (decimal 539)
   defining Unicode char U+200C (decimal 8204)
   defining Unicode char U+2013 (decimal 8211)
   defining Unicode char U+2014 (decimal 8212)
   defining Unicode char U+2018 (decimal 8216)
   defining Unicode char U+2019 (decimal 8217)
   defining Unicode char U+201A (decimal 8218)
   defining Unicode char U+201C (decimal 8220)
   defining Unicode char U+201D (decimal 8221)
   defining Unicode char U+201E (decimal 8222)
   defining Unicode char U+2030 (decimal 8240)
   defining Unicode char U+2031 (decimal 8241)
   defining Unicode char U+2039 (decimal 8249)
   defining Unicode char U+203A (decimal 8250)
   defining Unicode char U+2423 (decimal 9251)
)
Now handling font encoding OT1 ...
... processing UTF-8 mapping file for font encoding OT1

(/usr/share/texmf-dist/tex/latex/base/ot1enc.dfu
File: ot1enc.dfu 2015/09/07 v1.1p UTF-8 support for inputenc
   defining Unicode char U+00A0 (decimal 160)
   defining Unicode char U+00A1 (decimal 161)
   defining Unicode char U+00A3 (decimal 163)
   defining Unicode char U+00AD (decimal 173)
   defining Unicode char U+00B8 (decimal 184)
   defining Unicode char U+00BF (decimal 191)
   defining Unicode char U+00C5 (decimal 197)
   defining Unicode char U+00C6 (decimal 198)
   defining Unicode char U+00D8 (decimal 216)
   defining Unicode char U+00DF (decimal 223)
   defining Unicode char U+00E6 (decimal 230)
   defining Unicode char U+00EC (decimal 236)
   defining Unicode char U+00ED (decimal 237)
   defining Unicode char U+00EE (decimal 238)
   defining Unicode char U+00EF (decimal 239)
   defining Unicode char U+00F8 (decimal 248)
   defining Unicode char U+0131 (decimal 305)
   defining Unicode char U+0141 (decimal 321)
   defining Unicode char U+0142 (decimal 322)
   defining Unicode char U+0152 (decimal 338)
   defining Unicode char U+0153 (decimal 339)
   defining Unicode char U+0174 (decimal 372)
   defining Unicode char U+0175 (decimal 373)
   defining Unicode char U+0176 (decimal 374)
   defining Unicode char U+0177 (decimal 375)
   defining Unicode char U+0218 (decimal 536)
   defining Unicode char U+0219 (decimal 537)
   defining Unicode char U+021A (decimal 538)
   defining Unicode char U+021B (decimal 539)
   defining Unicode char U+2013 (decimal 8211)
   defining Unicode char U+2014 (decimal 8212)
   defining Unicode char U+2018 (decimal 8216)
   defining Unicode char U+2019 (decimal 8217)
   defining Unicode char U+201C (decimal 8220)
   defining Unicode char U+201D (decimal 8221)
)
Now handling font encoding OMS ...
... processing UTF-8 mapping file for font encoding OMS

(/usr/share/texmf-dist/tex/latex/base/omsenc.dfu
File: omsenc.dfu 2015/09/07 v1.1p UTF-8 support for inputenc
   defining Unicode char U+00A7 (decimal 167)
   defining Unicode char U+00B6 (decimal 182)
   defining Unicode char U+00B7 (decimal 183)
   defining Unicode char U+2020 (decimal 8224)
   defining Unicode char U+2021 (decimal 8225)
   defining Unicode char U+2022 (decimal 8226)
)
Now handling font encoding OMX ...
... no UTF-8 mapping file for font encoding OMX
Now handling font encoding U ...
... no UTF-8 mapping file for font encoding U
   defining Unicode char U+00A9 (decimal 169)
   defining Unicode char U+00AA (decimal 170)
   defining Unicode char U+00AE (decimal 174)
   defining Unicode char U+00BA (decimal 186)
   defining Unicode char U+02C6 (decimal 710)
   defining Unicode char U+02DC (decimal 732)
   defining Unicode char U+200C (decimal 8204)
   defining Unicode char U+2026 (decimal 8230)
   defining Unicode char U+2122 (decimal 8482)
   defining Unicode char U+2423 (decimal 9251)
))
   defining Unicode char U+00A0 (decimal 160)

(/usr/share/texmf-dist/tex/latex/geometry/geometry.sty
Package: geometry 2010/09/12 v5.6 Page Geometry

(/usr/share/texmf-dist/tex/latex/graphics/keyval.sty
Package: keyval 2014/10/28 v1.15 key=value parser (DPC)
\KV@toks@=\toks16
)
(/usr/share/texmf-dist/tex/generic/oberdiek/ifpdf.sty
Package: ifpdf 2011/01/30 v2.3 Provides the ifpdf switch (HO)
Package ifpdf Info: pdfTeX in PDF mode is detected.
)
(/usr/share/texmf-dist/tex/generic/oberdiek/ifvtex.sty
Package: ifvtex 2010/03/01 v1.5 Detect VTeX and its facilities (HO)
Package ifvtex Info: VTeX not detected.
)
(/usr/share/texmf-dist/tex/generic/ifxetex/ifxetex.sty
Package: ifxetex 2010/09/12 v0.6 Provides ifxetex conditional
)
\Gm@cnth=\count87
\Gm@cntv=\count88
\c@Gm@tempcnt=\count89
\Gm@bindingoffset=\dimen103
\Gm@wd@mp=\dimen104
\Gm@odd@mp=\dimen105
\Gm@even@mp=\dimen106
\Gm@layoutwidth=\dimen107
\Gm@layoutheight=\dimen108
\Gm@layouthoffset=\dimen109
\Gm@layoutvoffset=\dimen110
\Gm@dimlist=\toks17
)
(/usr/share/texmf-dist/tex/generic/babel/babel.sty
Package: babel 2015/08/03 3.9m The Babel package

(/usr/share/texmf-dist/tex/generic/babel-portuges/portuges.ldf
Language: portuges 2008/03/18 v1.2q Portuguese support from the babel system

(/usr/share/texmf-dist/tex/generic/babel/babel.def
File: babel.def 2015/08/03 3.9m Babel common definitions
\babel@savecnt=\count90
\U@D=\dimen111
)
\l@brazil = a dialect from \language\l@portuges 
Package babel Info: Making " an active character on input line 145.
))
(/usr/share/texmf-dist/tex/latex/tools/longtable.sty
Package: longtable 2014/10/28 v4.11 Multi-page Table package (DPC)
\LTleft=\skip43
\LTright=\skip44
\LTpre=\skip45
\LTpost=\skip46
\LTchunksize=\count91
\LTcapwidth=\dimen112
\LT@head=\box26
\LT@firsthead=\box27
\LT@foot=\box28
\LT@lastfoot=\box29
\LT@cols=\count92
\LT@rows=\count93
\c@LT@tables=\count94
\c@LT@chunks=\count95
\LT@p@ftn=\toks18
)
(/usr/share/texmf-dist/tex/latex/graphics/graphicx.sty
Package: graphicx 2014/10/28 v1.0g Enhanced LaTeX Graphics (DPC,SPQR)

(/usr/share/texmf-dist/tex/latex/graphics/graphics.sty
Package: graphics 2014/10/28 v1.0p Standard LaTeX Graphics (DPC,SPQR)

(/usr/share/texmf-dist/tex/latex/graphics/trig.sty
Package: trig 1999/03/16 v1.09 sin cos tan (DPC)
)
(/usr/share/texmf-dist/tex/latex/latexconfig/graphics.cfg
File: graphics.cfg 2010/04/23 v1.9 graphics configuration of TeX Live
)
Package graphics Info: Driver file: pdftex.def on input line 94.

(/usr/share/texmf-dist/tex/latex/pdftex-def/pdftex.def
File: pdftex.def 2011/05/27 v0.06d Graphics/color for pdfTeX

(/usr/share/texmf-dist/tex/generic/oberdiek/infwarerr.sty
Package: infwarerr 2010/04/08 v1.3 Providing info/warning/error messages (HO)
)
(/usr/share/texmf-dist/tex/generic/oberdiek/ltxcmds.sty
Package: ltxcmds 2011/11/09 v1.22 LaTeX kernel commands for general use (HO)
)
\Gread@gobject=\count96
))
\Gin@req@height=\dimen113
\Gin@req@width=\dimen114
)
(/usr/share/texmf-dist/tex/latex/placeins/placeins.sty
Package: placeins 2005/04/18  v 2.2
)
(/usr/share/texmf-dist/tex/latex/caption/subcaption.sty
Package: subcaption 2015/09/15 v1.1-100 Sub-captions (AR)

(/usr/share/texmf-dist/tex/latex/caption/caption.sty
Package: caption 2015/09/17 v3.3-111 Customizing captions (AR)

(/usr/share/texmf-dist/tex/latex/caption/caption3.sty
Package: caption3 2015/09/20 v1.7-115 caption3 kernel (AR)
Package caption3 Info: TeX engine: e-TeX on input line 57.
\captionmargin=\dimen115
\captionmargin@=\dimen116
\captionwidth=\dimen117
\caption@tempdima=\dimen118
\caption@indent=\dimen119
\caption@parindent=\dimen120
\caption@hangindent=\dimen121
)
\c@ContinuedFloat=\count97
Package caption Info: longtable package is loaded.

(/usr/share/texmf-dist/tex/latex/caption/ltcaption.sty
Package: ltcaption 2013/06/09 v1.4-94 longtable captions (AR)
))
\c@subfigure=\count98
\c@subtable=\count99
)
(/usr/share/texmf-dist/tex/latex/float/float.sty
Package: float 2001/11/08 v1.3d Float enhancements (AL)
\c@float@type=\count100
\float@exts=\toks19
\float@box=\box30
\@float@everytoks=\toks20
\@floatcapt=\box31
)
(/usr/share/texmf-dist/tex/latex/tools/hhline.sty
Package: hhline 2014/10/28 v2.03 Table rule package (DPC)
)
(/usr/share/texmf-dist/tex/latex/psnfss/courier.sty
Package: courier 2005/04/12 PSNFSS-v9.2a (WaS) 
)
(/usr/share/texmf-dist/tex/latex/amsmath/amsmath.sty
Package: amsmath 2013/01/14 v2.14 AMS math features
\@mathmargin=\skip47

For additional information on amsmath, use the `?' option.
(/usr/share/texmf-dist/tex/latex/amsmath/amstext.sty
Package: amstext 2000/06/29 v2.01

(/usr/share/texmf-dist/tex/latex/amsmath/amsgen.sty
File: amsgen.sty 1999/11/30 v2.0
\@emptytoks=\toks21
\ex@=\dimen122
))
(/usr/share/texmf-dist/tex/latex/amsmath/amsbsy.sty
Package: amsbsy 1999/11/29 v1.2d
\pmbraise@=\dimen123
)
(/usr/share/texmf-dist/tex/latex/amsmath/amsopn.sty
Package: amsopn 1999/12/14 v2.01 operator names
)
\inf@bad=\count101
LaTeX Info: Redefining \frac on input line 210.
\uproot@=\count102
\leftroot@=\count103
LaTeX Info: Redefining \overline on input line 306.
\classnum@=\count104
\DOTSCASE@=\count105
LaTeX Info: Redefining \ldots on input line 378.
LaTeX Info: Redefining \dots on input line 381.
LaTeX Info: Redefining \cdots on input line 466.
\Mathstrutbox@=\box32
\strutbox@=\box33
\big@size=\dimen124
LaTeX Font Info:    Redeclaring font encoding OML on input line 566.
LaTeX Font Info:    Redeclaring font encoding OMS on input line 567.
\macc@depth=\count106
\c@MaxMatrixCols=\count107
\dotsspace@=\muskip10
\c@parentequation=\count108
\dspbrk@lvl=\count109
\tag@help=\toks22
\row@=\count110
\column@=\count111
\maxfields@=\count112
\andhelp@=\toks23
\eqnshift@=\dimen125
\alignsep@=\dimen126
\tagshift@=\dimen127
\tagwidth@=\dimen128
\totwidth@=\dimen129
\lineht@=\dimen130
\@envbody=\toks24
\multlinegap=\skip48
\multlinetaggap=\skip49
\mathdisplay@stack=\toks25
LaTeX Info: Redefining \[ on input line 2665.
LaTeX Info: Redefining \] on input line 2666.
)
(/usr/share/texmf-dist/tex/latex/tools/bm.sty
Package: bm 2014/10/28 v1.1c Bold Symbol Support (DPC/FMi)
\symboldoperators=\mathgroup4
\symboldletters=\mathgroup5
\symboldsymbols=\mathgroup6
LaTeX Font Info:    Redeclaring math alphabet \mathbf on input line 141.
LaTeX Info: Redefining \bm on input line 207.
)
(/usr/share/texmf-dist/tex/latex/amsfonts/amsfonts.sty
Package: amsfonts 2013/01/14 v3.01 Basic AMSFonts support
\symAMSa=\mathgroup7
\symAMSb=\mathgroup8
LaTeX Font Info:    Overwriting math alphabet `\mathfrak' in version `bold'
(Font)                  U/euf/m/n --> U/euf/b/n on input line 106.
)
(/usr/share/texmf-dist/tex/latex/hyperref/hyperref.sty
Package: hyperref 2012/11/06 v6.83m Hypertext links for LaTeX

(/usr/share/texmf-dist/tex/generic/oberdiek/hobsub-hyperref.sty
Package: hobsub-hyperref 2012/05/28 v1.13 Bundle oberdiek, subset hyperref (HO)


(/usr/share/texmf-dist/tex/generic/oberdiek/hobsub-generic.sty
Package: hobsub-generic 2012/05/28 v1.13 Bundle oberdiek, subset generic (HO)
Package: hobsub 2012/05/28 v1.13 Construct package bundles (HO)
Package hobsub Info: Skipping package `infwarerr' (already loaded).
Package hobsub Info: Skipping package `ltxcmds' (already loaded).
Package: ifluatex 2010/03/01 v1.3 Provides the ifluatex switch (HO)
Package ifluatex Info: LuaTeX not detected.
Package hobsub Info: Skipping package `ifvtex' (already loaded).
Package: intcalc 2007/09/27 v1.1 Expandable calculations with integers (HO)
Package hobsub Info: Skipping package `ifpdf' (already loaded).
Package: etexcmds 2011/02/16 v1.5 Avoid name clashes with e-TeX commands (HO)
Package etexcmds Info: Could not find \expanded.
(etexcmds)             That can mean that you are not using pdfTeX 1.50 or
(etexcmds)             that some package has redefined \expanded.
(etexcmds)             In the latter case, load this package earlier.
Package: kvsetkeys 2012/04/25 v1.16 Key value parser (HO)
Package: kvdefinekeys 2011/04/07 v1.3 Define keys (HO)
Package: pdftexcmds 2011/11/29 v0.20 Utility functions of pdfTeX for LuaTeX (HO
)
Package pdftexcmds Info: LuaTeX not detected.
Package pdftexcmds Info: \pdf@primitive is available.
Package pdftexcmds Info: \pdf@ifprimitive is available.
Package pdftexcmds Info: \pdfdraftmode found.
Package: pdfescape 2011/11/25 v1.13 Implements pdfTeX's escape features (HO)
Package: bigintcalc 2012/04/08 v1.3 Expandable calculations on big integers (HO
)
Package: bitset 2011/01/30 v1.1 Handle bit-vector datatype (HO)
Package: uniquecounter 2011/01/30 v1.2 Provide unlimited unique counter (HO)
)
Package hobsub Info: Skipping package `hobsub' (already loaded).
Package: letltxmacro 2010/09/02 v1.4 Let assignment for LaTeX macros (HO)
Package: hopatch 2012/05/28 v1.2 Wrapper for package hooks (HO)
Package: xcolor-patch 2011/01/30 xcolor patch
Package: atveryend 2011/06/30 v1.8 Hooks at the very end of document (HO)
Package atveryend Info: \enddocument detected (standard20110627).
Package: atbegshi 2011/10/05 v1.16 At begin shipout hook (HO)
Package: refcount 2011/10/16 v3.4 Data extraction from label references (HO)
Package: hycolor 2011/01/30 v1.7 Color options for hyperref/bookmark (HO)
)
(/usr/share/texmf-dist/tex/latex/oberdiek/auxhook.sty
Package: auxhook 2011/03/04 v1.3 Hooks for auxiliary files (HO)
)
(/usr/share/texmf-dist/tex/latex/oberdiek/kvoptions.sty
Package: kvoptions 2011/06/30 v3.11 Key value format for package options (HO)
)
\@linkdim=\dimen131
\Hy@linkcounter=\count113
\Hy@pagecounter=\count114

(/usr/share/texmf-dist/tex/latex/hyperref/pd1enc.def
File: pd1enc.def 2012/11/06 v6.83m Hyperref: PDFDocEncoding definition (HO)
Now handling font encoding PD1 ...
... no UTF-8 mapping file for font encoding PD1
)
\Hy@SavedSpaceFactor=\count115

(/usr/share/texmf-dist/tex/latex/latexconfig/hyperref.cfg
File: hyperref.cfg 2002/06/06 v1.2 hyperref configuration of TeXLive
)
Package hyperref Info: Hyper figures OFF on input line 4443.
Package hyperref Info: Link nesting OFF on input line 4448.
Package hyperref Info: Hyper index ON on input line 4451.
Package hyperref Info: Plain pages OFF on input line 4458.
Package hyperref Info: Backreferencing OFF on input line 4463.
Package hyperref Info: Implicit mode ON; LaTeX internals redefined.
Package hyperref Info: Bookmarks ON on input line 4688.
\c@Hy@tempcnt=\count116

(/usr/share/texmf-dist/tex/latex/url/url.sty
\Urlmuskip=\muskip11
Package: url 2013/09/16  ver 3.4  Verb mode for urls, etc.
)
LaTeX Info: Redefining \url on input line 5041.
\XeTeXLinkMargin=\dimen132
\Fld@menulength=\count117
\Field@Width=\dimen133
\Fld@charsize=\dimen134
Package hyperref Info: Hyper figures OFF on input line 6295.
Package hyperref Info: Link nesting OFF on input line 6300.
Package hyperref Info: Hyper index ON on input line 6303.
Package hyperref Info: backreferencing OFF on input line 6310.
Package hyperref Info: Link coloring OFF on input line 6315.
Package hyperref Info: Link coloring with OCG OFF on input line 6320.
Package hyperref Info: PDF/A mode OFF on input line 6325.
LaTeX Info: Redefining \ref on input line 6365.
LaTeX Info: Redefining \pageref on input line 6369.
\Hy@abspage=\count118
\c@Item=\count119
\c@Hfootnote=\count120
)

Package hyperref Message: Driver (autodetected): hpdftex.

(/usr/share/texmf-dist/tex/latex/hyperref/hpdftex.def
File: hpdftex.def 2012/11/06 v6.83m Hyperref driver for pdfTeX
\Fld@listcount=\count121
\c@bookmark@seq@number=\count122

(/usr/share/texmf-dist/tex/latex/oberdiek/rerunfilecheck.sty
Package: rerunfilecheck 2011/04/15 v1.7 Rerun checks for auxiliary files (HO)
Package uniquecounter Info: New unique counter `rerunfilecheck' on input line 2
82.
)
\Hy@SectionHShift=\skip50
)
(/usr/share/texmf-dist/tex/latex/listings/listings.sty
\lst@mode=\count123
\lst@gtempboxa=\box34
\lst@token=\toks26
\lst@length=\count124
\lst@currlwidth=\dimen135
\lst@column=\count125
\lst@pos=\count126
\lst@lostspace=\dimen136
\lst@width=\dimen137
\lst@newlines=\count127
\lst@lineno=\count128
\lst@maxwidth=\dimen138

(/usr/share/texmf-dist/tex/latex/listings/lstmisc.sty
File: lstmisc.sty 2015/06/04 1.6 (Carsten Heinz)
\c@lstnumber=\count129
\lst@skipnumbers=\count130
\lst@framebox=\box35
)
(/usr/share/texmf-dist/tex/latex/listings/listings.cfg
File: listings.cfg 2015/06/04 1.6 listings configuration
))
Package: listings 2015/06/04 1.6 (Carsten Heinz)

(/usr/share/texmf-dist/tex/latex/graphics/color.sty
Package: color 2014/10/28 v1.1a Standard LaTeX Color (DPC)

(/usr/share/texmf-dist/tex/latex/latexconfig/color.cfg
File: color.cfg 2007/01/18 v1.5 color configuration of teTeX/TeXLive
)
Package color Info: Driver file: pdftex.def on input line 142.
)
(/usr/share/texmf-dist/tex/latex/listings/lstlang1.sty
File: lstlang1.sty 2015/06/04 1.6 listings language file
)
(/usr/share/texmf-dist/tex/latex/multirow/multirow.sty
\bigstrutjot=\dimen139
)
(/usr/share/texmf-dist/tex/latex/steinmetz/steinmetz.sty
Package: steinmetz 2009/06/14 v1.0 Steinmetz symbol for electrotechnics

(/usr/share/texmf-dist/tex/latex/pict2e/pict2e.sty
Package: pict2e 2014/01/12 v0.2z Improved picture commands (HjG,RN,JT)

(/usr/share/texmf-dist/tex/latex/pict2e/pict2e.cfg
File: pict2e.cfg 2011/04/05 v0.1t pict2e configuration for teTeX/TeXLive
)
Package pict2e Info: Driver file: pdftex.def on input line 119.
Package pict2e Info: Driver file for pict2e: p2e-pdftex.def on input line 121.

(/usr/share/texmf-dist/tex/latex/pict2e/p2e-pdftex.def
File: p2e-pdftex.def 2011/04/05 v0.1t Driver-dependant file (RN,HjG,JT)
)
\pIIe@GRAPH=\toks27
\@arclen=\dimen140
\@arcrad=\dimen141
\@tempdimd=\dimen142
)
\stm@phasebox=\box36
\stm@phasedp=\skip51
\stm@phaseht=\skip52
\stm@phasetot=\skip53
\stm@phasewd=\skip54
) (./efc2.aux

LaTeX Warning: Label `fig:pid_mutacao_d_5' multiply defined.


LaTeX Warning: Label `sub@fig:pid_mutacao_d_5' multiply defined.


LaTeX Warning: Label `fig:map1_c_ruido' multiply defined.


LaTeX Warning: Label `sub@fig:map1_c_ruido' multiply defined.

)
\openout1 = `efc2.aux'.

LaTeX Font Info:    Checking defaults for OML/cmm/m/it on input line 66.
LaTeX Font Info:    ... okay on input line 66.
LaTeX Font Info:    Checking defaults for T1/cmr/m/n on input line 66.
LaTeX Font Info:    ... okay on input line 66.
LaTeX Font Info:    Checking defaults for OT1/cmr/m/n on input line 66.
LaTeX Font Info:    ... okay on input line 66.
LaTeX Font Info:    Checking defaults for OMS/cmsy/m/n on input line 66.
LaTeX Font Info:    ... okay on input line 66.
LaTeX Font Info:    Checking defaults for OMX/cmex/m/n on input line 66.
LaTeX Font Info:    ... okay on input line 66.
LaTeX Font Info:    Checking defaults for U/cmr/m/n on input line 66.
LaTeX Font Info:    ... okay on input line 66.
LaTeX Font Info:    Checking defaults for PD1/pdf/m/n on input line 66.
LaTeX Font Info:    ... okay on input line 66.

*geometry* driver: auto-detecting
*geometry* detected driver: pdftex
*geometry* verbose mode - [ preamble ] result:
* driver: pdftex
* paper: a4paper
* layout: <same size as paper>
* layoutoffset:(h,v)=(0.0pt,0.0pt)
* modes: 
* h-part:(L,W,R)=(42.67912pt, 512.14963pt, 42.67912pt)
* v-part:(T,H,B)=(42.67912pt, 759.6886pt, 42.67912pt)
* \paperwidth=597.50787pt
* \paperheight=845.04684pt
* \textwidth=512.14963pt
* \textheight=759.6886pt
* \oddsidemargin=-29.59087pt
* \evensidemargin=-29.59087pt
* \topmargin=-66.59087pt
* \headheight=12.0pt
* \headsep=25.0pt
* \topskip=12.0pt
* \footskip=30.0pt
* \marginparwidth=35.0pt
* \marginparsep=10.0pt
* \columnsep=10.0pt
* \skip\footins=10.8pt plus 4.0pt minus 2.0pt
* \hoffset=0.0pt
* \voffset=0.0pt
* \mag=1000
* \@twocolumnfalse
* \@twosidefalse
* \@mparswitchfalse
* \@reversemarginfalse
* (1in=72.27pt=25.4mm, 1cm=28.453pt)

(/usr/share/texmf-dist/tex/context/base/supp-pdf.mkii
[Loading MPS to PDF converter (version 2006.09.02).]
\scratchcounter=\count131
\scratchdimen=\dimen143
\scratchbox=\box37
\nofMPsegments=\count132
\nofMParguments=\count133
\everyMPshowfont=\toks28
\MPscratchCnt=\count134
\MPscratchDim=\dimen144
\MPnumerator=\count135
\makeMPintoPDFobject=\count136
\everyMPtoPDFconversion=\toks29
) (/usr/share/texmf-dist/tex/latex/oberdiek/epstopdf-base.sty
Package: epstopdf-base 2010/02/09 v2.5 Base part for package epstopdf

(/usr/share/texmf-dist/tex/latex/oberdiek/grfext.sty
Package: grfext 2010/08/19 v1.1 Manage graphics extensions (HO)
)
Package grfext Info: Graphics extension search list:
(grfext)             [.png,.pdf,.jpg,.mps,.jpeg,.jbig2,.jb2,.PNG,.PDF,.JPG,.JPE
G,.JBIG2,.JB2,.eps]
(grfext)             \AppendGraphicsExtensions on input line 452.

(/usr/share/texmf-dist/tex/latex/latexconfig/epstopdf-sys.cfg
File: epstopdf-sys.cfg 2010/07/13 v1.3 Configuration of (r)epstopdf for TeX Liv
e
))
Package caption Info: Begin \AtBeginDocument code.
Package caption Info: float package is loaded.
Package caption Info: hyperref package is loaded.
Package caption Info: listings package is loaded.
Package caption Info: End \AtBeginDocument code.
\AtBeginShipoutBox=\box38
Package hyperref Info: Link coloring OFF on input line 66.

(/usr/share/texmf-dist/tex/latex/hyperref/nameref.sty
Package: nameref 2012/10/27 v2.43 Cross-referencing by name of section

(/usr/share/texmf-dist/tex/generic/oberdiek/gettitlestring.sty
Package: gettitlestring 2010/12/03 v1.4 Cleanup title references (HO)
)
\c@section@level=\count137
)
LaTeX Info: Redefining \ref on input line 66.
LaTeX Info: Redefining \pageref on input line 66.
LaTeX Info: Redefining \nameref on input line 66.
 (./efc2.out)
(./efc2.out)
\@outlinefile=\write3
\openout3 = `efc2.out'.

\c@lstlisting=\count138
 (./cover.tex <image/LogoUnicamp.png, id=80, 481.8pt x 481.8pt>
File: image/LogoUnicamp.png Graphic file (type png)

<use image/LogoUnicamp.png>
Package pdftex.def Info: image/LogoUnicamp.png used on input line 7.
(pdftex.def)             Requested size: 86.72025pt x 86.72025pt.
Package babel Info: Redefining portuges shorthand "|
(babel)             in language  on input line 22.
Package babel Info: Redefining portuges shorthand "|
(babel)             in language  on input line 22.
 [1

{/var/lib/texmf/fonts/map/pdftex/updmap/pdftex.map} <./image/LogoUnicamp.png>])
 (./secao1.tex
Package babel Info: Redefining portuges shorthand "|
(babel)             in language  on input line 1.
LaTeX Font Info:    Try loading font information for U+msa on input line 11.

(/usr/share/texmf-dist/tex/latex/amsfonts/umsa.fd
File: umsa.fd 2013/01/14 v3.01 AMS symbols A
)
LaTeX Font Info:    Try loading font information for U+msb on input line 11.

(/usr/share/texmf-dist/tex/latex/amsfonts/umsb.fd
File: umsb.fd 2013/01/14 v3.01 AMS symbols B
)
LaTeX Font Info:    Try loading font information for OT1+pcr on input line 51.

(/usr/share/texmf-dist/tex/latex/psnfss/ot1pcr.fd
File: ot1pcr.fd 2001/06/04 font definitions for OT1/pcr.
)
Package babel Info: Redefining portuges shorthand "|
(babel)             in language  on input line 82.
Package babel Info: Redefining portuges shorthand "|
(babel)             in language  on input line 82.
pdfTeX warning (ext4): destination with the same identifier (name{page.1}) has 
been already used, duplicate ignored
<to be read again> 
                   \relax 
l.82 
      [1]
Overfull \hbox (4.45842pt too wide) in paragraph at lines 87--90
[][]\OT1/cmr/m/n/12 Ap^^Sos adi-ci-o-nar-mos as li-nhas re-fe-ren-tes ao c^^Sal
culo do \OT1/cmr/m/it/12 fit-ness\OT1/cmr/m/n/12 , as execu^^Xc~oes do pro-gram
a \OT1/cmr/m/it/12 prog[]pid.m
 []


Overfull \hbox (2.85622pt too wide) in paragraph at lines 95--112
 [][][] 
 []

<pid/step_pid_ex_c.png, id=108, 427.5975pt x 313.17pt>
File: pid/step_pid_ex_c.png Graphic file (type png)

<use pid/step_pid_ex_c.png>
Package pdftex.def Info: pid/step_pid_ex_c.png used on input line 157.
(pdftex.def)             Requested size: 256.07481pt x 187.54504pt.

<pid/melhor_fitness_pid_ex_c.png, id=109, 591.71063pt x 316.18124pt>
File: pid/melhor_fitness_pid_ex_c.png Graphic file (type png)

<use pid/melhor_fitness_pid_ex_c.png>
Package pdftex.def Info: pid/melhor_fitness_pid_ex_c.png used on input line 163
.
(pdftex.def)             Requested size: 256.07481pt x 136.83817pt.

<pid/mutacao_pid_ex_c.png, id=110, 601.4972pt x 472.01344pt>
File: pid/mutacao_pid_ex_c.png Graphic file (type png)

<use pid/mutacao_pid_ex_c.png>
Package pdftex.def Info: pid/mutacao_pid_ex_c.png used on input line 170.
(pdftex.def)             Requested size: 256.07481pt x 200.95236pt.

<pid/kp_kd_ki_pid_ex_c.png, id=111, 581.17125pt x 430.60875pt>
File: pid/kp_kd_ki_pid_ex_c.png Graphic file (type png)

<use pid/kp_kd_ki_pid_ex_c.png>
Package pdftex.def Info: pid/kp_kd_ki_pid_ex_c.png used on input line 177.
(pdftex.def)             Requested size: 256.07481pt x 189.73782pt.


LaTeX Warning: `!h' float specifier changed to `!ht'.

Package babel Info: Redefining portuges shorthand "|
(babel)             in language  on input line 186.
Package babel Info: Redefining portuges shorthand "|
(babel)             in language  on input line 186.
[2] <pid/step_pid_ex_c_mod.png, id=125, 427.5975pt x 313.17pt>
File: pid/step_pid_ex_c_mod.png Graphic file (type png)

<use pid/step_pid_ex_c_mod.png>
Package pdftex.def Info: pid/step_pid_ex_c_mod.png used on input line 228.
(pdftex.def)             Requested size: 256.07481pt x 187.54504pt.

<pid/melhor_fitness_pid_ex_c_mod.png, id=126, 708.39656pt x 526.21594pt>
File: pid/melhor_fitness_pid_ex_c_mod.png Graphic file (type png)

<use pid/melhor_fitness_pid_ex_c_mod.png>
Package pdftex.def Info: pid/melhor_fitness_pid_ex_c_mod.png used on input line
 234.
(pdftex.def)             Requested size: 256.07481pt x 190.22447pt.

<pid/mutacao_pid_ex_c_mod.png, id=127, 460.72125pt x 360.59718pt>
File: pid/mutacao_pid_ex_c_mod.png Graphic file (type png)

<use pid/mutacao_pid_ex_c_mod.png>
Package pdftex.def Info: pid/mutacao_pid_ex_c_mod.png used on input line 241.
(pdftex.def)             Requested size: 256.07481pt x 200.41992pt.

<pid/kp_kd_ki_pid_ex_c_mod.png, id=128, 528.47438pt x 359.84438pt>
File: pid/kp_kd_ki_pid_ex_c_mod.png Graphic file (type png)

<use pid/kp_kd_ki_pid_ex_c_mod.png>
Package pdftex.def Info: pid/kp_kd_ki_pid_ex_c_mod.png used on input line 248.
(pdftex.def)             Requested size: 256.07481pt x 174.36507pt.


LaTeX Warning: `!h' float specifier changed to `!ht'.

Package babel Info: Redefining portuges shorthand "|
(babel)             in language  on input line 257.
Package babel Info: Redefining portuges shorthand "|
(babel)             in language  on input line 257.
[3 <./pid/step_pid_ex_c.png (PNG copy)> <./pid/melhor_fitness_pid_ex_c.png (PNG
 copy)> <./pid/mutacao_pid_ex_c.png (PNG copy)> <./pid/kp_kd_ki_pid_ex_c.png (P
NG copy)>]
Overfull \hbox (27.81482pt too wide) in paragraph at lines 270--287
 [][][] 
 []

Package babel Info: Redefining portuges shorthand "|
(babel)             in language  on input line 308.
Package babel Info: Redefining portuges shorthand "|
(babel)             in language  on input line 308.
[4 <./pid/step_pid_ex_c_mod.png (PNG copy)> <./pid/melhor_fitness_pid_ex_c_mod.
png (PNG copy)> <./pid/mutacao_pid_ex_c_mod.png (PNG copy)> <./pid/kp_kd_ki_pid
_ex_c_mod.png (PNG copy)>]
<pid/step_pid_ex_d_5.png, id=144, 427.5975pt x 313.17pt>
File: pid/step_pid_ex_d_5.png Graphic file (type png)

<use pid/step_pid_ex_d_5.png>
Package pdftex.def Info: pid/step_pid_ex_d_5.png used on input line 317.
(pdftex.def)             Requested size: 256.07481pt x 187.54504pt.

<pid/mutacao_pid_ex_d_5.png, id=145, 583.42969pt x 369.63094pt>
File: pid/mutacao_pid_ex_d_5.png Graphic file (type png)

<use pid/mutacao_pid_ex_d_5.png>
Package pdftex.def Info: pid/mutacao_pid_ex_d_5.png used on input line 323.
(pdftex.def)             Requested size: 256.07481pt x 162.23766pt.

<pid/melhor_fitness_pid_ex_d_5.png, id=146, 421.575pt x 316.18124pt>
File: pid/melhor_fitness_pid_ex_d_5.png Graphic file (type png)

<use pid/melhor_fitness_pid_ex_d_5.png>
Package pdftex.def Info: pid/melhor_fitness_pid_ex_d_5.png used on input line 3
30.
(pdftex.def)             Requested size: 256.07481pt x 192.05975pt.

<pid/kp_kd_ki_pid_ex_d_5.png, id=147, 611.28375pt x 402.75468pt>
File: pid/kp_kd_ki_pid_ex_d_5.png Graphic file (type png)

<use pid/kp_kd_ki_pid_ex_d_5.png>
Package pdftex.def Info: pid/kp_kd_ki_pid_ex_d_5.png used on input line 337.
(pdftex.def)             Requested size: 256.07481pt x 168.71947pt.
LaTeX Font Info:    Try loading font information for OMS+cmr on input line 365.


(/usr/share/texmf-dist/tex/latex/base/omscmr.fd
File: omscmr.fd 2014/09/29 v2.5h Standard LaTeX font definitions
)
LaTeX Font Info:    Font shape `OMS/cmr/m/n' in size <12> not available
(Font)              Font shape `OMS/cmsy/m/n' tried instead on input line 365.


LaTeX Warning: Command \textordmasculine invalid in math mode on input line 368
.


LaTeX Warning: Command \textordmasculine invalid in math mode on input line 369
.

Package babel Info: Redefining portuges shorthand "|
(babel)             in language  on input line 371.
Package babel Info: Redefining portuges shorthand "|
(babel)             in language  on input line 371.
[5 <./pid/step_pid_ex_d_5.png (PNG copy)> <./pid/mutacao_pid_ex_d_5.png (PNG co
py)> <./pid/melhor_fitness_pid_ex_d_5.png (PNG copy)> <./pid/kp_kd_ki_pid_ex_d_
5.png (PNG copy)>] <pid/step_pid_ex_d_mod.png, id=157, 427.5975pt x 313.17pt>
File: pid/step_pid_ex_d_mod.png Graphic file (type png)

<use pid/step_pid_ex_d_mod.png>
Package pdftex.def Info: pid/step_pid_ex_d_mod.png used on input line 407.
(pdftex.def)             Requested size: 256.07481pt x 187.54504pt.

<pid/melhor_fitness_pid_ex_d_mod.png, id=158, 584.1825pt x 435.12563pt>
File: pid/melhor_fitness_pid_ex_d_mod.png Graphic file (type png)

<use pid/melhor_fitness_pid_ex_d_mod.png>
Package pdftex.def Info: pid/melhor_fitness_pid_ex_d_mod.png used on input line
 413.
(pdftex.def)             Requested size: 256.07481pt x 190.7388pt.

<pid/mutacao_pid_ex_d_mod.png, id=159, 421.575pt x 316.18124pt>
File: pid/mutacao_pid_ex_d_mod.png Graphic file (type png)

<use pid/mutacao_pid_ex_d_mod.png>
Package pdftex.def Info: pid/mutacao_pid_ex_d_mod.png used on input line 420.
(pdftex.def)             Requested size: 256.07481pt x 192.05975pt.

<pid/kp_kd_ki_pid_ex_d_mod.png, id=160, 529.22719pt x 395.97937pt>
File: pid/kp_kd_ki_pid_ex_d_mod.png Graphic file (type png)

<use pid/kp_kd_ki_pid_ex_d_mod.png>
Package pdftex.def Info: pid/kp_kd_ki_pid_ex_d_mod.png used on input line 427.
(pdftex.def)             Requested size: 256.07481pt x 191.60265pt.
Package babel Info: Redefining portuges shorthand "|
(babel)             in language  on input line 454.
Package babel Info: Redefining portuges shorthand "|
(babel)             in language  on input line 454.
 [6 <./pid/step_pid_ex_d_mod.png (PNG copy)> <./pid/melhor_fitness_pid_ex_d_mod
.png (PNG copy)> <./pid/mutacao_pid_ex_d_mod.png (PNG copy)> <./pid/kp_kd_ki_pi
d_ex_d_mod.png (PNG copy)>]) (./secao2.tex
Package babel Info: Redefining portuges shorthand "|
(babel)             in language  on input line 1.
Package babel Info: Redefining portuges shorthand "|
(babel)             in language  on input line 3.

<aproximacao/sem_ruidos_y_fx.png, id=172, 421.575pt x 316.18124pt>
File: aproximacao/sem_ruidos_y_fx.png Graphic file (type png)

<use aproximacao/sem_ruidos_y_fx.png>
Package pdftex.def Info: aproximacao/sem_ruidos_y_fx.png used on input line 29.

(pdftex.def)             Requested size: 256.07481pt x 192.05975pt.

<aproximacao/com_ruidos_y_fx.png, id=173, 421.575pt x 316.18124pt>
File: aproximacao/com_ruidos_y_fx.png Graphic file (type png)

<use aproximacao/com_ruidos_y_fx.png>
Package pdftex.def Info: aproximacao/com_ruidos_y_fx.png used on input line 36.

(pdftex.def)             Requested size: 256.07481pt x 192.05975pt.

<aproximacao/solucoes_map1.png, id=180, 623.32875pt x 371.88937pt>
File: aproximacao/solucoes_map1.png Graphic file (type png)

<use aproximacao/solucoes_map1.png>
Package pdftex.def Info: aproximacao/solucoes_map1.png used on input line 70.
(pdftex.def)             Requested size: 230.46576pt x 137.50044pt.

<aproximacao/pareto_map1.png, id=181, 615.0478pt x 261.97874pt>
File: aproximacao/pareto_map1.png Graphic file (type png)

<use aproximacao/pareto_map1.png>
Package pdftex.def Info: aproximacao/pareto_map1.png used on input line 76.
(pdftex.def)             Requested size: 281.68385pt x 119.98401pt.

<aproximacao/best_solucao_map1.png, id=182, 622.57594pt x 261.97874pt>
File: aproximacao/best_solucao_map1.png Graphic file (type png)

<use aproximacao/best_solucao_map1.png>
Package pdftex.def Info: aproximacao/best_solucao_map1.png used on input line 8
4.
(pdftex.def)             Requested size: 332.89412pt x 140.08328pt.


LaTeX Warning: `!h' float specifier changed to `!ht'.

Package babel Info: Redefining portuges shorthand "|
(babel)             in language  on input line 92.
Package babel Info: Redefining portuges shorthand "|
(babel)             in language  on input line 92.
[7 <./aproximacao/sem_ruidos_y_fx.png (PNG copy)> <./aproximacao/com_ruidos_y_f
x.png (PNG copy)>]
<aproximacao/comparacao_map1.png, id=198, 522.45187pt x 390.70969pt>
File: aproximacao/comparacao_map1.png Graphic file (type png)

<use aproximacao/comparacao_map1.png>
Package pdftex.def Info: aproximacao/comparacao_map1.png used on input line 110
.
(pdftex.def)             Requested size: 332.89412pt x 248.95638pt.
Package babel Info: Redefining portuges shorthand "|
(babel)             in language  on input line 127.
Package babel Info: Redefining portuges shorthand "|
(babel)             in language  on input line 127.
 [8 <./aproximacao/solucoes_map1.png> <./aproximacao/pareto_map1.png> <./aproxi
macao/best_solucao_map1.png> <./aproximacao/comparacao_map1.png (PNG copy)>]
<aproximacao/best_solucao_map1_r.png, id=210, 623.32875pt x 392.21532pt>
File: aproximacao/best_solucao_map1_r.png Graphic file (type png)

<use aproximacao/best_solucao_map1_r.png>
Package pdftex.def Info: aproximacao/best_solucao_map1_r.png used on input line
 136.
(pdftex.def)             Requested size: 230.46576pt x 145.01566pt.

<aproximacao/pareto_map1_r.png, id=211, 614.295pt x 261.22594pt>
File: aproximacao/pareto_map1_r.png Graphic file (type png)

<use aproximacao/pareto_map1_r.png>
Package pdftex.def Info: aproximacao/pareto_map1_r.png used on input line 142.
(pdftex.def)             Requested size: 281.68385pt x 119.78671pt.

<aproximacao/best_solucao_map1_r_info.png, id=212, 621.82312pt x 265.74281pt>
File: aproximacao/best_solucao_map1_r_info.png Graphic file (type png)

<use aproximacao/best_solucao_map1_r_info.png>
Package pdftex.def Info: aproximacao/best_solucao_map1_r_info.png used on input
 line 150.
(pdftex.def)             Requested size: 256.07481pt x 109.43779pt.

<aproximacao/solucoes_map1_r.png, id=213, 600.74437pt x 365.86688pt>
File: aproximacao/solucoes_map1_r.png Graphic file (type png)

<use aproximacao/solucoes_map1_r.png>
Package pdftex.def Info: aproximacao/solucoes_map1_r.png used on input line 156
.
(pdftex.def)             Requested size: 230.46576pt x 140.35953pt.
Package babel Info: Redefining portuges shorthand "|
(babel)             in language  on input line 168.


Package hyperref Warning: Token not allowed in a PDF string (PDFDocEncoding):
(hyperref)                removing `\mathsurround' on input line 168.


Package hyperref Warning: Token not allowed in a PDF string (PDFDocEncoding):
(hyperref)                removing `\z@' on input line 168.


Package hyperref Warning: Token not allowed in a PDF string (PDFDocEncoding):
(hyperref)                removing `subscript' on input line 168.


Package hyperref Warning: Token not allowed in a PDF string (PDFDocEncoding):
(hyperref)                removing `\mathsurround' on input line 168.


Package hyperref Warning: Token not allowed in a PDF string (PDFDocEncoding):
(hyperref)                removing `\z@' on input line 168.


Package hyperref Warning: Token not allowed in a PDF string (PDFDocEncoding):
(hyperref)                removing `subscript' on input line 168.


Package hyperref Warning: Token not allowed in a PDF string (PDFDocEncoding):
(hyperref)                removing `\mathsurround' on input line 168.


Package hyperref Warning: Token not allowed in a PDF string (PDFDocEncoding):
(hyperref)                removing `\z@' on input line 168.


Package hyperref Warning: Token not allowed in a PDF string (PDFDocEncoding):
(hyperref)                removing `subscript' on input line 168.

<aproximacao/solucoes_map2.png, id=220, 627.84563pt x 179.16937pt>
File: aproximacao/solucoes_map2.png Graphic file (type png)

<use aproximacao/solucoes_map2.png>
Package pdftex.def Info: aproximacao/solucoes_map2.png used on input line 207.
(pdftex.def)             Requested size: 230.46576pt x 65.76671pt.

<aproximacao/pareto_map2.png, id=221, 613.54219pt x 258.21469pt>
File: aproximacao/pareto_map2.png Graphic file (type png)

<use aproximacao/pareto_map2.png>
Package pdftex.def Info: aproximacao/pareto_map2.png used on input line 213.
(pdftex.def)             Requested size: 281.68385pt x 118.54773pt.

<aproximacao/best_solucao_map2_info.png, id=222, 622.57594pt x 261.22594pt>
File: aproximacao/best_solucao_map2_info.png Graphic file (type png)

<use aproximacao/best_solucao_map2_info.png>
Package pdftex.def Info: aproximacao/best_solucao_map2_info.png used on input l
ine 221.
(pdftex.def)             Requested size: 332.89412pt x 139.68074pt.
Package babel Info: Redefining portuges shorthand "|
(babel)             in language  on input line 227.
Package babel Info: Redefining portuges shorthand "|
(babel)             in language  on input line 227.
 [9 <./aproximacao/best_solucao_map1_r.png> <./aproximacao/pareto_map1_r.png> <
./aproximacao/best_solucao_map1_r_info.png> <./aproximacao/solucoes_map1_r.png>
]
<aproximacao/solucoes_map2_r.png, id=238, 624.08156pt x 395.22656pt>
File: aproximacao/solucoes_map2_r.png Graphic file (type png)

<use aproximacao/solucoes_map2_r.png>
Package pdftex.def Info: aproximacao/solucoes_map2_r.png used on input line 262
.
(pdftex.def)             Requested size: 230.46576pt x 145.94809pt.

<aproximacao/pareto_map2_r.png, id=239, 613.54219pt x 258.21469pt>
File: aproximacao/pareto_map2_r.png Graphic file (type png)

<use aproximacao/pareto_map2_r.png>
Package pdftex.def Info: aproximacao/pareto_map2_r.png used on input line 268.
(pdftex.def)             Requested size: 281.68385pt x 118.54773pt.

<aproximacao/best_solucao_map2_r_info.png, id=240, 621.82312pt x 263.48438pt>
File: aproximacao/best_solucao_map2_r_info.png Graphic file (type png)

<use aproximacao/best_solucao_map2_r_info.png>
Package pdftex.def Info: aproximacao/best_solucao_map2_r_info.png used on input
 line 276.
(pdftex.def)             Requested size: 256.07481pt x 108.50772pt.

<aproximacao/best_solucao_map2_r.png, id=241, 614.295pt x 394.47375pt>
File: aproximacao/best_solucao_map2_r.png Graphic file (type png)

<use aproximacao/best_solucao_map2_r.png>
Package pdftex.def Info: aproximacao/best_solucao_map2_r.png used on input line
 282.
(pdftex.def)             Requested size: 230.46576pt x 147.9935pt.


LaTeX Warning: `!h' float specifier changed to `!ht'.

Package babel Info: Redefining portuges shorthand "|
(babel)             in language  on input line 291.
Package babel Info: Redefining portuges shorthand "|
(babel)             in language  on input line 291.
[10 <./aproximacao/solucoes_map2.png> <./aproximacao/pareto_map2.png> <./aproxi
macao/best_solucao_map2_info.png>]) (./secao3.tex
Package babel Info: Redefining portuges shorthand "|
(babel)             in language  on input line 1.
Package babel Info: Redefining portuges shorthand "|
(babel)             in language  on input line 4.
Package babel Info: Redefining portuges shorthand "|
(babel)             in language  on input line 78.
Package babel Info: Redefining portuges shorthand "|
(babel)             in language  on input line 89.
Package babel Info: Redefining portuges shorthand "|
(babel)             in language  on input line 89.
 [11 <./aproximacao/solucoes_map2_r.png> <./aproximacao/pareto_map2_r.png> <./a
proximacao/best_solucao_map2_r_info.png> <./aproximacao/best_solucao_map2_r.png
>]
Package hyperref Info: bookmark level for unknown lstlisting defaults to 0 on i
nput line 92.
 (./fuzzy/trap_pertinencia.m
LaTeX Font Info:    Font shape `OT1/pcr/m/it' in size <10> not available
(Font)              Font shape `OT1/pcr/m/sl' tried instead on input line 1.
LaTeX Font Info:    Font shape `OT1/pcr/bx/n' in size <10> not available
(Font)              Font shape `OT1/pcr/b/n' tried instead on input line 8.
) (./fuzzy/get_D1_D3_Rule.m
Package babel Info: Redefining portuges shorthand "|
(babel)             in language  on input line 15.
Package babel Info: Redefining portuges shorthand "|
(babel)             in language  on input line 15.
 [12]) (./fuzzy/get_D2_Rule.m)

LaTeX Warning: Reference `lst:angle_rule' on page 13 undefined on input line 12
1.

(./fuzzy/get_Angle.m
Package babel Info: Redefining portuges shorthand "|
(babel)             in language  on input line 14.
Package babel Info: Redefining portuges shorthand "|
(babel)             in language  on input line 14.
 [13]) (./fuzzy/robot_control.m
Package babel Info: Redefining portuges shorthand "|
(babel)             in language  on input line 14.
Package babel Info: Redefining portuges shorthand "|
(babel)             in language  on input line 14.
 [14]
Package babel Info: Redefining portuges shorthand "|
(babel)             in language  on input line 77.
Package babel Info: Redefining portuges shorthand "|
(babel)             in language  on input line 77.
 [15])
Package babel Info: Redefining portuges shorthand "|
(babel)             in language  on input line 147.

<fuzzy/test1.png, id=492, 421.575pt x 316.18124pt>
File: fuzzy/test1.png Graphic file (type png)
 <use fuzzy/test1.png>
Package pdftex.def Info: fuzzy/test1.png used on input line 170.
(pdftex.def)             Requested size: 256.07481pt x 192.05975pt.

<fuzzy/test2.png, id=493, 421.575pt x 316.18124pt>
File: fuzzy/test2.png Graphic file (type png)
 <use fuzzy/test2.png>
Package pdftex.def Info: fuzzy/test2.png used on input line 177.
(pdftex.def)             Requested size: 256.07481pt x 192.05975pt.
Package babel Info: Redefining portuges shorthand "|
(babel)             in language  on input line 194.
Package babel Info: Redefining portuges shorthand "|
(babel)             in language  on input line 194.

[16 <./fuzzy/test1.png (PNG copy)> <./fuzzy/test2.png (PNG copy)>]
(./fuzzy/test_robot_control.m)
Package babel Info: Redefining portuges shorthand "|
(babel)             in language  on input line 196.


LaTeX Warning: Reference `lst:mlp_training' on page 17 undefined on input line 
209.

Package babel Info: Redefining portuges shorthand "|
(babel)             in language  on input line 238.
Package babel Info: Redefining portuges shorthand "|
(babel)             in language  on input line 238.
[17]
Package babel Info: Redefining portuges shorthand "|
(babel)             in language  on input line 307.
Package babel Info: Redefining portuges shorthand "|
(babel)             in language  on input line 307.
 [18] <mlp_robot/mlp_2.png, id=630, 421.575pt x 316.18124pt>
File: mlp_robot/mlp_2.png Graphic file (type png)

<use mlp_robot/mlp_2.png>
Package pdftex.def Info: mlp_robot/mlp_2.png used on input line 316.
(pdftex.def)             Requested size: 256.07481pt x 192.05975pt.

<mlp_robot/mlp_1.png, id=631, 421.575pt x 316.18124pt>
File: mlp_robot/mlp_1.png Graphic file (type png)

<use mlp_robot/mlp_1.png>
Package pdftex.def Info: mlp_robot/mlp_1.png used on input line 323.
(pdftex.def)             Requested size: 256.07481pt x 192.05975pt.

<mlp_robot/fitness.png, id=633, 636.12656pt x 402.75468pt>
File: mlp_robot/fitness.png Graphic file (type png)

<use mlp_robot/fitness.png>
Package pdftex.def Info: mlp_robot/fitness.png used on input line 347.
(pdftex.def)             Requested size: 413.47736pt x 261.78743pt.

<mlp_robot/mlp_1_2.png, id=637, 421.575pt x 316.18124pt>
File: mlp_robot/mlp_1_2.png Graphic file (type png)

<use mlp_robot/mlp_1_2.png>
Package pdftex.def Info: mlp_robot/mlp_1_2.png used on input line 365.
(pdftex.def)             Requested size: 256.07481pt x 192.05975pt.

<mlp_robot/mlp_2_2.png, id=638, 423.83344pt x 313.17pt>
File: mlp_robot/mlp_2_2.png Graphic file (type png)

<use mlp_robot/mlp_2_2.png>
Package pdftex.def Info: mlp_robot/mlp_2_2.png used on input line 372.
(pdftex.def)             Requested size: 256.07481pt x 189.21754pt.


LaTeX Warning: `!h' float specifier changed to `!ht'.

Package babel Info: Redefining portuges shorthand "|
(babel)             in language  on input line 382.
Package babel Info: Redefining portuges shorthand "|
(babel)             in language  on input line 382.
[19 <./mlp_robot/mlp_2.png (PNG copy)> <./mlp_robot/mlp_1.png (PNG copy)> <./ml
p_robot/fitness.png (PNG copy)>]) (./secao4.tex
Package babel Info: Redefining portuges shorthand "|
(babel)             in language  on input line 1.
Package babel Info: Redefining portuges shorthand "|
(babel)             in language  on input line 3.
Package babel Info: Redefining portuges shorthand "|
(babel)             in language  on input line 52.
Package babel Info: Redefining portuges shorthand "|
(babel)             in language  on input line 52.
 [20 <./mlp_robot/mlp_1_2.png (PNG copy)> <./mlp_robot/mlp_2_2.png (PNG copy)>]
Package babel Info: Redefining portuges shorthand "|
(babel)             in language  on input line 71.
 (./kNN/movieLens_impute_data.m
Package babel Info: Redefining portuges shorthand "|
(babel)             in language  on input line 36.
Package babel Info: Redefining portuges shorthand "|
(babel)             in language  on input line 36.

[21])) (./secao5.tex
Package babel Info: Redefining portuges shorthand "|
(babel)             in language  on input line 1.
Package babel Info: Redefining portuges shorthand "|
(babel)             in language  on input line 1.
 [22]
Package babel Info: Redefining portuges shorthand "|
(babel)             in language  on input line 1.
Package babel Info: Redefining portuges shorthand "|
(babel)             in language  on input line 3.
Package babel Info: Redefining portuges shorthand "|
(babel)             in language  on input line 20.
Package babel Info: Redefining portuges shorthand "|
(babel)             in language  on input line 40.
Package babel Info: Redefining portuges shorthand "|
(babel)             in language  on input line 40.
 [23]
Package babel Info: Redefining portuges shorthand "|
(babel)             in language  on input line 53.

<scoal/execucaoScoal.png, id=782, 447.92343pt x 264.23718pt>
File: scoal/execucaoScoal.png Graphic file (type png)

<use scoal/execucaoScoal.png>
Package pdftex.def Info: scoal/execucaoScoal.png used on input line 67.
(pdftex.def)             Requested size: 291.14677pt x 171.75212pt.

Overfull \hbox (10.372pt too wide) in alignment at lines 76--213
 [] [] 
 []

Package babel Info: Redefining portuges shorthand "|
(babel)             in language  on input line 213.
Package babel Info: Redefining portuges shorthand "|
(babel)             in language  on input line 213.
[24 <./scoal/execucaoScoal.png>]
Package babel Info: Redefining portuges shorthand "|
(babel)             in language  on input line 222.
Package babel Info: Redefining portuges shorthand "|
(babel)             in language  on input line 231.
Package babel Info: Redefining portuges shorthand "|
(babel)             in language  on input line 231.
 [25]) (./conclusao.tex
Package babel Info: Redefining portuges shorthand "|
(babel)             in language  on input line 1.
Package babel Info: Redefining portuges shorthand "|
(babel)             in language  on input line 22.
Package babel Info: Redefining portuges shorthand "|
(babel)             in language  on input line 22.
 [26])
(./bibliografia.tex
Package babel Info: Redefining portuges shorthand "|
(babel)             in language  on input line 1.
)
Package atveryend Info: Empty hook `BeforeClearDocument' on input line 92.
Package babel Info: Redefining portuges shorthand "|
(babel)             in language  on input line 92.
Package babel Info: Redefining portuges shorthand "|
(babel)             in language  on input line 92.
 [27]
Package atveryend Info: Empty hook `AfterLastShipout' on input line 92.
 (./efc2.aux)
Package atveryend Info: Executing hook `AtVeryEndDocument' on input line 92.
Package atveryend Info: Executing hook `AtEndAfterFileList' on input line 92.
Package rerunfilecheck Info: File `efc2.out' has not changed.
(rerunfilecheck)             Checksum: AED262E99661A67EAB318FB296DD91C9;1416.


LaTeX Warning: There were undefined references.


LaTeX Warning: There were multiply-defined labels.

Package atveryend Info: Empty hook `AtVeryVeryEnd' on input line 92.
 ) 
Here is how much of TeX's memory you used:
 11656 strings out of 493054
 168925 string characters out of 6140585
 586811 words of memory out of 5000000
 14387 multiletter control sequences out of 15000+600000
 21200 words of font info for 77 fonts, out of 8000000 for 9000
 1141 hyphenation exceptions out of 8191
 42i,12n,47p,297b,1878s stack positions out of 5000i,500n,10000p,200000b,80000s
{/usr/share/texmf-dist/fonts/enc/dvips/base/8r.enc}</usr/share/texmf-dist/fon
ts/type1/public/amsfonts/cm/cmbx10.pfb></usr/share/texmf-dist/fonts/type1/publi
c/amsfonts/cm/cmbx12.pfb></usr/share/texmf-dist/fonts/type1/public/amsfonts/cm/
cmbxti10.pfb></usr/share/texmf-dist/fonts/type1/public/amsfonts/cm/cmex10.pfb><
/usr/share/texmf-dist/fonts/type1/public/amsfonts/cm/cmmi12.pfb></usr/share/tex
mf-dist/fonts/type1/public/amsfonts/cm/cmmi6.pfb></usr/share/texmf-dist/fonts/t
ype1/public/amsfonts/cm/cmmi8.pfb></usr/share/texmf-dist/fonts/type1/public/ams
fonts/cm/cmr10.pfb></usr/share/texmf-dist/fonts/type1/public/amsfonts/cm/cmr12.
pfb></usr/share/texmf-dist/fonts/type1/public/amsfonts/cm/cmr6.pfb></usr/share/
texmf-dist/fonts/type1/public/amsfonts/cm/cmr8.pfb></usr/share/texmf-dist/fonts
/type1/public/amsfonts/cm/cmsy10.pfb></usr/share/texmf-dist/fonts/type1/public/
amsfonts/cm/cmsy8.pfb></usr/share/texmf-dist/fonts/type1/public/amsfonts/cm/cmt
i10.pfb></usr/share/texmf-dist/fonts/type1/public/amsfonts/cm/cmti12.pfb></usr/
share/texmf-dist/fonts/type1/public/amsfonts/symbols/msbm10.pfb></usr/share/tex
mf-dist/fonts/type1/urw/courier/ucrb8a.pfb></usr/share/texmf-dist/fonts/type1/u
rw/courier/ucrr8a.pfb></usr/share/texmf-dist/fonts/type1/urw/courier/ucrro8a.pf
b>
Output written on efc2.pdf (28 pages, 1344167 bytes).
PDF statistics:
 977 PDF objects out of 1000 (max. 8388607)
 871 compressed objects within 9 object streams
 515 named destinations out of 1000 (max. 500000)
 363 words of extra memory for PDF output out of 10000 (max. 10000000)

