This is pdfTeX, Version 3.14159265-2.6-1.40.16 (TeX Live 2015/Arch Linux) (preloaded format=pdflatex 2015.9.16)  30 SEP 2015 21:37
entering extended mode
 restricted \write18 enabled.
 Source specials enabled.
 %&-line parsing enabled.
**efc1.tex
(./efc1.tex
LaTeX2e <2015/01/01>
Babel <3.9l> and hyphenation patterns for 79 languages loaded.
(/usr/share/texmf-dist/tex/latex/base/article.cls
Document Class: article 2014/09/29 v1.4h Standard LaTeX document class
(/usr/share/texmf-dist/tex/latex/base/size12.clo
File: size12.clo 2014/09/29 v1.4h Standard LaTeX file (size option)
)
\c@part=\count79
\c@section=\count80
\c@subsection=\count81
\c@subsubsection=\count82
\c@paragraph=\count83
\c@subparagraph=\count84
\c@figure=\count85
\c@table=\count86
\abovecaptionskip=\skip41
\belowcaptionskip=\skip42
\bibindent=\dimen102
)
(/usr/share/texmf-dist/tex/latex/base/inputenc.sty
Package: inputenc 2015/03/17 v1.2c Input encoding file
\inpenc@prehook=\toks14
\inpenc@posthook=\toks15

(/usr/share/texmf-dist/tex/latex/base/utf8.def
File: utf8.def 2014/09/29 v1.1m UTF-8 support for inputenc
Now handling font encoding OML ...
... no UTF-8 mapping file for font encoding OML
Now handling font encoding T1 ...
... processing UTF-8 mapping file for font encoding T1

(/usr/share/texmf-dist/tex/latex/base/t1enc.dfu
File: t1enc.dfu 2014/09/29 v1.1m UTF-8 support for inputenc
   defining Unicode char U+00A1 (decimal 161)
   defining Unicode char U+00A3 (decimal 163)
   defining Unicode char U+00AB (decimal 171)
   defining Unicode char U+00BB (decimal 187)
   defining Unicode char U+00BF (decimal 191)
   defining Unicode char U+00C0 (decimal 192)
   defining Unicode char U+00C1 (decimal 193)
   defining Unicode char U+00C2 (decimal 194)
   defining Unicode char U+00C3 (decimal 195)
   defining Unicode char U+00C4 (decimal 196)
   defining Unicode char U+00C5 (decimal 197)
   defining Unicode char U+00C6 (decimal 198)
   defining Unicode char U+00C7 (decimal 199)
   defining Unicode char U+00C8 (decimal 200)
   defining Unicode char U+00C9 (decimal 201)
   defining Unicode char U+00CA (decimal 202)
   defining Unicode char U+00CB (decimal 203)
   defining Unicode char U+00CC (decimal 204)
   defining Unicode char U+00CD (decimal 205)
   defining Unicode char U+00CE (decimal 206)
   defining Unicode char U+00CF (decimal 207)
   defining Unicode char U+00D0 (decimal 208)
   defining Unicode char U+00D1 (decimal 209)
   defining Unicode char U+00D2 (decimal 210)
   defining Unicode char U+00D3 (decimal 211)
   defining Unicode char U+00D4 (decimal 212)
   defining Unicode char U+00D5 (decimal 213)
   defining Unicode char U+00D6 (decimal 214)
   defining Unicode char U+00D8 (decimal 216)
   defining Unicode char U+00D9 (decimal 217)
   defining Unicode char U+00DA (decimal 218)
   defining Unicode char U+00DB (decimal 219)
   defining Unicode char U+00DC (decimal 220)
   defining Unicode char U+00DD (decimal 221)
   defining Unicode char U+00DE (decimal 222)
   defining Unicode char U+00DF (decimal 223)
   defining Unicode char U+00E0 (decimal 224)
   defining Unicode char U+00E1 (decimal 225)
   defining Unicode char U+00E2 (decimal 226)
   defining Unicode char U+00E3 (decimal 227)
   defining Unicode char U+00E4 (decimal 228)
   defining Unicode char U+00E5 (decimal 229)
   defining Unicode char U+00E6 (decimal 230)
   defining Unicode char U+00E7 (decimal 231)
   defining Unicode char U+00E8 (decimal 232)
   defining Unicode char U+00E9 (decimal 233)
   defining Unicode char U+00EA (decimal 234)
   defining Unicode char U+00EB (decimal 235)
   defining Unicode char U+00EC (decimal 236)
   defining Unicode char U+00ED (decimal 237)
   defining Unicode char U+00EE (decimal 238)
   defining Unicode char U+00EF (decimal 239)
   defining Unicode char U+00F0 (decimal 240)
   defining Unicode char U+00F1 (decimal 241)
   defining Unicode char U+00F2 (decimal 242)
   defining Unicode char U+00F3 (decimal 243)
   defining Unicode char U+00F4 (decimal 244)
   defining Unicode char U+00F5 (decimal 245)
   defining Unicode char U+00F6 (decimal 246)
   defining Unicode char U+00F8 (decimal 248)
   defining Unicode char U+00F9 (decimal 249)
   defining Unicode char U+00FA (decimal 250)
   defining Unicode char U+00FB (decimal 251)
   defining Unicode char U+00FC (decimal 252)
   defining Unicode char U+00FD (decimal 253)
   defining Unicode char U+00FE (decimal 254)
   defining Unicode char U+00FF (decimal 255)
   defining Unicode char U+0102 (decimal 258)
   defining Unicode char U+0103 (decimal 259)
   defining Unicode char U+0104 (decimal 260)
   defining Unicode char U+0105 (decimal 261)
   defining Unicode char U+0106 (decimal 262)
   defining Unicode char U+0107 (decimal 263)
   defining Unicode char U+010C (decimal 268)
   defining Unicode char U+010D (decimal 269)
   defining Unicode char U+010E (decimal 270)
   defining Unicode char U+010F (decimal 271)
   defining Unicode char U+0110 (decimal 272)
   defining Unicode char U+0111 (decimal 273)
   defining Unicode char U+0118 (decimal 280)
   defining Unicode char U+0119 (decimal 281)
   defining Unicode char U+011A (decimal 282)
   defining Unicode char U+011B (decimal 283)
   defining Unicode char U+011E (decimal 286)
   defining Unicode char U+011F (decimal 287)
   defining Unicode char U+0130 (decimal 304)
   defining Unicode char U+0131 (decimal 305)
   defining Unicode char U+0132 (decimal 306)
   defining Unicode char U+0133 (decimal 307)
   defining Unicode char U+0139 (decimal 313)
   defining Unicode char U+013A (decimal 314)
   defining Unicode char U+013D (decimal 317)
   defining Unicode char U+013E (decimal 318)
   defining Unicode char U+0141 (decimal 321)
   defining Unicode char U+0142 (decimal 322)
   defining Unicode char U+0143 (decimal 323)
   defining Unicode char U+0144 (decimal 324)
   defining Unicode char U+0147 (decimal 327)
   defining Unicode char U+0148 (decimal 328)
   defining Unicode char U+014A (decimal 330)
   defining Unicode char U+014B (decimal 331)
   defining Unicode char U+0150 (decimal 336)
   defining Unicode char U+0151 (decimal 337)
   defining Unicode char U+0152 (decimal 338)
   defining Unicode char U+0153 (decimal 339)
   defining Unicode char U+0154 (decimal 340)
   defining Unicode char U+0155 (decimal 341)
   defining Unicode char U+0158 (decimal 344)
   defining Unicode char U+0159 (decimal 345)
   defining Unicode char U+015A (decimal 346)
   defining Unicode char U+015B (decimal 347)
   defining Unicode char U+015E (decimal 350)
   defining Unicode char U+015F (decimal 351)
   defining Unicode char U+0160 (decimal 352)
   defining Unicode char U+0161 (decimal 353)
   defining Unicode char U+0162 (decimal 354)
   defining Unicode char U+0163 (decimal 355)
   defining Unicode char U+0164 (decimal 356)
   defining Unicode char U+0165 (decimal 357)
   defining Unicode char U+016E (decimal 366)
   defining Unicode char U+016F (decimal 367)
   defining Unicode char U+0170 (decimal 368)
   defining Unicode char U+0171 (decimal 369)
   defining Unicode char U+0178 (decimal 376)
   defining Unicode char U+0179 (decimal 377)
   defining Unicode char U+017A (decimal 378)
   defining Unicode char U+017B (decimal 379)
   defining Unicode char U+017C (decimal 380)
   defining Unicode char U+017D (decimal 381)
   defining Unicode char U+017E (decimal 382)
   defining Unicode char U+200C (decimal 8204)
   defining Unicode char U+2013 (decimal 8211)
   defining Unicode char U+2014 (decimal 8212)
   defining Unicode char U+2018 (decimal 8216)
   defining Unicode char U+2019 (decimal 8217)
   defining Unicode char U+201A (decimal 8218)
   defining Unicode char U+201C (decimal 8220)
   defining Unicode char U+201D (decimal 8221)
   defining Unicode char U+201E (decimal 8222)
   defining Unicode char U+2030 (decimal 8240)
   defining Unicode char U+2031 (decimal 8241)
   defining Unicode char U+2039 (decimal 8249)
   defining Unicode char U+203A (decimal 8250)
   defining Unicode char U+2423 (decimal 9251)
)
Now handling font encoding OT1 ...
... processing UTF-8 mapping file for font encoding OT1

(/usr/share/texmf-dist/tex/latex/base/ot1enc.dfu
File: ot1enc.dfu 2014/09/29 v1.1m UTF-8 support for inputenc
   defining Unicode char U+00A1 (decimal 161)
   defining Unicode char U+00A3 (decimal 163)
   defining Unicode char U+00B8 (decimal 184)
   defining Unicode char U+00BF (decimal 191)
   defining Unicode char U+00C5 (decimal 197)
   defining Unicode char U+00C6 (decimal 198)
   defining Unicode char U+00D8 (decimal 216)
   defining Unicode char U+00DF (decimal 223)
   defining Unicode char U+00E6 (decimal 230)
   defining Unicode char U+00EC (decimal 236)
   defining Unicode char U+00ED (decimal 237)
   defining Unicode char U+00EE (decimal 238)
   defining Unicode char U+00EF (decimal 239)
   defining Unicode char U+00F8 (decimal 248)
   defining Unicode char U+0131 (decimal 305)
   defining Unicode char U+0141 (decimal 321)
   defining Unicode char U+0142 (decimal 322)
   defining Unicode char U+0152 (decimal 338)
   defining Unicode char U+0153 (decimal 339)
   defining Unicode char U+2013 (decimal 8211)
   defining Unicode char U+2014 (decimal 8212)
   defining Unicode char U+2018 (decimal 8216)
   defining Unicode char U+2019 (decimal 8217)
   defining Unicode char U+201C (decimal 8220)
   defining Unicode char U+201D (decimal 8221)
)
Now handling font encoding OMS ...
... processing UTF-8 mapping file for font encoding OMS

(/usr/share/texmf-dist/tex/latex/base/omsenc.dfu
File: omsenc.dfu 2014/09/29 v1.1m UTF-8 support for inputenc
   defining Unicode char U+00A7 (decimal 167)
   defining Unicode char U+00B6 (decimal 182)
   defining Unicode char U+00B7 (decimal 183)
   defining Unicode char U+2020 (decimal 8224)
   defining Unicode char U+2021 (decimal 8225)
   defining Unicode char U+2022 (decimal 8226)
)
Now handling font encoding OMX ...
... no UTF-8 mapping file for font encoding OMX
Now handling font encoding U ...
... no UTF-8 mapping file for font encoding U
   defining Unicode char U+00A9 (decimal 169)
   defining Unicode char U+00AA (decimal 170)
   defining Unicode char U+00AE (decimal 174)
   defining Unicode char U+00BA (decimal 186)
   defining Unicode char U+02C6 (decimal 710)
   defining Unicode char U+02DC (decimal 732)
   defining Unicode char U+200C (decimal 8204)
   defining Unicode char U+2026 (decimal 8230)
   defining Unicode char U+2122 (decimal 8482)
   defining Unicode char U+2423 (decimal 9251)
))
   defining Unicode char U+00A0 (decimal 160)

(/usr/share/texmf-dist/tex/latex/geometry/geometry.sty
Package: geometry 2010/09/12 v5.6 Page Geometry

(/usr/share/texmf-dist/tex/latex/graphics/keyval.sty
Package: keyval 2014/10/28 v1.15 key=value parser (DPC)
\KV@toks@=\toks16
)
(/usr/share/texmf-dist/tex/generic/oberdiek/ifpdf.sty
Package: ifpdf 2011/01/30 v2.3 Provides the ifpdf switch (HO)
Package ifpdf Info: pdfTeX in PDF mode is detected.
)
(/usr/share/texmf-dist/tex/generic/oberdiek/ifvtex.sty
Package: ifvtex 2010/03/01 v1.5 Detect VTeX and its facilities (HO)
Package ifvtex Info: VTeX not detected.
)
(/usr/share/texmf-dist/tex/generic/ifxetex/ifxetex.sty
Package: ifxetex 2010/09/12 v0.6 Provides ifxetex conditional
)
\Gm@cnth=\count87
\Gm@cntv=\count88
\c@Gm@tempcnt=\count89
\Gm@bindingoffset=\dimen103
\Gm@wd@mp=\dimen104
\Gm@odd@mp=\dimen105
\Gm@even@mp=\dimen106
\Gm@layoutwidth=\dimen107
\Gm@layoutheight=\dimen108
\Gm@layouthoffset=\dimen109
\Gm@layoutvoffset=\dimen110
\Gm@dimlist=\toks17
)
(/usr/share/texmf-dist/tex/generic/babel/babel.sty
Package: babel 2014/09/25 3.9l The Babel package

(/usr/share/texmf-dist/tex/generic/babel-portuges/portuges.ldf
Language: portuges 2008/03/18 v1.2q Portuguese support from the babel system

(/usr/share/texmf-dist/tex/generic/babel/babel.def
File: babel.def 2014/09/25 3.9l Babel common definitions
\babel@savecnt=\count90
\U@D=\dimen111
)
\l@brazil = a dialect from \language\l@portuges 
Package babel Info: Making " an active character on input line 145.
))
(/usr/share/texmf-dist/tex/latex/graphics/graphicx.sty
Package: graphicx 2014/10/28 v1.0g Enhanced LaTeX Graphics (DPC,SPQR)

(/usr/share/texmf-dist/tex/latex/graphics/graphics.sty
Package: graphics 2014/10/28 v1.0p Standard LaTeX Graphics (DPC,SPQR)

(/usr/share/texmf-dist/tex/latex/graphics/trig.sty
Package: trig 1999/03/16 v1.09 sin cos tan (DPC)
)
(/usr/share/texmf-dist/tex/latex/latexconfig/graphics.cfg
File: graphics.cfg 2010/04/23 v1.9 graphics configuration of TeX Live
)
Package graphics Info: Driver file: pdftex.def on input line 94.

(/usr/share/texmf-dist/tex/latex/pdftex-def/pdftex.def
File: pdftex.def 2011/05/27 v0.06d Graphics/color for pdfTeX

(/usr/share/texmf-dist/tex/generic/oberdiek/infwarerr.sty
Package: infwarerr 2010/04/08 v1.3 Providing info/warning/error messages (HO)
)
(/usr/share/texmf-dist/tex/generic/oberdiek/ltxcmds.sty
Package: ltxcmds 2011/11/09 v1.22 LaTeX kernel commands for general use (HO)
)
\Gread@gobject=\count91
))
\Gin@req@height=\dimen112
\Gin@req@width=\dimen113
)
(/usr/share/texmf-dist/tex/latex/placeins/placeins.sty
Package: placeins 2005/04/18  v 2.2
)
(/usr/share/texmf-dist/tex/latex/caption/subcaption.sty
Package: subcaption 2013/02/03 v1.1-62 Sub-captions (AR)

(/usr/share/texmf-dist/tex/latex/caption/caption.sty
Package: caption 2013/05/02 v3.3-89 Customizing captions (AR)

(/usr/share/texmf-dist/tex/latex/caption/caption3.sty
Package: caption3 2013/05/02 v1.6-88 caption3 kernel (AR)
Package caption3 Info: TeX engine: e-TeX on input line 57.
\captionmargin=\dimen114
\captionmargin@=\dimen115
\captionwidth=\dimen116
\caption@tempdima=\dimen117
\caption@indent=\dimen118
\caption@parindent=\dimen119
\caption@hangindent=\dimen120
)
\c@ContinuedFloat=\count92
)
\c@subfigure=\count93
\c@subtable=\count94
)
(/usr/share/texmf-dist/tex/latex/float/float.sty
Package: float 2001/11/08 v1.3d Float enhancements (AL)
\c@float@type=\count95
\float@exts=\toks18
\float@box=\box26
\@float@everytoks=\toks19
\@floatcapt=\box27
)
(/usr/share/texmf-dist/tex/latex/tools/hhline.sty
Package: hhline 2014/10/28 v2.03 Table rule package (DPC)
)
(/usr/share/texmf-dist/tex/latex/psnfss/courier.sty
Package: courier 2005/04/12 PSNFSS-v9.2a (WaS) 
)
(/usr/share/texmf-dist/tex/latex/amsmath/amsmath.sty
Package: amsmath 2013/01/14 v2.14 AMS math features
\@mathmargin=\skip43

For additional information on amsmath, use the `?' option.
(/usr/share/texmf-dist/tex/latex/amsmath/amstext.sty
Package: amstext 2000/06/29 v2.01

(/usr/share/texmf-dist/tex/latex/amsmath/amsgen.sty
File: amsgen.sty 1999/11/30 v2.0
\@emptytoks=\toks20
\ex@=\dimen121
))
(/usr/share/texmf-dist/tex/latex/amsmath/amsbsy.sty
Package: amsbsy 1999/11/29 v1.2d
\pmbraise@=\dimen122
)
(/usr/share/texmf-dist/tex/latex/amsmath/amsopn.sty
Package: amsopn 1999/12/14 v2.01 operator names
)
\inf@bad=\count96
LaTeX Info: Redefining \frac on input line 210.
\uproot@=\count97
\leftroot@=\count98
LaTeX Info: Redefining \overline on input line 306.
\classnum@=\count99
\DOTSCASE@=\count100
LaTeX Info: Redefining \ldots on input line 378.
LaTeX Info: Redefining \dots on input line 381.
LaTeX Info: Redefining \cdots on input line 466.
\Mathstrutbox@=\box28
\strutbox@=\box29
\big@size=\dimen123
LaTeX Font Info:    Redeclaring font encoding OML on input line 566.
LaTeX Font Info:    Redeclaring font encoding OMS on input line 567.
\macc@depth=\count101
\c@MaxMatrixCols=\count102
\dotsspace@=\muskip10
\c@parentequation=\count103
\dspbrk@lvl=\count104
\tag@help=\toks21
\row@=\count105
\column@=\count106
\maxfields@=\count107
\andhelp@=\toks22
\eqnshift@=\dimen124
\alignsep@=\dimen125
\tagshift@=\dimen126
\tagwidth@=\dimen127
\totwidth@=\dimen128
\lineht@=\dimen129
\@envbody=\toks23
\multlinegap=\skip44
\multlinetaggap=\skip45
\mathdisplay@stack=\toks24
LaTeX Info: Redefining \[ on input line 2665.
LaTeX Info: Redefining \] on input line 2666.
)
(/usr/share/texmf-dist/tex/latex/tools/bm.sty
Package: bm 2014/10/28 v1.1c Bold Symbol Support (DPC/FMi)
\symboldoperators=\mathgroup4
\symboldletters=\mathgroup5
\symboldsymbols=\mathgroup6
LaTeX Font Info:    Redeclaring math alphabet \mathbf on input line 141.
LaTeX Info: Redefining \bm on input line 207.
)
(/usr/share/texmf-dist/tex/latex/amsfonts/amsfonts.sty
Package: amsfonts 2013/01/14 v3.01 Basic AMSFonts support
\symAMSa=\mathgroup7
\symAMSb=\mathgroup8
LaTeX Font Info:    Overwriting math alphabet `\mathfrak' in version `bold'
(Font)                  U/euf/m/n --> U/euf/b/n on input line 106.
)
(/usr/share/texmf-dist/tex/latex/hyperref/hyperref.sty
Package: hyperref 2012/11/06 v6.83m Hypertext links for LaTeX

(/usr/share/texmf-dist/tex/generic/oberdiek/hobsub-hyperref.sty
Package: hobsub-hyperref 2012/05/28 v1.13 Bundle oberdiek, subset hyperref (HO)


(/usr/share/texmf-dist/tex/generic/oberdiek/hobsub-generic.sty
Package: hobsub-generic 2012/05/28 v1.13 Bundle oberdiek, subset generic (HO)
Package: hobsub 2012/05/28 v1.13 Construct package bundles (HO)
Package hobsub Info: Skipping package `infwarerr' (already loaded).
Package hobsub Info: Skipping package `ltxcmds' (already loaded).
Package: ifluatex 2010/03/01 v1.3 Provides the ifluatex switch (HO)
Package ifluatex Info: LuaTeX not detected.
Package hobsub Info: Skipping package `ifvtex' (already loaded).
Package: intcalc 2007/09/27 v1.1 Expandable calculations with integers (HO)
Package hobsub Info: Skipping package `ifpdf' (already loaded).
Package: etexcmds 2011/02/16 v1.5 Avoid name clashes with e-TeX commands (HO)
Package etexcmds Info: Could not find \expanded.
(etexcmds)             That can mean that you are not using pdfTeX 1.50 or
(etexcmds)             that some package has redefined \expanded.
(etexcmds)             In the latter case, load this package earlier.
Package: kvsetkeys 2012/04/25 v1.16 Key value parser (HO)
Package: kvdefinekeys 2011/04/07 v1.3 Define keys (HO)
Package: pdftexcmds 2011/11/29 v0.20 Utility functions of pdfTeX for LuaTeX (HO
)
Package pdftexcmds Info: LuaTeX not detected.
Package pdftexcmds Info: \pdf@primitive is available.
Package pdftexcmds Info: \pdf@ifprimitive is available.
Package pdftexcmds Info: \pdfdraftmode found.
Package: pdfescape 2011/11/25 v1.13 Implements pdfTeX's escape features (HO)
Package: bigintcalc 2012/04/08 v1.3 Expandable calculations on big integers (HO
)
Package: bitset 2011/01/30 v1.1 Handle bit-vector datatype (HO)
Package: uniquecounter 2011/01/30 v1.2 Provide unlimited unique counter (HO)
)
Package hobsub Info: Skipping package `hobsub' (already loaded).
Package: letltxmacro 2010/09/02 v1.4 Let assignment for LaTeX macros (HO)
Package: hopatch 2012/05/28 v1.2 Wrapper for package hooks (HO)
Package: xcolor-patch 2011/01/30 xcolor patch
Package: atveryend 2011/06/30 v1.8 Hooks at the very end of document (HO)
Package atveryend Info: \enddocument detected (standard20110627).
Package: atbegshi 2011/10/05 v1.16 At begin shipout hook (HO)
Package: refcount 2011/10/16 v3.4 Data extraction from label references (HO)
Package: hycolor 2011/01/30 v1.7 Color options for hyperref/bookmark (HO)
)
(/usr/share/texmf-dist/tex/latex/oberdiek/auxhook.sty
Package: auxhook 2011/03/04 v1.3 Hooks for auxiliary files (HO)
)
(/usr/share/texmf-dist/tex/latex/oberdiek/kvoptions.sty
Package: kvoptions 2011/06/30 v3.11 Key value format for package options (HO)
)
\@linkdim=\dimen130
\Hy@linkcounter=\count108
\Hy@pagecounter=\count109

(/usr/share/texmf-dist/tex/latex/hyperref/pd1enc.def
File: pd1enc.def 2012/11/06 v6.83m Hyperref: PDFDocEncoding definition (HO)
Now handling font encoding PD1 ...
... no UTF-8 mapping file for font encoding PD1
)
\Hy@SavedSpaceFactor=\count110

(/usr/share/texmf-dist/tex/latex/latexconfig/hyperref.cfg
File: hyperref.cfg 2002/06/06 v1.2 hyperref configuration of TeXLive
)
Package hyperref Info: Hyper figures OFF on input line 4443.
Package hyperref Info: Link nesting OFF on input line 4448.
Package hyperref Info: Hyper index ON on input line 4451.
Package hyperref Info: Plain pages OFF on input line 4458.
Package hyperref Info: Backreferencing OFF on input line 4463.
Package hyperref Info: Implicit mode ON; LaTeX internals redefined.
Package hyperref Info: Bookmarks ON on input line 4688.
\c@Hy@tempcnt=\count111

(/usr/share/texmf-dist/tex/latex/url/url.sty
\Urlmuskip=\muskip11
Package: url 2013/09/16  ver 3.4  Verb mode for urls, etc.
)
LaTeX Info: Redefining \url on input line 5041.
\XeTeXLinkMargin=\dimen131
\Fld@menulength=\count112
\Field@Width=\dimen132
\Fld@charsize=\dimen133
Package hyperref Info: Hyper figures OFF on input line 6295.
Package hyperref Info: Link nesting OFF on input line 6300.
Package hyperref Info: Hyper index ON on input line 6303.
Package hyperref Info: backreferencing OFF on input line 6310.
Package hyperref Info: Link coloring OFF on input line 6315.
Package hyperref Info: Link coloring with OCG OFF on input line 6320.
Package hyperref Info: PDF/A mode OFF on input line 6325.
LaTeX Info: Redefining \ref on input line 6365.
LaTeX Info: Redefining \pageref on input line 6369.
\Hy@abspage=\count113
\c@Item=\count114
\c@Hfootnote=\count115
)

Package hyperref Message: Driver (autodetected): hpdftex.

(/usr/share/texmf-dist/tex/latex/hyperref/hpdftex.def
File: hpdftex.def 2012/11/06 v6.83m Hyperref driver for pdfTeX
\Fld@listcount=\count116
\c@bookmark@seq@number=\count117

(/usr/share/texmf-dist/tex/latex/oberdiek/rerunfilecheck.sty
Package: rerunfilecheck 2011/04/15 v1.7 Rerun checks for auxiliary files (HO)
Package uniquecounter Info: New unique counter `rerunfilecheck' on input line 2
82.
)
\Hy@SectionHShift=\skip46
)
(/usr/share/texmf-dist/tex/latex/listings/listings.sty
\lst@mode=\count118
\lst@gtempboxa=\box30
\lst@token=\toks25
\lst@length=\count119
\lst@currlwidth=\dimen134
\lst@column=\count120
\lst@pos=\count121
\lst@lostspace=\dimen135
\lst@width=\dimen136
\lst@newlines=\count122
\lst@lineno=\count123
\lst@maxwidth=\dimen137

(/usr/share/texmf-dist/tex/latex/listings/lstmisc.sty
File: lstmisc.sty 2015/06/04 1.6 (Carsten Heinz)
\c@lstnumber=\count124
\lst@skipnumbers=\count125
\lst@framebox=\box31
)
(/usr/share/texmf-dist/tex/latex/listings/listings.cfg
File: listings.cfg 2015/06/04 1.6 listings configuration
))
Package: listings 2015/06/04 1.6 (Carsten Heinz)

(/usr/share/texmf-dist/tex/latex/graphics/color.sty
Package: color 2014/10/28 v1.1a Standard LaTeX Color (DPC)

(/usr/share/texmf-dist/tex/latex/latexconfig/color.cfg
File: color.cfg 2007/01/18 v1.5 color configuration of teTeX/TeXLive
)
Package color Info: Driver file: pdftex.def on input line 142.
)
(/usr/share/texmf-dist/tex/latex/listings/lstlang1.sty
File: lstlang1.sty 2015/06/04 1.6 listings language file
)
(/usr/share/texmf-dist/tex/latex/multirow/multirow.sty
\bigstrutjot=\dimen138
)
(/usr/share/texmf-dist/tex/latex/steinmetz/steinmetz.sty
Package: steinmetz 2009/06/14 v1.0 Steinmetz symbol for electrotechnics

(/usr/share/texmf-dist/tex/latex/pict2e/pict2e.sty
Package: pict2e 2014/01/12 v0.2z Improved picture commands (HjG,RN,JT)

(/usr/share/texmf-dist/tex/latex/pict2e/pict2e.cfg
File: pict2e.cfg 2011/04/05 v0.1t pict2e configuration for teTeX/TeXLive
)
Package pict2e Info: Driver file: pdftex.def on input line 119.
Package pict2e Info: Driver file for pict2e: p2e-pdftex.def on input line 121.

(/usr/share/texmf-dist/tex/latex/pict2e/p2e-pdftex.def
File: p2e-pdftex.def 2011/04/05 v0.1t Driver-dependant file (RN,HjG,JT)
)
\pIIe@GRAPH=\toks26
\@arclen=\dimen139
\@arcrad=\dimen140
\@tempdimd=\dimen141
)
\stm@phasebox=\box32
\stm@phasedp=\skip47
\stm@phaseht=\skip48
\stm@phasetot=\skip49
\stm@phasewd=\skip50
) (./efc1.aux)
\openout1 = `efc1.aux'.

LaTeX Font Info:    Checking defaults for OML/cmm/m/it on input line 60.
LaTeX Font Info:    ... okay on input line 60.
LaTeX Font Info:    Checking defaults for T1/cmr/m/n on input line 60.
LaTeX Font Info:    ... okay on input line 60.
LaTeX Font Info:    Checking defaults for OT1/cmr/m/n on input line 60.
LaTeX Font Info:    ... okay on input line 60.
LaTeX Font Info:    Checking defaults for OMS/cmsy/m/n on input line 60.
LaTeX Font Info:    ... okay on input line 60.
LaTeX Font Info:    Checking defaults for OMX/cmex/m/n on input line 60.
LaTeX Font Info:    ... okay on input line 60.
LaTeX Font Info:    Checking defaults for U/cmr/m/n on input line 60.
LaTeX Font Info:    ... okay on input line 60.
LaTeX Font Info:    Checking defaults for PD1/pdf/m/n on input line 60.
LaTeX Font Info:    ... okay on input line 60.

*geometry* driver: auto-detecting
*geometry* detected driver: pdftex
*geometry* verbose mode - [ preamble ] result:
* driver: pdftex
* paper: a4paper
* layout: <same size as paper>
* layoutoffset:(h,v)=(0.0pt,0.0pt)
* modes: 
* h-part:(L,W,R)=(42.67912pt, 512.14963pt, 42.67912pt)
* v-part:(T,H,B)=(42.67912pt, 759.6886pt, 42.67912pt)
* \paperwidth=597.50787pt
* \paperheight=845.04684pt
* \textwidth=512.14963pt
* \textheight=759.6886pt
* \oddsidemargin=-29.59087pt
* \evensidemargin=-29.59087pt
* \topmargin=-66.59087pt
* \headheight=12.0pt
* \headsep=25.0pt
* \topskip=12.0pt
* \footskip=30.0pt
* \marginparwidth=35.0pt
* \marginparsep=10.0pt
* \columnsep=10.0pt
* \skip\footins=10.8pt plus 4.0pt minus 2.0pt
* \hoffset=0.0pt
* \voffset=0.0pt
* \mag=1000
* \@twocolumnfalse
* \@twosidefalse
* \@mparswitchfalse
* \@reversemarginfalse
* (1in=72.27pt=25.4mm, 1cm=28.453pt)

(/usr/share/texmf-dist/tex/context/base/supp-pdf.mkii
[Loading MPS to PDF converter (version 2006.09.02).]
\scratchcounter=\count126
\scratchdimen=\dimen142
\scratchbox=\box33
\nofMPsegments=\count127
\nofMParguments=\count128
\everyMPshowfont=\toks27
\MPscratchCnt=\count129
\MPscratchDim=\dimen143
\MPnumerator=\count130
\makeMPintoPDFobject=\count131
\everyMPtoPDFconversion=\toks28
) (/usr/share/texmf-dist/tex/latex/oberdiek/epstopdf-base.sty
Package: epstopdf-base 2010/02/09 v2.5 Base part for package epstopdf

(/usr/share/texmf-dist/tex/latex/oberdiek/grfext.sty
Package: grfext 2010/08/19 v1.1 Manage graphics extensions (HO)
)
Package grfext Info: Graphics extension search list:
(grfext)             [.png,.pdf,.jpg,.mps,.jpeg,.jbig2,.jb2,.PNG,.PDF,.JPG,.JPE
G,.JBIG2,.JB2,.eps]
(grfext)             \AppendGraphicsExtensions on input line 452.

(/usr/share/texmf-dist/tex/latex/latexconfig/epstopdf-sys.cfg
File: epstopdf-sys.cfg 2010/07/13 v1.3 Configuration of (r)epstopdf for TeX Liv
e
))
Package caption Info: Begin \AtBeginDocument code.
Package caption Info: float package is loaded.
Package caption Info: hyperref package is loaded.
Package caption Info: listings package is loaded.
Package caption Info: End \AtBeginDocument code.
\AtBeginShipoutBox=\box34
Package hyperref Info: Link coloring OFF on input line 60.

(/usr/share/texmf-dist/tex/latex/hyperref/nameref.sty
Package: nameref 2012/10/27 v2.43 Cross-referencing by name of section

(/usr/share/texmf-dist/tex/generic/oberdiek/gettitlestring.sty
Package: gettitlestring 2010/12/03 v1.4 Cleanup title references (HO)
)
\c@section@level=\count132
)
LaTeX Info: Redefining \ref on input line 60.
LaTeX Info: Redefining \pageref on input line 60.
LaTeX Info: Redefining \nameref on input line 60.
 (./efc1.out)
(./efc1.out)
\@outlinefile=\write3
\openout3 = `efc1.out'.

\c@lstlisting=\count133
 (./cover.tex <image/LogoUnicamp.png, id=68, 481.8pt x 481.8pt>
File: image/LogoUnicamp.png Graphic file (type png)

<use image/LogoUnicamp.png>
Package pdftex.def Info: image/LogoUnicamp.png used on input line 7.
(pdftex.def)             Requested size: 86.72025pt x 86.72025pt.
Package babel Info: Redefining portuges shorthand "|
(babel)             in language  on input line 22.
Package babel Info: Redefining portuges shorthand "|
(babel)             in language  on input line 22.
 [1

{/var/lib/texmf/fonts/map/pdftex/updmap/pdftex.map} <./image/LogoUnicamp.png>])
 (./secao2.tex
Package babel Info: Redefining portuges shorthand "|
(babel)             in language  on input line 1.
LaTeX Font Info:    Try loading font information for U+msa on input line 13.

(/usr/share/texmf-dist/tex/latex/amsfonts/umsa.fd
File: umsa.fd 2013/01/14 v3.01 AMS symbols A
)
LaTeX Font Info:    Try loading font information for U+msb on input line 13.

(/usr/share/texmf-dist/tex/latex/amsfonts/umsb.fd
File: umsb.fd 2013/01/14 v3.01 AMS symbols B
)
<image/filtro_lin.png, id=82, 421.575pt x 316.18124pt>
File: image/filtro_lin.png Graphic file (type png)

<use image/filtro_lin.png>
Package pdftex.def Info: image/filtro_lin.png used on input line 90.
(pdftex.def)             Requested size: 256.07481pt x 192.05975pt.

<image/filtro_nlin.png, id=83, 421.575pt x 316.18124pt>
File: image/filtro_nlin.png Graphic file (type png)

<use image/filtro_nlin.png>
Package pdftex.def Info: image/filtro_nlin.png used on input line 96.
(pdftex.def)             Requested size: 256.07481pt x 192.05975pt.


LaTeX Warning: `!h' float specifier changed to `!ht'.

Package babel Info: Redefining portuges shorthand "|
(babel)             in language  on input line 105.
Package babel Info: Redefining portuges shorthand "|
(babel)             in language  on input line 105.
pdfTeX warning (ext4): destination with the same identifier (name{page.1}) has 
been already used, duplicate ignored
<to be read again> 
                   \relax 
l.105 			\FloatBarrier
                       [1]
Package babel Info: Redefining portuges shorthand "|
(babel)             in language  on input line 224.
Package babel Info: Redefining portuges shorthand "|
(babel)             in language  on input line 224.
 [2 <./image/filtro_lin.png (PNG copy)> <./image/filtro_nlin.png (PNG copy)>]
Overfull \hbox (1.71165pt too wide) in paragraph at lines 227--232
[][]\OT1/cmr/m/n/12 Considerando so-mente as pri-mei-ras cinco vari^^Saveis se-
le-ci-o-na-das em cada execu^^Xc~ao, percebe-
 []

LaTeX Font Info:    Try loading font information for OT1+pcr on input line 352.

(/usr/share/texmf-dist/tex/latex/psnfss/ot1pcr.fd
File: ot1pcr.fd 2001/06/04 font definitions for OT1/pcr.
)
Package babel Info: Redefining portuges shorthand "|
(babel)             in language  on input line 368.
Package babel Info: Redefining portuges shorthand "|
(babel)             in language  on input line 368.
 [3]
Overfull \hbox (0.94453pt too wide) in paragraph at lines 369--375
\OT1/cmr/m/n/12 sa^^S^^Pda pra-ti-ca-mente nu-las (os re-sul-ta-dos de \OT1/pcr
/m/n/12 corr (X(:,21), S) \OT1/cmr/m/n/12 ... \OT1/pcr/m/n/12 corr (X(:,25),
 []

Package babel Info: Redefining portuges shorthand "|
(babel)             in language  on input line 456.
Package babel Info: Redefining portuges shorthand "|
(babel)             in language  on input line 456.
[4] <image/filtro_lin2.png, id=155, 449.68pt x 337.26pt>
File: image/filtro_lin2.png Graphic file (type png)

<use image/filtro_lin2.png>
Package pdftex.def Info: image/filtro_lin2.png used on input line 463.
(pdftex.def)             Requested size: 256.07481pt x 192.06522pt.

<image/filtro_nlin2.png, id=156, 449.68pt x 337.26pt>
File: image/filtro_nlin2.png Graphic file (type png)

<use image/filtro_nlin2.png>
Package pdftex.def Info: image/filtro_nlin2.png used on input line 469.
(pdftex.def)             Requested size: 256.07481pt x 192.06522pt.

Overfull \hbox (15.72127pt too wide) in paragraph at lines 497--512
 [][][] 
 []

Package babel Info: Redefining portuges shorthand "|
(babel)             in language  on input line 619.
Package babel Info: Redefining portuges shorthand "|
(babel)             in language  on input line 619.
[5 <./image/filtro_lin2.png (PNG copy)> <./image/filtro_nlin2.png (PNG copy)>])
(./secao3.tex
Package babel Info: Redefining portuges shorthand "|
(babel)             in language  on input line 1.
Package babel Info: Redefining portuges shorthand "|
(babel)             in language  on input line 5.
 <image/hist_normalizados.png, id=175, 580.569pt x 415.954pt>
File: image/hist_normalizados.png Graphic file (type png)

<use image/hist_normalizados.png>
Package pdftex.def Info: image/hist_normalizados.png used on input line 31.
(pdftex.def)             Requested size: 332.89412pt x 238.50525pt.
Package babel Info: Redefining portuges shorthand "|
(babel)             in language  on input line 34.
Package babel Info: Redefining portuges shorthand "|
(babel)             in language  on input line 34.
 [6]
Package babel Info: Redefining portuges shorthand "|
(babel)             in language  on input line 38.

<image/corr_variaveis_preditor.png, id=189, 521.95pt x 407.121pt>
File: image/corr_variaveis_preditor.png Graphic file (type png)

<use image/corr_variaveis_preditor.png>
Package pdftex.def Info: image/corr_variaveis_preditor.png used on input line 5
0.
(pdftex.def)             Requested size: 307.2929pt x 239.68991pt.
Package babel Info: Redefining portuges shorthand "|
(babel)             in language  on input line 62.
Package babel Info: Redefining portuges shorthand "|
(babel)             in language  on input line 62.
 [7 <./image/hist_normalizados.png (PNG copy)> <./image/corr_variaveis_preditor
.png (PNG copy)>]
Package babel Info: Redefining portuges shorthand "|
(babel)             in language  on input line 63.
Package babel Info: Redefining portuges shorthand "|
(babel)             in language  on input line 77.
Package babel Info: Redefining portuges shorthand "|
(babel)             in language  on input line 91.

<image/preditor_regularizado_k_folds.png, id=200, 740.366pt x 582.978pt>
File: image/preditor_regularizado_k_folds.png Graphic file (type png)

<use image/preditor_regularizado_k_folds.png>
Package pdftex.def Info: image/preditor_regularizado_k_folds.png used on input 
line 104.
(pdftex.def)             Requested size: 332.89412pt x 262.13307pt.
Package babel Info: Redefining portuges shorthand "|
(babel)             in language  on input line 148.
Package babel Info: Redefining portuges shorthand "|
(babel)             in language  on input line 148.
 [8 <./image/preditor_regularizado_k_folds.png (PNG copy)>]
Package babel Info: Redefining portuges shorthand "|
(babel)             in language  on input line 154.
Package babel Info: Redefining portuges shorthand "|
(babel)             in language  on input line 176.

<image/mlp_average_iterations.png, id=212, 576.554pt x 409.53pt>
File: image/mlp_average_iterations.png Graphic file (type png)

<use image/mlp_average_iterations.png>
Package pdftex.def Info: image/mlp_average_iterations.png used on input line 19
3.
(pdftex.def)             Requested size: 332.89412pt x 236.46524pt.
Package babel Info: Redefining portuges shorthand "|
(babel)             in language  on input line 198.
Package babel Info: Redefining portuges shorthand "|
(babel)             in language  on input line 198.
 [9]
Package babel Info: Redefining portuges shorthand "|
(babel)             in language  on input line 201.

<image/mlp_1000_iterations.png, id=221, 449.68pt x 337.26pt>
File: image/mlp_1000_iterations.png Graphic file (type png)

<use image/mlp_1000_iterations.png>
Package pdftex.def Info: image/mlp_1000_iterations.png used on input line 211.
(pdftex.def)             Requested size: 332.89412pt x 249.6817pt.
Package babel Info: Redefining portuges shorthand "|
(babel)             in language  on input line 233.
Package babel Info: Redefining portuges shorthand "|
(babel)             in language  on input line 244.
Package babel Info: Redefining portuges shorthand "|
(babel)             in language  on input line 244.
 [10 <./image/mlp_average_iterations.png (PNG copy)> <./image/mlp_1000_iteratio
ns.png (PNG copy)>]
<image/elm_400_neurons.png, id=230, 578.16pt x 433.62pt>
File: image/elm_400_neurons.png Graphic file (type png)

<use image/elm_400_neurons.png>
Package pdftex.def Info: image/elm_400_neurons.png used on input line 254.
(pdftex.def)             Requested size: 332.89412pt x 249.667pt.
Package babel Info: Redefining portuges shorthand "|
(babel)             in language  on input line 266.

Overfull \hbox (5.23425pt too wide) in paragraph at lines 288--294
[][]\OT1/cmr/m/n/12 Em se-gundo lu-gar, destaca-se \OT1/cmr/m/it/12 pre-di-tor 
li-near re-gu-la-ri-zado\OT1/cmr/m/n/12 , cujo erro quadr^^Satico m^^Sedio vale
 \OT1/cmr/bx/n/12 0.15602\OT1/cmr/m/n/12 .
 []

Package babel Info: Redefining portuges shorthand "|
(babel)             in language  on input line 296.
Package babel Info: Redefining portuges shorthand "|
(babel)             in language  on input line 296.
[11 <./image/elm_400_neurons.png (PNG copy)>]) (./conclusao.tex
Package babel Info: Redefining portuges shorthand "|
(babel)             in language  on input line 1.
)
(./bibliografia.tex
LaTeX Font Info:    Try loading font information for OMS+cmr on input line 3.
 (/usr/share/texmf-dist/tex/latex/base/omscmr.fd
File: omscmr.fd 2014/09/29 v2.5h Standard LaTeX font definitions
)
LaTeX Font Info:    Font shape `OMS/cmr/m/n' in size <12> not available
(Font)              Font shape `OMS/cmsy/m/n' tried instead on input line 3.
)
(./anexos.tex
Package babel Info: Redefining portuges shorthand "|
(babel)             in language  on input line 1.
Package babel Info: Redefining portuges shorthand "|
(babel)             in language  on input line 1.
 [12]
Package babel Info: Redefining portuges shorthand "|
(babel)             in language  on input line 3.
Package babel Info: Redefining portuges shorthand "|
(babel)             in language  on input line 5.
Package hyperref Info: bookmark level for unknown lstlisting defaults to 0 on i
nput line 8.
 (./predicao/gera_dados.m)
(./predicao/resolve_sistema_k_folds.m
Package babel Info: Redefining portuges shorthand "|
(babel)             in language  on input line 20.
Package babel Info: Redefining portuges shorthand "|
(babel)             in language  on input line 20.
 [13]
Package babel Info: Redefining portuges shorthand "|
(babel)             in language  on input line 83.
Package babel Info: Redefining portuges shorthand "|
(babel)             in language  on input line 83.
 [14]) (./predicao/numberNeuronsMLP.m
Package babel Info: Redefining portuges shorthand "|
(babel)             in language  on input line 8.
Package babel Info: Redefining portuges shorthand "|
(babel)             in language  on input line 8.
[15]
Package babel Info: Redefining portuges shorthand "|
(babel)             in language  on input line 70.
Package babel Info: Redefining portuges shorthand "|
(babel)             in language  on input line 70.
 [16]) (./predicao/elm.m
Package babel Info: Redefining portuges shorthand "|
(babel)             in language  on input line 33.
Package babel Info: Redefining portuges shorthand "|
(babel)             in language  on input line 33.
 [17]
Package babel Info: Redefining portuges shorthand "|
(babel)             in language  on input line 95.
Package babel Info: Redefining portuges shorthand "|
(babel)             in language  on input line 95.
 [18]
Package babel Info: Redefining portuges shorthand "|
(babel)             in language  on input line 158.
Package babel Info: Redefining portuges shorthand "|
(babel)             in language  on input line 158.
 [19])
Package babel Info: Redefining portuges shorthand "|
(babel)             in language  on input line 24.
Package babel Info: Redefining portuges shorthand "|
(babel)             in language  on input line 24.
 [20]
Package babel Info: Redefining portuges shorthand "|
(babel)             in language  on input line 26.

<image/forward1.png, id=733, 421.575pt x 316.18124pt>
File: image/forward1.png Graphic file (type png)
 <use image/forward1.png>
Package pdftex.def Info: image/forward1.png used on input line 41.
(pdftex.def)             Requested size: 256.07481pt x 192.05975pt.

<image/forward2.png, id=734, 421.575pt x 316.18124pt>
File: image/forward2.png Graphic file (type png)
 <use image/forward2.png>
Package pdftex.def Info: image/forward2.png used on input line 47.
(pdftex.def)             Requested size: 256.07481pt x 192.05975pt.

<image/forward3.png, id=735, 421.575pt x 316.18124pt>
File: image/forward3.png Graphic file (type png)
 <use image/forward3.png>
Package pdftex.def Info: image/forward3.png used on input line 54.
(pdftex.def)             Requested size: 256.07481pt x 192.05975pt.

<image/forward4.png, id=736, 421.575pt x 316.18124pt>
File: image/forward4.png Graphic file (type png)
 <use image/forward4.png>
Package pdftex.def Info: image/forward4.png used on input line 60.
(pdftex.def)             Requested size: 256.07481pt x 192.05975pt.

<image/forward5.png, id=737, 421.575pt x 316.18124pt>
File: image/forward5.png Graphic file (type png)
 <use image/forward5.png>
Package pdftex.def Info: image/forward5.png used on input line 67.
(pdftex.def)             Requested size: 256.07481pt x 192.05975pt.
Package babel Info: Redefining portuges shorthand "|
(babel)             in language  on input line 85.
Package babel Info: Redefining portuges shorthand "|
(babel)             in language  on input line 85.

[21 <./image/forward1.png (PNG copy)> <./image/forward2.png (PNG copy)> <./imag
e/forward3.png (PNG copy)> <./image/forward4.png (PNG copy)> <./image/forward5.
png (PNG copy)>] <image/backward1.png, id=744, 421.575pt x 316.18124pt>
File: image/backward1.png Graphic file (type png)

<use image/backward1.png>
Package pdftex.def Info: image/backward1.png used on input line 92.
(pdftex.def)             Requested size: 256.07481pt x 192.05975pt.

<image/backward2.png, id=745, 421.575pt x 316.18124pt>
File: image/backward2.png Graphic file (type png)

<use image/backward2.png>
Package pdftex.def Info: image/backward2.png used on input line 98.
(pdftex.def)             Requested size: 256.07481pt x 192.05975pt.

<image/backward3.png, id=746, 421.575pt x 316.18124pt>
File: image/backward3.png Graphic file (type png)

<use image/backward3.png>
Package pdftex.def Info: image/backward3.png used on input line 105.
(pdftex.def)             Requested size: 256.07481pt x 192.05975pt.

<image/backward4.png, id=747, 421.575pt x 316.18124pt>
File: image/backward4.png Graphic file (type png)

<use image/backward4.png>
Package pdftex.def Info: image/backward4.png used on input line 111.
(pdftex.def)             Requested size: 256.07481pt x 192.05975pt.

<image/backward5.png, id=748, 421.575pt x 316.18124pt>
File: image/backward5.png Graphic file (type png)

<use image/backward5.png>
Package pdftex.def Info: image/backward5.png used on input line 118.
(pdftex.def)             Requested size: 256.07481pt x 192.05975pt.
Package babel Info: Redefining portuges shorthand "|
(babel)             in language  on input line 131.
Package babel Info: Redefining portuges shorthand "|
(babel)             in language  on input line 131.
 [22 <./image/backward1.png (PNG copy)> <./image/backward2.png (PNG copy)> <./i
mage/backward3.png (PNG copy)> <./image/backward4.png (PNG copy)> <./image/back
ward5.png (PNG copy)>]
<image/forward1_2.png, id=755, 449.68pt x 337.26pt>
File: image/forward1_2.png Graphic file (type png)
 <use image/forward1_2.png>
Package pdftex.def Info: image/forward1_2.png used on input line 145.
(pdftex.def)             Requested size: 256.07481pt x 192.06522pt.

<image/forward2_2.png, id=756, 449.68pt x 337.26pt>
File: image/forward2_2.png Graphic file (type png)
 <use image/forward2_2.png>
Package pdftex.def Info: image/forward2_2.png used on input line 151.
(pdftex.def)             Requested size: 256.07481pt x 192.06522pt.

<image/forward3_2.png, id=757, 449.68pt x 337.26pt>
File: image/forward3_2.png Graphic file (type png)
 <use image/forward3_2.png>
Package pdftex.def Info: image/forward3_2.png used on input line 158.
(pdftex.def)             Requested size: 256.07481pt x 192.06522pt.

<image/forward4_2.png, id=758, 449.68pt x 337.26pt>
File: image/forward4_2.png Graphic file (type png)
 <use image/forward4_2.png>
Package pdftex.def Info: image/forward4_2.png used on input line 164.
(pdftex.def)             Requested size: 256.07481pt x 192.06522pt.

<image/forward5_2.png, id=759, 449.68pt x 337.26pt>
File: image/forward5_2.png Graphic file (type png)
 <use image/forward5_2.png>
Package pdftex.def Info: image/forward5_2.png used on input line 171.
(pdftex.def)             Requested size: 256.07481pt x 192.06522pt.
Package babel Info: Redefining portuges shorthand "|
(babel)             in language  on input line 183.
Package babel Info: Redefining portuges shorthand "|
(babel)             in language  on input line 183.

[23 <./image/forward1_2.png (PNG copy)> <./image/forward2_2.png (PNG copy)> <./
image/forward3_2.png (PNG copy)> <./image/forward4_2.png (PNG copy)> <./image/f
orward5_2.png (PNG copy)>]
<image/backward1_2.png, id=766, 449.68pt x 337.26pt>
File: image/backward1_2.png Graphic file (type png)

<use image/backward1_2.png>
Package pdftex.def Info: image/backward1_2.png used on input line 197.
(pdftex.def)             Requested size: 256.07481pt x 192.06522pt.

<image/backward2_2.png, id=767, 449.68pt x 337.26pt>
File: image/backward2_2.png Graphic file (type png)

<use image/backward2_2.png>
Package pdftex.def Info: image/backward2_2.png used on input line 203.
(pdftex.def)             Requested size: 256.07481pt x 192.06522pt.

<image/backward3_2.png, id=768, 449.68pt x 337.26pt>
File: image/backward3_2.png Graphic file (type png)

<use image/backward3_2.png>
Package pdftex.def Info: image/backward3_2.png used on input line 210.
(pdftex.def)             Requested size: 256.07481pt x 192.06522pt.

<image/backward4_2.png, id=769, 449.68pt x 337.26pt>
File: image/backward4_2.png Graphic file (type png)

<use image/backward4_2.png>
Package pdftex.def Info: image/backward4_2.png used on input line 216.
(pdftex.def)             Requested size: 256.07481pt x 192.06522pt.

<image/backward5_2.png, id=770, 449.68pt x 337.26pt>
File: image/backward5_2.png Graphic file (type png)

<use image/backward5_2.png>
Package pdftex.def Info: image/backward5_2.png used on input line 223.
(pdftex.def)             Requested size: 256.07481pt x 192.06522pt.
Package babel Info: Redefining portuges shorthand "|
(babel)             in language  on input line 237.
Package babel Info: Redefining portuges shorthand "|
(babel)             in language  on input line 237.
 [24 <./image/backward1_2.png (PNG copy)> <./image/backward2_2.png (PNG copy)> 
<./image/backward3_2.png (PNG copy)> <./image/backward4_2.png (PNG copy)> <./im
age/backward5_2.png (PNG copy)>]
Overfull \hbox (1.33765pt too wide) in paragraph at lines 239--244
[][]\OT1/cmr/m/n/12 Resultados ob-ti-dos para di-ver-sos va-lo-res do n^^Sumero
 de itera^^Xc~oes do al-go-ritmo oti-mi-za-dor. Destaca-
 []

<image/mlp_50_iterations.png, id=777, 449.68pt x 337.26pt>
File: image/mlp_50_iterations.png Graphic file (type png)

<use image/mlp_50_iterations.png>
Package pdftex.def Info: image/mlp_50_iterations.png used on input line 251.
(pdftex.def)             Requested size: 169.0103pt x 126.75522pt.

<image/mlp_100_iterations.png, id=778, 449.68pt x 337.26pt>
File: image/mlp_100_iterations.png Graphic file (type png)

<use image/mlp_100_iterations.png>
Package pdftex.def Info: image/mlp_100_iterations.png used on input line 256.
(pdftex.def)             Requested size: 169.0103pt x 126.75522pt.

<image/mlp_150_iterations.png, id=779, 449.68pt x 337.26pt>
File: image/mlp_150_iterations.png Graphic file (type png)

<use image/mlp_150_iterations.png>
Package pdftex.def Info: image/mlp_150_iterations.png used on input line 261.
(pdftex.def)             Requested size: 169.0103pt x 126.75522pt.

<image/mlp_200_iterations.png, id=780, 449.68pt x 337.26pt>
File: image/mlp_200_iterations.png Graphic file (type png)

<use image/mlp_200_iterations.png>
Package pdftex.def Info: image/mlp_200_iterations.png used on input line 267.
(pdftex.def)             Requested size: 169.0103pt x 126.75522pt.

<image/mlp_300_iterations.png, id=781, 449.68pt x 337.26pt>
File: image/mlp_300_iterations.png Graphic file (type png)

<use image/mlp_300_iterations.png>
Package pdftex.def Info: image/mlp_300_iterations.png used on input line 272.
(pdftex.def)             Requested size: 169.0103pt x 126.75522pt.

<image/mlp_400_iterations.png, id=782, 449.68pt x 337.26pt>
File: image/mlp_400_iterations.png Graphic file (type png)

<use image/mlp_400_iterations.png>
Package pdftex.def Info: image/mlp_400_iterations.png used on input line 277.
(pdftex.def)             Requested size: 169.0103pt x 126.75522pt.

<image/mlp_500_iterations.png, id=783, 449.68pt x 337.26pt>
File: image/mlp_500_iterations.png Graphic file (type png)

<use image/mlp_500_iterations.png>
Package pdftex.def Info: image/mlp_500_iterations.png used on input line 283.
(pdftex.def)             Requested size: 169.0103pt x 126.75522pt.

<image/mlp_600_iterations.png, id=784, 449.68pt x 337.26pt>
File: image/mlp_600_iterations.png Graphic file (type png)

<use image/mlp_600_iterations.png>
Package pdftex.def Info: image/mlp_600_iterations.png used on input line 288.
(pdftex.def)             Requested size: 169.0103pt x 126.75522pt.

<image/mlp_700_iterations.png, id=785, 449.68pt x 337.26pt>
File: image/mlp_700_iterations.png Graphic file (type png)

<use image/mlp_700_iterations.png>
Package pdftex.def Info: image/mlp_700_iterations.png used on input line 293.
(pdftex.def)             Requested size: 169.0103pt x 126.75522pt.

<image/mlp_800_iterations.png, id=786, 449.68pt x 337.26pt>
File: image/mlp_800_iterations.png Graphic file (type png)

<use image/mlp_800_iterations.png>
Package pdftex.def Info: image/mlp_800_iterations.png used on input line 299.
(pdftex.def)             Requested size: 256.07481pt x 192.06522pt.

<image/mlp_900_iterations.png, id=787, 449.68pt x 337.26pt>
File: image/mlp_900_iterations.png Graphic file (type png)

<use image/mlp_900_iterations.png>
Package pdftex.def Info: image/mlp_900_iterations.png used on input line 304.
(pdftex.def)             Requested size: 256.07481pt x 192.06522pt.
Package babel Info: Redefining portuges shorthand "|
(babel)             in language  on input line 316.
Package babel Info: Redefining portuges shorthand "|
(babel)             in language  on input line 316.
 [25 <./image/mlp_50_iterations.png (PNG copy)> <./image/mlp_100_iterations.png
 (PNG copy)> <./image/mlp_150_iterations.png (PNG copy)> <./image/mlp_200_itera
tions.png (PNG copy)> <./image/mlp_300_iterations.png (PNG copy)> <./image/mlp_
400_iterations.png (PNG copy)> <./image/mlp_500_iterations.png (PNG copy)> <./i
mage/mlp_600_iterations.png (PNG copy)> <./image/mlp_700_iterations.png (PNG co
py)> <./image/mlp_800_iterations.png (PNG copy)> <./image/mlp_900_iterations.pn
g (PNG copy)>]
<image/elm_100_neurons.png, id=792, 578.16pt x 433.62pt>
File: image/elm_100_neurons.png Graphic file (type png)

<use image/elm_100_neurons.png>
Package pdftex.def Info: image/elm_100_neurons.png used on input line 330.
(pdftex.def)             Requested size: 256.07481pt x 192.05052pt.

<image/elm_150_neurons.png, id=793, 578.16pt x 433.62pt>
File: image/elm_150_neurons.png Graphic file (type png)

<use image/elm_150_neurons.png>
Package pdftex.def Info: image/elm_150_neurons.png used on input line 336.
(pdftex.def)             Requested size: 256.07481pt x 192.05052pt.

<image/elm_250_neurons.png, id=794, 578.16pt x 433.62pt>
File: image/elm_250_neurons.png Graphic file (type png)

<use image/elm_250_neurons.png>
Package pdftex.def Info: image/elm_250_neurons.png used on input line 343.
(pdftex.def)             Requested size: 256.07481pt x 192.05052pt.

<image/elm_500_neurons.png, id=795, 578.16pt x 433.62pt>
File: image/elm_500_neurons.png Graphic file (type png)

<use image/elm_500_neurons.png>
Package pdftex.def Info: image/elm_500_neurons.png used on input line 349.
(pdftex.def)             Requested size: 256.07481pt x 192.05052pt.

<image/elm_1000_neurons.png, id=796, 578.16pt x 433.62pt>
File: image/elm_1000_neurons.png Graphic file (type png)

<use image/elm_1000_neurons.png>
Package pdftex.def Info: image/elm_1000_neurons.png used on input line 356.
(pdftex.def)             Requested size: 256.07481pt x 192.05052pt.
)
Package atveryend Info: Empty hook `BeforeClearDocument' on input line 80.
Package babel Info: Redefining portuges shorthand "|
(babel)             in language  on input line 80.
Package babel Info: Redefining portuges shorthand "|
(babel)             in language  on input line 80.
 [26 <./image/elm_100_neurons.png (PNG copy)> <./image/elm_150_neurons.png (PNG
 copy)> <./image/elm_250_neurons.png (PNG copy)> <./image/elm_500_neurons.png (
PNG copy)> <./image/elm_1000_neurons.png (PNG copy)>]
Package atveryend Info: Empty hook `AfterLastShipout' on input line 80.
 (./efc1.aux)
Package atveryend Info: Executing hook `AtVeryEndDocument' on input line 80.
Package atveryend Info: Executing hook `AtEndAfterFileList' on input line 80.
Package rerunfilecheck Info: File `efc1.out' has not changed.
(rerunfilecheck)             Checksum: 42FE3723B26F7E3EF987A7CB58E18D94;1364.
Package atveryend Info: Empty hook `AtVeryVeryEnd' on input line 80.
 ) 
Here is how much of TeX's memory you used:
 11671 strings out of 493089
 168017 string characters out of 6140694
 607523 words of memory out of 5000000
 14353 multiletter control sequences out of 15000+600000
 22643 words of font info for 82 fonts, out of 8000000 for 9000
 1141 hyphenation exceptions out of 8191
 42i,22n,41p,338b,1876s stack positions out of 5000i,500n,10000p,200000b,80000s
{/usr/share/texmf-dist/fonts/enc/dvips/base/8r.enc}</usr/share/texmf-dist/fon
ts/type1/public/amsfonts/cm/cmbx10.pfb></usr/share/texmf-dist/fonts/type1/publi
c/amsfonts/cm/cmbx12.pfb></usr/share/texmf-dist/fonts/type1/public/amsfonts/cm/
cmbxti10.pfb></usr/share/texmf-dist/fonts/type1/public/amsfonts/cm/cmex10.pfb><
/usr/share/texmf-dist/fonts/type1/public/amsfonts/cm/cmmi10.pfb></usr/share/tex
mf-dist/fonts/type1/public/amsfonts/cm/cmmi12.pfb></usr/share/texmf-dist/fonts/
type1/public/amsfonts/cm/cmmi6.pfb></usr/share/texmf-dist/fonts/type1/public/am
sfonts/cm/cmmi8.pfb></usr/share/texmf-dist/fonts/type1/public/amsfonts/cm/cmmib
10.pfb></usr/share/texmf-dist/fonts/type1/public/amsfonts/cmextra/cmmib8.pfb></
usr/share/texmf-dist/fonts/type1/public/amsfonts/cm/cmr10.pfb></usr/share/texmf
-dist/fonts/type1/public/amsfonts/cm/cmr12.pfb></usr/share/texmf-dist/fonts/typ
e1/public/amsfonts/cm/cmr6.pfb></usr/share/texmf-dist/fonts/type1/public/amsfon
ts/cm/cmr7.pfb></usr/share/texmf-dist/fonts/type1/public/amsfonts/cm/cmr8.pfb><
/usr/share/texmf-dist/fonts/type1/public/amsfonts/cm/cmsy10.pfb></usr/share/tex
mf-dist/fonts/type1/public/amsfonts/cm/cmsy8.pfb></usr/share/texmf-dist/fonts/t
ype1/public/amsfonts/cm/cmti10.pfb></usr/share/texmf-dist/fonts/type1/public/am
sfonts/cm/cmti12.pfb></usr/share/texmf-dist/fonts/type1/public/amsfonts/symbols
/msbm10.pfb></usr/share/texmf-dist/fonts/type1/urw/courier/ucrr8a.pfb>
Output written on efc1.pdf (27 pages, 722905 bytes).
PDF statistics:
 983 PDF objects out of 1000 (max. 8388607)
 876 compressed objects within 9 object streams
 546 named destinations out of 1000 (max. 500000)
 364 words of extra memory for PDF output out of 10000 (max. 10000000)

