Creating lock...Ok
Creating TLS key...Ok
Running PIN_AddThreadStartFunction...Ok
Running RTN_AddInstrumentFunction...Ok
initThreadData: Requesting lock...Ok
initThreadData: Releasing lock...Ok
initThreadData: Creating data structure for thread #0...Ok
Total number of threads = 1
Thread #0
|----- _exit with 24 static instructions. 
|----- _IO_flush_all_lockp with 190 static instructions. 
|----- _IO_cleanup with 120 static instructions. 
|----- deregister_tm_clones with 17 static instructions. 
|----- .fini with 18 static instructions. 
|----- .text with 551 static instructions. 
|----- __unregister_atfork with 3042 static instructions. 
|----- __cxa_finalize with 2418 static instructions. 
|----- __do_global_dtors_aux with 389 static instructions. 
|----- _fini with 83 static instructions. 
|----- _dl_sort_fini with 165 static instructions. 
|----- _dl_fini with 229 static instructions. 
|----- __call_tls_dtors with 26 static instructions. 
|----- __run_exit_handlers with 80 static instructions. 
|----- exit with 6 static instructions. 
|----- PerlIO_teardown with 12 static instructions. 
|----- Perl_sys_term with 6 static instructions. 
|----- perl_free with 6 static instructions. 
|----- PerlIO_cleantable with 50 static instructions. 
|----- PerlIO_cleanup with 33 static instructions. 
|----- do_clean_named_objs with 408500 static instructions. 
|----- XS_Storable__Cxt_DESTROY with 58 static instructions. 
|----- do_clean_objs with 211904 static instructions. 
|----- S_visit with 108 static instructions. 
|----- Perl_sv_clean_objs with 13 static instructions. 
|----- PerlIO_destruct with 47 static instructions. 
|----- Perl_nothreadhook with 2 static instructions. 
|----- Perl_my_fflush_all with 2 static instructions. 
|----- perl_destruct with 1491 static instructions. 
|----- S_my_exit_jump with 86 static instructions. 
|----- Perl_my_exit with 18 static instructions. 
|----- Perl_pp_exit with 17 static instructions. 
|----- inflateEnd with 27 static instructions. 
|----- XS_Compress__Raw__Zlib__inflateStream_DESTROY with 78 static instructions. 
|----- inflate_fast with 379 static instructions. 
|----- updatewindow with 210 static instructions. 
|----- inflate_table with 1059 static instructions. 
|----- inflate with 3132 static instructions. 
|----- XS_Compress__Raw__Zlib__inflateStream_inflate with 467 static instructions. 
|----- inflateReset with 30 static instructions. 
|----- inflateInit2_ with 69 static instructions. 
|----- XS_Compress__Raw__Zlib__inflateInit with 216 static instructions. 
|----- Perl_sv_2pvbyte with 33 static instructions. 
|----- XS_MIME__Base64_decode_base64 with 182 static instructions. 
|----- __GI___strncasecmp_l with 6096 static instructions. 
|----- __GI_____strtod_l_internal with 5790 static instructions. 
|----- __strtod_internal with 9 static instructions. 
|----- S_sortcv_stacked with 314391 static instructions. 
|----- XS_MIME__Base64_encode_base64 with 2007 static instructions. 
|----- Perl_sv_kill_backrefs with 792 static instructions. 
|----- Perl_magic_killbackrefs with 18 static instructions. 
|----- default_bzfree with 216 static instructions. 
|----- BZ2_bzCompressEnd with 351 static instructions. 
|----- XS_Compress__Raw__Bzip2_DESTROY with 513 static instructions. 
|----- isempty_RL with 140 static instructions. 
|----- BZ2_hbAssignCodes with 1334 static instructions. 
|----- BZ2_hbMakeCodeLengths with 53544 static instructions. 
|----- bsPutUInt32 with 1638 static instructions. 
|----- bsPutUChar with 3312 static instructions. 
|----- BZ2_bsInitWrite with 27 static instructions. 
|----- fallbackSort with 3690 static instructions. 
|----- BZ2_blockSort with 16407 static instructions. 
|----- BZ2_compressBlock with 25146 static instructions. 
|----- XS_Compress__Raw__Bzip2_bzclose with 1809 static instructions. 
|----- Perl_pp_untie with 1422 static instructions. 
|----- GetErrorString with 141 static instructions. 
|----- add_pair_to_block with 483208 static instructions. 
|----- handle_compress with 5020 static instructions. 
|----- BZ2_bzCompress with 1980 static instructions. 
|----- XS_Compress__Raw__Bzip2_bzdeflate with 2304 static instructions. 
|----- XS_Compress__Raw__Bzip2_constant with 915 static instructions. 
|----- prepare_new_block with 99 static instructions. 
|----- init_RL with 54 static instructions. 
|----- default_bzalloc with 108 static instructions. 
|----- bz_config_ok with 18 static instructions. 
|----- BZ2_bzCompressInit with 1179 static instructions. 
|----- XS_Compress__Raw__Bzip2_new with 1971 static instructions. 
|----- XS_Scalar__Util_readonly with 1098 static instructions. 
|----- Perl_sv_rvweaken with 630 static instructions. 
|----- zcfree with 94 static instructions. 
|----- deflateEnd with 612 static instructions. 
|----- XS_Compress__Raw__Zlib__deflateStream_DESTROY with 675 static instructions. 
|----- bi_windup with 261 static instructions. 
|----- compress_block with 2682 static instructions. 
|----- send_tree with 6444 static instructions. 
|----- scan_tree with 1386 static instructions. 
|----- pqdownheap with 169200 static instructions. 
|----- build_tree with 9072 static instructions. 
|----- _tr_flush_block with 3024 static instructions. 
|----- XS_Compress__Raw__Zlib__deflateStream_flush with 2196 static instructions. 
|----- longest_match with 4656618 static instructions. 
|----- fill_window with 160026 static instructions. 
|----- deflate_slow with 5508 static instructions. 
|----- flush_pending with 1184 static instructions. 
|----- putShortMSB with 324 static instructions. 
|----- deflate with 16652 static instructions. 
|----- deRef_l with 3737 static instructions. 
|----- deRef with 1235 static instructions. 
|----- XS_Compress__Raw__Zlib__deflateStream_deflate with 2529 static instructions. 
|----- PostInitStream with 356 static instructions. 
|----- init_block with 414 static instructions. 
|----- _tr_init with 144 static instructions. 
|----- adler32 with 7530 static instructions. 
|----- deflateReset with 774 static instructions. 
|----- zcalloc with 141 static instructions. 
|----- deflateInit2_ with 1602 static instructions. 
|----- InitStream with 209 static instructions. 
|----- XS_Compress__Raw__Zlib__deflateInit with 2358 static instructions. 
|----- XS_Compress__Raw__Zlib_constant with 2989 static instructions. 
|----- Perl_rninstr with 336 static instructions. 
|----- Perl_pp_i_le with 44928 static instructions. 
|----- Perl_magic_setsubstr with 7968 static instructions. 
|----- XS_Math__BigInt__FastCalc__zero with 2204 static instructions. 
|----- XS_Math__BigInt__FastCalc__one with 168 static instructions. 
|----- Perl_pp_i_ge with 1944 static instructions. 
|----- Perl_pp_i_ne with 4896 static instructions. 
|----- XS_Math__BigInt__FastCalc__copy with 18912 static instructions. 
|----- XS_Math__BigInt__FastCalc__is_one with 210 static instructions. 
|----- XS_Math__BigInt__FastCalc__num with 6195 static instructions. 
|----- XS_Math__BigInt__FastCalc__acmp with 31620 static instructions. 
|----- Perl_pp_i_modulo_0 with 2882 static instructions. 
|----- Perl_pp_i_modulo with 139 static instructions. 
|----- Perl_pp_i_divide with 142680 static instructions. 
|----- XS_Math__BigInt__FastCalc__len with 17595 static instructions. 
|----- XS_Math__BigInt__FastCalc__is_zero with 27690 static instructions. 
|----- Perl_pp_abs with 4004 static instructions. 
|----- XS_Math__BigInt__FastCalc__new with 28710 static instructions. 
|----- sleep with 200 static instructions. 
|----- __nanosleep_nocancel with 506 static instructions. 
|----- nanosleep with 44 static instructions. 
|----- usleep with 224 static instructions. 
|----- XS_Time__HiRes_sleep with 2030 static instructions. 
|----- pow with 600 static instructions. 
|----- Perl_do_chop with 20298 static instructions. 
|----- Perl_pp_schop with 2346 static instructions. 
|----- rename with 10 static instructions. 
|----- Perl_pp_rename with 61 static instructions. 
|----- utimes with 14795 static instructions. 
|----- Perl_pp_send with 620080 static instructions. 
|----- Perl_pp_tied with 92805 static instructions. 
|----- PerlIOBase_binmode with 96840 static instructions. 
|----- PerlIORaw_pushed with 139880 static instructions. 
|----- PerlIO_binmode with 126430 static instructions. 
|----- Perl_mode_from_discipline with 271690 static instructions. 
|----- Perl_pp_binmode with 551450 static instructions. 
|----- Perl_pp_xor with 153330 static instructions. 
|----- XS_Scalar__Util_blessed with 223532 static instructions. 
|----- ftruncate64 with 20 static instructions. 
|----- Perl_pp_truncate with 270 static instructions. 
|----- Perl_do_tell with 84 static instructions. 
|----- Perl_pp_tell with 246 static instructions. 
|----- PerlIO_vprintf with 56 static instructions. 
|----- PerlIO_printf with 29 static instructions. 
|----- XS_Digest__MD5_add with 1248 static instructions. 
|----- rmdir with 40 static instructions. 
|----- Perl_pp_rmdir with 304 static instructions. 
|----- Perl_my_lstat with 258 static instructions. 
|----- Perl_pp_ftlink with 228 static instructions. 
|----- getcwd with 850 static instructions. 
|----- Perl_getcwd_sv with 84 static instructions. 
|----- XS_Cwd_getcwd with 96 static instructions. 
|----- Perl_pp_right_shift with 484 static instructions. 
|----- Perl_sighandler with 1912 static instructions. 
|----- Perl_despatch_signals with 180 static instructions. 
|----- __restore_rt with 12 static instructions. 
|----- Perl_csighandler with 128 static instructions. 
|----- Perl_pp_waitpid with 2592 static instructions. 
|----- Perl_pp_sysread with 1613060 static instructions. 
|----- __select_nocancel with 575 static instructions. 
|----- select with 46 static instructions. 
|----- Perl_pp_sselect with 5428 static instructions. 
|----- Perl_pp_fileno with 6642 static instructions. 
|----- Perl_pp_fork with 308 static instructions. 
|----- Perl_pp_pipe_op with 1312 static instructions. 
|----- restore_sigmask with 136 static instructions. 
|----- Perl_rsignal with 280 static instructions. 
|----- sigprocmask with 312 static instructions. 
|----- sigaddset with 180 static instructions. 
|----- chdir with 100 static instructions. 
|----- Perl_pp_chdir with 2360 static instructions. 
|----- clean_retrieve_context with 43 static instructions. 
|----- retrieve_lutf8str with 336 static instructions. 
|----- retrieve_utf8str with 3521 static instructions. 
|----- retrieve_flag_hash with 29224 static instructions. 
|----- retrieve_undef with 4345 static instructions. 
|----- retrieve_lscalar with 11537 static instructions. 
|----- retrieve_double with 3105 static instructions. 
|----- retrieve_integer with 483 static instructions. 
|----- retrieve_byte with 13561 static instructions. 
|----- retrieve_array with 79040 static instructions. 
|----- retrieve_ref with 128772 static instructions. 
|----- retrieve_scalar with 1202344 static instructions. 
|----- retrieve_hash with 111510 static instructions. 
|----- retrieve_blessed with 4522 static instructions. 
|----- retrieve with 4890100 static instructions. 
|----- do_retrieve with 528 static instructions. 
|----- reset_context with 8 static instructions. 
|----- Perl_sv_free with 258 static instructions. 
|----- Perl_ptr_table_clear with 28 static instructions. 
|----- Perl_ptr_table_free with 13 static instructions. 
|----- clean_store_context with 70 static instructions. 
|----- Perl_ptr_table_split with 485 static instructions. 
|----- store_array with 145920 static instructions. 
|----- Perl_hv_riter_set with 13212 static instructions. 
|----- store_ref with 248724 static instructions. 
|----- store_scalar with 7341229 static instructions. 
|----- store_hash with 637846 static instructions. 
|----- known_class with 1900 static instructions. 
|----- pkg_can with 3952 static instructions. 
|----- store_blessed with 73454 static instructions. 
|----- sv_type with 712189 static instructions. 
|----- Perl_ptr_table_store with 675976 static instructions. 
|----- S_ptr_table_find with 585912 static instructions. 
|----- Perl_ptr_table_fetch with 86394 static instructions. 
|----- store with 1567434 static instructions. 
|----- Perl_ptr_table_new with 13 static instructions. 
|----- do_store with 172 static instructions. 
|----- XS_Storable_dclone with 118 static instructions. 
|----- mkdir with 220 static instructions. 
|----- Perl_pp_mkdir with 2068 static instructions. 
|----- XS_IO__Handle_flush with 231 static instructions. 
|----- Perl_pp_select with 1062 static instructions. 
|----- Perl_pp_chomp with 864 static instructions. 
|----- PerlIOBuf_seek with 210 static instructions. 
|----- Perl_do_seek with 270 static instructions. 
|----- Perl_pp_sysseek with 1044 static instructions. 
|----- Perl_pp_flock with 804 static instructions. 
|----- umask with 18 static instructions. 
|----- Perl_pp_umask with 360 static instructions. 
|----- Perl_pp_scmp with 336303 static instructions. 
|----- Perl_my_popen_list with 231 static instructions. 
|----- Perl_savesvpv with 64584 static instructions. 
|----- __setpgid with 10 static instructions. 
|----- Perl_pp_setpgrp with 87 static instructions. 
|----- Perl_is_gv_magical_sv with 21400 static instructions. 
|----- Perl_magic_setpos with 298 static instructions. 
|----- Perl_pp_pos with 290 static instructions. 
|----- Perl_regclass_swash with 790 static instructions. 
|----- Perl_is_utf8_digit with 7 static instructions. 
|----- Perl_utf8_distance with 1246 static instructions. 
|----- XML_ParserFree with 936 static instructions. 
|----- XS_XML__SAX__ExpatXS_ParserFree with 633 static instructions. 
|----- epilogProcessor with 531 static instructions. 
|----- __GI___stpcpy with 7008 static instructions. 
|----- __tfind with 3360 static instructions. 
|----- __current_locale_name with 960 static instructions. 
|----- pthread_rwlock_rdlock with 37152 static instructions. 
|----- __dcigettext with 51648 static instructions. 
|----- dcgettext with 480 static instructions. 
|----- __strerror_r with 10272 static instructions. 
|----- strerror with 3936 static instructions. 
|----- Perl_is_utf8_char with 198 static instructions. 
|----- S_is_utf8_common with 68 static instructions. 
|----- Perl_is_utf8_space with 7 static instructions. 
|----- normal_predefinedEntityName with 348 static instructions. 
|----- normal_attributeValueTok with 1536 static instructions. 
|----- appendAttributeValue with 1665 static instructions. 
|----- normal_scanRef with 2088 static instructions. 
|----- Perl_sv_catpv with 18792 static instructions. 
|----- getAttributeId with 48807 static instructions. 
|----- S_reghopmaybe3 with 4664 static instructions. 
|----- S_to_utf8_substr with 901 static instructions. 
|----- endCdata with 6075 static instructions. 
|----- normal_cdataSectionTok with 169905 static instructions. 
|----- doCdataSection with 24624 static instructions. 
|----- startCdata with 6075 static instructions. 
|----- endElement with 33024 static instructions. 
|----- sendCharacterData with 49882 static instructions. 
|----- characterData with 60027 static instructions. 
|----- Perl_bytes_from_utf8 with 608853 static instructions. 
|----- gen_ns_node with 104643 static instructions. 
|----- startElement with 38784 static instructions. 
|----- normal_getAtts with 33216 static instructions. 
|----- storeAtts with 167040 static instructions. 
|----- normal_nameLength with 13478 static instructions. 
|----- normal_contentTok with 959352 static instructions. 
|----- doContent with 4956 static instructions. 
|----- contentProcessor with 240 static instructions. 
|----- commenthandle with 3008 static instructions. 
|----- reportComment with 6176 static instructions. 
|----- normal_scanComment with 3136 static instructions. 
|----- prolog2 with 560 static instructions. 
|----- doctypeEnd with 201 static instructions. 
|----- XML_DefaultCurrent with 251484 static instructions. 
|----- skippedEntity with 360 static instructions. 
|----- externalEntityRef with 2355 static instructions. 
|----- myfree with 787 static instructions. 
|----- __strncat_sse2_unaligned with 12396 static instructions. 
|----- __strncpy_sse2_unaligned with 6036 static instructions. 
|----- doctypeStart with 507 static instructions. 
|----- doctype4 with 135 static instructions. 
|----- normal_scanLit with 291 static instructions. 
|----- doctype3 with 120 static instructions. 
|----- doctype1 with 402 static instructions. 
|----- doctype0 with 138 static instructions. 
|----- XML_GetCurrentColumnNumber with 44440 static instructions. 
|----- normal_updatePosition with 177760 static instructions. 
|----- XML_GetCurrentLineNumber with 53328 static instructions. 
|----- recString with 197758 static instructions. 
|----- prolog1 with 324 static instructions. 
|----- xmlDecl with 540 static instructions. 
|----- normal_nameMatchesAscii with 243 static instructions. 
|----- utf8_toUtf8 with 25920 static instructions. 
|----- parsePseudoAttribute with 1278 static instructions. 
|----- doParseXmlDecl with 708 static instructions. 
|----- XmlParseXmlDeclNS with 57 static instructions. 
|----- processXmlDecl with 1047 static instructions. 
|----- prolog0 with 195 static instructions. 
|----- doProlog with 7809 static instructions. 
|----- normal_scanPi with 732 static instructions. 
|----- normal_prologTok with 31842 static instructions. 
|----- initScan with 411 static instructions. 
|----- initScanPrologNS with 21 static instructions. 
|----- XmlInitEncodingNS with 156 static instructions. 
|----- prologInitProcessor with 159 static instructions. 
|----- XML_ParseBuffer with 234 static instructions. 
|----- XML_GetBuffer with 342 static instructions. 
|----- XML_Parse with 264 static instructions. 
|----- XS_XML__SAX__ExpatXS_ParseString with 294 static instructions. 
|----- Perl_pad_push with 354798 static instructions. 
|----- XS_XML__SAX__ExpatXS_SetCallbacks with 315 static instructions. 
|----- XS_XML__SAX__ExpatXS_GetExternEnt with 162 static instructions. 
|----- XS_XML__SAX__ExpatXS_GetRecognizedString with 183 static instructions. 
|----- XS_XML__SAX__ExpatXS_GetLocator with 456 static instructions. 
|----- XML_SetParamEntityParsing with 33 static instructions. 
|----- XML_SetDefaultHandlerExpand with 9 static instructions. 
|----- get_feature with 987 static instructions. 
|----- XML_SetUnknownEncodingHandler with 9 static instructions. 
|----- XML_SetSkippedEntityHandler with 6 static instructions. 
|----- XML_SetEndDoctypeDeclHandler with 6 static instructions. 
|----- XML_SetStartDoctypeDeclHandler with 6 static instructions. 
|----- XML_SetXmlDeclHandler with 6 static instructions. 
|----- XML_SetExternalEntityRefHandler with 6 static instructions. 
|----- XML_SetNotationDeclHandler with 6 static instructions. 
|----- XML_SetUnparsedEntityDeclHandler with 6 static instructions. 
|----- XML_SetEntityDeclHandler with 6 static instructions. 
|----- XML_SetAttlistDeclHandler with 6 static instructions. 
|----- XML_SetElementDeclHandler with 6 static instructions. 
|----- XML_SetCdataSectionHandler with 9 static instructions. 
|----- XML_SetCommentHandler with 6 static instructions. 
|----- XML_SetProcessingInstructionHandler with 6 static instructions. 
|----- XML_SetCharacterDataHandler with 6 static instructions. 
|----- XML_SetElementHandler with 9 static instructions. 
|----- XML_SetUserData with 27 static instructions. 
|----- XML_SetNamespaceDeclHandler with 9 static instructions. 
|----- addBinding with 564 static instructions. 
|----- lookup with 126720 static instructions. 
|----- poolGrow with 26460 static instructions. 
|----- setContext with 561 static instructions. 
|----- XmlGetUtf8InternalEncodingNS with 6 static instructions. 
|----- XmlInitEncoding with 156 static instructions. 
|----- XmlPrologStateInit with 18 static instructions. 
|----- parserInit with 312 static instructions. 
|----- mymalloc with 95 static instructions. 
|----- parserCreate with 561 static instructions. 
|----- XML_ParserCreate_MM with 63 static instructions. 
|----- XS_XML__SAX__ExpatXS_ParserCreate with 1248 static instructions. 
|----- Perl_save_hdelete with 114 static instructions. 
|----- XML_ExpatVersion with 6 static instructions. 
|----- XS_XML__SAX__ExpatXS_ExpatVersion with 186 static instructions. 
|----- newUTF8SVpv with 14315 static instructions. 
|----- boot_XML__SAX__ExpatXS with 608 static instructions. 
|----- unlink with 150 static instructions. 
|----- chmod with 13480 static instructions. 
|----- Perl_apply with 1814384 static instructions. 
|----- Perl_pp_chown with 124384 static instructions. 
|----- Perl_pp_rand with 1035 static instructions. 
|----- XS_Digest__MD5_md5 with 856 static instructions. 
|----- Perl_sv_utf8_downgrade with 2368 static instructions. 
|----- XS_utf8_downgrade with 1144 static instructions. 
|----- S_F0convert with 960 static instructions. 
|----- frexp with 73260 static instructions. 
|----- Perl_do_chomp with 15900 static instructions. 
|----- Perl_pp_schomp with 100 static instructions. 
|----- Perl_magic_getdefelem with 12084 static instructions. 
|----- Perl_pp_unshift with 20984 static instructions. 
|----- Perl_ck_warner with 40 static instructions. 
|----- Perl_pp_splice with 209924 static instructions. 
|----- XS_UNIVERSAL_can with 14763 static instructions. 
|----- XS_Math__BigInt__FastCalc__set_XS_BASE with 60 static instructions. 
|----- boot_Math__BigInt__FastCalc with 286 static instructions. 
|----- Perl_pp_i_negate with 649 static instructions. 
|----- Perl_pp_i_eq with 34992 static instructions. 
|----- Perl_pp_i_subtract with 232800 static instructions. 
|----- Perl_grok_bin with 7875 static instructions. 
|----- Perl_pp_i_lt with 49248 static instructions. 
|----- Perl_pp_i_gt with 26784 static instructions. 
|----- Perl_pp_i_multiply with 292656 static instructions. 
|----- Perl_pp_i_add with 290717 static instructions. 
|----- Perl_sv_dec with 384 static instructions. 
|----- __mpn_divrem with 6552405 static instructions. 
|----- Perl_magic_setpack with 105 static instructions. 
|----- log with 92 static instructions. 
|----- Perl_pp_sin with 604 static instructions. 
|----- S_vdie_common with 594 static instructions. 
|----- Perl_av_unshift with 43077 static instructions. 
|----- Perl_av_create_and_unshift_one with 21 static instructions. 
|----- Perl_pp_av2arylen with 116840 static instructions. 
|----- boot_re with 252 static instructions. 
|----- htovl with 26 static instructions. 
|----- S_get_num with 30 static instructions. 
|----- zlibVersion with 2 static instructions. 
|----- boot_Compress__Raw__Zlib with 470 static instructions. 
|----- Perl_pp_reverse with 26623 static instructions. 
|----- S_require_tie_mod with 1384 static instructions. 
|----- boot_Socket with 407 static instructions. 
|----- S_copy_little_tm_to_big_TM with 544 static instructions. 
|----- __offtime with 4522 static instructions. 
|----- __tzfile_compute with 6562 static instructions. 
|----- __tzstring_len with 2847 static instructions. 
|----- __tzstring with 273 static instructions. 
|----- _IO_default_finish with 33 static instructions. 
|----- _IO_file_finish with 42 static instructions. 
|----- _IO_file_close with 12 static instructions. 
|----- _IO_file_close_it with 94 static instructions. 
|----- __GI__IO_un_link.part.1 with 164 static instructions. 
|----- _IO_un_link with 10 static instructions. 
|----- fclose with 154 static instructions. 
|----- ftello with 107 static instructions. 
|----- _IO_file_seek with 2 static instructions. 
|----- _IO_unsave_markers with 16 static instructions. 
|----- _IO_file_seekoff with 682 static instructions. 
|----- _IO_seekoff_unlocked with 152 static instructions. 
|----- fseek with 53 static instructions. 
|----- __GI_memcmp with 22192 static instructions. 
|----- _IO_file_read with 32 static instructions. 
|----- _IO_switch_to_get_mode with 92 static instructions. 
|----- _IO_file_underflow with 374 static instructions. 
|----- __underflow with 136 static instructions. 
|----- _IO_file_stat with 4 static instructions. 
|----- _IO_file_doallocate with 75 static instructions. 
|----- _IO_doallocbuf with 54 static instructions. 
|----- _IO_file_xsgetn with 1144 static instructions. 
|----- _IO_sgetn with 208 static instructions. 
|----- fread_unlocked with 256 static instructions. 
|----- fileno_unlocked with 11 static instructions. 
|----- __fopen_maybe_mmap with 18 static instructions. 
|----- __strstr_sse2 with 304 static instructions. 
|----- _IO_file_open with 74 static instructions. 
|----- _IO_file_fopen with 257 static instructions. 
|----- _pthread_cleanup_pop_restore with 70 static instructions. 
|----- _pthread_cleanup_push_defer with 52 static instructions. 
|----- _IO_link_in with 266 static instructions. 
|----- _IO_new_file_init_internal with 13 static instructions. 
|----- __fopen_internal with 50 static instructions. 
|----- fopen with 2 static instructions. 
|----- __tzfile_read with 14144 static instructions. 
|----- tzset_internal with 2533 static instructions. 
|----- __tz_convert with 1887 static instructions. 
|----- localtime with 51 static instructions. 
|----- S_localtime_r with 493 static instructions. 
|----- Perl_pp_pow with 27048 static instructions. 
|----- Perl_pp_flop with 4697 static instructions. 
|----- Perl_pp_flip with 1925 static instructions. 
|----- Perl_pp_range with 715 static instructions. 
|----- Perl_pp_each with 54531 static instructions. 
|----- init_perinterp with 29 static instructions. 
|----- boot_Storable with 308 static instructions. 
|----- Perl_vcroak with 16 static instructions. 
|----- Perl_croak with 60 static instructions. 
|----- __GI___pthread_cleanup_upto with 459 static instructions. 
|----- S_closest_cop with 350 static instructions. 
|----- Perl_pp_gelem with 5670 static instructions. 
|----- Perl_magic_setutf8 with 108 static instructions. 
|----- Perl_bytes_to_utf8 with 30268 static instructions. 
|----- boot_MIME__Base64 with 233 static instructions. 
|----- Perl_ibcmp_utf8 with 534456 static instructions. 
|----- S_reghop3 with 127018 static instructions. 
|----- Perl_to_utf8_upper with 4 static instructions. 
|----- Perl_to_utf8_lower with 4 static instructions. 
|----- Perl_utf8_length with 54468 static instructions. 
|----- Perl_sv_len_utf8 with 34540 static instructions. 
|----- S_reguni with 6228 static instructions. 
|----- S_swash_get with 5632 static instructions. 
|----- Perl_swash_fetch with 7484394 static instructions. 
|----- Perl_pp_ne with 1723246 static instructions. 
|----- Perl_pp_ncmp with 1038933 static instructions. 
|----- S_sortcv with 148815 static instructions. 
|----- S_dopoptolabel with 511 static instructions. 
|----- __mpn_cmp with 155180 static instructions. 
|----- __mpn_rshift with 316540 static instructions. 
|----- __mpn_mul with 1464083 static instructions. 
|----- Perl_save_re_context with 1128 static instructions. 
|----- Perl_swash_init with 3738 static instructions. 
|----- Perl_to_utf8_case with 755281 static instructions. 
|----- Perl_to_utf8_fold with 20268 static instructions. 
|----- Perl_to_uni_fold with 32 static instructions. 
|----- Perl_sv_utf8_upgrade_flags_grow with 550914 static instructions. 
|----- XS_utf8_upgrade with 55 static instructions. 
|----- marked_upgrade with 209 static instructions. 
|----- Perl_pp_chr with 1507688 static instructions. 
|----- XS_Opcode_define_optag with 1064 static instructions. 
|----- set_opset_bits with 46002 static instructions. 
|----- get_op_bitspec with 26554 static instructions. 
|----- XS_Opcode_opset with 2071 static instructions. 
|----- XS_Opcode_opset_to_ops with 133 static instructions. 
|----- XS_Opcode_full_opset with 41 static instructions. 
|----- verify_opset with 16674 static instructions. 
|----- put_op_bitspec with 1197 static instructions. 
|----- new_opset with 616 static instructions. 
|----- Perl_get_op_names with 4 static instructions. 
|----- boot_Opcode with 413 static instructions. 
|----- boot_B with 3586 static instructions. 
|----- closedir with 2472 static instructions. 
|----- Perl_pp_closedir with 7313 static instructions. 
|----- Perl_rsignal_restore with 84 static instructions. 
|----- __waitpid with 1862 static instructions. 
|----- Perl_wait4pid with 1064 static instructions. 
|----- sigemptyset with 1116 static instructions. 
|----- Perl_rsignal_save with 1344 static instructions. 
|----- Perl_my_pclose with 1372 static instructions. 
|----- Perl_do_execfree with 126 static instructions. 
|----- fork with 3726 static instructions. 
|----- Perl_my_fork with 18 static instructions. 
|----- __pipe with 360 static instructions. 
|----- Perl_my_popen with 3549 static instructions. 
|----- Perl_pp_backtick with 3185 static instructions. 
|----- __fmod_finite with 5544 static instructions. 
|----- fmod with 880 static instructions. 
|----- S_gmtime64_r with 3663 static instructions. 
|----- Perl_pp_gmtime with 13524 static instructions. 
|----- __lxstat with 1218 static instructions. 
|----- Perl_pp_stat with 2462229 static instructions. 
|----- Perl_magic_existspack with 112 static instructions. 
|----- __getdents64 with 9476 static instructions. 
|----- readdir with 523872 static instructions. 
|----- Perl_pp_readdir with 792720 static instructions. 
|----- rewinddir with 36 static instructions. 
|----- Perl_pp_rewinddir with 65 static instructions. 
|----- Perl_magic_nextpack with 13632 static instructions. 
|----- __alloc_dir with 6695 static instructions. 
|----- opendir_tail with 5226 static instructions. 
|----- opendir with 2546 static instructions. 
|----- Perl_pp_open_dir with 12596 static instructions. 
|----- Perl_do_sprintf with 193088 static instructions. 
|----- Perl_pp_sprintf with 208173 static instructions. 
|----- Perl_pp_int with 609858 static instructions. 
|----- Perl_pp_divide with 46686 static instructions. 
|----- Perl_sv_cmp with 41383400 static instructions. 
|----- Perl_sortsv_flags with 245835 static instructions. 
|----- Perl_pp_sort with 561904 static instructions. 
|----- PerlIO_modestr with 70 static instructions. 
|----- dup with 10 static instructions. 
|----- PerlIOUnix_dup with 46 static instructions. 
|----- PerlIOBase_dup with 208 static instructions. 
|----- PerlIOBuf_dup with 1 static instructions. 
|----- PerlIO_fdupopen with 59 static instructions. 
|----- Perl_magic_setenv with 595 static instructions. 
|----- Perl_pp_time with 888 static instructions. 
|----- perl_run with 212 static instructions. 
|----- Perl_gv_check with 12420 static instructions. 
|----- XS_Digest__MD5_DESTROY with 53781 static instructions. 
|----- make_mortal_sv with 157662 static instructions. 
|----- u2s with 66384 static instructions. 
|----- MD5Final with 77448 static instructions. 
|----- XS_Digest__MD5_digest with 84119 static instructions. 
|----- MD5Transform with 6708717 static instructions. 
|----- MD5Update with 542010 static instructions. 
|----- get_md5_ctx with 70567 static instructions. 
|----- Perl_sv_2io with 100740 static instructions. 
|----- XS_Digest__MD5_addfile with 125307 static instructions. 
|----- PerlIO_intmode2str with 66288 static instructions. 
|----- Perl_pp_sysopen with 109099 static instructions. 
|----- Perl_pp_aslice with 401646 static instructions. 
|----- MD5Init with 19334 static instructions. 
|----- Perl_sv_setref_pv with 37746 static instructions. 
|----- XS_Digest__MD5_new with 118594 static instructions. 
|----- Perl_pp_wantarray with 292971 static instructions. 
|----- mremap with 132 static instructions. 
|----- mremap_chunk with 1296 static instructions. 
|----- munmap with 70 static instructions. 
|----- munmap_chunk with 287 static instructions. 
|----- mmap64 with 930 static instructions. 
|----- Perl_do_close with 304140 static instructions. 
|----- Perl_pp_close with 418608 static instructions. 
|----- PerlIOBase_clearerr with 528 static instructions. 
|----- Perl_PerlIO_clearerr with 1104 static instructions. 
|----- Perl_pp_oct with 4854384 static instructions. 
|----- _dl_vdso_vsym with 40 static instructions. 
|----- XS_Time__HiRes_time with 152011 static instructions. 
|----- XS_UNIVERSAL_isa with 2112964 static instructions. 
|----- __write_nocancel with 73692 static instructions. 
|----- write with 6408 static instructions. 
|----- PerlIOUnix_write with 70528 static instructions. 
|----- PerlIOBuf_write with 222880 static instructions. 
|----- Perl_PerlIO_write with 99996 static instructions. 
|----- Perl_do_print with 216216 static instructions. 
|----- Perl_pp_print with 722904 static instructions. 
|----- Perl_pp_lc with 1930095 static instructions. 
|----- getgroups with 20 static instructions. 
|----- boot_Cwd with 224 static instructions. 
|----- Perl_io_close with 438522 static instructions. 
|----- Perl_do_trans with 30655200 static instructions. 
|----- Perl_pp_trans with 1349600 static instructions. 
|----- Perl_do_readline with 15140888 static instructions. 
|----- Perl_pp_readline with 2221268 static instructions. 
|----- __fxstat with 117558 static instructions. 
|----- Perl_do_openn with 5408580 static instructions. 
|----- Perl_pp_open with 459918 static instructions. 
|----- Perl_pp_delete with 1685250 static instructions. 
|----- S_gv_get_super_pkg with 107550 static instructions. 
|----- Perl_pp_le with 1074003 static instructions. 
|----- Perl_pp_predec with 40788 static instructions. 
|----- Perl_pp_redo with 16351 static instructions. 
|----- Perl_av_pop with 173630 static instructions. 
|----- BZ2_bzlibVersion with 2 static instructions. 
|----- boot_Compress__Raw__Bzip2 with 312 static instructions. 
|----- Perl_vstringify with 2928 static instructions. 
|----- XS_UNIVERSAL_VERSION with 10128 static instructions. 
|----- Perl_vload_module with 214 static instructions. 
|----- Perl_load_module with 56 static instructions. 
|----- Perl_ck_glob with 189 static instructions. 
|----- Perl_ckwarn_d with 99976 static instructions. 
|----- Perl_utf8n_to_uvuni with 5048788 static instructions. 
|----- Perl_utf8_to_uvchr with 172652 static instructions. 
|----- S_reg_skipcomment with 19214 static instructions. 
|----- XS_File__Glob_constant with 1525 static instructions. 
|----- boot_File__Glob with 222 static instructions. 
|----- boot_List__Util with 366 static instructions. 
|----- __pthread_rwlock_unlock with 74672 static instructions. 
|----- __pthread_rwlock_wrlock with 31390 static instructions. 
|----- boot_Time__HiRes with 320 static instructions. 
|----- __pthread_mutex_unlock_usercnt with 2688 static instructions. 
|----- pthread_mutex_unlock with 84 static instructions. 
|----- elision_init with 16 static instructions. 
|----- register_tm_clones with 21 static instructions. 
|----- __register_atfork with 92 static instructions. 
|----- __libc_pthread_init with 22 static instructions. 
|----- __pthread_mutex_lock with 6300 static instructions. 
|----- __libc_dl_error_tsd with 201 static instructions. 
|----- getrlimit with 10 static instructions. 
|----- _dl_get_tls_static_info with 5 static instructions. 
|----- __libc_sigaction with 240 static instructions. 
|----- __pthread_initialize_minimal with 163 static instructions. 
|----- __GI___xstat with 57 static instructions. 
|----- open_path with 342 static instructions. 
|----- __strsep with 80 static instructions. 
|----- fillin_rpath with 189 static instructions. 
|----- decompose_rpath with 129 static instructions. 
|----- cache_rpath.part.6 with 60 static instructions. 
|----- Perl_pp_last with 5850684 static instructions. 
|----- Perl_save_ary with 408 static instructions. 
|----- Perl_pp_substr with 4463769 static instructions. 
|----- Perl_pp_subtract with 1557020 static instructions. 
|----- Perl_ninstr with 273 static instructions. 
|----- Perl_pp_index with 5334 static instructions. 
|----- Perl_pp_length with 928980 static instructions. 
|----- S_unpack_rec with 3211 static instructions. 
|----- Perl_unpackstring with 110 static instructions. 
|----- Perl_pp_unpack with 95 static instructions. 
|----- S_sv_exp_grow with 102 static instructions. 
|----- S_next_symbol with 21594 static instructions. 
|----- S_pack_rec with 50596 static instructions. 
|----- Perl_packlist with 574 static instructions. 
|----- Perl_pp_pack with 966 static instructions. 
|----- Perl_pp_left_shift with 847 static instructions. 
|----- Perl_save_gp with 83452 static instructions. 
|----- S_docatch with 414 static instructions. 
|----- Perl_call_method with 52258 static instructions. 
|----- S_magic_methcall with 264422 static instructions. 
|----- S_magic_methpack with 362748 static instructions. 
|----- Perl_magic_getpack with 24804 static instructions. 
|----- boot_Digest__MD5 with 267 static instructions. 
|----- Perl_ck_unpack with 400 static instructions. 
|----- Perl_pp_multiply with 569972 static instructions. 
|----- Perl_str_to_version with 70 static instructions. 
|----- Perl_newRANGE with 3360 static instructions. 
|----- S_scalarkids with 814 static instructions. 
|----- Perl_ck_exit with 25 static instructions. 
|----- Perl_ck_exec with 345 static instructions. 
|----- S_readpipe_override with 1190 static instructions. 
|----- boot_Data__Dumper with 216 static instructions. 
|----- Perl_pp_ord with 546940 static instructions. 
|----- Perl_sv_vsetpvf with 726 static instructions. 
|----- Perl_sv_setpvf with 957 static instructions. 
|----- Perl_tmps_grow with 1692 static instructions. 
|----- Perl_pad_fixup_inner_anons with 1216 static instructions. 
|----- Perl_cando with 8632 static instructions. 
|----- Perl_pp_ftrread with 20832 static instructions. 
|----- __libc_current_sigrtmin_private with 2 static instructions. 
|----- __libc_current_sigrtmax with 2 static instructions. 
|----- __ctype_get_mb_cur_max with 5 static instructions. 
|----- constant_add_symbol with 24827 static instructions. 
|----- boot_POSIX with 941 static instructions. 
|----- Perl_new_warnings_bitfield with 99 static instructions. 
|----- Perl_cv_ckproto_len with 32016 static instructions. 
|----- S_rxres_free with 131120 static instructions. 
|----- Perl_magic_setmglob with 124590 static instructions. 
|----- Perl_reg_numbered_buff_fetch with 5567981 static instructions. 
|----- Perl_pp_substcont with 9935632 static instructions. 
|----- Perl_rxres_save with 1841616 static instructions. 
|----- Perl_pp_sne with 5416068 static instructions. 
|----- Perl_hv_eiter_set with 12546 static instructions. 
|----- Perl_sv_insert_flags with 18020 static instructions. 
|----- XS_version_vcmp with 108 static instructions. 
|----- XS_version_boolean with 56 static instructions. 
|----- Perl_amagic_call with 9073138 static instructions. 
|----- Perl_uvuni_to_utf8_flags with 3430455 static instructions. 
|----- Perl_scan_vstring with 564 static instructions. 
|----- systrim.isra.0 with 496 static instructions. 
|----- Perl_pp_add with 4223305 static instructions. 
|----- Perl_pp_lt with 1261660 static instructions. 
|----- Perl_pp_bless with 207480 static instructions. 
|----- Perl_gv_fetchmethod_autoload with 990 static instructions. 
|----- Perl_sv_isobject with 63480 static instructions. 
|----- Perl_pp_tie with 6137 static instructions. 
|----- Perl_mg_size with 1650 static instructions. 
|----- Perl_pp_modulo with 46866 static instructions. 
|----- S_dopoptoloop with 1747020 static instructions. 
|----- Perl_pp_next with 511668 static instructions. 
|----- Perl_pp_repeat with 134608 static instructions. 
|----- Perl_hv_scalar with 1404 static instructions. 
|----- Perl_pp_goto with 353683 static instructions. 
|----- Perl_dowantarray with 85540 static instructions. 
|----- S_is_inplace_av with 17854 static instructions. 
|----- Perl_magic_setamagic with 33 static instructions. 
|----- Perl_pp_method with 72304 static instructions. 
|----- XS_mro_method_changed_in with 4662 static instructions. 
|----- XS_Internals_SvREADONLY with 10989 static instructions. 
|----- Perl_pp_eq with 7144506 static instructions. 
|----- Perl_pp_enterloop with 1572712 static instructions. 
|----- Perl_pp_ref with 2492880 static instructions. 
|----- Perl_reg_temp_copy with 7932801 static instructions. 
|----- Perl_reg_qr_package with 255 static instructions. 
|----- Perl_pp_qr with 8245 static instructions. 
|----- Perl_pp_ge with 2417628 static instructions. 
|----- Perl_hv_iterval with 1845560 static instructions. 
|----- S_find_and_forget_pmops with 23331 static instructions. 
|----- Perl_vnumify with 249 static instructions. 
|----- __longjmp with 180 static instructions. 
|----- _longjmp_unwind with 100 static instructions. 
|----- __libc_longjmp with 200 static instructions. 
|----- Perl_sv_backoff with 59126 static instructions. 
|----- Perl_dounwind with 3783200 static instructions. 
|----- Perl_die_where with 3699 static instructions. 
|----- Perl_vmess with 1134 static instructions. 
|----- S_vdie_croak_common with 279 static instructions. 
|----- Perl_die with 238 static instructions. 
|----- Perl_pp_die with 992 static instructions. 
|----- S_uiv_2buf with 155168 static instructions. 
|----- Perl_pp_undef with 4355314 static instructions. 
|----- Perl_vnewSVpvf with 51102 static instructions. 
|----- Perl_newSVpvf with 45060 static instructions. 
|----- XS_Fcntl_constant with 364 static instructions. 
|----- Perl_gv_autoload4 with 48670 static instructions. 
|----- Perl_newSUB with 258 static instructions. 
|----- Perl_av_fill with 17625 static instructions. 
|----- Perl_cv_clone with 21450 static instructions. 
|----- const_sv_xsub with 13772 static instructions. 
|----- Perl_get_cvn_flags with 1210 static instructions. 
|----- Perl_pp_uc with 751450 static instructions. 
|----- Perl_gp_ref with 39382 static instructions. 
|----- S_glob_assign_glob with 298540 static instructions. 
|----- Perl_pp_leavetry with 7300 static instructions. 
|----- Perl_pp_grepwhile with 19455744 static instructions. 
|----- Perl_pp_entertry with 1083 static instructions. 
|----- Perl_ck_repeat with 1040 static instructions. 
|----- S_regwhite with 365092 static instructions. 
|----- S_newDEFSVOP with 961 static instructions. 
|----- Perl_repeatcpy with 34398 static instructions. 
|----- ____strtol_l_internal with 11930744 static instructions. 
|----- __strtoll_internal with 113988 static instructions. 
|----- Perl_regcurly with 11648 static instructions. 
|----- S_scan_trans with 7125 static instructions. 
|----- Perl_magic_getvec with 216 static instructions. 
|----- Perl_hv_iterkeysv with 857112 static instructions. 
|----- Perl_do_kv with 630819 static instructions. 
|----- Perl_pp_postinc with 682759 static instructions. 
|----- Perl_gv_fullname4 with 17808 static instructions. 
|----- Perl_gv_efullname4 with 1484 static instructions. 
|----- Perl_magic_freeovrld with 4662 static instructions. 
|----- Perl_sv_unmagic with 930738 static instructions. 
|----- Perl_sv_chop with 381136 static instructions. 
|----- Perl_stack_grow with 110 static instructions. 
|----- Perl_pp_boolkeys with 5106 static instructions. 
|----- Perl_av_make with 504881 static instructions. 
|----- Perl_pp_anonlist with 355550 static instructions. 
|----- get_missing_hash with 308 static instructions. 
|----- boot_Fcntl with 358 static instructions. 
|----- S_save_pushptri32ptr with 15466 static instructions. 
|----- Perl_save_delete with 3636 static instructions. 
|----- Perl_find_runcv with 22680 static instructions. 
|----- Perl_fetch_cop_label with 14008 static instructions. 
|----- _itoa_word with 24300 static instructions. 
|----- Perl_pp_entereval with 169290 static instructions. 
|----- Perl_ck_trunc with 22 static instructions. 
|----- Perl_ck_readline with 989 static instructions. 
|----- Perl_delimcpy with 2145 static instructions. 
|----- Perl_ck_listiob with 22910 static instructions. 
|----- S_checkcomma with 128260 static instructions. 
|----- Perl_ck_eof with 74 static instructions. 
|----- Perl_ck_open with 4556 static instructions. 
|----- S_make_trie with 257621 static instructions. 
|----- Perl_pp_return with 48051784 static instructions. 
|----- boot_IO with 376 static instructions. 
|----- Perl_newRV with 4274 static instructions. 
|----- XS_DynaLoader_dl_install_xsub with 1539 static instructions. 
|----- do_sym with 5130 static instructions. 
|----- _dl_sym with 57 static instructions. 
|----- dlsym with 646 static instructions. 
|----- XS_DynaLoader_dl_find_symbol with 1330 static instructions. 
|----- XS_DynaLoader_dl_undef_symbols with 437 static instructions. 
|----- expand_dynamic_string_token with 2020 static instructions. 
|----- _dl_check_caller with 3040 static instructions. 
|----- dl_open_worker with 10602 static instructions. 
|----- _dl_open with 4142 static instructions. 
|----- dlopen with 456 static instructions. 
|----- XS_DynaLoader_dl_load_file with 1520 static instructions. 
|----- Perl_pp_ftrowned with 3556864 static instructions. 
|----- Perl_my_stat with 2923722 static instructions. 
|----- Perl_pp_ftis with 627150 static instructions. 
|----- S_regcppop with 1051110 static instructions. 
|----- S_regcppush with 2028285 static instructions. 
|----- S_reginclass with 23347480 static instructions. 
|----- Perl_pp_subst with 187061265 static instructions. 
|----- Perl_pp_postdec with 16390 static instructions. 
|----- Perl_pp_lslice with 471500 static instructions. 
|----- Perl_do_join with 7512344 static instructions. 
|----- Perl_pp_join with 1336552 static instructions. 
|----- Perl_re_intuit_string with 16416 static instructions. 
|----- Perl_pp_split with 2854368 static instructions. 
|----- Perl_pp_pushre with 44064 static instructions. 
|----- S_ckwarn_common with 2917734 static instructions. 
|----- Perl_pp_push with 15565269 static instructions. 
|----- Perl_pp_stub with 97569 static instructions. 
|----- boot_DynaLoader with 236 static instructions. 
|----- Perl_pp_not with 1393059 static instructions. 
|----- Perl_pp_defined with 79017356 static instructions. 
|----- S_refcounted_he_new_common with 1513 static instructions. 
|----- Perl_store_cop_label with 323 static instructions. 
|----- Perl_dofile with 304 static instructions. 
|----- Perl_ck_ftst with 23240 static instructions. 
|----- Perl_newLOOPOP with 5886 static instructions. 
|----- S_check_uni with 9460 static instructions. 
|----- Perl_ck_split with 14760 static instructions. 
|----- Perl_newPVOP with 5332 static instructions. 
|----- Perl_savesharedpv with 754 static instructions. 
|----- Perl_pp_mapwhile with 4928448 static instructions. 
|----- Perl_pp_grepstart with 2039697 static instructions. 
|----- Perl_ck_eval with 21472 static instructions. 
|----- Perl_sv_2num with 1613995 static instructions. 
|----- Perl_pp_negate with 397089 static instructions. 
|----- Perl_ck_index with 480 static instructions. 
|----- Perl_ck_select with 216 static instructions. 
|----- Perl_op_const_sv with 26400 static instructions. 
|----- Perl_sv_unref_flags with 17989440 static instructions. 
|----- Perl_pp_rv2gv with 9451116 static instructions. 
|----- Perl_sv_2cv with 991489 static instructions. 
|----- Perl_pp_rv2cv with 397035 static instructions. 
|----- Perl_magic_setsig with 175712 static instructions. 
|----- S_is_container_magic with 50640 static instructions. 
|----- Perl_mg_localize with 143480 static instructions. 
|----- Perl_whichsig with 583 static instructions. 
|----- Perl_magic_getsig with 19404 static instructions. 
|----- Perl_save_helem_flags with 24174 static instructions. 
|----- Perl_pp_anoncode with 17465 static instructions. 
|----- Perl_pp_leave with 92147707 static instructions. 
|----- Perl_pp_aelem with 12302175 static instructions. 
|----- Perl_vivify_ref with 114239286 static instructions. 
|----- S_find_byclass with 100458842 static instructions. 
|----- Perl_pp_enter with 53675012 static instructions. 
|----- S_save_scalar_at with 136070 static instructions. 
|----- Perl_save_scalar with 75880 static instructions. 
|----- Perl_av_reify with 9486 static instructions. 
|----- Perl_pp_anonhash with 107880 static instructions. 
|----- Perl_pp_gt with 3242331 static instructions. 
|----- Perl_pp_refgen with 549171 static instructions. 
|----- Perl_softref2xv with 615090 static instructions. 
|----- Perl_pp_concat with 26066612 static instructions. 
|----- Perl_pp_caller with 367582 static instructions. 
|----- Perl_gv_fetchmethod_flags with 1397280 static instructions. 
|----- Perl_sv_inc with 120197385 static instructions. 
|----- Perl_pp_preinc with 18872436 static instructions. 
|----- Perl_newHVhv with 57904 static instructions. 
|----- Perl_sv_2bool with 3384859 static instructions. 
|----- Perl_sv_reftype with 37926020 static instructions. 
|----- S_opt_scalarhv with 165 static instructions. 
|----- Perl_pad_add_anon with 23688 static instructions. 
|----- Perl_ck_anoncode with 4512 static instructions. 
|----- Perl_newANONATTRSUB with 5640 static instructions. 
|----- S_intuit_method with 46898 static instructions. 
|----- Perl_hv_iterkey with 113751 static instructions. 
|----- Perl_hv_iternext_flags with 32233626 static instructions. 
|----- Perl_hv_iterinit with 122199 static instructions. 
|----- Perl_do_vop with 45560 static instructions. 
|----- Perl_pp_hslice with 10388 static instructions. 
|----- Perl_do_vecset with 104186 static instructions. 
|----- Perl_magic_setvec with 2305 static instructions. 
|----- Perl_do_vecget with 182246 static instructions. 
|----- Perl_pp_vec with 71672 static instructions. 
|----- PerlIOBase_error with 83754 static instructions. 
|----- Perl_PerlIO_error with 197964 static instructions. 
|----- Perl_newLOOPEX with 5256 static instructions. 
|----- Perl_newSLICEOP with 2256 static instructions. 
|----- Perl_ck_delete with 12042 static instructions. 
|----- Perl_grok_oct with 33000 static instructions. 
|----- Perl_grok_hex with 6573810 static instructions. 
|----- Perl_offer_nice_chunk with 8094 static instructions. 
|----- Perl_pp_bit_and with 978560 static instructions. 
|----- Perl_pp_complement with 28036 static instructions. 
|----- Perl_ck_each with 14560 static instructions. 
|----- Perl_ck_substr with 2783 static instructions. 
|----- Perl_ck_method with 295308 static instructions. 
|----- Perl_newANONLIST with 4208 static instructions. 
|----- Perl_newANONHASH with 1116 static instructions. 
|----- Perl_sv_vcatpvf with 1034 static instructions. 
|----- Perl_sv_catpvf with 1363 static instructions. 
|----- Perl_ck_sort with 96048 static instructions. 
|----- Perl_ck_grep with 47929 static instructions. 
|----- Perl_newGVREF with 26657 static instructions. 
|----- Perl_pad_swipe with 100650 static instructions. 
|----- Perl_sv_copypv with 248850 static instructions. 
|----- Perl_pp_stringify with 190785 static instructions. 
|----- Perl_newNULLLIST with 915 static instructions. 
|----- Perl_cv_const_sv with 20384 static instructions. 
|----- Perl_ck_return with 109511 static instructions. 
|----- Perl_ck_rfun with 41496 static instructions. 
|----- Perl_ck_defined with 54834 static instructions. 
|----- Perl_gv_handler with 860157 static instructions. 
|----- Perl_sv_destroyable with 18498 static instructions. 
|----- Perl_newSVnv with 14300 static instructions. 
|----- Perl_vverify with 18040 static instructions. 
|----- Perl_vcmp with 51657 static instructions. 
|----- Perl_gv_fetchmeth_autoload with 12935 static instructions. 
|----- Perl_gv_fetchmeth with 2914800 static instructions. 
|----- Perl_Gv_AMupdate with 1527459 static instructions. 
|----- Perl_sv_bless with 573160 static instructions. 
|----- Perl_gv_stashpv with 23296 static instructions. 
|----- Perl_newSVrv with 211836 static instructions. 
|----- Perl_scan_version with 116208 static instructions. 
|----- read_int with 69930 static instructions. 
|----- __vsnprintf with 127988 static instructions. 
|----- snprintf with 62688 static instructions. 
|----- Perl_sv_len with 249936 static instructions. 
|----- Perl_upg_version with 32011 static instructions. 
|----- __mpn_mul_1 with 3055147 static instructions. 
|----- hack_digit with 3057698 static instructions. 
|----- __mpn_lshift with 192038 static instructions. 
|----- __mpn_extract_double with 92019 static instructions. 
|----- __GI___printf_fp_l with 5381868 static instructions. 
|----- __printf_fp with 14922 static instructions. 
|----- _IO_default_xsputn with 501309 static instructions. 
|----- strchrnul with 751920 static instructions. 
|----- vfprintf with 6790416 static instructions. 
|----- _IO_setb with 86820 static instructions. 
|----- _IO_str_init_static_internal with 130140 static instructions. 
|----- _IO_old_init with 72325 static instructions. 
|----- _IO_no_init with 104148 static instructions. 
|----- _IO_vsprintf with 13720 static instructions. 
|----- _IO_sprintf with 7000 static instructions. 
|----- gcvt with 3360 static instructions. 
|----- Perl_sv_2pv_flags with 203070855 static instructions. 
|----- Perl_sv_derived_from with 4121640 static instructions. 
|----- Perl_new_version with 30324 static instructions. 
|----- S_new_body with 14092 static instructions. 
|----- Perl_sv_setnv with 331760 static instructions. 
|----- Perl_sv_tainted with 332046 static instructions. 
|----- Perl_magic_set with 7197426 static instructions. 
|----- Perl_sv_2uv_flags with 32200 static instructions. 
|----- Perl_magic_get with 27497379 static instructions. 
|----- Perl_mg_get with 4449888 static instructions. 
|----- Perl_pp_cond_expr with 40503942 static instructions. 
|----- Perl_pp_shift with 21582528 static instructions. 
|----- S_dopoptosub_at with 3802394 static instructions. 
|----- Perl_block_gimme with 3491532 static instructions. 
|----- Perl_newSViv with 277560 static instructions. 
|----- S_method_common with 23688120 static instructions. 
|----- Perl_pp_method_named with 2324512 static instructions. 
|----- Perl_parser_free with 39999 static instructions. 
|----- Perl_lex_end with 1186 static instructions. 
|----- Perl_pp_leaveeval with 141120 static instructions. 
|----- Perl_pp_leaveloop with 7843409 static instructions. 
|----- Perl_pp_unstack with 16915340 static instructions. 
|----- Perl_pp_bit_or with 818370 static instructions. 
|----- Perl_pp_helem with 193499677 static instructions. 
|----- Perl_pp_exists with 82594602 static instructions. 
|----- Perl_pp_iter with 76992498 static instructions. 
|----- Perl_save_padsv_and_mortalize with 2012967 static instructions. 
|----- Perl_save_set_svflags with 2024575 static instructions. 
|----- Perl_pp_enteriter with 28340130 static instructions. 
|----- Perl_pp_rv2av with 493877628 static instructions. 
|----- Perl_pp_padav with 149741996 static instructions. 
|----- Perl_pp_padsv with 297483462 static instructions. 
|----- Perl_pp_gv with 8984074 static instructions. 
|----- Perl_pp_list with 892800 static instructions. 
|----- Perl_pp_aassign with 105414240 static instructions. 
|----- Perl_save_clearsv with 28554528 static instructions. 
|----- Perl_pp_padhv with 50786400 static instructions. 
|----- Perl_pp_or with 30650838 static instructions. 
|----- S_regrepeat with 2155492986 static instructions. 
|----- Perl_re_intuit_start with 606512094 static instructions. 
|----- S_cl_is_anything with 199728 static instructions. 
|----- S_cl_and with 32804 static instructions. 
|----- S_cl_or with 53300 static instructions. 
|----- S_cl_init_zero with 3318 static instructions. 
|----- S_cl_anything with 85888 static instructions. 
|----- S_cl_init with 74940 static instructions. 
|----- S_add_data with 421806 static instructions. 
|----- Perl_newRV_noinc with 115839 static instructions. 
|----- S_regclass with 3509484 static instructions. 
|----- S_reginsert with 317148 static instructions. 
|----- S_reganode with 691200 static instructions. 
|----- Perl_sv_catsv_flags with 23773560 static instructions. 
|----- Perl_pp_regcomp with 27426253 static instructions. 
|----- Perl_pp_quotemeta with 416878 static instructions. 
|----- Perl_pp_rv2sv with 1948995 static instructions. 
|----- Perl_pp_pushmark with 21712193 static instructions. 
|----- Perl_pp_regcreset with 387760 static instructions. 
|----- Perl_pp_sassign with 174886436 static instructions. 
|----- S_clear_yystack with 63665 static instructions. 
|----- Perl_newPROG with 69498 static instructions. 
|----- PerlIOBase_popped with 17384 static instructions. 
|----- PerlIOBuf_popped with 95612 static instructions. 
|----- PerlIO_pop with 278144 static instructions. 
|----- PerlIOUnix_refcnt_dec with 160913 static instructions. 
|----- PerlIOUnix_close with 160802 static instructions. 
|----- PerlIOUnix_seek with 1767 static instructions. 
|----- Perl_PerlIO_seek with 2673 static instructions. 
|----- PerlIOBase_close with 230338 static instructions. 
|----- PerlIOBuf_close with 112996 static instructions. 
|----- PerlIO__close with 112996 static instructions. 
|----- Perl_PerlIO_close with 78228 static instructions. 
|----- Perl_newGVOP with 3132 static instructions. 
|----- Perl_ck_join with 8904 static instructions. 
|----- S_force_ident with 60648 static instructions. 
|----- S_sv_del_backref with 349680 static instructions. 
|----- Perl_gp_free with 1483452 static instructions. 
|----- S_anonymise_cv with 182374 static instructions. 
|----- Perl_hv_free_ent with 48211944 static instructions. 
|----- Perl_newCVREF with 83313 static instructions. 
|----- Perl_newWHILEOP with 254214 static instructions. 
|----- Perl_newFOROP with 143325 static instructions. 
|----- Perl_ck_bitop with 13515 static instructions. 
|----- Perl_newHVREF with 252615 static instructions. 
|----- Perl_ck_die with 208 static instructions. 
|----- __strcmp_sse2_unaligned with 73908860 static instructions. 
|----- Perl_ck_concat with 94755 static instructions. 
|----- S_my_kid with 2680524 static instructions. 
|----- Perl_my_attrs with 304110 static instructions. 
|----- Perl_localize with 938342 static instructions. 
|----- S_pad_add_name_sv with 408242 static instructions. 
|----- Perl_pad_add_name with 1747300 static instructions. 
|----- Perl_allocmy with 1332100 static instructions. 
|----- Perl_ck_lfun with 10719 static instructions. 
|----- Perl_invert with 1212 static instructions. 
|----- Perl_sv_newmortal with 8101044 static instructions. 
|----- S_refto with 777865 static instructions. 
|----- Perl_pp_srefgen with 54260 static instructions. 
|----- Perl_pp_null with 221631 static instructions. 
|----- Perl_ck_spair with 59328 static instructions. 
|----- S_force_list with 210596 static instructions. 
|----- Perl_save_hptr with 1944 static instructions. 
|----- Perl_package with 13122 static instructions. 
|----- Perl_prescan_version with 248395 static instructions. 
|----- S_doeval with 275616 static instructions. 
|----- Perl_magic_clearhints with 1701 static instructions. 
|----- Perl_mg_clear with 6615 static instructions. 
|----- Perl_save_generic_svref with 11310 static instructions. 
|----- S_check_type_and_open with 10075 static instructions. 
|----- S_doopen_pm with 24583 static instructions. 
|----- S_path_is_absolute with 10564 static instructions. 
|----- Perl_pp_require with 1293721 static instructions. 
|----- Perl_ck_require with 174900 static instructions. 
|----- Perl_ck_subr with 5414734 static instructions. 
|----- Perl_utilize with 143598 static instructions. 
|----- S_force_version with 75051 static instructions. 
|----- S_tokenize_use with 61386 static instructions. 
|----- Perl_av_undef with 1194975 static instructions. 
|----- Perl_pad_undef with 421872 static instructions. 
|----- Perl_mg_free with 1053546 static instructions. 
|----- Perl_regfree_internal with 1006740 static instructions. 
|----- Perl_pregfree2 with 8912978 static instructions. 
|----- S_forget_pmop with 5564 static instructions. 
|----- Perl_gv_try_downgrade with 357330 static instructions. 
|----- Perl_pad_free with 268047 static instructions. 
|----- Perl_cv_undef with 216576 static instructions. 
|----- Perl_sv_replace with 324792 static instructions. 
|----- Perl_free_tmps with 27380080 static instructions. 
|----- Perl_delete_eval_scope with 125970 static instructions. 
|----- Perl_sv_mortalcopy with 33134784 static instructions. 
|----- Perl_pp_leavesub with 27871437 static instructions. 
|----- S_clear_backtrack_stack with 8493716 static instructions. 
|----- S_regtry with 3039536940 static instructions. 
|----- Perl_fbm_instr with 117922608 static instructions. 
|----- Perl_regexec_flags with 216348660 static instructions. 
|----- Perl_pp_match with 327119116 static instructions. 
|----- Perl_pp_gvsv with 9232425 static instructions. 
|----- Perl_pp_and with 130435430 static instructions. 
|----- Perl_sv_eq with 110664270 static instructions. 
|----- Perl_pp_seq with 18062870 static instructions. 
|----- Perl_pp_const with 31158005 static instructions. 
|----- Perl_pp_aelemfast with 2433442 static instructions. 
|----- Perl_pp_nextstate with 65721516 static instructions. 
|----- Perl_runops_standard with 199906 static instructions. 
|----- Perl_pp_entersub with 150591807 static instructions. 
|----- Perl_create_eval_scope with 600237 static instructions. 
|----- Perl_save_int with 4580124 static instructions. 
|----- Perl_call_sv with 1991619 static instructions. 
|----- Perl_av_shift with 96163872 static instructions. 
|----- Perl_av_len with 37709 static instructions. 
|----- Perl_call_list with 304432 static instructions. 
|----- Perl_av_create_and_push with 13974 static instructions. 
|----- Perl_pad_tidy with 612142 static instructions. 
|----- Perl_peep with 21227712 static instructions. 
|----- Perl_newATTRSUB with 3286857 static instructions. 
|----- Perl_bind_match with 215748 static instructions. 
|----- Perl_op_free with 9738900 static instructions. 
|----- Perl_fbm_compile with 243747 static instructions. 
|----- S_scan_commit with 4175415 static instructions. 
|----- S_study_chunk with 31806992 static instructions. 
|----- Perl_regnext with 11630430 static instructions. 
|----- S_regtail with 2508921 static instructions. 
|----- S_reg_node with 1800656 static instructions. 
|----- S_regpiece with 131014548 static instructions. 
|----- S_nextchar with 9584588 static instructions. 
|----- S_regbranch with 3023265 static instructions. 
|----- S_reg with 51482142 static instructions. 
|----- Perl_re_compile with 11042649 static instructions. 
|----- Perl_pregcomp with 62080 static instructions. 
|----- Perl_pmruntime with 2074982 static instructions. 
|----- S_sublex_done with 682528 static instructions. 
|----- Perl_savestack_grow with 210 static instructions. 
|----- Perl_save_generic_pvref with 42112 static instructions. 
|----- Perl_save_pptr with 147392 static instructions. 
|----- Perl_save_I16 with 26320 static instructions. 
|----- Perl_save_vptr with 5471820 static instructions. 
|----- Perl_save_I8 with 26320 static instructions. 
|----- S_pmflag with 13008 static instructions. 
|----- Perl_ck_match with 71914 static instructions. 
|----- Perl_newPMOP with 79759 static instructions. 
|----- S_scan_pat with 130289 static instructions. 
|----- Perl_convert with 1328100 static instructions. 
|----- Perl_append_elem with 1513680 static instructions. 
|----- S_lop with 103082 static instructions. 
|----- S_new_logop with 3681632 static instructions. 
|----- Perl_newLOGOP with 63856 static instructions. 
|----- Perl_sawparens with 24550 static instructions. 
|----- Perl_oopsAV with 60393 static instructions. 
|----- S_modkids with 86472 static instructions. 
|----- S_scalar_mod_type with 350980 static instructions. 
|----- Perl_ck_shift with 139307 static instructions. 
|----- Perl_newAVREF with 229086 static instructions. 
|----- Perl_save_bool with 333816 static instructions. 
|----- Perl_save_item with 36088 static instructions. 
|----- Perl_start_subparse with 189175 static instructions. 
|----- S_newSV_maybe_utf8 with 574812 static instructions. 
|----- S_force_word with 1604304 static instructions. 
|----- S_unshare_hek_or_pvn with 112168656 static instructions. 
|----- Perl_unshare_hek with 3115796 static instructions. 
|----- Perl_sv_force_normal_flags with 121436320 static instructions. 
|----- Perl_sv_pvn_force_flags with 139216 static instructions. 
|----- S_op_destroy with 131341 static instructions. 
|----- S_search_const with 541305 static instructions. 
|----- S_scalarboolean with 432364 static instructions. 
|----- Perl_newCONDOP with 851032 static instructions. 
|----- Perl_scope with 509047 static instructions. 
|----- Perl_pad_leavemy with 1052733 static instructions. 
|----- Perl_scalarvoid with 43072575 static instructions. 
|----- S_scalarseq with 857394 static instructions. 
|----- Perl_block_end with 411939 static instructions. 
|----- Perl_ck_chdir with 459 static instructions. 
|----- Perl_op_clear with 26032230 static instructions. 
|----- Perl_op_null with 575195 static instructions. 
|----- Perl_list with 18305077 static instructions. 
|----- S_listkids with 694232 static instructions. 
|----- Perl_ck_fun with 9636255 static instructions. 
|----- Perl_ck_exists with 30816 static instructions. 
|----- Perl_oopsHV with 57405 static instructions. 
|----- Perl_jmaybe with 238264 static instructions. 
|----- S_force_next with 743792 static instructions. 
|----- S_tokeq with 2966137 static instructions. 
|----- S_sublex_start with 3088530 static instructions. 
|----- S_scan_str with 14997150 static instructions. 
|----- S_pad_findlex with 20309046 static instructions. 
|----- Perl_pad_findmy with 3445916 static instructions. 
|----- Perl_append_list with 1488726 static instructions. 
|----- Perl_newLISTOP with 5726103 static instructions. 
|----- Perl_prepend_elem with 1591020 static instructions. 
|----- Perl_intro_my with 1614736 static instructions. 
|----- Perl_newSTATEOP with 4647786 static instructions. 
|----- Perl_ck_sassign with 941589 static instructions. 
|----- Perl_doref with 8287920 static instructions. 
|----- Perl_mod with 28838256 static instructions. 
|----- S_is_list_assignment with 881488 static instructions. 
|----- Perl_newASSIGNOP with 5225922 static instructions. 
|----- S_linklist with 5535978 static instructions. 
|----- Perl_newBINOP with 3273644 static instructions. 
|----- Perl_scan_num with 4788020 static instructions. 
|----- Perl_ck_null with 397508 static instructions. 
|----- Perl_pad_alloc with 3160680 static instructions. 
|----- Perl_newOP with 5223834 static instructions. 
|----- S_ao with 268866 static instructions. 
|----- Perl_keyword with 147777825 static instructions. 
|----- Perl_keyword_plugin_standard with 83194 static instructions. 
|----- S_scan_word with 10170080 static instructions. 
|----- S_fold_constants with 36632700 static instructions. 
|----- Perl_gv_fetchsv with 1133430 static instructions. 
|----- Perl_ck_rvconst with 5160590 static instructions. 
|----- Perl_newUNOP with 4934838 static instructions. 
|----- Perl_newSVREF with 1047288 static instructions. 
|----- Perl_ck_svconst with 319368 static instructions. 
|----- Perl_scalar with 59229621 static instructions. 
|----- Perl_newSVOP with 5468214 static instructions. 
|----- S_intuit_more with 21693825 static instructions. 
|----- Perl_lex_read_space with 15435830 static instructions. 
|----- S_skipspace with 9475460 static instructions. 
|----- S_scan_ident with 36839513 static instructions. 
|----- PerlIOBuf_tell with 271096 static instructions. 
|----- Perl_instr with 312 static instructions. 
|----- S_incline with 22335503 static instructions. 
|----- PerlIOUnix_read with 622404 static instructions. 
|----- PerlIOBase_noop_ok with 41192 static instructions. 
|----- PerlIOBuf_flush with 2059600 static instructions. 
|----- Perl_PerlIO_flush with 2555082 static instructions. 
|----- PerlIOBuf_fill with 1198704 static instructions. 
|----- Perl_PerlIO_fill with 299676 static instructions. 
|----- PerlIOBase_read with 933800 static instructions. 
|----- PerlIOBuf_read with 304500 static instructions. 
|----- Perl_PerlIO_read with 541900 static instructions. 
|----- PerlIO_getc with 15620 static instructions. 
|----- PerlIOBuf_set_ptrcnt with 2103585 static instructions. 
|----- Perl_PerlIO_set_ptrcnt with 2657160 static instructions. 
|----- PerlIOBuf_get_ptr with 1217865 static instructions. 
|----- Perl_PerlIO_get_ptr with 2767875 static instructions. 
|----- PerlIOBuf_get_base with 287550 static instructions. 
|----- Perl_PerlIO_get_base with 266250 static instructions. 
|----- PerlIOBuf_get_cnt with 2564360 static instructions. 
|----- Perl_PerlIO_get_cnt with 3333668 static instructions. 
|----- PerlIO_fast_gets with 2019564 static instructions. 
|----- PerlIO_isutf8 with 2253724 static instructions. 
|----- Perl_sv_gets with 56879680 static instructions. 
|----- Perl_filter_read with 6652788 static instructions. 
|----- Perl_lex_next_chunk with 17735821 static instructions. 
|----- Perl_yylex with 5484152355 static instructions. 
|----- Perl_pad_block_start with 442482 static instructions. 
|----- Perl_block_start with 518772 static instructions. 
|----- Perl_yyparse with 1282225 static instructions. 
|----- Perl_save_pushptr with 21813288 static instructions. 
|----- Perl_lex_start with 77610 static instructions. 
|----- __getpid with 17 static instructions. 
|----- Perl_hv_placeholders_get with 5820 static instructions. 
|----- Perl_mg_copy with 235680 static instructions. 
|----- S_hv_magic_check with 25764 static instructions. 
|----- Perl_av_clear with 20676356 static instructions. 
|----- Perl_init_argv_symbols with 144 static instructions. 
|----- S_init_postdump_symbols with 159 static instructions. 
|----- Perl_PerlIO_stderr with 13730 static instructions. 
|----- Perl_setdefout with 182 static instructions. 
|----- Perl_PerlIO_stdout with 13740 static instructions. 
|----- Perl_PerlIO_stdin with 21610 static instructions. 
|----- Perl_hv_clear with 4881290 static instructions. 
|----- S_restore_magic with 3656088 static instructions. 
|----- Perl_mro_set_private_data with 22287 static instructions. 
|----- Perl_gv_stashpvn with 3751488 static instructions. 
|----- Perl_gv_stashsv with 497574 static instructions. 
|----- Perl_newSVhek with 13895328 static instructions. 
|----- S_mro_get_linear_isa_dfs with 1514604 static instructions. 
|----- Perl_mro_get_linear_isa with 140331 static instructions. 
|----- Perl_mro_isa_changed_in with 96954 static instructions. 
|----- Perl_magic_clearisa with 6930 static instructions. 
|----- Perl_magic_setisa with 2520 static instructions. 
|----- Perl_save_destructor_x with 18766328 static instructions. 
|----- S_save_magic with 2768700 static instructions. 
|----- Perl_save_alloc with 2076525 static instructions. 
|----- Perl_mg_set with 933831 static instructions. 
|----- Perl_get_av with 54 static instructions. 
|----- S_init_predump_symbols with 144 static instructions. 
|----- xs_init with 4 static instructions. 
|----- Perl_sv_setiv with 31328018 static instructions. 
|----- Perl_sv_setuv with 2288307 static instructions. 
|----- Perl_newSVuv with 288 static instructions. 
|----- Perl_mro_register with 45 static instructions. 
|----- Perl_boot_core_mro with 10 static instructions. 
|----- Perl_refcounted_he_free with 752829 static instructions. 
|----- Perl_leave_scope with 2563997095 static instructions. 
|----- Perl_pop_scope with 13086250 static instructions. 
|----- Perl_sv_usepvn_flags with 183516 static instructions. 
|----- Perl_save_pushptrptr with 45437382 static instructions. 
|----- Perl_save_sptr with 159948 static instructions. 
|----- Perl_save_hints with 482048 static instructions. 
|----- Perl_save_pushi32ptr with 40157276 static instructions. 
|----- Perl_save_I32 with 490484 static instructions. 
|----- Perl_newCONSTSUB with 105846 static instructions. 
|----- Perl_get_hv with 1647 static instructions. 
|----- Perl_newXS_flags with 102200 static instructions. 
|----- Perl_boot_core_UNIVERSAL with 244 static instructions. 
|----- S_process_special_blocks with 559084 static instructions. 
|----- Perl_mro_meta_init with 3346 static instructions. 
|----- Perl_mro_method_changed_in with 906870 static instructions. 
|----- Perl_newXS with 312682 static instructions. 
|----- Perl_boot_core_PerlIO with 10 static instructions. 
|----- Perl_av_fetch with 50708957 static instructions. 
|----- Perl_pad_new with 586875 static instructions. 
|----- Perl_rsignal_state with 710 static instructions. 
|----- do_fcntl with 120263 static instructions. 
|----- fcntl with 120263 static instructions. 
|----- PerlIOUnix_oflags with 238302 static instructions. 
|----- PerlIO_list_free with 257181 static instructions. 
|----- llseek with 45340 static instructions. 
|----- PerlIOUnix_tell with 22195 static instructions. 
|----- Perl_PerlIO_tell with 367146 static instructions. 
|----- __mempcpy_sse2_unaligned with 7347 static instructions. 
|----- tcgetattr with 204262 static instructions. 
|----- isatty with 34768 static instructions. 
|----- PerlIOUnix_fileno with 55041 static instructions. 
|----- PerlIOBase_fileno with 238511 static instructions. 
|----- Perl_PerlIO_fileno with 990738 static instructions. 
|----- PerlIOBuf_pushed with 186878 static instructions. 
|----- PerlIOUnix_refcnt_inc with 478390 static instructions. 
|----- PerlIOUnix_setfd with 21730 static instructions. 
|----- PerlIOBase_pushed with 651900 static instructions. 
|----- PerlIOUnix_pushed with 147764 static instructions. 
|----- PerlIO_push with 990234 static instructions. 
|----- PerlIO_arg_fetch with 34760 static instructions. 
|----- PerlIOUnix_open with 466199 static instructions. 
|----- PerlIO_default_layer with 47927 static instructions. 
|----- PerlIOBuf_open with 557696 static instructions. 
|----- PerlIO_layer_fetch with 405201 static instructions. 
|----- Perl_PerlIO_context_layers with 209760 static instructions. 
|----- PerlIO_fdopen with 363 static instructions. 
|----- PerlIO_allocate with 143451 static instructions. 
|----- PerlIO_stdstreams with 16 static instructions. 
|----- PerlIO_default_buffer with 23 static instructions. 
|----- PerlIO_find_layer with 224 static instructions. 
|----- PerlIO_debug with 6346554 static instructions. 
|----- PerlIO_list_push with 803 static instructions. 
|----- PerlIO_define_layer with 153 static instructions. 
|----- PerlIO_list_alloc with 14 static instructions. 
|----- PerlIO_default_layers with 514126 static instructions. 
|----- PerlIO_resolve_layers with 592552 static instructions. 
|----- PerlIO_openn with 888828 static instructions. 
|----- Perl_sv_2mortal with 23737984 static instructions. 
|----- Perl_newSVpv with 620375 static instructions. 
|----- PerlIO_open with 3990 static instructions. 
|----- Perl_gv_fetchfile_flags with 257800 static instructions. 
|----- Perl_gv_fetchfile with 20616 static instructions. 
|----- Perl_find_script with 177 static instructions. 
|----- Perl_av_store with 184199815 static instructions. 
|----- Perl_av_push with 670268 static instructions. 
|----- __xstat64 with 453621 static instructions. 
|----- S_incpush_if_exists with 204 static instructions. 
|----- Perl_sv_catpvn_flags with 25369349 static instructions. 
|----- Perl_sv_setsv_flags with 2745081460 static instructions. 
|----- Perl_newSVsv with 18883515 static instructions. 
|----- S_incpush with 1005 static instructions. 
|----- memchr with 12139112 static instructions. 
|----- readlink with 10 static instructions. 
|----- S_set_caret_X with 65 static instructions. 
|----- Perl_gv_fetchpv with 42279 static instructions. 
|----- Perl_get_sv with 4752 static instructions. 
|----- S_hsplit with 366244 static instructions. 
|----- S_expect_number with 660220 static instructions. 
|----- Perl_sv_vcatpvfn with 9849840 static instructions. 
|----- Perl_sv_vsetpvfn with 146336 static instructions. 
|----- Perl_newSVpvn_flags with 3395232 static instructions. 
|----- S_mess_alloc with 600 static instructions. 
|----- Perl_vform with 264 static instructions. 
|----- Perl_form with 330 static instructions. 
|----- Perl_mg_magical with 515396 static instructions. 
|----- Perl_sv_magicext with 1883728 static instructions. 
|----- Perl_sv_magic with 880656 static instructions. 
|----- Perl_hv_name_set with 22365 static instructions. 
|----- Perl_hv_placeholders_set with 1375650 static instructions. 
|----- S_hfreeentries with 11693025 static instructions. 
|----- Perl_hv_undef with 259084 static instructions. 
|----- Perl_hv_kill_backrefs with 102180 static instructions. 
|----- Perl_sv_clear with 1645997184 static instructions. 
|----- Perl_sv_free2 with 85578480 static instructions. 
|----- Perl_gv_add_by_type with 375638 static instructions. 
|----- S_gv_init_sv with 1026656 static instructions. 
|----- Perl_gv_name_set with 883072 static instructions. 
|----- Perl_mg_find with 4890467 static instructions. 
|----- _int_realloc with 16795500 static instructions. 
|----- realloc_hook_ini with 17 static instructions. 
|----- realloc with 13977600 static instructions. 
|----- Perl_safesysrealloc with 1663567 static instructions. 
|----- S_hv_auxinit with 56811 static instructions. 
|----- Perl_hv_backreferences_p with 291435 static instructions. 
|----- Perl_sv_add_backref with 980297 static instructions. 
|----- Perl_newGP with 951303 static instructions. 
|----- Perl_gv_init with 2326654 static instructions. 
|----- S_new_he with 12834528 static instructions. 
|----- Perl_newSV with 31874076 static instructions. 
|----- Perl_hv_common with 2014983660 static instructions. 
|----- Perl_hv_common_key_len with 4254020 static instructions. 
|----- Perl_gv_fetchpvn_flags with 126384024 static instructions. 
|----- S_share_hek_flags with 63296574 static instructions. 
|----- Perl_share_hek with 1323392 static instructions. 
|----- Perl_newSVpvn_share with 1332144 static instructions. 
|----- S_parse_body with 1187 static instructions. 
|----- __strncmp_sse42 with 186480 static instructions. 
|----- Perl_my_setenv with 1242 static instructions. 
|----- __drand48_iterate with 527 static instructions. 
|----- erand48_r with 595 static instructions. 
|----- drand48 with 136 static instructions. 
|----- srand48_r with 30 static instructions. 
|----- srand48 with 4 static instructions. 
|----- __close_nocancel with 100878 static instructions. 
|----- __close with 8772 static instructions. 
|----- __read_nocancel with 296447 static instructions. 
|----- __read with 25778 static instructions. 
|----- __open_nocancel with 99475 static instructions. 
|----- __open with 8650 static instructions. 
|----- Perl_seed with 84 static instructions. 
|----- Perl_get_hash_seed with 79 static instructions. 
|----- perl_parse with 290 static instructions. 
|----- Perl_push_scope with 58540673 static instructions. 
|----- Perl_savepvn with 1594500 static instructions. 
|----- __getpagesize with 13 static instructions. 
|----- __errno_location with 37761 static instructions. 
|----- __getclktck with 6 static instructions. 
|----- __sysconf with 786 static instructions. 
|----- Perl_hv_ksplit with 83490 static instructions. 
|----- PerlIO_init with 1 static instructions. 
|----- Perl_set_numeric_standard with 12 static instructions. 
|----- _int_free with 1199262400 static instructions. 
|----- Perl_ibcmp with 323334 static instructions. 
|----- __nl_langinfo_l with 22 static instructions. 
|----- nl_langinfo with 3 static instructions. 
|----- localeconv with 109 static instructions. 
|----- Perl_set_numeric_radix with 39 static instructions. 
|----- Perl_new_numeric with 49 static instructions. 
|----- strnlen with 280 static instructions. 
|----- __stpncpy_sse2 with 72 static instructions. 
|----- __strxfrm_l with 4494 static instructions. 
|----- strxfrm with 6 static instructions. 
|----- S_stdize_locale with 78 static instructions. 
|----- Perl_new_collate with 82 static instructions. 
|----- __ctype_toupper_loc with 78 static instructions. 
|----- __ctype_tolower_loc with 78 static instructions. 
|----- __ctype_b_loc with 3 static instructions. 
|----- Perl_new_ctype with 35 static instructions. 
|----- Perl_savepv with 2310 static instructions. 
|----- Perl_safesysfree with 10225854 static instructions. 
|----- __libc_free with 71744210 static instructions. 
|----- _nl_postload_ctype with 92 static instructions. 
|----- new_composite_name with 580 static instructions. 
|----- _nl_find_locale with 5790 static instructions. 
|----- __GI_strchr with 48603000 static instructions. 
|----- __GI_strcmp with 666328 static instructions. 
|----- setlocale with 241920 static instructions. 
|----- __GI_strncmp with 33325 static instructions. 
|----- getenv with 3312 static instructions. 
|----- Perl_init_i18nl10n with 475 static instructions. 
|----- getegid with 3 static instructions. 
|----- getgid with 3 static instructions. 
|----- geteuid with 3 static instructions. 
|----- getuid with 3 static instructions. 
|----- S_init_ids with 24 static instructions. 
|----- Perl_av_extend with 56372736 static instructions. 
|----- Perl_newSV_type with 3962376 static instructions. 
|----- Perl_new_stackinfo with 192 static instructions. 
|----- Perl_init_stacks with 40 static instructions. 
|----- Perl_sv_setpvn with 34988268 static instructions. 
|----- S_sv_add_arena with 22140 static instructions. 
|----- S_more_sv with 18860 static instructions. 
|----- Perl_newSVpvn with 966532 static instructions. 
|----- Perl_cast_iv with 73656 static instructions. 
|----- S_sv_2iuv_common with 3792271 static instructions. 
|----- Perl_sv_2iv_flags with 1938330 static instructions. 
|----- Perl_cast_uv with 7784 static instructions. 
|----- S_mulexp10 with 55924 static instructions. 
|----- Perl_grok_numeric_radix with 981440 static instructions. 
|----- Perl_my_atof2 with 128030 static instructions. 
|----- Perl_my_atof with 22715 static instructions. 
|----- Perl_ckwarn with 6292116 static instructions. 
|----- Perl_grok_number with 6403308 static instructions. 
|----- Perl_sv_2nv with 424422 static instructions. 
|----- memcpy with 30354360 static instructions. 
|----- Perl_sv_grow with 77940544 static instructions. 
|----- Perl_safesysmalloc with 21181004 static instructions. 
|----- __memset_sse2_unaligned with 15628920 static instructions. 
|----- __libc_calloc with 101530290 static instructions. 
|----- Perl_safesyscalloc with 1762047 static instructions. 
|----- Perl_get_arena with 70300 static instructions. 
|----- S_more_bodies with 55063 static instructions. 
|----- Perl_sv_upgrade with 779344434 static instructions. 
|----- Perl_sv_setpv with 1566282 static instructions. 
|----- perl_construct with 240 static instructions. 
|----- __sbrk with 17950 static instructions. 
|----- __default_morecore with 2513 static instructions. 
|----- sysmalloc with 177760 static instructions. 
|----- malloc_init_state with 24 static instructions. 
|----- malloc_consolidate with 1097100 static instructions. 
|----- _int_malloc with 1486090251 static instructions. 
|----- _dl_find_dso_for_object with 2106 static instructions. 
|----- _dl_addr with 204 static instructions. 
|----- ptmalloc_init.part.5 with 220 static instructions. 
|----- malloc_hook_ini with 13 static instructions. 
|----- perl_alloc with 10 static instructions. 
|----- __GI___libc_sigaction with 19920 static instructions. 
|----- __sigaction with 1512 static instructions. 
|----- __bsd_signal.part.0 with 29 static instructions. 
|----- signal with 11 static instructions. 
|----- Perl_sys_init3 with 7 static instructions. 
|----- main with 62 static instructions. 
|----- __sigjmp_save with 75495 static instructions. 
|----- _setjmp with 2 static instructions. 
|----- __do_global_ctors_aux with 359 static instructions. 
|----- frame_dummy with 397 static instructions. 
|----- call_gmon_start with 140 static instructions. 
|----- __libc_csu_init with 36 static instructions. 
|----- __new_exitfn with 96 static instructions. 
|----- __cxa_atexit with 24 static instructions. 
|----- __libc_start_main with 110 static instructions. 
|----- _dl_fixup with 57310 static instructions. 
|----- _dl_runtime_resolve_avx with 26050 static instructions. 
|----- .plt with 163671 static instructions. 
|----- _start with 14 static instructions. 
|----- intel_check_word with 1296 static instructions. 
|----- handle_intel with 243 static instructions. 
|----- init_cacheinfo with 291 static instructions. 
|----- __ctype_init with 16 static instructions. 
|----- strrchr with 895671 static instructions. 
|----- __init_misc with 28 static instructions. 
|----- _init with 250 static instructions. 
|----- call_init.part.0 with 2320 static instructions. 
|----- _dl_init with 1700 static instructions. 
|----- __munmap with 20 static instructions. 
|----- _dl_unload_cache with 240 static instructions. 
|----- _dl_sysdep_start_cleanup with 1 static instructions. 
|----- _dl_allocate_tls_init with 138 static instructions. 
|----- _dl_add_to_slotinfo with 54 static instructions. 
|----- _dl_protect_relro with 234 static instructions. 
|----- check_match with 413425 static instructions. 
|----- do_lookup_x with 1620712 static instructions. 
|----- _dl_lookup_symbol_x with 1639092 static instructions. 
|----- _dl_relocate_object with 37700 static instructions. 
|----- allocate_dtv with 22 static instructions. 
|----- _dl_allocate_tls_storage with 41 static instructions. 
|----- _dl_determine_tlsoffset with 108 static instructions. 
|----- init_tls with 77 static instructions. 
|----- match_symbol with 17963 static instructions. 
|----- _dl_check_map_versions with 8820 static instructions. 
|----- _dl_check_all_versions with 40 static instructions. 
|----- version_check_doit with 17 static instructions. 
|----- _dl_receive_error with 28 static instructions. 
|----- _dl_next_tls_modid with 59 static instructions. 
|----- memset with 6480 static instructions. 
|----- __GI___mprotect with 360 static instructions. 
|----- _dl_map_object_from_fd with 28242 static instructions. 
|----- __GI_read with 270 static instructions. 
|----- open_verify.constprop.7 with 10320 static instructions. 
|----- __strdup with 1035 static instructions. 
|----- _dl_cache_libcmp with 5544 static instructions. 
|----- close with 290 static instructions. 
|----- mmap with 3658 static instructions. 
|----- __GI___fxstat64 with 551 static instructions. 
|----- open64 with 320 static instructions. 
|----- _dl_sysdep_read_whole_file with 86 static instructions. 
|----- _dl_load_cache_lookup with 2660 static instructions. 
|----- _dl_name_match_p with 86112 static instructions. 
|----- _dl_map_object with 45820 static instructions. 
|----- openaux with 960 static instructions. 
|----- __sigsetjmp with 92817 static instructions. 
|----- _dl_initial_error_catch_tsd with 106 static instructions. 
|----- _dl_catch_error with 5733 static instructions. 
|----- strchr with 17136 static instructions. 
|----- _dl_map_object_deps with 20040 static instructions. 
|----- __GI_access with 10 static instructions. 
|----- _dl_debug_state with 40 static instructions. 
|----- _dl_count_modids with 26 static instructions. 
|----- _dl_debug_initialize with 2752 static instructions. 
|----- __mempcpy with 126 static instructions. 
|----- _dl_important_hwcaps with 528 static instructions. 
|----- _dl_init_paths with 237 static instructions. 
|----- bcmp with 19789 static instructions. 
|----- _dl_discover_osversion with 131 static instructions. 
|----- strcmp with 9125116 static instructions. 
|----- rtld_lock_default_unlock_recursive with 54 static instructions. 
|----- rtld_lock_default_lock_recursive with 56 static instructions. 
|----- _dl_add_to_namespace_list with 1073 static instructions. 
|----- memmove with 15180 static instructions. 
|----- __libc_memalign with 2838 static instructions. 
|----- .plt.got with 436 static instructions. 
|----- malloc with 172746842 static instructions. 
|----- calloc with 342 static instructions. 
|----- _dl_new_object with 6061 static instructions. 
|----- _dl_next_ld_env_entry with 22 static instructions. 
|----- dl_main with 2801 static instructions. 
|----- sbrk with 48 static instructions. 
|----- strlen with 60329158 static instructions. 
|----- get_common_indeces.constprop.1 with 79 static instructions. 
|----- brk with 8646 static instructions. 
|----- _dl_sysdep_start with 318 static instructions. 
|----- _dl_setup_hash with 1260 static instructions. 
|----- _dl_start with 343 static instructions. 
