This is pdfTeX, Version 3.14159265-2.6-1.40.16 (TeX Live 2015/Arch Linux) (preloaded format=pdflatex 2015.9.16)  26 SEP 2015 21:29
entering extended mode
 restricted \write18 enabled.
 Source specials enabled.
 %&-line parsing enabled.
**efc1.tex
(./efc1.tex
LaTeX2e <2015/01/01>
Babel <3.9l> and hyphenation patterns for 79 languages loaded.
(/usr/share/texmf-dist/tex/latex/base/article.cls
Document Class: article 2014/09/29 v1.4h Standard LaTeX document class
(/usr/share/texmf-dist/tex/latex/base/size12.clo
File: size12.clo 2014/09/29 v1.4h Standard LaTeX file (size option)
)
\c@part=\count79
\c@section=\count80
\c@subsection=\count81
\c@subsubsection=\count82
\c@paragraph=\count83
\c@subparagraph=\count84
\c@figure=\count85
\c@table=\count86
\abovecaptionskip=\skip41
\belowcaptionskip=\skip42
\bibindent=\dimen102
)
(/usr/share/texmf-dist/tex/latex/base/inputenc.sty
Package: inputenc 2015/03/17 v1.2c Input encoding file
\inpenc@prehook=\toks14
\inpenc@posthook=\toks15

(/usr/share/texmf-dist/tex/latex/base/utf8.def
File: utf8.def 2014/09/29 v1.1m UTF-8 support for inputenc
Now handling font encoding OML ...
... no UTF-8 mapping file for font encoding OML
Now handling font encoding T1 ...
... processing UTF-8 mapping file for font encoding T1

(/usr/share/texmf-dist/tex/latex/base/t1enc.dfu
File: t1enc.dfu 2014/09/29 v1.1m UTF-8 support for inputenc
   defining Unicode char U+00A1 (decimal 161)
   defining Unicode char U+00A3 (decimal 163)
   defining Unicode char U+00AB (decimal 171)
   defining Unicode char U+00BB (decimal 187)
   defining Unicode char U+00BF (decimal 191)
   defining Unicode char U+00C0 (decimal 192)
   defining Unicode char U+00C1 (decimal 193)
   defining Unicode char U+00C2 (decimal 194)
   defining Unicode char U+00C3 (decimal 195)
   defining Unicode char U+00C4 (decimal 196)
   defining Unicode char U+00C5 (decimal 197)
   defining Unicode char U+00C6 (decimal 198)
   defining Unicode char U+00C7 (decimal 199)
   defining Unicode char U+00C8 (decimal 200)
   defining Unicode char U+00C9 (decimal 201)
   defining Unicode char U+00CA (decimal 202)
   defining Unicode char U+00CB (decimal 203)
   defining Unicode char U+00CC (decimal 204)
   defining Unicode char U+00CD (decimal 205)
   defining Unicode char U+00CE (decimal 206)
   defining Unicode char U+00CF (decimal 207)
   defining Unicode char U+00D0 (decimal 208)
   defining Unicode char U+00D1 (decimal 209)
   defining Unicode char U+00D2 (decimal 210)
   defining Unicode char U+00D3 (decimal 211)
   defining Unicode char U+00D4 (decimal 212)
   defining Unicode char U+00D5 (decimal 213)
   defining Unicode char U+00D6 (decimal 214)
   defining Unicode char U+00D8 (decimal 216)
   defining Unicode char U+00D9 (decimal 217)
   defining Unicode char U+00DA (decimal 218)
   defining Unicode char U+00DB (decimal 219)
   defining Unicode char U+00DC (decimal 220)
   defining Unicode char U+00DD (decimal 221)
   defining Unicode char U+00DE (decimal 222)
   defining Unicode char U+00DF (decimal 223)
   defining Unicode char U+00E0 (decimal 224)
   defining Unicode char U+00E1 (decimal 225)
   defining Unicode char U+00E2 (decimal 226)
   defining Unicode char U+00E3 (decimal 227)
   defining Unicode char U+00E4 (decimal 228)
   defining Unicode char U+00E5 (decimal 229)
   defining Unicode char U+00E6 (decimal 230)
   defining Unicode char U+00E7 (decimal 231)
   defining Unicode char U+00E8 (decimal 232)
   defining Unicode char U+00E9 (decimal 233)
   defining Unicode char U+00EA (decimal 234)
   defining Unicode char U+00EB (decimal 235)
   defining Unicode char U+00EC (decimal 236)
   defining Unicode char U+00ED (decimal 237)
   defining Unicode char U+00EE (decimal 238)
   defining Unicode char U+00EF (decimal 239)
   defining Unicode char U+00F0 (decimal 240)
   defining Unicode char U+00F1 (decimal 241)
   defining Unicode char U+00F2 (decimal 242)
   defining Unicode char U+00F3 (decimal 243)
   defining Unicode char U+00F4 (decimal 244)
   defining Unicode char U+00F5 (decimal 245)
   defining Unicode char U+00F6 (decimal 246)
   defining Unicode char U+00F8 (decimal 248)
   defining Unicode char U+00F9 (decimal 249)
   defining Unicode char U+00FA (decimal 250)
   defining Unicode char U+00FB (decimal 251)
   defining Unicode char U+00FC (decimal 252)
   defining Unicode char U+00FD (decimal 253)
   defining Unicode char U+00FE (decimal 254)
   defining Unicode char U+00FF (decimal 255)
   defining Unicode char U+0102 (decimal 258)
   defining Unicode char U+0103 (decimal 259)
   defining Unicode char U+0104 (decimal 260)
   defining Unicode char U+0105 (decimal 261)
   defining Unicode char U+0106 (decimal 262)
   defining Unicode char U+0107 (decimal 263)
   defining Unicode char U+010C (decimal 268)
   defining Unicode char U+010D (decimal 269)
   defining Unicode char U+010E (decimal 270)
   defining Unicode char U+010F (decimal 271)
   defining Unicode char U+0110 (decimal 272)
   defining Unicode char U+0111 (decimal 273)
   defining Unicode char U+0118 (decimal 280)
   defining Unicode char U+0119 (decimal 281)
   defining Unicode char U+011A (decimal 282)
   defining Unicode char U+011B (decimal 283)
   defining Unicode char U+011E (decimal 286)
   defining Unicode char U+011F (decimal 287)
   defining Unicode char U+0130 (decimal 304)
   defining Unicode char U+0131 (decimal 305)
   defining Unicode char U+0132 (decimal 306)
   defining Unicode char U+0133 (decimal 307)
   defining Unicode char U+0139 (decimal 313)
   defining Unicode char U+013A (decimal 314)
   defining Unicode char U+013D (decimal 317)
   defining Unicode char U+013E (decimal 318)
   defining Unicode char U+0141 (decimal 321)
   defining Unicode char U+0142 (decimal 322)
   defining Unicode char U+0143 (decimal 323)
   defining Unicode char U+0144 (decimal 324)
   defining Unicode char U+0147 (decimal 327)
   defining Unicode char U+0148 (decimal 328)
   defining Unicode char U+014A (decimal 330)
   defining Unicode char U+014B (decimal 331)
   defining Unicode char U+0150 (decimal 336)
   defining Unicode char U+0151 (decimal 337)
   defining Unicode char U+0152 (decimal 338)
   defining Unicode char U+0153 (decimal 339)
   defining Unicode char U+0154 (decimal 340)
   defining Unicode char U+0155 (decimal 341)
   defining Unicode char U+0158 (decimal 344)
   defining Unicode char U+0159 (decimal 345)
   defining Unicode char U+015A (decimal 346)
   defining Unicode char U+015B (decimal 347)
   defining Unicode char U+015E (decimal 350)
   defining Unicode char U+015F (decimal 351)
   defining Unicode char U+0160 (decimal 352)
   defining Unicode char U+0161 (decimal 353)
   defining Unicode char U+0162 (decimal 354)
   defining Unicode char U+0163 (decimal 355)
   defining Unicode char U+0164 (decimal 356)
   defining Unicode char U+0165 (decimal 357)
   defining Unicode char U+016E (decimal 366)
   defining Unicode char U+016F (decimal 367)
   defining Unicode char U+0170 (decimal 368)
   defining Unicode char U+0171 (decimal 369)
   defining Unicode char U+0178 (decimal 376)
   defining Unicode char U+0179 (decimal 377)
   defining Unicode char U+017A (decimal 378)
   defining Unicode char U+017B (decimal 379)
   defining Unicode char U+017C (decimal 380)
   defining Unicode char U+017D (decimal 381)
   defining Unicode char U+017E (decimal 382)
   defining Unicode char U+200C (decimal 8204)
   defining Unicode char U+2013 (decimal 8211)
   defining Unicode char U+2014 (decimal 8212)
   defining Unicode char U+2018 (decimal 8216)
   defining Unicode char U+2019 (decimal 8217)
   defining Unicode char U+201A (decimal 8218)
   defining Unicode char U+201C (decimal 8220)
   defining Unicode char U+201D (decimal 8221)
   defining Unicode char U+201E (decimal 8222)
   defining Unicode char U+2030 (decimal 8240)
   defining Unicode char U+2031 (decimal 8241)
   defining Unicode char U+2039 (decimal 8249)
   defining Unicode char U+203A (decimal 8250)
   defining Unicode char U+2423 (decimal 9251)
)
Now handling font encoding OT1 ...
... processing UTF-8 mapping file for font encoding OT1

(/usr/share/texmf-dist/tex/latex/base/ot1enc.dfu
File: ot1enc.dfu 2014/09/29 v1.1m UTF-8 support for inputenc
   defining Unicode char U+00A1 (decimal 161)
   defining Unicode char U+00A3 (decimal 163)
   defining Unicode char U+00B8 (decimal 184)
   defining Unicode char U+00BF (decimal 191)
   defining Unicode char U+00C5 (decimal 197)
   defining Unicode char U+00C6 (decimal 198)
   defining Unicode char U+00D8 (decimal 216)
   defining Unicode char U+00DF (decimal 223)
   defining Unicode char U+00E6 (decimal 230)
   defining Unicode char U+00EC (decimal 236)
   defining Unicode char U+00ED (decimal 237)
   defining Unicode char U+00EE (decimal 238)
   defining Unicode char U+00EF (decimal 239)
   defining Unicode char U+00F8 (decimal 248)
   defining Unicode char U+0131 (decimal 305)
   defining Unicode char U+0141 (decimal 321)
   defining Unicode char U+0142 (decimal 322)
   defining Unicode char U+0152 (decimal 338)
   defining Unicode char U+0153 (decimal 339)
   defining Unicode char U+2013 (decimal 8211)
   defining Unicode char U+2014 (decimal 8212)
   defining Unicode char U+2018 (decimal 8216)
   defining Unicode char U+2019 (decimal 8217)
   defining Unicode char U+201C (decimal 8220)
   defining Unicode char U+201D (decimal 8221)
)
Now handling font encoding OMS ...
... processing UTF-8 mapping file for font encoding OMS

(/usr/share/texmf-dist/tex/latex/base/omsenc.dfu
File: omsenc.dfu 2014/09/29 v1.1m UTF-8 support for inputenc
   defining Unicode char U+00A7 (decimal 167)
   defining Unicode char U+00B6 (decimal 182)
   defining Unicode char U+00B7 (decimal 183)
   defining Unicode char U+2020 (decimal 8224)
   defining Unicode char U+2021 (decimal 8225)
   defining Unicode char U+2022 (decimal 8226)
)
Now handling font encoding OMX ...
... no UTF-8 mapping file for font encoding OMX
Now handling font encoding U ...
... no UTF-8 mapping file for font encoding U
   defining Unicode char U+00A9 (decimal 169)
   defining Unicode char U+00AA (decimal 170)
   defining Unicode char U+00AE (decimal 174)
   defining Unicode char U+00BA (decimal 186)
   defining Unicode char U+02C6 (decimal 710)
   defining Unicode char U+02DC (decimal 732)
   defining Unicode char U+200C (decimal 8204)
   defining Unicode char U+2026 (decimal 8230)
   defining Unicode char U+2122 (decimal 8482)
   defining Unicode char U+2423 (decimal 9251)
))
(/usr/share/texmf-dist/tex/latex/geometry/geometry.sty
Package: geometry 2010/09/12 v5.6 Page Geometry

(/usr/share/texmf-dist/tex/latex/graphics/keyval.sty
Package: keyval 2014/10/28 v1.15 key=value parser (DPC)
\KV@toks@=\toks16
)
(/usr/share/texmf-dist/tex/generic/oberdiek/ifpdf.sty
Package: ifpdf 2011/01/30 v2.3 Provides the ifpdf switch (HO)
Package ifpdf Info: pdfTeX in PDF mode is detected.
)
(/usr/share/texmf-dist/tex/generic/oberdiek/ifvtex.sty
Package: ifvtex 2010/03/01 v1.5 Detect VTeX and its facilities (HO)
Package ifvtex Info: VTeX not detected.
)
(/usr/share/texmf-dist/tex/generic/ifxetex/ifxetex.sty
Package: ifxetex 2010/09/12 v0.6 Provides ifxetex conditional
)
\Gm@cnth=\count87
\Gm@cntv=\count88
\c@Gm@tempcnt=\count89
\Gm@bindingoffset=\dimen103
\Gm@wd@mp=\dimen104
\Gm@odd@mp=\dimen105
\Gm@even@mp=\dimen106
\Gm@layoutwidth=\dimen107
\Gm@layoutheight=\dimen108
\Gm@layouthoffset=\dimen109
\Gm@layoutvoffset=\dimen110
\Gm@dimlist=\toks17
)
(/usr/share/texmf-dist/tex/generic/babel/babel.sty
Package: babel 2014/09/25 3.9l The Babel package

(/usr/share/texmf-dist/tex/generic/babel-portuges/portuges.ldf
Language: portuges 2008/03/18 v1.2q Portuguese support from the babel system

(/usr/share/texmf-dist/tex/generic/babel/babel.def
File: babel.def 2014/09/25 3.9l Babel common definitions
\babel@savecnt=\count90
\U@D=\dimen111
)
\l@brazil = a dialect from \language\l@portuges 
Package babel Info: Making " an active character on input line 145.
))
(/usr/share/texmf-dist/tex/latex/graphics/graphicx.sty
Package: graphicx 2014/10/28 v1.0g Enhanced LaTeX Graphics (DPC,SPQR)

(/usr/share/texmf-dist/tex/latex/graphics/graphics.sty
Package: graphics 2014/10/28 v1.0p Standard LaTeX Graphics (DPC,SPQR)

(/usr/share/texmf-dist/tex/latex/graphics/trig.sty
Package: trig 1999/03/16 v1.09 sin cos tan (DPC)
)
(/usr/share/texmf-dist/tex/latex/latexconfig/graphics.cfg
File: graphics.cfg 2010/04/23 v1.9 graphics configuration of TeX Live
)
Package graphics Info: Driver file: pdftex.def on input line 94.

(/usr/share/texmf-dist/tex/latex/pdftex-def/pdftex.def
File: pdftex.def 2011/05/27 v0.06d Graphics/color for pdfTeX

(/usr/share/texmf-dist/tex/generic/oberdiek/infwarerr.sty
Package: infwarerr 2010/04/08 v1.3 Providing info/warning/error messages (HO)
)
(/usr/share/texmf-dist/tex/generic/oberdiek/ltxcmds.sty
Package: ltxcmds 2011/11/09 v1.22 LaTeX kernel commands for general use (HO)
)
\Gread@gobject=\count91
))
\Gin@req@height=\dimen112
\Gin@req@width=\dimen113
)
(/usr/share/texmf-dist/tex/latex/placeins/placeins.sty
Package: placeins 2005/04/18  v 2.2
)
(/usr/share/texmf-dist/tex/latex/caption/subcaption.sty
Package: subcaption 2013/02/03 v1.1-62 Sub-captions (AR)

(/usr/share/texmf-dist/tex/latex/caption/caption.sty
Package: caption 2013/05/02 v3.3-89 Customizing captions (AR)

(/usr/share/texmf-dist/tex/latex/caption/caption3.sty
Package: caption3 2013/05/02 v1.6-88 caption3 kernel (AR)
Package caption3 Info: TeX engine: e-TeX on input line 57.
\captionmargin=\dimen114
\captionmargin@=\dimen115
\captionwidth=\dimen116
\caption@tempdima=\dimen117
\caption@indent=\dimen118
\caption@parindent=\dimen119
\caption@hangindent=\dimen120
)
\c@ContinuedFloat=\count92
)
\c@subfigure=\count93
\c@subtable=\count94
)
(/usr/share/texmf-dist/tex/latex/float/float.sty
Package: float 2001/11/08 v1.3d Float enhancements (AL)
\c@float@type=\count95
\float@exts=\toks18
\float@box=\box26
\@float@everytoks=\toks19
\@floatcapt=\box27
)
(/usr/share/texmf-dist/tex/latex/tools/hhline.sty
Package: hhline 2014/10/28 v2.03 Table rule package (DPC)
)
(/usr/share/texmf-dist/tex/latex/psnfss/courier.sty
Package: courier 2005/04/12 PSNFSS-v9.2a (WaS) 
)
(/usr/share/texmf-dist/tex/latex/amsmath/amsmath.sty
Package: amsmath 2013/01/14 v2.14 AMS math features
\@mathmargin=\skip43

For additional information on amsmath, use the `?' option.
(/usr/share/texmf-dist/tex/latex/amsmath/amstext.sty
Package: amstext 2000/06/29 v2.01

(/usr/share/texmf-dist/tex/latex/amsmath/amsgen.sty
File: amsgen.sty 1999/11/30 v2.0
\@emptytoks=\toks20
\ex@=\dimen121
))
(/usr/share/texmf-dist/tex/latex/amsmath/amsbsy.sty
Package: amsbsy 1999/11/29 v1.2d
\pmbraise@=\dimen122
)
(/usr/share/texmf-dist/tex/latex/amsmath/amsopn.sty
Package: amsopn 1999/12/14 v2.01 operator names
)
\inf@bad=\count96
LaTeX Info: Redefining \frac on input line 210.
\uproot@=\count97
\leftroot@=\count98
LaTeX Info: Redefining \overline on input line 306.
\classnum@=\count99
\DOTSCASE@=\count100
LaTeX Info: Redefining \ldots on input line 378.
LaTeX Info: Redefining \dots on input line 381.
LaTeX Info: Redefining \cdots on input line 466.
\Mathstrutbox@=\box28
\strutbox@=\box29
\big@size=\dimen123
LaTeX Font Info:    Redeclaring font encoding OML on input line 566.
LaTeX Font Info:    Redeclaring font encoding OMS on input line 567.
\macc@depth=\count101
\c@MaxMatrixCols=\count102
\dotsspace@=\muskip10
\c@parentequation=\count103
\dspbrk@lvl=\count104
\tag@help=\toks21
\row@=\count105
\column@=\count106
\maxfields@=\count107
\andhelp@=\toks22
\eqnshift@=\dimen124
\alignsep@=\dimen125
\tagshift@=\dimen126
\tagwidth@=\dimen127
\totwidth@=\dimen128
\lineht@=\dimen129
\@envbody=\toks23
\multlinegap=\skip44
\multlinetaggap=\skip45
\mathdisplay@stack=\toks24
LaTeX Info: Redefining \[ on input line 2665.
LaTeX Info: Redefining \] on input line 2666.
)
(/usr/share/texmf-dist/tex/latex/tools/bm.sty
Package: bm 2014/10/28 v1.1c Bold Symbol Support (DPC/FMi)
\symboldoperators=\mathgroup4
\symboldletters=\mathgroup5
\symboldsymbols=\mathgroup6
LaTeX Font Info:    Redeclaring math alphabet \mathbf on input line 141.
LaTeX Info: Redefining \bm on input line 207.
)
(/usr/share/texmf-dist/tex/latex/amsfonts/amsfonts.sty
Package: amsfonts 2013/01/14 v3.01 Basic AMSFonts support
\symAMSa=\mathgroup7
\symAMSb=\mathgroup8
LaTeX Font Info:    Overwriting math alphabet `\mathfrak' in version `bold'
(Font)                  U/euf/m/n --> U/euf/b/n on input line 106.
)
(/usr/share/texmf-dist/tex/latex/listings/listings.sty
\lst@mode=\count108
\lst@gtempboxa=\box30
\lst@token=\toks25
\lst@length=\count109
\lst@currlwidth=\dimen130
\lst@column=\count110
\lst@pos=\count111
\lst@lostspace=\dimen131
\lst@width=\dimen132
\lst@newlines=\count112
\lst@lineno=\count113
\lst@maxwidth=\dimen133

(/usr/share/texmf-dist/tex/latex/listings/lstmisc.sty
File: lstmisc.sty 2015/06/04 1.6 (Carsten Heinz)
\c@lstnumber=\count114
\lst@skipnumbers=\count115
\lst@framebox=\box31
)
(/usr/share/texmf-dist/tex/latex/listings/listings.cfg
File: listings.cfg 2015/06/04 1.6 listings configuration
))
Package: listings 2015/06/04 1.6 (Carsten Heinz)

(/usr/share/texmf-dist/tex/latex/graphics/color.sty
Package: color 2014/10/28 v1.1a Standard LaTeX Color (DPC)

(/usr/share/texmf-dist/tex/latex/latexconfig/color.cfg
File: color.cfg 2007/01/18 v1.5 color configuration of teTeX/TeXLive
)
Package color Info: Driver file: pdftex.def on input line 142.
)
(/usr/share/texmf-dist/tex/latex/listings/lstlang1.sty
File: lstlang1.sty 2015/06/04 1.6 listings language file
)
(/usr/share/texmf-dist/tex/latex/multirow/multirow.sty
\bigstrutjot=\dimen134
)
(/usr/share/texmf-dist/tex/latex/steinmetz/steinmetz.sty
Package: steinmetz 2009/06/14 v1.0 Steinmetz symbol for electrotechnics

(/usr/share/texmf-dist/tex/latex/pict2e/pict2e.sty
Package: pict2e 2014/01/12 v0.2z Improved picture commands (HjG,RN,JT)

(/usr/share/texmf-dist/tex/latex/pict2e/pict2e.cfg
File: pict2e.cfg 2011/04/05 v0.1t pict2e configuration for teTeX/TeXLive
)
Package pict2e Info: Driver file: pdftex.def on input line 119.
Package pict2e Info: Driver file for pict2e: p2e-pdftex.def on input line 121.

(/usr/share/texmf-dist/tex/latex/pict2e/p2e-pdftex.def
File: p2e-pdftex.def 2011/04/05 v0.1t Driver-dependant file (RN,HjG,JT)
)
\pIIe@GRAPH=\toks26
\@arclen=\dimen135
\@arcrad=\dimen136
\@tempdimd=\dimen137
)
\stm@phasebox=\box32
\stm@phasedp=\skip46
\stm@phaseht=\skip47
\stm@phasetot=\skip48
\stm@phasewd=\skip49
) (./efc1.aux)
\openout1 = `efc1.aux'.

LaTeX Font Info:    Checking defaults for OML/cmm/m/it on input line 58.
LaTeX Font Info:    ... okay on input line 58.
LaTeX Font Info:    Checking defaults for T1/cmr/m/n on input line 58.
LaTeX Font Info:    ... okay on input line 58.
LaTeX Font Info:    Checking defaults for OT1/cmr/m/n on input line 58.
LaTeX Font Info:    ... okay on input line 58.
LaTeX Font Info:    Checking defaults for OMS/cmsy/m/n on input line 58.
LaTeX Font Info:    ... okay on input line 58.
LaTeX Font Info:    Checking defaults for OMX/cmex/m/n on input line 58.
LaTeX Font Info:    ... okay on input line 58.
LaTeX Font Info:    Checking defaults for U/cmr/m/n on input line 58.
LaTeX Font Info:    ... okay on input line 58.

*geometry* driver: auto-detecting
*geometry* detected driver: pdftex
*geometry* verbose mode - [ preamble ] result:
* driver: pdftex
* paper: a4paper
* layout: <same size as paper>
* layoutoffset:(h,v)=(0.0pt,0.0pt)
* modes: 
* h-part:(L,W,R)=(42.67912pt, 512.14963pt, 42.67912pt)
* v-part:(T,H,B)=(42.67912pt, 759.6886pt, 42.67912pt)
* \paperwidth=597.50787pt
* \paperheight=845.04684pt
* \textwidth=512.14963pt
* \textheight=759.6886pt
* \oddsidemargin=-29.59087pt
* \evensidemargin=-29.59087pt
* \topmargin=-66.59087pt
* \headheight=12.0pt
* \headsep=25.0pt
* \topskip=12.0pt
* \footskip=30.0pt
* \marginparwidth=35.0pt
* \marginparsep=10.0pt
* \columnsep=10.0pt
* \skip\footins=10.8pt plus 4.0pt minus 2.0pt
* \hoffset=0.0pt
* \voffset=0.0pt
* \mag=1000
* \@twocolumnfalse
* \@twosidefalse
* \@mparswitchfalse
* \@reversemarginfalse
* (1in=72.27pt=25.4mm, 1cm=28.453pt)

(/usr/share/texmf-dist/tex/context/base/supp-pdf.mkii
[Loading MPS to PDF converter (version 2006.09.02).]
\scratchcounter=\count116
\scratchdimen=\dimen138
\scratchbox=\box33
\nofMPsegments=\count117
\nofMParguments=\count118
\everyMPshowfont=\toks27
\MPscratchCnt=\count119
\MPscratchDim=\dimen139
\MPnumerator=\count120
\makeMPintoPDFobject=\count121
\everyMPtoPDFconversion=\toks28
) (/usr/share/texmf-dist/tex/generic/oberdiek/pdftexcmds.sty
Package: pdftexcmds 2011/11/29 v0.20 Utility functions of pdfTeX for LuaTeX (HO
)

(/usr/share/texmf-dist/tex/generic/oberdiek/ifluatex.sty
Package: ifluatex 2010/03/01 v1.3 Provides the ifluatex switch (HO)
Package ifluatex Info: LuaTeX not detected.
)
Package pdftexcmds Info: LuaTeX not detected.
Package pdftexcmds Info: \pdf@primitive is available.
Package pdftexcmds Info: \pdf@ifprimitive is available.
Package pdftexcmds Info: \pdfdraftmode found.
)
(/usr/share/texmf-dist/tex/latex/oberdiek/epstopdf-base.sty
Package: epstopdf-base 2010/02/09 v2.5 Base part for package epstopdf

(/usr/share/texmf-dist/tex/latex/oberdiek/grfext.sty
Package: grfext 2010/08/19 v1.1 Manage graphics extensions (HO)

(/usr/share/texmf-dist/tex/generic/oberdiek/kvdefinekeys.sty
Package: kvdefinekeys 2011/04/07 v1.3 Define keys (HO)
))
(/usr/share/texmf-dist/tex/latex/oberdiek/kvoptions.sty
Package: kvoptions 2011/06/30 v3.11 Key value format for package options (HO)

(/usr/share/texmf-dist/tex/generic/oberdiek/kvsetkeys.sty
Package: kvsetkeys 2012/04/25 v1.16 Key value parser (HO)

(/usr/share/texmf-dist/tex/generic/oberdiek/etexcmds.sty
Package: etexcmds 2011/02/16 v1.5 Avoid name clashes with e-TeX commands (HO)
Package etexcmds Info: Could not find \expanded.
(etexcmds)             That can mean that you are not using pdfTeX 1.50 or
(etexcmds)             that some package has redefined \expanded.
(etexcmds)             In the latter case, load this package earlier.
)))
Package grfext Info: Graphics extension search list:
(grfext)             [.png,.pdf,.jpg,.mps,.jpeg,.jbig2,.jb2,.PNG,.PDF,.JPG,.JPE
G,.JBIG2,.JB2,.eps]
(grfext)             \AppendGraphicsExtensions on input line 452.

(/usr/share/texmf-dist/tex/latex/latexconfig/epstopdf-sys.cfg
File: epstopdf-sys.cfg 2010/07/13 v1.3 Configuration of (r)epstopdf for TeX Liv
e
))
Package caption Info: Begin \AtBeginDocument code.
Package caption Info: float package is loaded.
Package caption Info: listings package is loaded.
Package caption Info: End \AtBeginDocument code.
\c@lstlisting=\count122
 (./secao2.tex
LaTeX Font Info:    Try loading font information for U+msa on input line 13.

(/usr/share/texmf-dist/tex/latex/amsfonts/umsa.fd
File: umsa.fd 2013/01/14 v3.01 AMS symbols A
)
LaTeX Font Info:    Try loading font information for U+msb on input line 13.

(/usr/share/texmf-dist/tex/latex/amsfonts/umsb.fd
File: umsb.fd 2013/01/14 v3.01 AMS symbols B
)
<image/filtro_lin.png, id=1, 421.575pt x 316.18124pt>
File: image/filtro_lin.png Graphic file (type png)

<use image/filtro_lin.png>
Package pdftex.def Info: image/filtro_lin.png used on input line 80.
(pdftex.def)             Requested size: 256.07481pt x 192.05975pt.

<image/filtro_nlin.png, id=2, 421.575pt x 316.18124pt>
File: image/filtro_nlin.png Graphic file (type png)

<use image/filtro_nlin.png>
Package pdftex.def Info: image/filtro_nlin.png used on input line 86.
(pdftex.def)             Requested size: 256.07481pt x 192.05975pt.
 [1

{/var/lib/texmf/fonts/map/pdftex/updmap/pdftex.map}] [2 <./image/filtro_lin.png
 (PNG copy)> <./image/filtro_nlin.png (PNG copy)>]
Overfull \hbox (1.71165pt too wide) in paragraph at lines 215--220
[][]\OT1/cmr/m/n/12 Considerando so-mente as pri-mei-ras cinco vari^^Saveis se-
le-ci-o-na-das em cada execu^^Xc~ao, percebe-
 []

LaTeX Font Info:    Try loading font information for OT1+pcr on input line 340.

(/usr/share/texmf-dist/tex/latex/psnfss/ot1pcr.fd
File: ot1pcr.fd 2001/06/04 font definitions for OT1/pcr.
) [3]
Overfull \hbox (0.94453pt too wide) in paragraph at lines 357--363
\OT1/cmr/m/n/12 sa^^S^^Pda pra-ti-ca-mente nu-las (os re-sul-ta-dos de \OT1/pcr
/m/n/12 corr (X(:,21), S) \OT1/cmr/m/n/12 ... \OT1/pcr/m/n/12 corr (X(:,25),
 []

[4] <image/filtro_lin2.png, id=36, 449.68pt x 337.26pt>
File: image/filtro_lin2.png Graphic file (type png)

<use image/filtro_lin2.png>
Package pdftex.def Info: image/filtro_lin2.png used on input line 448.
(pdftex.def)             Requested size: 256.07481pt x 192.06522pt.

<image/filtro_nlin2.png, id=37, 449.68pt x 337.26pt>
File: image/filtro_nlin2.png Graphic file (type png)

<use image/filtro_nlin2.png>
Package pdftex.def Info: image/filtro_nlin2.png used on input line 454.
(pdftex.def)             Requested size: 256.07481pt x 192.06522pt.

Overfull \hbox (11.24776pt too wide) in paragraph at lines 482--497
 [][][] 
 []

[5 <./image/filtro_lin2.png (PNG copy)> <./image/filtro_nlin2.png (PNG copy)>])
(./secao3.tex <image/hist_normalizados.png, id=43, 580.569pt x 415.954pt>
File: image/hist_normalizados.png Graphic file (type png)

<use image/hist_normalizados.png>
Package pdftex.def Info: image/hist_normalizados.png used on input line 31.
(pdftex.def)             Requested size: 332.89412pt x 238.50525pt.
 [6]
<image/corr_variaveis_preditor.png, id=47, 521.95pt x 407.121pt>
File: image/corr_variaveis_preditor.png Graphic file (type png)

<use image/corr_variaveis_preditor.png>
Package pdftex.def Info: image/corr_variaveis_preditor.png used on input line 5
0.
(pdftex.def)             Requested size: 307.2929pt x 239.68991pt.
 [7 <./image/hist_normalizados.png (PNG copy)> <./image/corr_variaveis_preditor
.png (PNG copy)>]
<image/preditor_regularizado_k_folds.png, id=52, 740.366pt x 582.978pt>
File: image/preditor_regularizado_k_folds.png Graphic file (type png)

<use image/preditor_regularizado_k_folds.png>
Package pdftex.def Info: image/preditor_regularizado_k_folds.png used on input 
line 103.
(pdftex.def)             Requested size: 332.89412pt x 262.13307pt.
 [8 <./image/preditor_regularizado_k_folds.png (PNG copy)>]
<image/mlp_average_iterations.png, id=56, 576.554pt x 409.53pt>
File: image/mlp_average_iterations.png Graphic file (type png)

<use image/mlp_average_iterations.png>
Package pdftex.def Info: image/mlp_average_iterations.png used on input line 19
1.
(pdftex.def)             Requested size: 332.89412pt x 236.46524pt.
 [9]
<image/mlp_1000_iterations.png, id=60, 449.68pt x 337.26pt>
File: image/mlp_1000_iterations.png Graphic file (type png)

<use image/mlp_1000_iterations.png>
Package pdftex.def Info: image/mlp_1000_iterations.png used on input line 209.
(pdftex.def)             Requested size: 332.89412pt x 249.6817pt.
) (./bibliografia.tex
LaTeX Font Info:    Try loading font information for OMS+cmr on input line 3.

(/usr/share/texmf-dist/tex/latex/base/omscmr.fd
File: omscmr.fd 2014/09/29 v2.5h Standard LaTeX font definitions
)
LaTeX Font Info:    Font shape `OMS/cmr/m/n' in size <12> not available
(Font)              Font shape `OMS/cmsy/m/n' tried instead on input line 3.
 [10 <./image/mlp_average_iterations.png (PNG copy)> <./image/mlp_1000_iteratio
ns.png (PNG copy)>])
(./anexos.tex [11] <image/forward1.png, id=67, 421.575pt x 316.18124pt>
File: image/forward1.png Graphic file (type png)

<use image/forward1.png>
Package pdftex.def Info: image/forward1.png used on input line 12.
(pdftex.def)             Requested size: 256.07481pt x 192.05975pt.
 <image/forward2.png, id=68, 421.575pt x 316.18124pt>
File: image/forward2.png Graphic file (type png)

<use image/forward2.png>
Package pdftex.def Info: image/forward2.png used on input line 18.
(pdftex.def)             Requested size: 256.07481pt x 192.05975pt.
 <image/forward3.png, id=69, 421.575pt x 316.18124pt>
File: image/forward3.png Graphic file (type png)

<use image/forward3.png>
Package pdftex.def Info: image/forward3.png used on input line 25.
(pdftex.def)             Requested size: 256.07481pt x 192.05975pt.
 <image/forward4.png, id=70, 421.575pt x 316.18124pt>
File: image/forward4.png Graphic file (type png)

<use image/forward4.png>
Package pdftex.def Info: image/forward4.png used on input line 31.
(pdftex.def)             Requested size: 256.07481pt x 192.05975pt.
 <image/forward5.png, id=71, 421.575pt x 316.18124pt>
File: image/forward5.png Graphic file (type png)

<use image/forward5.png>
Package pdftex.def Info: image/forward5.png used on input line 38.
(pdftex.def)             Requested size: 256.07481pt x 192.05975pt.
 <image/backward1.png, id=72, 421.575pt x 316.18124pt>
File: image/backward1.png Graphic file (type png)

<use image/backward1.png>
Package pdftex.def Info: image/backward1.png used on input line 56.
(pdftex.def)             Requested size: 256.07481pt x 192.05975pt.

<image/backward2.png, id=73, 421.575pt x 316.18124pt>
File: image/backward2.png Graphic file (type png)

<use image/backward2.png>
Package pdftex.def Info: image/backward2.png used on input line 62.
(pdftex.def)             Requested size: 256.07481pt x 192.05975pt.

<image/backward3.png, id=74, 421.575pt x 316.18124pt>
File: image/backward3.png Graphic file (type png)

<use image/backward3.png>
Package pdftex.def Info: image/backward3.png used on input line 69.
(pdftex.def)             Requested size: 256.07481pt x 192.05975pt.

<image/backward4.png, id=75, 421.575pt x 316.18124pt>
File: image/backward4.png Graphic file (type png)

<use image/backward4.png>
Package pdftex.def Info: image/backward4.png used on input line 75.
(pdftex.def)             Requested size: 256.07481pt x 192.05975pt.

<image/backward5.png, id=76, 421.575pt x 316.18124pt>
File: image/backward5.png Graphic file (type png)

<use image/backward5.png>
Package pdftex.def Info: image/backward5.png used on input line 82.
(pdftex.def)             Requested size: 256.07481pt x 192.05975pt.
 [12 <./image/forward1.png (PNG copy)> <./image/forward2.png (PNG copy)> <./ima
ge/forward3.png (PNG copy)> <./image/forward4.png (PNG copy)> <./image/forward5
.png (PNG copy)>]
<image/forward1_2.png, id=80, 449.68pt x 337.26pt>
File: image/forward1_2.png Graphic file (type png)
 <use image/forward1_2.png>
Package pdftex.def Info: image/forward1_2.png used on input line 100.
(pdftex.def)             Requested size: 256.07481pt x 192.06522pt.

<image/forward2_2.png, id=81, 449.68pt x 337.26pt>
File: image/forward2_2.png Graphic file (type png)
 <use image/forward2_2.png>
Package pdftex.def Info: image/forward2_2.png used on input line 106.
(pdftex.def)             Requested size: 256.07481pt x 192.06522pt.

<image/forward3_2.png, id=82, 449.68pt x 337.26pt>
File: image/forward3_2.png Graphic file (type png)
 <use image/forward3_2.png>
Package pdftex.def Info: image/forward3_2.png used on input line 113.
(pdftex.def)             Requested size: 256.07481pt x 192.06522pt.

<image/forward4_2.png, id=83, 449.68pt x 337.26pt>
File: image/forward4_2.png Graphic file (type png)
 <use image/forward4_2.png>
Package pdftex.def Info: image/forward4_2.png used on input line 119.
(pdftex.def)             Requested size: 256.07481pt x 192.06522pt.

<image/forward5_2.png, id=84, 449.68pt x 337.26pt>
File: image/forward5_2.png Graphic file (type png)
 <use image/forward5_2.png>
Package pdftex.def Info: image/forward5_2.png used on input line 126.
(pdftex.def)             Requested size: 256.07481pt x 192.06522pt.

[13 <./image/backward1.png (PNG copy)> <./image/backward2.png (PNG copy)> <./im
age/backward3.png (PNG copy)> <./image/backward4.png (PNG copy)> <./image/backw
ard5.png (PNG copy)>] <image/backward1_2.png, id=89, 449.68pt x 337.26pt>
File: image/backward1_2.png Graphic file (type png)

<use image/backward1_2.png>
Package pdftex.def Info: image/backward1_2.png used on input line 144.
(pdftex.def)             Requested size: 256.07481pt x 192.06522pt.

<image/backward2_2.png, id=90, 449.68pt x 337.26pt>
File: image/backward2_2.png Graphic file (type png)

<use image/backward2_2.png>
Package pdftex.def Info: image/backward2_2.png used on input line 150.
(pdftex.def)             Requested size: 256.07481pt x 192.06522pt.

<image/backward3_2.png, id=91, 449.68pt x 337.26pt>
File: image/backward3_2.png Graphic file (type png)

<use image/backward3_2.png>
Package pdftex.def Info: image/backward3_2.png used on input line 157.
(pdftex.def)             Requested size: 256.07481pt x 192.06522pt.

<image/backward4_2.png, id=92, 449.68pt x 337.26pt>
File: image/backward4_2.png Graphic file (type png)

<use image/backward4_2.png>
Package pdftex.def Info: image/backward4_2.png used on input line 163.
(pdftex.def)             Requested size: 256.07481pt x 192.06522pt.

<image/backward5_2.png, id=93, 449.68pt x 337.26pt>
File: image/backward5_2.png Graphic file (type png)

<use image/backward5_2.png>
Package pdftex.def Info: image/backward5_2.png used on input line 170.
(pdftex.def)             Requested size: 256.07481pt x 192.06522pt.
 [14 <./image/forward1_2.png (PNG copy)> <./image/forward2_2.png (PNG copy)> <.
/image/forward3_2.png (PNG copy)> <./image/forward4_2.png (PNG copy)> <./image/
forward5_2.png (PNG copy)>] [15 <./image/backward1_2.png (PNG copy)> <./image/b
ackward2_2.png (PNG copy)> <./image/backward3_2.png (PNG copy)> <./image/backwa
rd4_2.png (PNG copy)> <./image/backward5_2.png (PNG copy)>] (./predicao/gera_da
dos.m) (./predicao/resolve_sistema_k_folds.m
[16]) (./predicao/numberNeuronsMLP.m [17])
<image/mlp_50_iterations.png, id=107, 449.68pt x 337.26pt>
File: image/mlp_50_iterations.png Graphic file (type png)

<use image/mlp_50_iterations.png>
Package pdftex.def Info: image/mlp_50_iterations.png used on input line 203.
(pdftex.def)             Requested size: 169.0103pt x 126.75522pt.

<image/mlp_100_iterations.png, id=108, 449.68pt x 337.26pt>
File: image/mlp_100_iterations.png Graphic file (type png)

<use image/mlp_100_iterations.png>
Package pdftex.def Info: image/mlp_100_iterations.png used on input line 208.
(pdftex.def)             Requested size: 169.0103pt x 126.75522pt.

<image/mlp_150_iterations.png, id=109, 449.68pt x 337.26pt>
File: image/mlp_150_iterations.png Graphic file (type png)

<use image/mlp_150_iterations.png>
Package pdftex.def Info: image/mlp_150_iterations.png used on input line 213.
(pdftex.def)             Requested size: 169.0103pt x 126.75522pt.

<image/mlp_200_iterations.png, id=110, 449.68pt x 337.26pt>
File: image/mlp_200_iterations.png Graphic file (type png)

<use image/mlp_200_iterations.png>
Package pdftex.def Info: image/mlp_200_iterations.png used on input line 219.
(pdftex.def)             Requested size: 169.0103pt x 126.75522pt.

<image/mlp_300_iterations.png, id=111, 449.68pt x 337.26pt>
File: image/mlp_300_iterations.png Graphic file (type png)

<use image/mlp_300_iterations.png>
Package pdftex.def Info: image/mlp_300_iterations.png used on input line 224.
(pdftex.def)             Requested size: 169.0103pt x 126.75522pt.

<image/mlp_400_iterations.png, id=112, 449.68pt x 337.26pt>
File: image/mlp_400_iterations.png Graphic file (type png)

<use image/mlp_400_iterations.png>
Package pdftex.def Info: image/mlp_400_iterations.png used on input line 229.
(pdftex.def)             Requested size: 169.0103pt x 126.75522pt.

<image/mlp_500_iterations.png, id=113, 449.68pt x 337.26pt>
File: image/mlp_500_iterations.png Graphic file (type png)

<use image/mlp_500_iterations.png>
Package pdftex.def Info: image/mlp_500_iterations.png used on input line 235.
(pdftex.def)             Requested size: 169.0103pt x 126.75522pt.

<image/mlp_600_iterations.png, id=114, 449.68pt x 337.26pt>
File: image/mlp_600_iterations.png Graphic file (type png)

<use image/mlp_600_iterations.png>
Package pdftex.def Info: image/mlp_600_iterations.png used on input line 240.
(pdftex.def)             Requested size: 169.0103pt x 126.75522pt.

<image/mlp_700_iterations.png, id=115, 449.68pt x 337.26pt>
File: image/mlp_700_iterations.png Graphic file (type png)

<use image/mlp_700_iterations.png>
Package pdftex.def Info: image/mlp_700_iterations.png used on input line 245.
(pdftex.def)             Requested size: 169.0103pt x 126.75522pt.

<image/mlp_800_iterations.png, id=116, 449.68pt x 337.26pt>
File: image/mlp_800_iterations.png Graphic file (type png)

<use image/mlp_800_iterations.png>
Package pdftex.def Info: image/mlp_800_iterations.png used on input line 251.
(pdftex.def)             Requested size: 256.07481pt x 192.06522pt.

<image/mlp_900_iterations.png, id=117, 449.68pt x 337.26pt>
File: image/mlp_900_iterations.png Graphic file (type png)

<use image/mlp_900_iterations.png>
Package pdftex.def Info: image/mlp_900_iterations.png used on input line 256.
(pdftex.def)             Requested size: 256.07481pt x 192.06522pt.
 [18]) [19 <./image/mlp_50_iterations.png (PNG copy)> <./image/mlp_100_iteratio
ns.png (PNG copy)> <./image/mlp_150_iterations.png (PNG copy)> <./image/mlp_200
_iterations.png (PNG copy)> <./image/mlp_300_iterations.png (PNG copy)> <./imag
e/mlp_400_iterations.png (PNG copy)> <./image/mlp_500_iterations.png (PNG copy)
> <./image/mlp_600_iterations.png (PNG copy)> <./image/mlp_700_iterations.png (
PNG copy)> <./image/mlp_800_iterations.png (PNG copy)> <./image/mlp_900_iterati
ons.png (PNG copy)>] (./efc1.aux) ) 
Here is how much of TeX's memory you used:
 7547 strings out of 493089
 105966 string characters out of 6140694
 375597 words of memory out of 5000000
 10814 multiletter control sequences out of 15000+600000
 21977 words of font info for 80 fonts, out of 8000000 for 9000
 1141 hyphenation exceptions out of 8191
 42i,22n,41p,335b,1700s stack positions out of 5000i,500n,10000p,200000b,80000s
{/usr/share/texmf-dist/fonts/enc/dvips/base/
8r.enc}</usr/share/texmf-dist/fonts/type1/public/amsfonts/cm/cmbx10.pfb></usr/s
hare/texmf-dist/fonts/type1/public/amsfonts/cm/cmbx12.pfb></usr/share/texmf-dis
t/fonts/type1/public/amsfonts/cm/cmbxti10.pfb></usr/share/texmf-dist/fonts/type
1/public/amsfonts/cm/cmex10.pfb></usr/share/texmf-dist/fonts/type1/public/amsfo
nts/cm/cmmi10.pfb></usr/share/texmf-dist/fonts/type1/public/amsfonts/cm/cmmi12.
pfb></usr/share/texmf-dist/fonts/type1/public/amsfonts/cm/cmmi6.pfb></usr/share
/texmf-dist/fonts/type1/public/amsfonts/cm/cmmi7.pfb></usr/share/texmf-dist/fon
ts/type1/public/amsfonts/cm/cmmi8.pfb></usr/share/texmf-dist/fonts/type1/public
/amsfonts/cm/cmmib10.pfb></usr/share/texmf-dist/fonts/type1/public/amsfonts/cme
xtra/cmmib8.pfb></usr/share/texmf-dist/fonts/type1/public/amsfonts/cm/cmr10.pfb
></usr/share/texmf-dist/fonts/type1/public/amsfonts/cm/cmr12.pfb></usr/share/te
xmf-dist/fonts/type1/public/amsfonts/cm/cmr6.pfb></usr/share/texmf-dist/fonts/t
ype1/public/amsfonts/cm/cmr7.pfb></usr/share/texmf-dist/fonts/type1/public/amsf
onts/cm/cmr8.pfb></usr/share/texmf-dist/fonts/type1/public/amsfonts/cm/cmsy10.p
fb></usr/share/texmf-dist/fonts/type1/public/amsfonts/cm/cmsy8.pfb></usr/share/
texmf-dist/fonts/type1/public/amsfonts/cm/cmti10.pfb></usr/share/texmf-dist/fon
ts/type1/public/amsfonts/cm/cmti12.pfb></usr/share/texmf-dist/fonts/type1/publi
c/amsfonts/symbols/msbm10.pfb></usr/share/texmf-dist/fonts/type1/urw/courier/uc
rr8a.pfb>
Output written on efc1.pdf (19 pages, 567445 bytes).
PDF statistics:
 196 PDF objects out of 1000 (max. 8388607)
 111 compressed objects within 2 object streams
 0 named destinations out of 1000 (max. 500000)
 201 words of extra memory for PDF output out of 10000 (max. 10000000)

