Creating lock...Ok
Creating TLS key...Ok
Running PIN_AddThreadStartFunction...Ok
Running RTN_AddInstrumentFunction...Ok
initThreadData: Requesting lock...Ok
initThreadData: Releasing lock...Ok
initThreadData: Creating data structure for thread #0...Ok
Total number of threads = 1
Thread #0
|----- _exit with 24 static instructions. 
|----- _IO_flush_all_lockp with 190 static instructions. 
|----- _IO_cleanup with 120 static instructions. 
|----- deregister_tm_clones with 17 static instructions. 
|----- .fini with 18 static instructions. 
|----- .text with 551 static instructions. 
|----- __unregister_atfork with 3042 static instructions. 
|----- __cxa_finalize with 2418 static instructions. 
|----- __do_global_dtors_aux with 389 static instructions. 
|----- _fini with 83 static instructions. 
|----- _dl_sort_fini with 165 static instructions. 
|----- _dl_fini with 229 static instructions. 
|----- __call_tls_dtors with 26 static instructions. 
|----- __run_exit_handlers with 80 static instructions. 
|----- exit with 6 static instructions. 
|----- PerlIO_teardown with 12 static instructions. 
|----- Perl_sys_term with 6 static instructions. 
|----- perl_free with 6 static instructions. 
|----- PerlIO_cleantable with 50 static instructions. 
|----- PerlIO_cleanup with 33 static instructions. 
|----- do_clean_named_objs with 408000 static instructions. 
|----- XS_Storable__Cxt_DESTROY with 58 static instructions. 
|----- do_clean_objs with 214464 static instructions. 
|----- S_visit with 108 static instructions. 
|----- Perl_sv_clean_objs with 13 static instructions. 
|----- PerlIO_destruct with 47 static instructions. 
|----- Perl_nothreadhook with 2 static instructions. 
|----- Perl_my_fflush_all with 2 static instructions. 
|----- perl_destruct with 1491 static instructions. 
|----- S_my_exit_jump with 86 static instructions. 
|----- Perl_my_exit with 18 static instructions. 
|----- Perl_pp_exit with 17 static instructions. 
|----- inflateEnd with 27 static instructions. 
|----- XS_Compress__Raw__Zlib__inflateStream_DESTROY with 78 static instructions. 
|----- inflate_fast with 379 static instructions. 
|----- updatewindow with 210 static instructions. 
|----- inflate_table with 1059 static instructions. 
|----- inflate with 3132 static instructions. 
|----- XS_Compress__Raw__Zlib__inflateStream_inflate with 467 static instructions. 
|----- inflateReset with 30 static instructions. 
|----- inflateInit2_ with 69 static instructions. 
|----- XS_Compress__Raw__Zlib__inflateInit with 216 static instructions. 
|----- Perl_sv_2pvbyte with 33 static instructions. 
|----- XS_MIME__Base64_decode_base64 with 182 static instructions. 
|----- __GI___strncasecmp_l with 6096 static instructions. 
|----- __GI_____strtod_l_internal with 5790 static instructions. 
|----- __strtod_internal with 9 static instructions. 
|----- S_sortcv_stacked with 314391 static instructions. 
|----- XS_MIME__Base64_encode_base64 with 2007 static instructions. 
|----- Perl_sv_kill_backrefs with 792 static instructions. 
|----- Perl_magic_killbackrefs with 18 static instructions. 
|----- default_bzfree with 216 static instructions. 
|----- BZ2_bzCompressEnd with 351 static instructions. 
|----- XS_Compress__Raw__Bzip2_DESTROY with 513 static instructions. 
|----- isempty_RL with 140 static instructions. 
|----- BZ2_hbAssignCodes with 1334 static instructions. 
|----- BZ2_hbMakeCodeLengths with 53544 static instructions. 
|----- bsPutUInt32 with 1638 static instructions. 
|----- bsPutUChar with 3312 static instructions. 
|----- BZ2_bsInitWrite with 27 static instructions. 
|----- fallbackSort with 3690 static instructions. 
|----- BZ2_blockSort with 16407 static instructions. 
|----- BZ2_compressBlock with 25146 static instructions. 
|----- XS_Compress__Raw__Bzip2_bzclose with 1809 static instructions. 
|----- Perl_pp_untie with 1422 static instructions. 
|----- GetErrorString with 141 static instructions. 
|----- add_pair_to_block with 481624 static instructions. 
|----- handle_compress with 5020 static instructions. 
|----- BZ2_bzCompress with 1980 static instructions. 
|----- XS_Compress__Raw__Bzip2_bzdeflate with 2304 static instructions. 
|----- XS_Compress__Raw__Bzip2_constant with 915 static instructions. 
|----- prepare_new_block with 99 static instructions. 
|----- init_RL with 54 static instructions. 
|----- default_bzalloc with 108 static instructions. 
|----- bz_config_ok with 18 static instructions. 
|----- BZ2_bzCompressInit with 1179 static instructions. 
|----- XS_Compress__Raw__Bzip2_new with 1971 static instructions. 
|----- XS_Scalar__Util_readonly with 1098 static instructions. 
|----- Perl_sv_rvweaken with 630 static instructions. 
|----- zcfree with 94 static instructions. 
|----- deflateEnd with 612 static instructions. 
|----- XS_Compress__Raw__Zlib__deflateStream_DESTROY with 675 static instructions. 
|----- bi_windup with 261 static instructions. 
|----- compress_block with 2682 static instructions. 
|----- send_tree with 6444 static instructions. 
|----- scan_tree with 1386 static instructions. 
|----- pqdownheap with 167940 static instructions. 
|----- build_tree with 9072 static instructions. 
|----- _tr_flush_block with 3024 static instructions. 
|----- XS_Compress__Raw__Zlib__deflateStream_flush with 2196 static instructions. 
|----- longest_match with 4644784 static instructions. 
|----- fill_window with 160622 static instructions. 
|----- deflate_slow with 5508 static instructions. 
|----- flush_pending with 1184 static instructions. 
|----- putShortMSB with 324 static instructions. 
|----- deflate with 16652 static instructions. 
|----- deRef_l with 3737 static instructions. 
|----- deRef with 1235 static instructions. 
|----- XS_Compress__Raw__Zlib__deflateStream_deflate with 2529 static instructions. 
|----- PostInitStream with 356 static instructions. 
|----- init_block with 414 static instructions. 
|----- _tr_init with 144 static instructions. 
|----- adler32 with 7530 static instructions. 
|----- deflateReset with 774 static instructions. 
|----- zcalloc with 141 static instructions. 
|----- deflateInit2_ with 1602 static instructions. 
|----- InitStream with 209 static instructions. 
|----- XS_Compress__Raw__Zlib__deflateInit with 2358 static instructions. 
|----- XS_Compress__Raw__Zlib_constant with 2989 static instructions. 
|----- Perl_rninstr with 336 static instructions. 
|----- Perl_pp_i_le with 44928 static instructions. 
|----- Perl_magic_setsubstr with 7968 static instructions. 
|----- XS_Math__BigInt__FastCalc__zero with 2204 static instructions. 
|----- XS_Math__BigInt__FastCalc__one with 168 static instructions. 
|----- Perl_pp_i_ge with 1944 static instructions. 
|----- Perl_pp_i_ne with 4896 static instructions. 
|----- XS_Math__BigInt__FastCalc__copy with 18912 static instructions. 
|----- XS_Math__BigInt__FastCalc__is_one with 210 static instructions. 
|----- XS_Math__BigInt__FastCalc__num with 6195 static instructions. 
|----- XS_Math__BigInt__FastCalc__acmp with 31620 static instructions. 
|----- Perl_pp_i_modulo_0 with 2882 static instructions. 
|----- Perl_pp_i_modulo with 139 static instructions. 
|----- Perl_pp_i_divide with 142680 static instructions. 
|----- XS_Math__BigInt__FastCalc__len with 17595 static instructions. 
|----- XS_Math__BigInt__FastCalc__is_zero with 27690 static instructions. 
|----- Perl_pp_abs with 4004 static instructions. 
|----- XS_Math__BigInt__FastCalc__new with 28710 static instructions. 
|----- sleep with 50 static instructions. 
|----- __nanosleep_nocancel with 207 static instructions. 
|----- nanosleep with 18 static instructions. 
|----- usleep with 112 static instructions. 
|----- XS_Time__HiRes_sleep with 1015 static instructions. 
|----- pow with 500 static instructions. 
|----- Perl_do_chop with 20298 static instructions. 
|----- Perl_pp_schop with 2346 static instructions. 
|----- rename with 10 static instructions. 
|----- Perl_pp_rename with 61 static instructions. 
|----- utimes with 33 static instructions. 
|----- Perl_pp_send with 3220 static instructions. 
|----- Perl_pp_tied with 207 static instructions. 
|----- PerlIOBase_binmode with 216 static instructions. 
|----- PerlIORaw_pushed with 312 static instructions. 
|----- PerlIO_binmode with 282 static instructions. 
|----- Perl_mode_from_discipline with 606 static instructions. 
|----- Perl_pp_binmode with 1230 static instructions. 
|----- Perl_pp_xor with 342 static instructions. 
|----- XS_Scalar__Util_blessed with 3444 static instructions. 
|----- ftruncate64 with 20 static instructions. 
|----- Perl_pp_truncate with 270 static instructions. 
|----- Perl_do_tell with 84 static instructions. 
|----- Perl_pp_tell with 246 static instructions. 
|----- PerlIO_vprintf with 56 static instructions. 
|----- PerlIO_printf with 29 static instructions. 
|----- XS_Digest__MD5_add with 1248 static instructions. 
|----- rmdir with 40 static instructions. 
|----- Perl_pp_rmdir with 304 static instructions. 
|----- Perl_my_lstat with 258 static instructions. 
|----- Perl_pp_ftlink with 228 static instructions. 
|----- getcwd with 850 static instructions. 
|----- Perl_getcwd_sv with 84 static instructions. 
|----- XS_Cwd_getcwd with 96 static instructions. 
|----- Perl_pp_right_shift with 484 static instructions. 
|----- Perl_sighandler with 1912 static instructions. 
|----- Perl_despatch_signals with 180 static instructions. 
|----- __restore_rt with 12 static instructions. 
|----- Perl_csighandler with 128 static instructions. 
|----- Perl_pp_waitpid with 1836 static instructions. 
|----- Perl_pp_sysread with 21240 static instructions. 
|----- __select_nocancel with 400 static instructions. 
|----- select with 32 static instructions. 
|----- Perl_pp_sselect with 3776 static instructions. 
|----- Perl_pp_fileno with 4920 static instructions. 
|----- Perl_pp_fork with 308 static instructions. 
|----- Perl_pp_pipe_op with 1312 static instructions. 
|----- restore_sigmask with 136 static instructions. 
|----- Perl_rsignal with 280 static instructions. 
|----- sigprocmask with 312 static instructions. 
|----- sigaddset with 180 static instructions. 
|----- chdir with 100 static instructions. 
|----- Perl_pp_chdir with 2360 static instructions. 
|----- clean_retrieve_context with 43 static instructions. 
|----- retrieve_lutf8str with 336 static instructions. 
|----- retrieve_utf8str with 3521 static instructions. 
|----- retrieve_flag_hash with 29224 static instructions. 
|----- retrieve_undef with 4345 static instructions. 
|----- retrieve_lscalar with 11537 static instructions. 
|----- retrieve_double with 3105 static instructions. 
|----- retrieve_integer with 483 static instructions. 
|----- retrieve_byte with 13561 static instructions. 
|----- retrieve_array with 79040 static instructions. 
|----- retrieve_ref with 128772 static instructions. 
|----- retrieve_scalar with 1202344 static instructions. 
|----- retrieve_hash with 111510 static instructions. 
|----- retrieve_blessed with 4522 static instructions. 
|----- retrieve with 4890100 static instructions. 
|----- do_retrieve with 528 static instructions. 
|----- reset_context with 8 static instructions. 
|----- Perl_sv_free with 258 static instructions. 
|----- Perl_ptr_table_clear with 28 static instructions. 
|----- Perl_ptr_table_free with 13 static instructions. 
|----- clean_store_context with 70 static instructions. 
|----- Perl_ptr_table_split with 485 static instructions. 
|----- store_array with 145920 static instructions. 
|----- Perl_hv_riter_set with 13212 static instructions. 
|----- store_ref with 248724 static instructions. 
|----- store_scalar with 7341229 static instructions. 
|----- store_hash with 637846 static instructions. 
|----- known_class with 1900 static instructions. 
|----- pkg_can with 3952 static instructions. 
|----- store_blessed with 73454 static instructions. 
|----- sv_type with 712189 static instructions. 
|----- Perl_ptr_table_store with 675976 static instructions. 
|----- S_ptr_table_find with 585912 static instructions. 
|----- Perl_ptr_table_fetch with 86394 static instructions. 
|----- store with 1567434 static instructions. 
|----- Perl_ptr_table_new with 13 static instructions. 
|----- do_store with 172 static instructions. 
|----- XS_Storable_dclone with 118 static instructions. 
|----- mkdir with 50 static instructions. 
|----- Perl_pp_mkdir with 470 static instructions. 
|----- XS_IO__Handle_flush with 231 static instructions. 
|----- Perl_pp_select with 1062 static instructions. 
|----- Perl_pp_chomp with 864 static instructions. 
|----- PerlIOBuf_seek with 210 static instructions. 
|----- Perl_do_seek with 270 static instructions. 
|----- Perl_pp_sysseek with 1044 static instructions. 
|----- Perl_pp_flock with 804 static instructions. 
|----- umask with 18 static instructions. 
|----- Perl_pp_umask with 360 static instructions. 
|----- Perl_pp_scmp with 336303 static instructions. 
|----- Perl_my_popen_list with 231 static instructions. 
|----- Perl_savesvpv with 168 static instructions. 
|----- __setpgid with 10 static instructions. 
|----- Perl_pp_setpgrp with 87 static instructions. 
|----- Perl_is_gv_magical_sv with 21400 static instructions. 
|----- Perl_magic_setpos with 298 static instructions. 
|----- Perl_pp_pos with 290 static instructions. 
|----- Perl_regclass_swash with 790 static instructions. 
|----- Perl_is_utf8_digit with 7 static instructions. 
|----- Perl_utf8_distance with 1246 static instructions. 
|----- XML_ParserFree with 936 static instructions. 
|----- XS_XML__SAX__ExpatXS_ParserFree with 633 static instructions. 
|----- epilogProcessor with 531 static instructions. 
|----- __GI___stpcpy with 1752 static instructions. 
|----- __tfind with 840 static instructions. 
|----- __current_locale_name with 240 static instructions. 
|----- pthread_rwlock_rdlock with 9288 static instructions. 
|----- __dcigettext with 12912 static instructions. 
|----- dcgettext with 120 static instructions. 
|----- __strerror_r with 2568 static instructions. 
|----- strerror with 984 static instructions. 
|----- Perl_is_utf8_char with 198 static instructions. 
|----- S_is_utf8_common with 68 static instructions. 
|----- Perl_is_utf8_space with 7 static instructions. 
|----- normal_predefinedEntityName with 348 static instructions. 
|----- normal_attributeValueTok with 1536 static instructions. 
|----- appendAttributeValue with 1665 static instructions. 
|----- normal_scanRef with 2088 static instructions. 
|----- Perl_sv_catpv with 18792 static instructions. 
|----- getAttributeId with 48807 static instructions. 
|----- S_reghopmaybe3 with 4664 static instructions. 
|----- S_to_utf8_substr with 901 static instructions. 
|----- endCdata with 6075 static instructions. 
|----- normal_cdataSectionTok with 169905 static instructions. 
|----- doCdataSection with 24624 static instructions. 
|----- startCdata with 6075 static instructions. 
|----- endElement with 33024 static instructions. 
|----- sendCharacterData with 49882 static instructions. 
|----- characterData with 60027 static instructions. 
|----- Perl_bytes_from_utf8 with 608853 static instructions. 
|----- gen_ns_node with 104643 static instructions. 
|----- startElement with 38784 static instructions. 
|----- normal_getAtts with 33216 static instructions. 
|----- storeAtts with 167040 static instructions. 
|----- normal_nameLength with 13478 static instructions. 
|----- normal_contentTok with 959352 static instructions. 
|----- doContent with 4956 static instructions. 
|----- contentProcessor with 240 static instructions. 
|----- commenthandle with 3008 static instructions. 
|----- reportComment with 6176 static instructions. 
|----- normal_scanComment with 3136 static instructions. 
|----- prolog2 with 560 static instructions. 
|----- doctypeEnd with 201 static instructions. 
|----- XML_DefaultCurrent with 251484 static instructions. 
|----- skippedEntity with 360 static instructions. 
|----- externalEntityRef with 2355 static instructions. 
|----- myfree with 787 static instructions. 
|----- __strncat_sse2_unaligned with 12396 static instructions. 
|----- __strncpy_sse2_unaligned with 6036 static instructions. 
|----- doctypeStart with 507 static instructions. 
|----- doctype4 with 135 static instructions. 
|----- normal_scanLit with 291 static instructions. 
|----- doctype3 with 120 static instructions. 
|----- doctype1 with 402 static instructions. 
|----- doctype0 with 138 static instructions. 
|----- XML_GetCurrentColumnNumber with 44440 static instructions. 
|----- normal_updatePosition with 177760 static instructions. 
|----- XML_GetCurrentLineNumber with 53328 static instructions. 
|----- recString with 197758 static instructions. 
|----- prolog1 with 324 static instructions. 
|----- xmlDecl with 540 static instructions. 
|----- normal_nameMatchesAscii with 243 static instructions. 
|----- utf8_toUtf8 with 25920 static instructions. 
|----- parsePseudoAttribute with 1278 static instructions. 
|----- doParseXmlDecl with 708 static instructions. 
|----- XmlParseXmlDeclNS with 57 static instructions. 
|----- processXmlDecl with 1047 static instructions. 
|----- prolog0 with 195 static instructions. 
|----- doProlog with 7809 static instructions. 
|----- normal_scanPi with 732 static instructions. 
|----- normal_prologTok with 31842 static instructions. 
|----- initScan with 411 static instructions. 
|----- initScanPrologNS with 21 static instructions. 
|----- XmlInitEncodingNS with 156 static instructions. 
|----- prologInitProcessor with 159 static instructions. 
|----- XML_ParseBuffer with 234 static instructions. 
|----- XML_GetBuffer with 342 static instructions. 
|----- XML_Parse with 264 static instructions. 
|----- XS_XML__SAX__ExpatXS_ParseString with 294 static instructions. 
|----- Perl_pad_push with 354798 static instructions. 
|----- XS_XML__SAX__ExpatXS_SetCallbacks with 315 static instructions. 
|----- XS_XML__SAX__ExpatXS_GetExternEnt with 162 static instructions. 
|----- XS_XML__SAX__ExpatXS_GetRecognizedString with 183 static instructions. 
|----- XS_XML__SAX__ExpatXS_GetLocator with 456 static instructions. 
|----- XML_SetParamEntityParsing with 33 static instructions. 
|----- XML_SetDefaultHandlerExpand with 9 static instructions. 
|----- get_feature with 987 static instructions. 
|----- XML_SetUnknownEncodingHandler with 9 static instructions. 
|----- XML_SetSkippedEntityHandler with 6 static instructions. 
|----- XML_SetEndDoctypeDeclHandler with 6 static instructions. 
|----- XML_SetStartDoctypeDeclHandler with 6 static instructions. 
|----- XML_SetXmlDeclHandler with 6 static instructions. 
|----- XML_SetExternalEntityRefHandler with 6 static instructions. 
|----- XML_SetNotationDeclHandler with 6 static instructions. 
|----- XML_SetUnparsedEntityDeclHandler with 6 static instructions. 
|----- XML_SetEntityDeclHandler with 6 static instructions. 
|----- XML_SetAttlistDeclHandler with 6 static instructions. 
|----- XML_SetElementDeclHandler with 6 static instructions. 
|----- XML_SetCdataSectionHandler with 9 static instructions. 
|----- XML_SetCommentHandler with 6 static instructions. 
|----- XML_SetProcessingInstructionHandler with 6 static instructions. 
|----- XML_SetCharacterDataHandler with 6 static instructions. 
|----- XML_SetElementHandler with 9 static instructions. 
|----- XML_SetUserData with 27 static instructions. 
|----- XML_SetNamespaceDeclHandler with 9 static instructions. 
|----- addBinding with 564 static instructions. 
|----- lookup with 126720 static instructions. 
|----- poolGrow with 26460 static instructions. 
|----- setContext with 561 static instructions. 
|----- XmlGetUtf8InternalEncodingNS with 6 static instructions. 
|----- XmlInitEncoding with 156 static instructions. 
|----- XmlPrologStateInit with 18 static instructions. 
|----- parserInit with 312 static instructions. 
|----- mymalloc with 95 static instructions. 
|----- parserCreate with 561 static instructions. 
|----- XML_ParserCreate_MM with 63 static instructions. 
|----- XS_XML__SAX__ExpatXS_ParserCreate with 1248 static instructions. 
|----- Perl_save_hdelete with 114 static instructions. 
|----- XML_ExpatVersion with 6 static instructions. 
|----- XS_XML__SAX__ExpatXS_ExpatVersion with 186 static instructions. 
|----- newUTF8SVpv with 14315 static instructions. 
|----- boot_XML__SAX__ExpatXS with 608 static instructions. 
|----- unlink with 150 static instructions. 
|----- chmod with 60 static instructions. 
|----- Perl_apply with 13420 static instructions. 
|----- Perl_pp_chown with 920 static instructions. 
|----- Perl_pp_rand with 1035 static instructions. 
|----- XS_Digest__MD5_md5 with 856 static instructions. 
|----- Perl_sv_utf8_downgrade with 2368 static instructions. 
|----- XS_utf8_downgrade with 1144 static instructions. 
|----- S_F0convert with 576 static instructions. 
|----- frexp with 23652 static instructions. 
|----- Perl_do_chomp with 15900 static instructions. 
|----- Perl_pp_schomp with 100 static instructions. 
|----- Perl_magic_getdefelem with 12084 static instructions. 
|----- Perl_pp_unshift with 20496 static instructions. 
|----- Perl_ck_warner with 40 static instructions. 
|----- Perl_pp_splice with 209924 static instructions. 
|----- XS_UNIVERSAL_can with 14763 static instructions. 
|----- XS_Math__BigInt__FastCalc__set_XS_BASE with 60 static instructions. 
|----- boot_Math__BigInt__FastCalc with 286 static instructions. 
|----- Perl_pp_i_negate with 649 static instructions. 
|----- Perl_pp_i_eq with 34992 static instructions. 
|----- Perl_pp_i_subtract with 232800 static instructions. 
|----- Perl_grok_bin with 7875 static instructions. 
|----- Perl_pp_i_lt with 49248 static instructions. 
|----- Perl_pp_i_gt with 26784 static instructions. 
|----- Perl_pp_i_multiply with 292656 static instructions. 
|----- Perl_pp_i_add with 290717 static instructions. 
|----- Perl_sv_dec with 384 static instructions. 
|----- __mpn_divrem with 1876590 static instructions. 
|----- Perl_magic_setpack with 105 static instructions. 
|----- log with 92 static instructions. 
|----- Perl_pp_sin with 604 static instructions. 
|----- S_vdie_common with 594 static instructions. 
|----- Perl_av_unshift with 42081 static instructions. 
|----- Perl_av_create_and_unshift_one with 21 static instructions. 
|----- Perl_pp_av2arylen with 116840 static instructions. 
|----- boot_re with 252 static instructions. 
|----- htovl with 26 static instructions. 
|----- S_get_num with 30 static instructions. 
|----- zlibVersion with 2 static instructions. 
|----- boot_Compress__Raw__Zlib with 470 static instructions. 
|----- Perl_pp_reverse with 26623 static instructions. 
|----- S_require_tie_mod with 1384 static instructions. 
|----- boot_Socket with 407 static instructions. 
|----- S_copy_little_tm_to_big_TM with 352 static instructions. 
|----- __offtime with 2926 static instructions. 
|----- __tzfile_compute with 4246 static instructions. 
|----- __tzstring_len with 1971 static instructions. 
|----- __tzstring with 189 static instructions. 
|----- _IO_default_finish with 33 static instructions. 
|----- _IO_file_finish with 42 static instructions. 
|----- _IO_file_close with 12 static instructions. 
|----- _IO_file_close_it with 94 static instructions. 
|----- __GI__IO_un_link.part.1 with 164 static instructions. 
|----- _IO_un_link with 10 static instructions. 
|----- fclose with 154 static instructions. 
|----- ftello with 107 static instructions. 
|----- _IO_file_seek with 2 static instructions. 
|----- _IO_unsave_markers with 16 static instructions. 
|----- _IO_file_seekoff with 682 static instructions. 
|----- _IO_seekoff_unlocked with 152 static instructions. 
|----- fseek with 53 static instructions. 
|----- __GI_memcmp with 15184 static instructions. 
|----- _IO_file_read with 32 static instructions. 
|----- _IO_switch_to_get_mode with 92 static instructions. 
|----- _IO_file_underflow with 374 static instructions. 
|----- __underflow with 136 static instructions. 
|----- _IO_file_stat with 4 static instructions. 
|----- _IO_file_doallocate with 75 static instructions. 
|----- _IO_doallocbuf with 54 static instructions. 
|----- _IO_file_xsgetn with 1144 static instructions. 
|----- _IO_sgetn with 208 static instructions. 
|----- fread_unlocked with 256 static instructions. 
|----- fileno_unlocked with 11 static instructions. 
|----- __fopen_maybe_mmap with 18 static instructions. 
|----- __strstr_sse2 with 304 static instructions. 
|----- _IO_file_open with 74 static instructions. 
|----- _IO_file_fopen with 257 static instructions. 
|----- _pthread_cleanup_pop_restore with 70 static instructions. 
|----- _pthread_cleanup_push_defer with 52 static instructions. 
|----- _IO_link_in with 266 static instructions. 
|----- _IO_new_file_init_internal with 13 static instructions. 
|----- __fopen_internal with 50 static instructions. 
|----- fopen with 2 static instructions. 
|----- __tzfile_read with 9152 static instructions. 
|----- tzset_internal with 1639 static instructions. 
|----- __tz_convert with 1221 static instructions. 
|----- localtime with 33 static instructions. 
|----- S_localtime_r with 319 static instructions. 
|----- Perl_pp_pow with 24794 static instructions. 
|----- Perl_pp_flop with 4697 static instructions. 
|----- Perl_pp_flip with 1925 static instructions. 
|----- Perl_pp_range with 715 static instructions. 
|----- Perl_pp_each with 54531 static instructions. 
|----- init_perinterp with 29 static instructions. 
|----- boot_Storable with 308 static instructions. 
|----- Perl_vcroak with 16 static instructions. 
|----- Perl_croak with 60 static instructions. 
|----- __GI___pthread_cleanup_upto with 459 static instructions. 
|----- S_closest_cop with 350 static instructions. 
|----- Perl_pp_gelem with 5670 static instructions. 
|----- Perl_magic_setutf8 with 108 static instructions. 
|----- Perl_bytes_to_utf8 with 30268 static instructions. 
|----- boot_MIME__Base64 with 233 static instructions. 
|----- Perl_ibcmp_utf8 with 534456 static instructions. 
|----- S_reghop3 with 127018 static instructions. 
|----- Perl_to_utf8_upper with 4 static instructions. 
|----- Perl_to_utf8_lower with 4 static instructions. 
|----- Perl_utf8_length with 54468 static instructions. 
|----- Perl_sv_len_utf8 with 34540 static instructions. 
|----- S_reguni with 6228 static instructions. 
|----- S_swash_get with 5632 static instructions. 
|----- Perl_swash_fetch with 7484394 static instructions. 
|----- Perl_pp_ne with 365366 static instructions. 
|----- Perl_pp_ncmp with 1038933 static instructions. 
|----- S_sortcv with 148815 static instructions. 
|----- S_dopoptolabel with 511 static instructions. 
|----- __mpn_cmp with 45280 static instructions. 
|----- __mpn_rshift with 106780 static instructions. 
|----- __mpn_mul with 430214 static instructions. 
|----- Perl_save_re_context with 1128 static instructions. 
|----- Perl_swash_init with 3738 static instructions. 
|----- Perl_to_utf8_case with 755281 static instructions. 
|----- Perl_to_utf8_fold with 20268 static instructions. 
|----- Perl_to_uni_fold with 32 static instructions. 
|----- Perl_sv_utf8_upgrade_flags_grow with 550914 static instructions. 
|----- XS_utf8_upgrade with 55 static instructions. 
|----- marked_upgrade with 209 static instructions. 
|----- Perl_pp_chr with 1507688 static instructions. 
|----- XS_Opcode_define_optag with 1064 static instructions. 
|----- set_opset_bits with 46002 static instructions. 
|----- get_op_bitspec with 26554 static instructions. 
|----- XS_Opcode_opset with 2071 static instructions. 
|----- XS_Opcode_opset_to_ops with 133 static instructions. 
|----- XS_Opcode_full_opset with 41 static instructions. 
|----- verify_opset with 16674 static instructions. 
|----- put_op_bitspec with 1197 static instructions. 
|----- new_opset with 616 static instructions. 
|----- Perl_get_op_names with 4 static instructions. 
|----- boot_Opcode with 413 static instructions. 
|----- boot_B with 3586 static instructions. 
|----- closedir with 336 static instructions. 
|----- Perl_pp_closedir with 994 static instructions. 
|----- Perl_rsignal_restore with 84 static instructions. 
|----- __waitpid with 1519 static instructions. 
|----- Perl_wait4pid with 868 static instructions. 
|----- sigemptyset with 1116 static instructions. 
|----- Perl_rsignal_save with 1344 static instructions. 
|----- Perl_my_pclose with 1372 static instructions. 
|----- Perl_do_execfree with 126 static instructions. 
|----- fork with 3726 static instructions. 
|----- Perl_my_fork with 18 static instructions. 
|----- __pipe with 360 static instructions. 
|----- Perl_my_popen with 3549 static instructions. 
|----- Perl_pp_backtick with 3185 static instructions. 
|----- __fmod_finite with 5544 static instructions. 
|----- fmod with 880 static instructions. 
|----- S_gmtime64_r with 3663 static instructions. 
|----- Perl_pp_gmtime with 10626 static instructions. 
|----- __lxstat with 1218 static instructions. 
|----- Perl_pp_stat with 26499 static instructions. 
|----- Perl_magic_existspack with 112 static instructions. 
|----- __getdents64 with 1288 static instructions. 
|----- readdir with 12672 static instructions. 
|----- Perl_pp_readdir with 22275 static instructions. 
|----- rewinddir with 36 static instructions. 
|----- Perl_pp_rewinddir with 65 static instructions. 
|----- Perl_magic_nextpack with 13632 static instructions. 
|----- __alloc_dir with 910 static instructions. 
|----- opendir_tail with 1755 static instructions. 
|----- opendir with 855 static instructions. 
|----- Perl_pp_open_dir with 4230 static instructions. 
|----- Perl_do_sprintf with 105216 static instructions. 
|----- Perl_pp_sprintf with 113436 static instructions. 
|----- Perl_pp_int with 397188 static instructions. 
|----- Perl_pp_divide with 42168 static instructions. 
|----- Perl_sv_cmp with 10836800 static instructions. 
|----- Perl_sortsv_flags with 230660 static instructions. 
|----- Perl_pp_sort with 552160 static instructions. 
|----- PerlIO_modestr with 70 static instructions. 
|----- dup with 10 static instructions. 
|----- PerlIOUnix_dup with 46 static instructions. 
|----- PerlIOBase_dup with 208 static instructions. 
|----- PerlIOBuf_dup with 1 static instructions. 
|----- PerlIO_fdupopen with 59 static instructions. 
|----- Perl_magic_setenv with 595 static instructions. 
|----- Perl_pp_time with 666 static instructions. 
|----- perl_run with 212 static instructions. 
|----- Perl_gv_check with 12420 static instructions. 
|----- XS_Digest__MD5_DESTROY with 1443 static instructions. 
|----- make_mortal_sv with 4674 static instructions. 
|----- u2s with 1968 static instructions. 
|----- MD5Final with 2296 static instructions. 
|----- XS_Digest__MD5_digest with 2257 static instructions. 
|----- MD5Transform with 5329233 static instructions. 
|----- MD5Update with 502110 static instructions. 
|----- get_md5_ctx with 2125 static instructions. 
|----- Perl_sv_2io with 2774 static instructions. 
|----- XS_Digest__MD5_addfile with 3185 static instructions. 
|----- PerlIO_intmode2str with 1872 static instructions. 
|----- Perl_pp_sysopen with 3081 static instructions. 
|----- Perl_pp_aslice with 50042 static instructions. 
|----- MD5Init with 546 static instructions. 
|----- Perl_sv_setref_pv with 1512 static instructions. 
|----- XS_Digest__MD5_new with 3182 static instructions. 
|----- Perl_pp_wantarray with 28518 static instructions. 
|----- mremap with 132 static instructions. 
|----- mremap_chunk with 1296 static instructions. 
|----- munmap with 80 static instructions. 
|----- munmap_chunk with 328 static instructions. 
|----- mmap64 with 992 static instructions. 
|----- Perl_do_close with 5772 static instructions. 
|----- Perl_pp_close with 7344 static instructions. 
|----- PerlIOBase_clearerr with 528 static instructions. 
|----- Perl_PerlIO_clearerr with 1104 static instructions. 
|----- Perl_pp_oct with 4854384 static instructions. 
|----- _dl_vdso_vsym with 40 static instructions. 
|----- XS_Time__HiRes_time with 54599 static instructions. 
|----- XS_UNIVERSAL_isa with 585948 static instructions. 
|----- __write_nocancel with 10856 static instructions. 
|----- write with 944 static instructions. 
|----- PerlIOUnix_write with 17670 static instructions. 
|----- PerlIOBuf_write with 66416 static instructions. 
|----- Perl_PerlIO_write with 27508 static instructions. 
|----- Perl_do_print with 65448 static instructions. 
|----- Perl_pp_print with 214760 static instructions. 
|----- Perl_pp_lc with 201960 static instructions. 
|----- getgroups with 20 static instructions. 
|----- boot_Cwd with 224 static instructions. 
|----- Perl_io_close with 11130 static instructions. 
|----- Perl_do_trans with 30653928 static instructions. 
|----- Perl_pp_trans with 1349544 static instructions. 
|----- Perl_do_readline with 15128864 static instructions. 
|----- Perl_pp_readline with 2219504 static instructions. 
|----- __fxstat with 2835 static instructions. 
|----- Perl_do_openn with 134724 static instructions. 
|----- Perl_pp_open with 10688 static instructions. 
|----- Perl_pp_delete with 779940 static instructions. 
|----- S_gv_get_super_pkg with 6450 static instructions. 
|----- Perl_pp_le with 241984 static instructions. 
|----- Perl_pp_predec with 40788 static instructions. 
|----- Perl_pp_redo with 16351 static instructions. 
|----- Perl_av_pop with 173630 static instructions. 
|----- BZ2_bzlibVersion with 2 static instructions. 
|----- boot_Compress__Raw__Bzip2 with 312 static instructions. 
|----- Perl_vstringify with 2928 static instructions. 
|----- XS_UNIVERSAL_VERSION with 10128 static instructions. 
|----- Perl_vload_module with 214 static instructions. 
|----- Perl_load_module with 56 static instructions. 
|----- Perl_ck_glob with 189 static instructions. 
|----- Perl_ckwarn_d with 99976 static instructions. 
|----- Perl_utf8n_to_uvuni with 5048788 static instructions. 
|----- Perl_utf8_to_uvchr with 172652 static instructions. 
|----- S_reg_skipcomment with 19214 static instructions. 
|----- XS_File__Glob_constant with 1525 static instructions. 
|----- boot_File__Glob with 222 static instructions. 
|----- boot_List__Util with 366 static instructions. 
|----- __pthread_rwlock_unlock with 52208 static instructions. 
|----- __pthread_rwlock_wrlock with 31390 static instructions. 
|----- boot_Time__HiRes with 320 static instructions. 
|----- __pthread_mutex_unlock_usercnt with 2688 static instructions. 
|----- pthread_mutex_unlock with 84 static instructions. 
|----- elision_init with 16 static instructions. 
|----- register_tm_clones with 21 static instructions. 
|----- __register_atfork with 92 static instructions. 
|----- __libc_pthread_init with 22 static instructions. 
|----- __pthread_mutex_lock with 6300 static instructions. 
|----- __libc_dl_error_tsd with 201 static instructions. 
|----- getrlimit with 10 static instructions. 
|----- _dl_get_tls_static_info with 5 static instructions. 
|----- __libc_sigaction with 240 static instructions. 
|----- __pthread_initialize_minimal with 163 static instructions. 
|----- __GI___xstat with 57 static instructions. 
|----- open_path with 342 static instructions. 
|----- __strsep with 80 static instructions. 
|----- fillin_rpath with 189 static instructions. 
|----- decompose_rpath with 129 static instructions. 
|----- cache_rpath.part.6 with 60 static instructions. 
|----- Perl_pp_last with 1355088 static instructions. 
|----- Perl_save_ary with 408 static instructions. 
|----- Perl_pp_substr with 1241760 static instructions. 
|----- Perl_pp_subtract with 1210310 static instructions. 
|----- Perl_ninstr with 273 static instructions. 
|----- Perl_pp_index with 5334 static instructions. 
|----- Perl_pp_length with 237420 static instructions. 
|----- S_unpack_rec with 3211 static instructions. 
|----- Perl_unpackstring with 110 static instructions. 
|----- Perl_pp_unpack with 95 static instructions. 
|----- S_sv_exp_grow with 102 static instructions. 
|----- S_next_symbol with 21594 static instructions. 
|----- S_pack_rec with 50596 static instructions. 
|----- Perl_packlist with 574 static instructions. 
|----- Perl_pp_pack with 966 static instructions. 
|----- Perl_pp_left_shift with 847 static instructions. 
|----- Perl_save_gp with 248 static instructions. 
|----- S_docatch with 414 static instructions. 
|----- Perl_call_method with 6630 static instructions. 
|----- S_magic_methcall with 12126 static instructions. 
|----- S_magic_methpack with 16512 static instructions. 
|----- Perl_magic_getpack with 648 static instructions. 
|----- boot_Digest__MD5 with 267 static instructions. 
|----- Perl_ck_unpack with 400 static instructions. 
|----- Perl_pp_multiply with 255832 static instructions. 
|----- Perl_str_to_version with 70 static instructions. 
|----- Perl_newRANGE with 3360 static instructions. 
|----- S_scalarkids with 814 static instructions. 
|----- Perl_ck_exit with 25 static instructions. 
|----- Perl_ck_exec with 345 static instructions. 
|----- S_readpipe_override with 1190 static instructions. 
|----- boot_Data__Dumper with 216 static instructions. 
|----- Perl_pp_ord with 546940 static instructions. 
|----- Perl_sv_vsetpvf with 726 static instructions. 
|----- Perl_sv_setpvf with 957 static instructions. 
|----- Perl_tmps_grow with 1692 static instructions. 
|----- Perl_pad_fixup_inner_anons with 1216 static instructions. 
|----- Perl_cando with 8632 static instructions. 
|----- Perl_pp_ftrread with 20832 static instructions. 
|----- __libc_current_sigrtmin_private with 2 static instructions. 
|----- __libc_current_sigrtmax with 2 static instructions. 
|----- __ctype_get_mb_cur_max with 5 static instructions. 
|----- constant_add_symbol with 24827 static instructions. 
|----- boot_POSIX with 941 static instructions. 
|----- Perl_new_warnings_bitfield with 99 static instructions. 
|----- Perl_cv_ckproto_len with 32016 static instructions. 
|----- S_rxres_free with 22528 static instructions. 
|----- Perl_magic_setmglob with 22785 static instructions. 
|----- Perl_reg_numbered_buff_fetch with 4550460 static instructions. 
|----- Perl_pp_substcont with 4003794 static instructions. 
|----- Perl_rxres_save with 742122 static instructions. 
|----- Perl_pp_sne with 2709994 static instructions. 
|----- Perl_hv_eiter_set with 12546 static instructions. 
|----- Perl_sv_insert_flags with 18020 static instructions. 
|----- XS_version_vcmp with 108 static instructions. 
|----- XS_version_boolean with 56 static instructions. 
|----- Perl_amagic_call with 6381086 static instructions. 
|----- Perl_uvuni_to_utf8_flags with 3430455 static instructions. 
|----- Perl_scan_vstring with 564 static instructions. 
|----- systrim.isra.0 with 434 static instructions. 
|----- Perl_pp_add with 2131395 static instructions. 
|----- Perl_pp_lt with 458098 static instructions. 
|----- Perl_pp_bless with 26845 static instructions. 
|----- Perl_gv_fetchmethod_autoload with 990 static instructions. 
|----- Perl_sv_isobject with 1748 static instructions. 
|----- Perl_pp_tie with 6137 static instructions. 
|----- Perl_mg_size with 1650 static instructions. 
|----- Perl_pp_modulo with 46866 static instructions. 
|----- S_dopoptoloop with 738804 static instructions. 
|----- Perl_pp_next with 418460 static instructions. 
|----- Perl_pp_repeat with 134608 static instructions. 
|----- Perl_hv_scalar with 1404 static instructions. 
|----- Perl_pp_goto with 349338 static instructions. 
|----- Perl_dowantarray with 7266 static instructions. 
|----- S_is_inplace_av with 17854 static instructions. 
|----- Perl_magic_setamagic with 33 static instructions. 
|----- Perl_pp_method with 7792 static instructions. 
|----- XS_mro_method_changed_in with 4662 static instructions. 
|----- XS_Internals_SvREADONLY with 10989 static instructions. 
|----- Perl_pp_eq with 1632135 static instructions. 
|----- Perl_pp_enterloop with 366606 static instructions. 
|----- Perl_pp_ref with 792532 static instructions. 
|----- Perl_reg_temp_copy with 7932801 static instructions. 
|----- Perl_reg_qr_package with 255 static instructions. 
|----- Perl_pp_qr with 8245 static instructions. 
|----- Perl_pp_ge with 783297 static instructions. 
|----- Perl_hv_iterval with 1845560 static instructions. 
|----- S_find_and_forget_pmops with 23331 static instructions. 
|----- Perl_vnumify with 249 static instructions. 
|----- __longjmp with 180 static instructions. 
|----- _longjmp_unwind with 100 static instructions. 
|----- __libc_longjmp with 200 static instructions. 
|----- Perl_sv_backoff with 9472 static instructions. 
|----- Perl_dounwind with 1034800 static instructions. 
|----- Perl_die_where with 3699 static instructions. 
|----- Perl_vmess with 1134 static instructions. 
|----- S_vdie_croak_common with 279 static instructions. 
|----- Perl_die with 238 static instructions. 
|----- Perl_pp_die with 992 static instructions. 
|----- S_uiv_2buf with 65664 static instructions. 
|----- Perl_pp_undef with 593617 static instructions. 
|----- Perl_vnewSVpvf with 5066 static instructions. 
|----- Perl_newSVpvf with 4440 static instructions. 
|----- XS_Fcntl_constant with 364 static instructions. 
|----- Perl_gv_autoload4 with 47895 static instructions. 
|----- Perl_newSUB with 258 static instructions. 
|----- Perl_av_fill with 17625 static instructions. 
|----- Perl_cv_clone with 21450 static instructions. 
|----- const_sv_xsub with 13772 static instructions. 
|----- Perl_get_cvn_flags with 1210 static instructions. 
|----- Perl_pp_uc with 751450 static instructions. 
|----- Perl_gp_ref with 464 static instructions. 
|----- S_glob_assign_glob with 3300 static instructions. 
|----- Perl_pp_leavetry with 7300 static instructions. 
|----- Perl_pp_grepwhile with 9486400 static instructions. 
|----- Perl_pp_entertry with 1083 static instructions. 
|----- Perl_ck_repeat with 1040 static instructions. 
|----- S_regwhite with 365092 static instructions. 
|----- S_newDEFSVOP with 961 static instructions. 
|----- Perl_repeatcpy with 34398 static instructions. 
|----- ____strtol_l_internal with 9786438 static instructions. 
|----- __strtoll_internal with 93501 static instructions. 
|----- Perl_regcurly with 11648 static instructions. 
|----- S_scan_trans with 7125 static instructions. 
|----- Perl_magic_getvec with 216 static instructions. 
|----- Perl_hv_iterkeysv with 758124 static instructions. 
|----- Perl_do_kv with 547119 static instructions. 
|----- Perl_pp_postinc with 572110 static instructions. 
|----- Perl_gv_fullname4 with 17808 static instructions. 
|----- Perl_gv_efullname4 with 1484 static instructions. 
|----- Perl_magic_freeovrld with 4662 static instructions. 
|----- Perl_sv_unmagic with 272304 static instructions. 
|----- Perl_sv_chop with 80528 static instructions. 
|----- Perl_stack_grow with 110 static instructions. 
|----- Perl_pp_boolkeys with 5106 static instructions. 
|----- Perl_av_make with 407682 static instructions. 
|----- Perl_pp_anonlist with 287100 static instructions. 
|----- get_missing_hash with 308 static instructions. 
|----- boot_Fcntl with 358 static instructions. 
|----- S_save_pushptri32ptr with 15276 static instructions. 
|----- Perl_save_delete with 3591 static instructions. 
|----- Perl_find_runcv with 22400 static instructions. 
|----- Perl_fetch_cop_label with 13838 static instructions. 
|----- _itoa_word with 24000 static instructions. 
|----- Perl_pp_entereval with 167200 static instructions. 
|----- Perl_ck_trunc with 22 static instructions. 
|----- Perl_ck_readline with 989 static instructions. 
|----- Perl_delimcpy with 2145 static instructions. 
|----- Perl_ck_listiob with 22910 static instructions. 
|----- S_checkcomma with 128260 static instructions. 
|----- Perl_ck_eof with 74 static instructions. 
|----- Perl_ck_open with 4556 static instructions. 
|----- S_make_trie with 257621 static instructions. 
|----- Perl_pp_return with 19562972 static instructions. 
|----- boot_IO with 376 static instructions. 
|----- Perl_newRV with 1412 static instructions. 
|----- XS_DynaLoader_dl_install_xsub with 1539 static instructions. 
|----- do_sym with 5130 static instructions. 
|----- _dl_sym with 57 static instructions. 
|----- dlsym with 646 static instructions. 
|----- XS_DynaLoader_dl_find_symbol with 1330 static instructions. 
|----- XS_DynaLoader_dl_undef_symbols with 437 static instructions. 
|----- expand_dynamic_string_token with 2020 static instructions. 
|----- _dl_check_caller with 3040 static instructions. 
|----- dl_open_worker with 10602 static instructions. 
|----- _dl_open with 4142 static instructions. 
|----- dlopen with 456 static instructions. 
|----- XS_DynaLoader_dl_load_file with 1520 static instructions. 
|----- Perl_pp_ftrowned with 47360 static instructions. 
|----- Perl_my_stat with 69252 static instructions. 
|----- Perl_pp_ftis with 28638 static instructions. 
|----- S_regcppop with 1048662 static instructions. 
|----- S_regcppush with 1461600 static instructions. 
|----- S_reginclass with 23296150 static instructions. 
|----- Perl_pp_subst with 93520340 static instructions. 
|----- Perl_pp_postdec with 16390 static instructions. 
|----- Perl_pp_lslice with 31324 static instructions. 
|----- Perl_do_join with 3894396 static instructions. 
|----- Perl_pp_join with 692868 static instructions. 
|----- Perl_re_intuit_string with 5296 static instructions. 
|----- Perl_pp_split with 1233628 static instructions. 
|----- Perl_pp_pushre with 19044 static instructions. 
|----- S_ckwarn_common with 561177 static instructions. 
|----- Perl_pp_push with 8085591 static instructions. 
|----- Perl_pp_stub with 42624 static instructions. 
|----- boot_DynaLoader with 236 static instructions. 
|----- Perl_pp_not with 704304 static instructions. 
|----- Perl_pp_defined with 27116221 static instructions. 
|----- S_refcounted_he_new_common with 1513 static instructions. 
|----- Perl_store_cop_label with 323 static instructions. 
|----- Perl_dofile with 304 static instructions. 
|----- Perl_ck_ftst with 23240 static instructions. 
|----- Perl_newLOOPOP with 5886 static instructions. 
|----- S_check_uni with 9460 static instructions. 
|----- Perl_ck_split with 14760 static instructions. 
|----- Perl_newPVOP with 5332 static instructions. 
|----- Perl_savesharedpv with 754 static instructions. 
|----- Perl_pp_mapwhile with 1835856 static instructions. 
|----- Perl_pp_grepstart with 166914 static instructions. 
|----- Perl_ck_eval with 21472 static instructions. 
|----- Perl_sv_2num with 954593 static instructions. 
|----- Perl_pp_negate with 397089 static instructions. 
|----- Perl_ck_index with 480 static instructions. 
|----- Perl_ck_select with 216 static instructions. 
|----- Perl_op_const_sv with 26400 static instructions. 
|----- Perl_sv_unref_flags with 4636940 static instructions. 
|----- Perl_pp_rv2gv with 1414638 static instructions. 
|----- Perl_sv_2cv with 707272 static instructions. 
|----- Perl_pp_rv2cv with 282540 static instructions. 
|----- Perl_magic_setsig with 175712 static instructions. 
|----- S_is_container_magic with 9888 static instructions. 
|----- Perl_mg_localize with 28016 static instructions. 
|----- Perl_whichsig with 583 static instructions. 
|----- Perl_magic_getsig with 19404 static instructions. 
|----- Perl_save_helem_flags with 24174 static instructions. 
|----- Perl_pp_anoncode with 17465 static instructions. 
|----- Perl_pp_leave with 33231131 static instructions. 
|----- Perl_pp_aelem with 6085970 static instructions. 
|----- Perl_vivify_ref with 39007822 static instructions. 
|----- S_find_byclass with 100250883 static instructions. 
|----- Perl_pp_enter with 18900044 static instructions. 
|----- S_save_scalar_at with 37785 static instructions. 
|----- Perl_save_scalar with 13335 static instructions. 
|----- Perl_av_reify with 9486 static instructions. 
|----- Perl_pp_anonhash with 106836 static instructions. 
|----- Perl_pp_gt with 1865682 static instructions. 
|----- Perl_pp_refgen with 295218 static instructions. 
|----- Perl_softref2xv with 406725 static instructions. 
|----- Perl_pp_concat with 10865426 static instructions. 
|----- Perl_pp_caller with 367582 static instructions. 
|----- Perl_gv_fetchmethod_flags with 401718 static instructions. 
|----- Perl_sv_inc with 31551552 static instructions. 
|----- Perl_pp_preinc with 4891216 static instructions. 
|----- Perl_newHVhv with 57904 static instructions. 
|----- Perl_sv_2bool with 1160801 static instructions. 
|----- Perl_sv_reftype with 9958423 static instructions. 
|----- S_opt_scalarhv with 165 static instructions. 
|----- Perl_pad_add_anon with 23688 static instructions. 
|----- Perl_ck_anoncode with 4512 static instructions. 
|----- Perl_newANONATTRSUB with 5640 static instructions. 
|----- S_intuit_method with 46898 static instructions. 
|----- Perl_hv_iterkey with 113751 static instructions. 
|----- Perl_hv_iternext_flags with 28689248 static instructions. 
|----- Perl_hv_iterinit with 112299 static instructions. 
|----- Perl_do_vop with 45560 static instructions. 
|----- Perl_pp_hslice with 10388 static instructions. 
|----- Perl_do_vecset with 104186 static instructions. 
|----- Perl_magic_setvec with 2305 static instructions. 
|----- Perl_do_vecget with 177892 static instructions. 
|----- Perl_pp_vec with 69936 static instructions. 
|----- PerlIOBase_error with 9284 static instructions. 
|----- Perl_PerlIO_error with 21944 static instructions. 
|----- Perl_newLOOPEX with 5256 static instructions. 
|----- Perl_newSLICEOP with 2256 static instructions. 
|----- Perl_ck_delete with 12042 static instructions. 
|----- Perl_grok_oct with 33000 static instructions. 
|----- Perl_grok_hex with 6573810 static instructions. 
|----- Perl_offer_nice_chunk with 7543 static instructions. 
|----- Perl_pp_bit_and with 978560 static instructions. 
|----- Perl_pp_complement with 28036 static instructions. 
|----- Perl_ck_each with 14560 static instructions. 
|----- Perl_ck_substr with 2783 static instructions. 
|----- Perl_ck_method with 295048 static instructions. 
|----- Perl_newANONLIST with 4208 static instructions. 
|----- Perl_newANONHASH with 1116 static instructions. 
|----- Perl_sv_vcatpvf with 1034 static instructions. 
|----- Perl_sv_catpvf with 1363 static instructions. 
|----- Perl_ck_sort with 96048 static instructions. 
|----- Perl_ck_grep with 47929 static instructions. 
|----- Perl_newGVREF with 26657 static instructions. 
|----- Perl_pad_swipe with 100650 static instructions. 
|----- Perl_sv_copypv with 168150 static instructions. 
|----- Perl_pp_stringify with 128915 static instructions. 
|----- Perl_newNULLLIST with 915 static instructions. 
|----- Perl_cv_const_sv with 20384 static instructions. 
|----- Perl_ck_return with 109511 static instructions. 
|----- Perl_ck_rfun with 41496 static instructions. 
|----- Perl_ck_defined with 54834 static instructions. 
|----- Perl_gv_handler with 93651 static instructions. 
|----- Perl_sv_destroyable with 2014 static instructions. 
|----- Perl_newSVnv with 14300 static instructions. 
|----- Perl_vverify with 18040 static instructions. 
|----- Perl_vcmp with 51657 static instructions. 
|----- Perl_gv_fetchmeth_autoload with 12935 static instructions. 
|----- Perl_gv_fetchmeth with 1697700 static instructions. 
|----- Perl_Gv_AMupdate with 328248 static instructions. 
|----- Perl_sv_bless with 99245 static instructions. 
|----- Perl_gv_stashpv with 5850 static instructions. 
|----- Perl_newSVrv with 41402 static instructions. 
|----- Perl_scan_version with 116208 static instructions. 
|----- read_int with 28770 static instructions. 
|----- __vsnprintf with 60515 static instructions. 
|----- snprintf with 29640 static instructions. 
|----- Perl_sv_len with 65520 static instructions. 
|----- Perl_upg_version with 32011 static instructions. 
|----- __mpn_mul_1 with 1224914 static instructions. 
|----- hack_digit with 1299970 static instructions. 
|----- __mpn_lshift with 85932 static instructions. 
|----- __mpn_extract_double with 41033 static instructions. 
|----- __GI___printf_fp_l with 2399876 static instructions. 
|----- __printf_fp with 6654 static instructions. 
|----- _IO_default_xsputn with 276858 static instructions. 
|----- strchrnul with 392340 static instructions. 
|----- vfprintf with 3543132 static instructions. 
|----- _IO_setb with 45330 static instructions. 
|----- _IO_str_init_static_internal with 67905 static instructions. 
|----- _IO_old_init with 37750 static instructions. 
|----- _IO_no_init with 54360 static instructions. 
|----- _IO_vsprintf with 13426 static instructions. 
|----- _IO_sprintf with 6850 static instructions. 
|----- gcvt with 3288 static instructions. 
|----- Perl_sv_2pv_flags with 57926985 static instructions. 
|----- Perl_sv_derived_from with 1145700 static instructions. 
|----- Perl_new_version with 30324 static instructions. 
|----- S_new_body with 14092 static instructions. 
|----- Perl_sv_setnv with 201360 static instructions. 
|----- Perl_sv_tainted with 63774 static instructions. 
|----- Perl_magic_set with 545906 static instructions. 
|----- Perl_sv_2uv_flags with 32200 static instructions. 
|----- Perl_magic_get with 20269340 static instructions. 
|----- Perl_mg_get with 3102912 static instructions. 
|----- Perl_pp_cond_expr with 11827080 static instructions. 
|----- Perl_pp_shift with 5236000 static instructions. 
|----- S_dopoptosub_at with 1496687 static instructions. 
|----- Perl_block_gimme with 1344168 static instructions. 
|----- Perl_newSViv with 210864 static instructions. 
|----- S_method_common with 5888260 static instructions. 
|----- Perl_pp_method_named with 598176 static instructions. 
|----- Perl_parser_free with 39664 static instructions. 
|----- Perl_lex_end with 1176 static instructions. 
|----- Perl_pp_leaveeval with 139920 static instructions. 
|----- Perl_pp_leaveloop with 3713990 static instructions. 
|----- Perl_pp_unstack with 6602570 static instructions. 
|----- Perl_pp_bit_or with 536550 static instructions. 
|----- Perl_pp_helem with 84799708 static instructions. 
|----- Perl_pp_exists with 20430240 static instructions. 
|----- Perl_pp_iter with 45380115 static instructions. 
|----- Perl_save_padsv_and_mortalize with 959376 static instructions. 
|----- Perl_save_set_svflags with 1001875 static instructions. 
|----- Perl_pp_enteriter with 13813345 static instructions. 
|----- Perl_pp_rv2av with 169285212 static instructions. 
|----- Perl_pp_padav with 50234320 static instructions. 
|----- Perl_pp_padsv with 122214150 static instructions. 
|----- Perl_pp_gv with 3327736 static instructions. 
|----- Perl_pp_list with 185720 static instructions. 
|----- Perl_pp_aassign with 42239040 static instructions. 
|----- Perl_save_clearsv with 10604088 static instructions. 
|----- Perl_pp_padhv with 16874976 static instructions. 
|----- Perl_pp_or with 14419347 static instructions. 
|----- S_regrepeat with 715139772 static instructions. 
|----- Perl_re_intuit_start with 350478597 static instructions. 
|----- S_cl_is_anything with 6480 static instructions. 
|----- S_cl_and with 32804 static instructions. 
|----- S_cl_or with 53300 static instructions. 
|----- S_cl_init_zero with 3318 static instructions. 
|----- S_cl_anything with 26840 static instructions. 
|----- S_cl_init with 21260 static instructions. 
|----- S_add_data with 67518 static instructions. 
|----- Perl_newRV_noinc with 90531 static instructions. 
|----- S_regclass with 3509484 static instructions. 
|----- S_reginsert with 317148 static instructions. 
|----- S_reganode with 111456 static instructions. 
|----- Perl_sv_catsv_flags with 12814512 static instructions. 
|----- Perl_pp_regcomp with 24028521 static instructions. 
|----- Perl_pp_quotemeta with 2618 static instructions. 
|----- Perl_pp_rv2sv with 1948995 static instructions. 
|----- Perl_pp_pushmark with 8446070 static instructions. 
|----- Perl_pp_regcreset with 340700 static instructions. 
|----- Perl_pp_sassign with 67254368 static instructions. 
|----- S_clear_yystack with 63130 static instructions. 
|----- Perl_newPROG with 68913 static instructions. 
|----- PerlIOBase_popped with 1256 static instructions. 
|----- PerlIOBuf_popped with 6908 static instructions. 
|----- PerlIO_pop with 20096 static instructions. 
|----- PerlIOUnix_refcnt_dec with 11729 static instructions. 
|----- PerlIOUnix_close with 11618 static instructions. 
|----- PerlIOUnix_seek with 1767 static instructions. 
|----- Perl_PerlIO_seek with 2673 static instructions. 
|----- PerlIOBase_close with 16642 static instructions. 
|----- PerlIOBuf_close with 8164 static instructions. 
|----- PerlIO__close with 8164 static instructions. 
|----- Perl_PerlIO_close with 5652 static instructions. 
|----- Perl_newGVOP with 3122 static instructions. 
|----- Perl_ck_join with 8904 static instructions. 
|----- S_force_ident with 60648 static instructions. 
|----- S_sv_del_backref with 94178 static instructions. 
|----- Perl_gp_free with 272162 static instructions. 
|----- S_anonymise_cv with 85760 static instructions. 
|----- Perl_hv_free_ent with 19381736 static instructions. 
|----- Perl_newCVREF with 83313 static instructions. 
|----- Perl_newWHILEOP with 254214 static instructions. 
|----- Perl_newFOROP with 143325 static instructions. 
|----- Perl_ck_bitop with 13515 static instructions. 
|----- Perl_newHVREF with 252615 static instructions. 
|----- Perl_ck_die with 208 static instructions. 
|----- __strcmp_sse2_unaligned with 73668140 static instructions. 
|----- Perl_ck_concat with 94755 static instructions. 
|----- S_my_kid with 2680524 static instructions. 
|----- Perl_my_attrs with 304110 static instructions. 
|----- Perl_localize with 938342 static instructions. 
|----- S_pad_add_name_sv with 408242 static instructions. 
|----- Perl_pad_add_name with 1747300 static instructions. 
|----- Perl_allocmy with 1332100 static instructions. 
|----- Perl_ck_lfun with 10719 static instructions. 
|----- Perl_invert with 1212 static instructions. 
|----- Perl_sv_newmortal with 3617180 static instructions. 
|----- S_refto with 329505 static instructions. 
|----- Perl_pp_srefgen with 13050 static instructions. 
|----- Perl_pp_null with 39147 static instructions. 
|----- Perl_ck_spair with 59328 static instructions. 
|----- S_force_list with 210596 static instructions. 
|----- Perl_save_hptr with 1924 static instructions. 
|----- Perl_package with 12987 static instructions. 
|----- Perl_prescan_version with 246750 static instructions. 
|----- S_doeval with 273296 static instructions. 
|----- Perl_magic_clearhints with 1701 static instructions. 
|----- Perl_mg_clear with 6615 static instructions. 
|----- Perl_save_generic_svref with 11280 static instructions. 
|----- S_check_type_and_open with 10075 static instructions. 
|----- S_doopen_pm with 24583 static instructions. 
|----- S_path_is_absolute with 10564 static instructions. 
|----- Perl_pp_require with 1293721 static instructions. 
|----- Perl_ck_require with 174900 static instructions. 
|----- Perl_ck_subr with 5412264 static instructions. 
|----- Perl_utilize with 143598 static instructions. 
|----- S_force_version with 75051 static instructions. 
|----- S_tokenize_use with 61386 static instructions. 
|----- Perl_av_undef with 1091175 static instructions. 
|----- Perl_pad_undef with 421872 static instructions. 
|----- Perl_mg_free with 182286 static instructions. 
|----- Perl_regfree_internal with 40500 static instructions. 
|----- Perl_pregfree2 with 8209770 static instructions. 
|----- S_forget_pmop with 5564 static instructions. 
|----- Perl_gv_try_downgrade with 357330 static instructions. 
|----- Perl_pad_free with 268047 static instructions. 
|----- Perl_cv_undef with 216576 static instructions. 
|----- Perl_sv_replace with 324072 static instructions. 
|----- Perl_free_tmps with 9642745 static instructions. 
|----- Perl_delete_eval_scope with 83040 static instructions. 
|----- Perl_sv_mortalcopy with 13339140 static instructions. 
|----- Perl_pp_leavesub with 9504885 static instructions. 
|----- S_clear_backtrack_stack with 4589200 static instructions. 
|----- S_regtry with 1642278000 static instructions. 
|----- Perl_fbm_instr with 63896472 static instructions. 
|----- Perl_regexec_flags with 161674920 static instructions. 
|----- Perl_pp_match with 209942967 static instructions. 
|----- Perl_pp_gvsv with 2811645 static instructions. 
|----- Perl_pp_and with 45151520 static instructions. 
|----- Perl_sv_eq with 42720200 static instructions. 
|----- Perl_pp_seq with 6293903 static instructions. 
|----- Perl_pp_const with 11152620 static instructions. 
|----- Perl_pp_aelemfast with 688841 static instructions. 
|----- Perl_pp_nextstate with 26818911 static instructions. 
|----- Perl_runops_standard with 161084 static instructions. 
|----- Perl_pp_entersub with 51978548 static instructions. 
|----- Perl_create_eval_scope with 398466 static instructions. 
|----- Perl_save_int with 1769424 static instructions. 
|----- Perl_call_sv with 703624 static instructions. 
|----- Perl_av_shift with 23347520 static instructions. 
|----- Perl_av_len with 36932 static instructions. 
|----- Perl_call_list with 303372 static instructions. 
|----- Perl_av_create_and_push with 13974 static instructions. 
|----- Perl_pad_tidy with 611237 static instructions. 
|----- Perl_peep with 21216672 static instructions. 
|----- Perl_newATTRSUB with 3282642 static instructions. 
|----- Perl_bind_match with 215748 static instructions. 
|----- Perl_op_free with 9735120 static instructions. 
|----- Perl_fbm_compile with 243747 static instructions. 
|----- S_scan_commit with 552015 static instructions. 
|----- S_study_chunk with 13169296 static instructions. 
|----- Perl_regnext with 1824570 static instructions. 
|----- S_regtail with 479817 static instructions. 
|----- S_reg_node with 383504 static instructions. 
|----- S_regpiece with 24148404 static instructions. 
|----- S_nextchar with 2241164 static instructions. 
|----- S_regbranch with 768705 static instructions. 
|----- S_reg with 10985950 static instructions. 
|----- Perl_re_compile with 2630993 static instructions. 
|----- Perl_pregcomp with 62080 static instructions. 
|----- Perl_pmruntime with 2074982 static instructions. 
|----- S_sublex_done with 682528 static instructions. 
|----- Perl_savestack_grow with 210 static instructions. 
|----- Perl_save_generic_pvref with 42112 static instructions. 
|----- Perl_save_pptr with 147392 static instructions. 
|----- Perl_save_I16 with 26320 static instructions. 
|----- Perl_save_vptr with 2959748 static instructions. 
|----- Perl_save_I8 with 26320 static instructions. 
|----- S_pmflag with 13008 static instructions. 
|----- Perl_ck_match with 71914 static instructions. 
|----- Perl_newPMOP with 79759 static instructions. 
|----- S_scan_pat with 130289 static instructions. 
|----- Perl_convert with 1327720 static instructions. 
|----- Perl_append_elem with 1513340 static instructions. 
|----- S_lop with 103082 static instructions. 
|----- S_new_logop with 3681632 static instructions. 
|----- Perl_newLOGOP with 63856 static instructions. 
|----- Perl_sawparens with 24550 static instructions. 
|----- Perl_oopsAV with 60393 static instructions. 
|----- S_modkids with 86352 static instructions. 
|----- S_scalar_mod_type with 350290 static instructions. 
|----- Perl_ck_shift with 138817 static instructions. 
|----- Perl_newAVREF with 228921 static instructions. 
|----- Perl_save_bool with 333456 static instructions. 
|----- Perl_save_item with 36008 static instructions. 
|----- Perl_start_subparse with 188940 static instructions. 
|----- S_newSV_maybe_utf8 with 574182 static instructions. 
|----- S_force_word with 1602549 static instructions. 
|----- S_unshare_hek_or_pvn with 59304240 static instructions. 
|----- Perl_unshare_hek with 1647340 static instructions. 
|----- Perl_sv_force_normal_flags with 31216750 static instructions. 
|----- Perl_sv_pvn_force_flags with 139216 static instructions. 
|----- S_op_destroy with 131341 static instructions. 
|----- S_search_const with 541305 static instructions. 
|----- S_scalarboolean with 432364 static instructions. 
|----- Perl_newCONDOP with 851032 static instructions. 
|----- Perl_scope with 509047 static instructions. 
|----- Perl_pad_leavemy with 1052043 static instructions. 
|----- Perl_scalarvoid with 43067700 static instructions. 
|----- S_scalarseq with 856704 static instructions. 
|----- Perl_block_end with 411669 static instructions. 
|----- Perl_ck_chdir with 459 static instructions. 
|----- Perl_op_clear with 26024880 static instructions. 
|----- Perl_op_null with 575195 static instructions. 
|----- Perl_list with 18300602 static instructions. 
|----- S_listkids with 694012 static instructions. 
|----- Perl_ck_fun with 9633300 static instructions. 
|----- Perl_ck_exists with 30816 static instructions. 
|----- Perl_oopsHV with 57405 static instructions. 
|----- Perl_jmaybe with 238264 static instructions. 
|----- S_force_next with 743392 static instructions. 
|----- S_tokeq with 2965572 static instructions. 
|----- S_sublex_start with 3087915 static instructions. 
|----- S_scan_str with 14994315 static instructions. 
|----- S_pad_findlex with 20301706 static instructions. 
|----- Perl_pad_findmy with 3445536 static instructions. 
|----- Perl_append_list with 1488156 static instructions. 
|----- Perl_newLISTOP with 5725173 static instructions. 
|----- Perl_prepend_elem with 1590660 static instructions. 
|----- Perl_intro_my with 1614521 static instructions. 
|----- Perl_newSTATEOP with 4647071 static instructions. 
|----- Perl_ck_sassign with 941589 static instructions. 
|----- Perl_doref with 8285220 static instructions. 
|----- Perl_mod with 28823281 static instructions. 
|----- S_is_list_assignment with 881488 static instructions. 
|----- Perl_newASSIGNOP with 5225922 static instructions. 
|----- S_linklist with 5534508 static instructions. 
|----- Perl_newBINOP with 3273644 static instructions. 
|----- Perl_scan_num with 4788020 static instructions. 
|----- Perl_ck_null with 397428 static instructions. 
|----- Perl_pad_alloc with 3159780 static instructions. 
|----- Perl_newOP with 5222889 static instructions. 
|----- S_ao with 268866 static instructions. 
|----- Perl_keyword with 147725760 static instructions. 
|----- Perl_keyword_plugin_standard with 83164 static instructions. 
|----- S_scan_word with 10164480 static instructions. 
|----- S_fold_constants with 36622950 static instructions. 
|----- Perl_gv_fetchsv with 963390 static instructions. 
|----- Perl_ck_rvconst with 5158860 static instructions. 
|----- Perl_newUNOP with 4932618 static instructions. 
|----- Perl_newSVREF with 1047288 static instructions. 
|----- Perl_ck_svconst with 319268 static instructions. 
|----- Perl_scalar with 59217521 static instructions. 
|----- Perl_newSVOP with 5466044 static instructions. 
|----- S_intuit_more with 21691800 static instructions. 
|----- Perl_lex_read_space with 15429770 static instructions. 
|----- S_skipspace with 9471740 static instructions. 
|----- S_scan_ident with 36836208 static instructions. 
|----- PerlIOBuf_tell with 271096 static instructions. 
|----- Perl_instr with 312 static instructions. 
|----- S_incline with 22333918 static instructions. 
|----- PerlIOUnix_read with 446418 static instructions. 
|----- PerlIOBase_noop_ok with 18460 static instructions. 
|----- PerlIOBuf_flush with 923000 static instructions. 
|----- Perl_PerlIO_flush with 1145698 static instructions. 
|----- PerlIOBuf_fill with 859768 static instructions. 
|----- Perl_PerlIO_fill with 214942 static instructions. 
|----- PerlIOBase_read with 757344 static instructions. 
|----- PerlIOBuf_read with 246960 static instructions. 
|----- Perl_PerlIO_read with 412475 static instructions. 
|----- PerlIO_getc with 15543 static instructions. 
|----- PerlIOBuf_set_ptrcnt with 2092166 static instructions. 
|----- Perl_PerlIO_set_ptrcnt with 2642736 static instructions. 
|----- PerlIOBuf_get_ptr with 1211254 static instructions. 
|----- Perl_PerlIO_get_ptr with 2752850 static instructions. 
|----- PerlIOBuf_get_base with 235440 static instructions. 
|----- Perl_PerlIO_get_base with 218000 static instructions. 
|----- PerlIOBuf_get_cnt with 2502600 static instructions. 
|----- Perl_PerlIO_get_cnt with 3253380 static instructions. 
|----- PerlIO_fast_gets with 1960578 static instructions. 
|----- PerlIO_isutf8 with 2160717 static instructions. 
|----- Perl_sv_gets with 56869510 static instructions. 
|----- Perl_filter_read with 6652788 static instructions. 
|----- Perl_lex_next_chunk with 17735821 static instructions. 
|----- Perl_yylex with 5482799430 static instructions. 
|----- Perl_pad_block_start with 442192 static instructions. 
|----- Perl_block_start with 518432 static instructions. 
|----- Perl_yyparse with 1271450 static instructions. 
|----- Perl_save_pushptr with 7469016 static instructions. 
|----- Perl_lex_start with 76960 static instructions. 
|----- __getpid with 17 static instructions. 
|----- Perl_hv_placeholders_get with 5820 static instructions. 
|----- Perl_mg_copy with 20960 static instructions. 
|----- S_hv_magic_check with 25669 static instructions. 
|----- Perl_av_clear with 7886792 static instructions. 
|----- Perl_init_argv_symbols with 144 static instructions. 
|----- S_init_postdump_symbols with 159 static instructions. 
|----- Perl_PerlIO_stderr with 310 static instructions. 
|----- Perl_setdefout with 182 static instructions. 
|----- Perl_PerlIO_stdout with 320 static instructions. 
|----- Perl_PerlIO_stdin with 8140 static instructions. 
|----- Perl_hv_clear with 1246025 static instructions. 
|----- S_restore_magic with 2090842 static instructions. 
|----- Perl_mro_set_private_data with 22287 static instructions. 
|----- Perl_gv_stashpvn with 1501152 static instructions. 
|----- Perl_gv_stashsv with 178752 static instructions. 
|----- Perl_newSVhek with 12311520 static instructions. 
|----- S_mro_get_linear_isa_dfs with 1507304 static instructions. 
|----- Perl_mro_get_linear_isa with 139606 static instructions. 
|----- Perl_mro_isa_changed_in with 96954 static instructions. 
|----- Perl_magic_clearisa with 6930 static instructions. 
|----- Perl_magic_setisa with 2520 static instructions. 
|----- Perl_save_destructor_x with 10204012 static instructions. 
|----- S_save_magic with 1585188 static instructions. 
|----- Perl_save_alloc with 1188891 static instructions. 
|----- Perl_mg_set with 200412 static instructions. 
|----- Perl_get_av with 54 static instructions. 
|----- S_init_predump_symbols with 144 static instructions. 
|----- xs_init with 4 static instructions. 
|----- Perl_sv_setiv with 13751154 static instructions. 
|----- Perl_sv_setuv with 1360842 static instructions. 
|----- Perl_newSVuv with 288 static instructions. 
|----- Perl_mro_register with 45 static instructions. 
|----- Perl_boot_core_mro with 10 static instructions. 
|----- Perl_refcounted_he_free with 752334 static instructions. 
|----- Perl_leave_scope with 1084078965 static instructions. 
|----- Perl_pop_scope with 5257190 static instructions. 
|----- Perl_sv_usepvn_flags with 183516 static instructions. 
|----- Perl_save_pushptrptr with 25281120 static instructions. 
|----- Perl_save_sptr with 83808 static instructions. 
|----- Perl_save_hints with 481628 static instructions. 
|----- Perl_save_pushi32ptr with 18370786 static instructions. 
|----- Perl_save_I32 with 490084 static instructions. 
|----- Perl_newCONSTSUB with 105846 static instructions. 
|----- Perl_get_hv with 1647 static instructions. 
|----- Perl_newXS_flags with 102200 static instructions. 
|----- Perl_boot_core_UNIVERSAL with 244 static instructions. 
|----- S_process_special_blocks with 558494 static instructions. 
|----- Perl_mro_meta_init with 3346 static instructions. 
|----- Perl_mro_method_changed_in with 906300 static instructions. 
|----- Perl_newXS with 312682 static instructions. 
|----- Perl_boot_core_PerlIO with 10 static instructions. 
|----- Perl_av_fetch with 34213712 static instructions. 
|----- Perl_pad_new with 585625 static instructions. 
|----- Perl_rsignal_state with 710 static instructions. 
|----- do_fcntl with 3335 static instructions. 
|----- fcntl with 3335 static instructions. 
|----- PerlIOUnix_oflags with 20412 static instructions. 
|----- PerlIO_list_free with 19293 static instructions. 
|----- llseek with 5020 static instructions. 
|----- PerlIOUnix_tell with 2035 static instructions. 
|----- Perl_PerlIO_tell with 262314 static instructions. 
|----- __mempcpy_sse2_unaligned with 2997 static instructions. 
|----- tcgetattr with 14758 static instructions. 
|----- isatty with 2512 static instructions. 
|----- PerlIOUnix_fileno with 2568 static instructions. 
|----- PerlIOBase_fileno with 11128 static instructions. 
|----- Perl_PerlIO_fileno with 46224 static instructions. 
|----- PerlIOBuf_pushed with 13502 static instructions. 
|----- PerlIOUnix_refcnt_inc with 34870 static instructions. 
|----- PerlIOUnix_setfd with 1570 static instructions. 
|----- PerlIOBase_pushed with 47100 static instructions. 
|----- PerlIOUnix_pushed with 10676 static instructions. 
|----- PerlIO_push with 55158 static instructions. 
|----- PerlIO_arg_fetch with 2504 static instructions. 
|----- PerlIOUnix_open with 34775 static instructions. 
|----- PerlIO_default_layer with 3575 static instructions. 
|----- PerlIOBuf_open with 41600 static instructions. 
|----- PerlIO_layer_fetch with 30225 static instructions. 
|----- Perl_PerlIO_context_layers with 16224 static instructions. 
|----- PerlIO_fdopen with 363 static instructions. 
|----- PerlIO_allocate with 10395 static instructions. 
|----- PerlIO_stdstreams with 16 static instructions. 
|----- PerlIO_default_buffer with 23 static instructions. 
|----- PerlIO_find_layer with 224 static instructions. 
|----- PerlIO_debug with 396798 static instructions. 
|----- PerlIO_list_push with 803 static instructions. 
|----- PerlIO_define_layer with 153 static instructions. 
|----- PerlIO_list_alloc with 14 static instructions. 
|----- PerlIO_default_layers with 38350 static instructions. 
|----- PerlIO_resolve_layers with 44200 static instructions. 
|----- PerlIO_openn with 66300 static instructions. 
|----- Perl_sv_2mortal with 10945024 static instructions. 
|----- Perl_newSVpv with 328020 static instructions. 
|----- PerlIO_open with 3990 static instructions. 
|----- Perl_gv_fetchfile_flags with 257300 static instructions. 
|----- Perl_gv_fetchfile with 20576 static instructions. 
|----- Perl_find_script with 177 static instructions. 
|----- Perl_av_store with 75282485 static instructions. 
|----- Perl_av_push with 670268 static instructions. 
|----- __xstat64 with 24444 static instructions. 
|----- S_incpush_if_exists with 204 static instructions. 
|----- Perl_sv_catpvn_flags with 13038950 static instructions. 
|----- Perl_sv_setsv_flags with 1106515320 static instructions. 
|----- Perl_newSVsv with 5162360 static instructions. 
|----- S_incpush with 1005 static instructions. 
|----- memchr with 12136932 static instructions. 
|----- readlink with 10 static instructions. 
|----- S_set_caret_X with 65 static instructions. 
|----- Perl_gv_fetchpv with 42279 static instructions. 
|----- Perl_get_sv with 4752 static instructions. 
|----- S_hsplit with 348864 static instructions. 
|----- S_expect_number with 355828 static instructions. 
|----- Perl_sv_vcatpvfn with 4035876 static instructions. 
|----- Perl_sv_vsetpvfn with 59072 static instructions. 
|----- Perl_newSVpvn_flags with 2612640 static instructions. 
|----- S_mess_alloc with 600 static instructions. 
|----- Perl_vform with 264 static instructions. 
|----- Perl_form with 330 static instructions. 
|----- Perl_mg_magical with 127512 static instructions. 
|----- Perl_sv_magicext with 532279 static instructions. 
|----- Perl_sv_magic with 429744 static instructions. 
|----- Perl_hv_name_set with 22365 static instructions. 
|----- Perl_hv_placeholders_set with 423780 static instructions. 
|----- S_hfreeentries with 3602130 static instructions. 
|----- Perl_hv_undef with 250116 static instructions. 
|----- Perl_hv_kill_backrefs with 98640 static instructions. 
|----- Perl_sv_clear with 751466880 static instructions. 
|----- Perl_sv_free2 with 38988660 static instructions. 
|----- Perl_gv_add_by_type with 118828 static instructions. 
|----- S_gv_init_sv with 980192 static instructions. 
|----- Perl_gv_name_set with 618688 static instructions. 
|----- Perl_mg_find with 1670651 static instructions. 
|----- _int_realloc with 13950750 static instructions. 
|----- realloc_hook_ini with 17 static instructions. 
|----- realloc with 11610768 static instructions. 
|----- Perl_safesysrealloc with 1278386 static instructions. 
|----- S_hv_auxinit with 56637 static instructions. 
|----- Perl_hv_backreferences_p with 167655 static instructions. 
|----- Perl_sv_add_backref with 686996 static instructions. 
|----- Perl_newGP with 666264 static instructions. 
|----- Perl_gv_init with 1805111 static instructions. 
|----- S_new_he with 5954487 static instructions. 
|----- Perl_newSV with 17352504 static instructions. 
|----- Perl_hv_common with 795828870 static instructions. 
|----- Perl_hv_common_key_len with 3091240 static instructions. 
|----- Perl_gv_fetchpvn_flags with 86196864 static instructions. 
|----- S_share_hek_flags with 30715438 static instructions. 
|----- Perl_share_hek with 1058848 static instructions. 
|----- Perl_newSVpvn_share with 1331649 static instructions. 
|----- S_parse_body with 1187 static instructions. 
|----- __strncmp_sse42 with 186480 static instructions. 
|----- Perl_my_setenv with 1242 static instructions. 
|----- __drand48_iterate with 527 static instructions. 
|----- erand48_r with 595 static instructions. 
|----- drand48 with 136 static instructions. 
|----- srand48_r with 30 static instructions. 
|----- srand48 with 4 static instructions. 
|----- __close_nocancel with 8142 static instructions. 
|----- __close with 708 static instructions. 
|----- __read_nocancel with 190279 static instructions. 
|----- __read with 16546 static instructions. 
|----- __open_nocancel with 6739 static instructions. 
|----- __open with 586 static instructions. 
|----- Perl_seed with 84 static instructions. 
|----- Perl_get_hash_seed with 79 static instructions. 
|----- perl_parse with 290 static instructions. 
|----- Perl_push_scope with 23160703 static instructions. 
|----- Perl_savepvn with 1055880 static instructions. 
|----- __getpagesize with 13 static instructions. 
|----- __errno_location with 3660 static instructions. 
|----- __getclktck with 6 static instructions. 
|----- __sysconf with 786 static instructions. 
|----- Perl_hv_ksplit with 83490 static instructions. 
|----- PerlIO_init with 1 static instructions. 
|----- Perl_set_numeric_standard with 12 static instructions. 
|----- _int_free with 688633400 static instructions. 
|----- Perl_ibcmp with 14812 static instructions. 
|----- __nl_langinfo_l with 22 static instructions. 
|----- nl_langinfo with 3 static instructions. 
|----- localeconv with 109 static instructions. 
|----- Perl_set_numeric_radix with 39 static instructions. 
|----- Perl_new_numeric with 49 static instructions. 
|----- strnlen with 280 static instructions. 
|----- __stpncpy_sse2 with 72 static instructions. 
|----- __strxfrm_l with 4494 static instructions. 
|----- strxfrm with 6 static instructions. 
|----- S_stdize_locale with 78 static instructions. 
|----- Perl_new_collate with 82 static instructions. 
|----- __ctype_toupper_loc with 78 static instructions. 
|----- __ctype_tolower_loc with 78 static instructions. 
|----- __ctype_b_loc with 3 static instructions. 
|----- Perl_new_ctype with 35 static instructions. 
|----- Perl_savepv with 2310 static instructions. 
|----- Perl_safesysfree with 5589642 static instructions. 
|----- __libc_free with 40687503 static instructions. 
|----- _nl_postload_ctype with 92 static instructions. 
|----- new_composite_name with 580 static instructions. 
|----- _nl_find_locale with 5790 static instructions. 
|----- __GI_strchr with 39475360 static instructions. 
|----- __GI_strcmp with 659620 static instructions. 
|----- setlocale with 241920 static instructions. 
|----- __GI_strncmp with 33325 static instructions. 
|----- getenv with 2898 static instructions. 
|----- Perl_init_i18nl10n with 475 static instructions. 
|----- getegid with 3 static instructions. 
|----- getgid with 3 static instructions. 
|----- geteuid with 3 static instructions. 
|----- getuid with 3 static instructions. 
|----- S_init_ids with 24 static instructions. 
|----- Perl_av_extend with 28369824 static instructions. 
|----- Perl_newSV_type with 3629904 static instructions. 
|----- Perl_new_stackinfo with 192 static instructions. 
|----- Perl_init_stacks with 40 static instructions. 
|----- Perl_sv_setpvn with 21808248 static instructions. 
|----- S_sv_add_arena with 21843 static instructions. 
|----- S_more_sv with 18607 static instructions. 
|----- Perl_newSVpvn with 515340 static instructions. 
|----- Perl_cast_iv with 64976 static instructions. 
|----- S_sv_2iuv_common with 1504482 static instructions. 
|----- Perl_sv_2iv_flags with 769176 static instructions. 
|----- Perl_cast_uv with 5768 static instructions. 
|----- S_mulexp10 with 52480 static instructions. 
|----- Perl_grok_numeric_radix with 544256 static instructions. 
|----- Perl_my_atof2 with 115010 static instructions. 
|----- Perl_my_atof with 20405 static instructions. 
|----- Perl_ckwarn with 3708738 static instructions. 
|----- Perl_grok_number with 3484776 static instructions. 
|----- Perl_sv_2nv with 406980 static instructions. 
|----- memcpy with 15478960 static instructions. 
|----- Perl_sv_grow with 51565184 static instructions. 
|----- Perl_safesysmalloc with 12203243 static instructions. 
|----- __memset_sse2_unaligned with 11322216 static instructions. 
|----- __libc_calloc with 94336433 static instructions. 
|----- Perl_safesyscalloc with 908955 static instructions. 
|----- Perl_get_arena with 69745 static instructions. 
|----- S_more_bodies with 54448 static instructions. 
|----- Perl_sv_upgrade with 377905293 static instructions. 
|----- Perl_sv_setpv with 880270 static instructions. 
|----- perl_construct with 240 static instructions. 
|----- __sbrk with 17350 static instructions. 
|----- __default_morecore with 2429 static instructions. 
|----- sysmalloc with 173720 static instructions. 
|----- malloc_init_state with 24 static instructions. 
|----- malloc_consolidate with 827793 static instructions. 
|----- _int_malloc with 967360293 static instructions. 
|----- _dl_find_dso_for_object with 2106 static instructions. 
|----- _dl_addr with 204 static instructions. 
|----- ptmalloc_init.part.5 with 220 static instructions. 
|----- malloc_hook_ini with 13 static instructions. 
|----- perl_alloc with 10 static instructions. 
|----- __GI___libc_sigaction with 19920 static instructions. 
|----- __sigaction with 1512 static instructions. 
|----- __bsd_signal.part.0 with 29 static instructions. 
|----- signal with 11 static instructions. 
|----- Perl_sys_init3 with 7 static instructions. 
|----- main with 62 static instructions. 
|----- __sigjmp_save with 54030 static instructions. 
|----- _setjmp with 2 static instructions. 
|----- __do_global_ctors_aux with 359 static instructions. 
|----- frame_dummy with 397 static instructions. 
|----- call_gmon_start with 140 static instructions. 
|----- __libc_csu_init with 36 static instructions. 
|----- __new_exitfn with 96 static instructions. 
|----- __cxa_atexit with 24 static instructions. 
|----- __libc_start_main with 110 static instructions. 
|----- _dl_fixup with 57310 static instructions. 
|----- _dl_runtime_resolve_avx with 26050 static instructions. 
|----- .plt with 163671 static instructions. 
|----- _start with 14 static instructions. 
|----- intel_check_word with 1296 static instructions. 
|----- handle_intel with 243 static instructions. 
|----- init_cacheinfo with 291 static instructions. 
|----- __ctype_init with 16 static instructions. 
|----- strrchr with 894726 static instructions. 
|----- __init_misc with 28 static instructions. 
|----- _init with 250 static instructions. 
|----- call_init.part.0 with 2320 static instructions. 
|----- _dl_init with 1700 static instructions. 
|----- __munmap with 20 static instructions. 
|----- _dl_unload_cache with 240 static instructions. 
|----- _dl_sysdep_start_cleanup with 1 static instructions. 
|----- _dl_allocate_tls_init with 138 static instructions. 
|----- _dl_add_to_slotinfo with 54 static instructions. 
|----- _dl_protect_relro with 234 static instructions. 
|----- check_match with 413425 static instructions. 
|----- do_lookup_x with 1620712 static instructions. 
|----- _dl_lookup_symbol_x with 1639092 static instructions. 
|----- _dl_relocate_object with 37700 static instructions. 
|----- allocate_dtv with 22 static instructions. 
|----- _dl_allocate_tls_storage with 41 static instructions. 
|----- _dl_determine_tlsoffset with 108 static instructions. 
|----- init_tls with 77 static instructions. 
|----- match_symbol with 17963 static instructions. 
|----- _dl_check_map_versions with 8820 static instructions. 
|----- _dl_check_all_versions with 40 static instructions. 
|----- version_check_doit with 17 static instructions. 
|----- _dl_receive_error with 28 static instructions. 
|----- _dl_next_tls_modid with 59 static instructions. 
|----- memset with 6480 static instructions. 
|----- __GI___mprotect with 360 static instructions. 
|----- _dl_map_object_from_fd with 28242 static instructions. 
|----- __GI_read with 270 static instructions. 
|----- open_verify.constprop.7 with 10320 static instructions. 
|----- __strdup with 897 static instructions. 
|----- _dl_cache_libcmp with 5544 static instructions. 
|----- close with 290 static instructions. 
|----- mmap with 3658 static instructions. 
|----- __GI___fxstat64 with 551 static instructions. 
|----- open64 with 320 static instructions. 
|----- _dl_sysdep_read_whole_file with 86 static instructions. 
|----- _dl_load_cache_lookup with 2660 static instructions. 
|----- _dl_name_match_p with 86112 static instructions. 
|----- _dl_map_object with 45820 static instructions. 
|----- openaux with 960 static instructions. 
|----- __sigsetjmp with 67059 static instructions. 
|----- _dl_initial_error_catch_tsd with 106 static instructions. 
|----- _dl_catch_error with 5733 static instructions. 
|----- strchr with 17136 static instructions. 
|----- _dl_map_object_deps with 20040 static instructions. 
|----- __GI_access with 10 static instructions. 
|----- _dl_debug_state with 40 static instructions. 
|----- _dl_count_modids with 26 static instructions. 
|----- _dl_debug_initialize with 2752 static instructions. 
|----- __mempcpy with 126 static instructions. 
|----- _dl_important_hwcaps with 528 static instructions. 
|----- _dl_init_paths with 237 static instructions. 
|----- bcmp with 19789 static instructions. 
|----- _dl_discover_osversion with 131 static instructions. 
|----- strcmp with 9125116 static instructions. 
|----- rtld_lock_default_unlock_recursive with 54 static instructions. 
|----- rtld_lock_default_lock_recursive with 56 static instructions. 
|----- _dl_add_to_namespace_list with 1073 static instructions. 
|----- memmove with 15180 static instructions. 
|----- __libc_memalign with 2838 static instructions. 
|----- .plt.got with 436 static instructions. 
|----- malloc with 99533490 static instructions. 
|----- calloc with 342 static instructions. 
|----- _dl_new_object with 6061 static instructions. 
|----- _dl_next_ld_env_entry with 22 static instructions. 
|----- dl_main with 2801 static instructions. 
|----- sbrk with 48 static instructions. 
|----- strlen with 21486624 static instructions. 
|----- get_common_indeces.constprop.1 with 79 static instructions. 
|----- brk with 8396 static instructions. 
|----- _dl_sysdep_start with 318 static instructions. 
|----- _dl_setup_hash with 1260 static instructions. 
|----- _dl_start with 343 static instructions. 
